


 $$$$$   $$$   $      $$$  $$$$    $$$   $$$$$     $    $$$    $$$ 
 $      $   $  $       $   $   $  $   $  $        $$   $   $  $   $
 $      $      $       $   $   $  $      $         $   $   $  $   $
 $$$$   $      $       $   $$$$    $$$   $$$$      $   $   $  $   $
 $      $      $       $   $          $  $         $   $   $  $   $
 $      $   $  $       $   $      $   $  $         $   $   $  $   $
 $$$$$   $$$   $$$$$  $$$  $       $$$   $$$$$    $$$   $$$    $$$ 



                       $$$$$   $$$   $      $$$  $$$$    $$$   $$$$$     $    $$$    $$$ 
                       $      $   $  $       $   $   $  $   $  $        $$   $   $  $   $
                       $      $      $       $   $   $  $      $         $   $   $  $   $
                       $$$$   $      $       $   $$$$    $$$   $$$$      $   $   $  $   $
                       $      $      $       $   $          $  $         $   $   $  $   $
                       $      $   $  $       $   $      $   $  $         $   $   $  $   $
                       $$$$$   $$$   $$$$$  $$$  $       $$$   $$$$$    $$$   $$$    $$$ 



                                             $$$$$   $$$   $      $$$  $$$$    $$$   $$$$$     $    $$$    $$$ 
                                             $      $   $  $       $   $   $  $   $  $        $$   $   $  $   $
                                             $      $      $       $   $   $  $      $         $   $   $  $   $
                                             $$$$   $      $       $   $$$$    $$$   $$$$      $   $   $  $   $
                                             $      $      $       $   $          $  $         $   $   $  $   $
                                             $      $   $  $       $   $      $   $  $         $   $   $  $   $
                                             $$$$$   $$$   $$$$$  $$$  $       $$$   $$$$$    $$$   $$$    $$$ 



                                                                   $$$$$   $$$   $      $$$  $$$$    $$$   $$$$$     $    $$$    $$$ 
                                                                   $      $   $  $       $   $   $  $   $  $        $$   $   $  $   $
                                                                   $      $      $       $   $   $  $      $         $   $   $  $   $
                                                                   $$$$   $      $       $   $$$$    $$$   $$$$      $   $   $  $   $
                                                                   $      $      $       $   $          $  $         $   $   $  $   $
                                                                   $      $   $  $       $   $      $   $  $         $   $   $  $   $
                                                                   $$$$$   $$$   $$$$$  $$$  $       $$$   $$$$$    $$$   $$$    $$$ 
 
 Version =  2009.1
 Arch    =  PC WINDOWS (32 bit)
Annex    | Modification date    | Update date          | baseline             
=====    | =================    | ===========          | ========             
ECLIPSE  | 27-APR-2009 16:22:47 | 27-APR-2009 19:37:10 | S:\2009.1_w18i
system   | 22-APR-2009 14:52:01 | 25-APR-2009 05:27:35 | S:\2009.1_w18
utility  | 17-FEB-2009 08:34:11 | 25-APR-2009 05:40:00 | S:\2009.1_w18
 

1

 ******** ECHO OF INPUT DATA FOR RUN ASPHALTENE

 0: ------------------------------------------------------------------------
 0: -->This model tests the E300 Asphaltene Feature
 0: -- Case 4I: all asphaltene options enabled
 0: -- EoS mode in E300
 0: -- Grid dimensions 10*1*3
 0: -- FIELD units
 0: ------------------------------------------------------------------------
 0: 
 0: RUNSPEC   ==============================================================
 0: 
 0: TITLE
 0:   Asphaltene test model 4E: asphaltene depo only  /
 0: 
 0: START
 0:   1 JAN 2007  /
 0: 
 0: FIELD
 0: 
 0: GAS
 0: OIL
 0: WATER
 0: 
 0: DIMENS
 0:  10 1 3  /
 0: 
 0: COMPS
 0: 7 /
 0: 
 0: EQLDIMS
 0: 1 200 /
 0: 
 0: TABDIMS
 0: 1 1 2* 2     /
 0: 
 0: FULLIMP
 0: 
 0: UNIFIN
 0: UNIFOUT
 0: 
 0: 
 0: NOECHO

 ******** END OF INPUT DATA FOR RUN ASPHALTENE
     1 READING RUNSPEC 
     2 READING TITLE   
     3 READING START   
     4 READING FIELD   
     5 READING GAS     
     6 READING OIL     
     7 READING WATER   
     8 READING DIMENS  
     9 READING COMPS   

 @--  ERROR  AT TIME        0.0   DAYS    ( 1-JAN-2007):
 @           UNRECOGNISED KEYWORD COMPS    IN RUNSPEC DATA                   

 @--WARNING  AT TIME        0.0   DAYS    ( 1-JAN-2007):
 @           SPURIOUS DATA BEFORE EQLDIMS  KEYWORD                           
 @           7 /                                                             
    10 READING EQLDIMS 
    11 READING TABDIMS 
    12 READING FULLIMP 
    13 READING UNIFIN  
    14 READING UNIFOUT 
    15 READING NOECHO  
    16 READING ASPHALTE

 @--  ERROR  AT TIME        0.0   DAYS    ( 1-JAN-2007):
 @           UNRECOGNISED KEYWORD ASPHALTE IN RUNSPEC DATA                   

 @--WARNING  AT TIME        0.0   DAYS    ( 1-JAN-2007):
 @           SPURIOUS DATA BEFORE GRID     KEYWORD                           
 @             WEIGHT  /                                                     
    17 READING GRID    

 @--MESSAGE  AT TIME        0.0   DAYS    ( 1-JAN-2007):
 @           CHECKING FOR LICENSES                                           

 @--  ERROR  AT TIME        0.0   DAYS    ( 1-JAN-2007):
 @           LICENSE FAILURE: ERROR NUMBER IS -1                             

 Error summary 
 Comments               0
 Warnings               2
 Problems               0
 Errors                 3
 Bugs                   0
 Final cpu       0.11 elapsed       1.00
