


 $$$$$   $$$   $      $$$  $$$$    $$$   $$$$$     $    $$$    $$$ 
 $      $   $  $       $   $   $  $   $  $        $$   $   $  $   $
 $      $      $       $   $   $  $      $         $   $   $  $   $
 $$$$   $      $       $   $$$$    $$$   $$$$      $   $   $  $   $
 $      $      $       $   $          $  $         $   $   $  $   $
 $      $   $  $       $   $      $   $  $         $   $   $  $   $
 $$$$$   $$$   $$$$$  $$$  $       $$$   $$$$$    $$$   $$$    $$$ 



                       $$$$$   $$$   $      $$$  $$$$    $$$   $$$$$     $    $$$    $$$ 
                       $      $   $  $       $   $   $  $   $  $        $$   $   $  $   $
                       $      $      $       $   $   $  $      $         $   $   $  $   $
                       $$$$   $      $       $   $$$$    $$$   $$$$      $   $   $  $   $
                       $      $      $       $   $          $  $         $   $   $  $   $
                       $      $   $  $       $   $      $   $  $         $   $   $  $   $
                       $$$$$   $$$   $$$$$  $$$  $       $$$   $$$$$    $$$   $$$    $$$ 



                                             $$$$$   $$$   $      $$$  $$$$    $$$   $$$$$     $    $$$    $$$ 
                                             $      $   $  $       $   $   $  $   $  $        $$   $   $  $   $
                                             $      $      $       $   $   $  $      $         $   $   $  $   $
                                             $$$$   $      $       $   $$$$    $$$   $$$$      $   $   $  $   $
                                             $      $      $       $   $          $  $         $   $   $  $   $
                                             $      $   $  $       $   $      $   $  $         $   $   $  $   $
                                             $$$$$   $$$   $$$$$  $$$  $       $$$   $$$$$    $$$   $$$    $$$ 



                                                                   $$$$$   $$$   $      $$$  $$$$    $$$   $$$$$     $    $$$    $$$ 
                                                                   $      $   $  $       $   $   $  $   $  $        $$   $   $  $   $
                                                                   $      $      $       $   $   $  $      $         $   $   $  $   $
                                                                   $$$$   $      $       $   $$$$    $$$   $$$$      $   $   $  $   $
                                                                   $      $      $       $   $          $  $         $   $   $  $   $
                                                                   $      $   $  $       $   $      $   $  $         $   $   $  $   $
                                                                   $$$$$   $$$   $$$$$  $$$  $       $$$   $$$$$    $$$   $$$    $$$ 
 
 Version =  2009.1
 Arch    =  PC WINDOWS (32 bit)
Annex    | Modification date    | Update date          | baseline             
=====    | =================    | ===========          | ========             
ECLIPSE  | 27-APR-2009 16:22:47 | 27-APR-2009 19:37:10 | S:\2009.1_w18i
system   | 22-APR-2009 14:52:01 | 25-APR-2009 05:27:35 | S:\2009.1_w18
utility  | 17-FEB-2009 08:34:11 | 25-APR-2009 05:40:00 | S:\2009.1_w18
 

1

 ******** ECHO OF INPUT DATA FOR RUN CO2STORE

 0: -----------------------------------------------------------------------
 0: -->    CO2 storage example
 0: ------------------------------------------------------------------------
 0: 
 0: RUNSPEC
 0: 
 0: --Request the METRIC unit set
 0: 
 0: METRIC
 0: 
 0: -- Capillary pressure mode
 0: -- PW = P - PC
 0: -- PG = P
 0: OPTIONS3
 0:   7* 1 /
 0: 
 0: -- Include diffusion
 0: DIFFUSE
 0: 
 0: --Four components in study.
 0: COMPS
 0:  4 /
 0: 
 0: DIMENS
 0:  14 14 10 /
 0: 
 0: TABDIMS
 0:  1 1 40 40 /
 0: 
 0: HWELLS
 0: 
 0: CO2STORE
 0: 
 0: FULLIMP
 0: 
 0: SOLID
 0: 
 0: START
 0:  1 AUG 2004 /
 0: 
 0: UNIFOUT
 0: UNIFIN
 0: 
 0: --Grid section--------------------------------------------------------
 0: 
 0: GRID
 0: --Basic grid block sizes
 0: DX
 0:  1960*500 /
 0: 
 0: DY
 0:  1960*500 /
 0: 
 0: DZ
 0:  196*0.204
 0:  196*0.163
 0:  196*0.177
 0:  196*0.203
 0:  196*0.145
 0:  196*0.191
 0:  196*0.223
 0:  196*0.206
 0:  196*0.183
 0:  196*0.132 /
 0: 
 0: --Cell top depths - only for first layer specified
 0: TOPS
 0:  196*1411.4 /
 0: 
 0: PORO
 0:  196*0.204
 0:  196*0.163
 0:  196*0.177
 0:  196*0.203
 0:  196*0.145
 0:  196*0.191
 0:  196*0.223
 0:  196*0.206
 0:  196*0.183
 0:  196*0.132 /
 0: 
 0: PERMX
 0:  196*97.9
 0:  196*8.9
 0:  196*15.1
 0:  196*37.9
 0:  196*2.7
 0:  196*26.8
 0:  196*110
 0:  196*45.4
 0:  196*58.1
 0:  196*6.0  /
 0: 
 0: COPY
 0:  PERMX PERMY /
 0: /
 0: 
 0: PERMZ
 0:  196*46.4
 0:  196*6.28
 0:  196*12.1
 0:  196*32.2
 0:  196*0.94
 0:  196*18.0
 0:  196*97.1
 0:  196*41.3
 0:  196*0.73
 0:  196*0.65 /
 0: 
 0: 
 0: BOUNDARY
 0:  7 7 7 7 1 10 /
 0: 
 0: RPTGRID
 0:  'DEPTH' /
 0: 
 0: INIT
 0: 
 0: --Properties section-----------------------------------------------
 0: 
 0: PROPS
 0: 
 0: CNAMES
 0:   'H2O' 'CO2' 'NACL'  'CACL2' /
 0: 
 0: ZMFVD
 0: -- depth  h20  co2  nacl  cacl2
 0:  1411.4   0.9109 0.0  0.0741     0.015
 0:  1413.227 0.9109 0.0  0.0741     0.015 /
 0: 
 0: -- Solid component NACL_S referece density
 0: SDREF
 0:  3* 2170.0 1* /
 0: 
 0: -- Mobility multiplier
 0: SOLIDMMS
 0: -- SS   Mult
 0:    0.0    1.0
 0:    0.1    0.5
 0:    0.8    0.0 /
 0: --
 0: -- Set diffusion constants (example)
 0: --
 0: DIFFCWAT
 0: -- h2o   co2   nacl          cacl2
 0:   0.0001  0.0001  0.0001     0.0001 /
 0: 
 0: DIFFCGAS
 0: --  h2o  co2
 0:    0.001 0.001  /
 0: 
 0: -- Temp in deg C
 0: RTEMP
 0:  32.2 /
 0: 
 0: -- Water saturation functions
 0: WSF
 0: --   Sw         Krw
 0: --  -----      -----
 0:     0.3        0.0
 0:     0.38       0.000152
 0:     0.46       0.002439
 0:     0.53       0.012346
 0:     0.61       0.039018
 0:     0.69       0.09526
 0:     0.77       0.197531
 0:     0.84       0.36595
 0:     0.92       0.624295
 0:     1.0        1.0      /
 0: 
 0: 
 0: -- Gas saturation functions
 0: GSF
 0: --   Sg         Krg      Drain Pcog
 0: --  -----      ------    ----------
 0:     0.0        0.0         0.
 0:     0.08       0.0         0.6
 0:     0.16       0.000407    0.78
 0:     0.23       0.005831    0.93
 0:     0.31       0.024131    1.09
 0:     0.39       0.064892    1.26
 0:     0.47       0.140566    1.49
 0:     0.54       0.269314    1.84
 0:     0.62       0.484797    2.53
 0:     0.7        1.0         10.0   /
 0: 
 0: 
 0: --Rock data
 0: 
 0: ROCK
 0:  137.2  7.25E-5 /
 0: 
 0: 
 0: --Solution section------------------------------------------------------
 0: 
 0: SOLUTION
 0: 
 0: --Equilibration data
 0: EQUIL
 0:  1411.7 174 0.0 0 0.0 0 1 1 0  /
 0: 
 0: RPTRST
 0:  RESTART PRESSURE SGAS SWAT DENG DENW VGAS VWAT XMF AQSP AQPH SSOLID /
 0: 
 0: BOUNDARY
 0:  7 7 7 7 1 10 /
 0: 
 0: RPTSOL
 0:  PRESSURE SGAS SWAT DENG DENW VGAS VWAT XMF AQSP AQPH SSOLID /
 0: 

 @--WARNING  AT TIME        0.0   DAYS    ( 1-JAN-   0):
 @           UNRECOGNISED MNEMONIC XMF              IN DATA                  
 @           FOR KEYWORD RPTSOL   IS IGNORED                                 

 @--WARNING  AT TIME        0.0   DAYS    ( 1-JAN-   0):
 @           UNRECOGNISED MNEMONIC AQSP             IN DATA                  
 @           FOR KEYWORD RPTSOL   IS IGNORED                                 

 @--WARNING  AT TIME        0.0   DAYS    ( 1-JAN-   0):
 @           UNRECOGNISED MNEMONIC AQPH             IN DATA                  
 @           FOR KEYWORD RPTSOL   IS IGNORED                                 

 @--WARNING  AT TIME        0.0   DAYS    ( 1-JAN-   0):
 @           UNRECOGNISED MNEMONIC SSOLID           IN DATA                  
 @           FOR KEYWORD RPTSOL   IS IGNORED                                 
 0: FIELDSEP
 0:  1 15.0 1.01 /
 0: /
 0: 
 0: SUMMARY    =============================================================
 0: 
 0: FPR
 0: FGIPL
 0: FGIPG
 0: 
 0: WBHP
 0:  CO2_INJ /
 0: 
 0: FGIR
 0: 
 0: TCPU
 0: 
 0: BPRES
 0: 1 1 1   /
 0: 7 7 6 /
 0: /
 0: 
 0: BSSOLID
 0: 7 7 6 /
 0: /
 0: 
 0: BXMF
 0: 7 7 6 1 /
 0: 7 7 6 2 /
 0: 7 7 6 3 /
 0: 7 7 6 4 /
 0: --7 7 6 5 /
 0: /
 0: 
 0: RUNSUM
 0: 
 0: 
 0: --Schedule section------------------------------------------------------
 0: 
 0: RPTONLY
 0: SCHEDULE
 0: 
 0: 
 0: -- Lower throughput target and solution change target for aim selection
 0: -- and increase implicitness, do eval every time step.
 0: 
 0: BOUNDARY
 0:  7 7 7 7 1 10 /
 0: 
 0: RPTSCHED
 0:  PRESSURE SGAS SWAT DENG DENW VGAS VWAT XMF AQPH SSOLID /
 0: 
 0: --Define injection well

 @--WARNING  AT TIME        0.0   DAYS    ( 1-JAN-   0):
 @           UNRECOGNISED MNEMONIC XMF              IN DATA                  
 @           FOR KEYWORD RPTSCHED IS IGNORED                                 

 @--WARNING  AT TIME        0.0   DAYS    ( 1-JAN-   0):
 @           UNRECOGNISED MNEMONIC AQPH             IN DATA                  
 @           FOR KEYWORD RPTSCHED IS IGNORED                                 

 @--WARNING  AT TIME        0.0   DAYS    ( 1-JAN-   0):
 @           UNRECOGNISED MNEMONIC SSOLID           IN DATA                  
 @           FOR KEYWORD RPTSCHED IS IGNORED                                 
 0: WELSPECS
 0:  'CO2_INJ' FIELD 7 7 1431.7 GAS /
 0: /
 0: 
 0: COMPDAT
 0:  'CO2_INJ' 7 7 6 6 1* 1* 1* 0.09 97000 2* 'Y' /
 0:  'CO2_INJ' 7 8 6 6 1* 1* 1* 0.09 97000 2* 'Y' /
 0: /
 0: 
 0: WELLSTRE
 0:  'SeqCO2' 0.0 1.0 /
 0: /
 0: 
 0: WINJGAS
 0:  'CO2_INJ' STREAM 'SeqCO2' /
 0: /
 0: 
 0: --
 0: -- BHP LIMIT 400 bar
 0: --
 0: 
 0: WCONINJE
 0:  'CO2_INJ' GAS OPEN RATE 5.736E5 1* 400.0 /
 0: /
 0: 
 0: 
 0: DATES
 0:  1 SEP 2004 /
 0: /
 0: WCONINJE
 0: 'CO2_INJ' GAS OPEN RATE 3.626E5 1* 400.0 /
 0: /
 0: 
 0: 
 0: DATES
 0:  1 OCT 2004 /
 0: /
 0: WCONINJE
 0: 'CO2_INJ' GAS OPEN RATE 2.202E5 1* 400.0 /
 0: /
 0: 
 0: 
 0: DATES
 0:  1 NOV 2004 /
 0: /
 0: WCONINJE
 0: 'CO2_INJ' GAS OPEN RATE 2.116E5 1* 400.0 /
 0: /
 0: 
 0: 
 0: 
 0: DATES
 0:  1 DEC 2004 /
 0: /
 0: 
 0: WCONINJE
 0: 'CO2_INJ' GAS OPEN RATE 3.799E5 1* 400.0 /
 0: /
 0: 
 0: -----------
 0: -- 2005
 0: -----------
 0: 
 0: DATES
 0:  1 JAN 2005 /
 0: /
 0: 
 0: WCONINJE
 0: 'CO2_INJ' GAS OPEN RATE 3.656E5 1* 400.0 /
 0: /
 0: 
 0: DATES
 0:  1 FEB 2005 /
 0: /
 0: WCONINJE
 0: 'CO2_INJ' GAS OPEN RATE 3.78E5 1* 400.0 /
 0: /
 0: 
 0: 
 0: DATES
 0:  1 MAR 2005 /
 0: /
 0: WCONINJE
 0: 'CO2_INJ' GAS OPEN RATE 4.3256E5 1* 400.0 /
 0: /
 0: 
 0: 
 0: 
 0: DATES
 0:  1 APR 2005 /
 0: /
 0: WCONINJE
 0: 'CO2_INJ' GAS OPEN RATE 2.582E5 1* 400.0 /
 0: /
 0: 
 0: 
 0: DATES
 0:  1 MAY 2005 /
 0: /
 0: WCONINJE
 0: 'CO2_INJ' GAS OPEN RATE 1.675E5 1* 400.0 /
 0: /
 0: 
 0: 
 0: DATES
 0:  1 JUN 2005 /
 0: /
 0: WCONINJE
 0: 'CO2_INJ' GAS OPEN RATE 2.361E5 1* 400.0 /
 0: /
 0: 
 0: 
 0: 
 0: DATES
 0:  1 JLY 2005 /
 0: /
 0: WCONINJE
 0: 'CO2_INJ' GAS OPEN RATE 1.475E5 1* 400.0 /
 0: /
 0: 
 0: 
 0: 
 0: DATES
 0:  1 AUG 2005 /
 0: /
 0: WCONINJE
 0: 'CO2_INJ' GAS OPEN RATE 3.791E5 1* 400.0 /
 0: /
 0: 
 0: 
 0: 
 0: DATES
 0:  1 SEP 2005 /
 0: /
 0: WCONINJE
 0: 'CO2_INJ' GAS OPEN RATE 2.81E5 1* 400.0 /
 0: /
 0: 
 0: 
 0: 
 0: DATES
 0:  1 OCT 2005 /
 0: /
 0: WCONINJE
 0: 'CO2_INJ' GAS OPEN RATE 3.986E5 1* 400.0 /
 0: /
 0: 
 0: 
 0: 
 0: DATES
 0:  1 NOV 2005 /
 0: /
 0: WCONINJE
 0: 'CO2_INJ' GAS OPEN RATE 1.953E5 1* 400.0 /
 0: /
 0: 
 0: 
 0: 
 0: DATES
 0:  1 DEC 2005 /
 0: /
 0: WCONINJE
 0: 'CO2_INJ' GAS OPEN RATE 1.612E5 1* 400.0 /
 0: /
 0: 
 0: -----------
 0: -- 2006
 0: -----------
 0: 
 0: DATES
 0:  1 JAN 2006 /
 0: /
 0: DATES
 0:  1 FEB 2006 /
 0: /
 0: DATES
 0:  1 MAR 2006 /
 0: /
 0: DATES
 0:  1 APR 2006 /
 0: /
 0: DATES
 0:  1 MAY 2006 /
 0: /
 0: DATES
 0:  1 JUN 2006 /
 0: /
 0: DATES
 0:  1 JLY 2006 /
 0: /
 0: DATES
 0:  1 AUG 2006 /
 0: /
 0: DATES
 0:  1 SEP 2006 /
 0: /
 0: DATES
 0:  1 OCT 2006 /
 0: /
 0: DATES
 0:  1 NOV 2006 /
 0: /
 0: DATES
 0:  1 DEC 2006 /
 0: /
 0: 
 0: -- yearly reports until 1 1 2010 when injection stops
 0: 
 0: DATES
 0:  31 DEC 2007 /
 0: /
 0: DATES
 0:  31 DEC 2008 /
 0: /
 0: DATES
 0:  31 DEC 2009 /
 0: /
 0: DATES
 0:  31 DEC 2010 /
 0: /
 0: 
 0: WELLSHUT
 0: 'CO2_INJ' /
 0: /
 0: 
 0: DATES
 0:  31 JAN 2032 /
 0: /
 0: 
 0: TUNING
 0:  1* 3650.0 /
 0:  /
 0:  /
 0: 
 0: DATES
 0:  31 DEC 2131 /
 0: /
 0: DATES
 0:  31 DEC 2231 /
 0: /
 0: 
 0: END

 ******** END OF INPUT DATA FOR RUN CO2STORE
     1 READING RUNSPEC 
     2 READING METRIC  
     3 READING OPTIONS3
     4 READING DIFFUSE 
     5 READING COMPS   

 @--  ERROR  AT TIME        0.0   DAYS    ( 1-JAN-   0):
 @           UNRECOGNISED KEYWORD COMPS    IN RUNSPEC DATA                   

 @--WARNING  AT TIME        0.0   DAYS    ( 1-JAN-   0):
 @           SPURIOUS DATA BEFORE DIMENS   KEYWORD                           
 @            4 /                                                            
     6 READING DIMENS  
     7 READING TABDIMS 
     8 READING HWELLS  

 @--MESSAGE  AT TIME        0.0   DAYS    ( 1-JAN-   0):
 @            HWELLS IS NOT REQUIRED IN ECLIPSE 100                          
     9 READING CO2STORE

 @--  ERROR  AT TIME        0.0   DAYS    ( 1-JAN-   0):
 @           UNRECOGNISED KEYWORD CO2STORE IN RUNSPEC DATA                   
    10 READING FULLIMP 
    11 READING SOLID   

 @--  ERROR  AT TIME        0.0   DAYS    ( 1-JAN-   0):
 @           UNRECOGNISED KEYWORD SOLID    IN RUNSPEC DATA                   
    12 READING START   
    13 READING UNIFOUT 
    14 READING UNIFIN  
    15 READING GRID    

 @--  ERROR  AT TIME        0.0   DAYS    ( 1-AUG-2004):
 @           THERE ARE NO PHASES PRESENT. SPECIFY KEYWORDS                   
 @           OIL/WATER/GAS IN THE RUNSPEC SECTION                            

 @--  ERROR  AT TIME        0.0   DAYS    ( 1-AUG-2004):
 @           NO PHASES SPECIFIED AS BEING PRESENT IN RESERVOIR               
 @           THERE MUST BE AT LEAST ONE ( OF OIL, WATER AND GAS )            

 @--MESSAGE  AT TIME        0.0   DAYS    ( 1-AUG-2004):
 @           CHECKING FOR LICENSES                                           

 @--MESSAGE  AT TIME        0.0   DAYS    ( 1-AUG-2004):
 @           THE MEMORY REQUIRED TO PROCESS THE GRID SECTION IS              
 @               861852 BYTES                                                
    16 READING DX      
    17 READING DY      
    18 READING DZ      
    19 READING TOPS    

 @--WARNING  AT TIME        0.0   DAYS    ( 1-AUG-2004):
 @             1764 VALUES NOT DEFINED IN BOX (  1- 14,  1- 14,  1- 10)      
 @           OF KEYWORD TOPS                                                 
    20 READING PORO    
    21 READING PERMX   
    22 READING COPY    
    23 READING PERMZ   
    24 READING BOUNDARY
    25 READING RPTGRID 
    26 READING INIT    
    27 READING PROPS   

 @--MESSAGE  AT TIME        0.0   DAYS    ( 1-AUG-2004):
 @           UNSPECIFIED TOPS VALUES OBTAINED BY ADDING DZ                   
 @           TO TOPS VALUE FOR LAYER ABOVE                                   

 @--MESSAGE  AT TIME        0.0   DAYS    ( 1-AUG-2004):
 @           NEITHER OLDTRAN,OLDTRANR NOR NEWTRAN SPECIFIED                  
 @           BLOCK CENTRE TRANSMISSIBILITIES TO BE CALCULATED                
 @           USING  OLDTRAN                                                  

 @--COMMENT  AT TIME        0.0   DAYS    ( 1-AUG-2004):
 @           NO NON-NEIGHBOUR CONNECTIONS FOUND                              
1                             **********************************************************************   1
  DEPTH    AT     0.00   DAYS *                                                                        * ECLIPSE  VERSION 2009.1     
  REPORT   0     1 AUG 2004   *  RUN                                                                   * RUN AT 11:52 ON 16 JLY 2015 
                              **************************************************************************

 UNITS  METRES         

 MINIMUM VALUE =   1411.5  AT (  7,  7,  1)     MAXIMUM VALUE =   1413.2  AT (  7,  7, 10)                                           

 (I,  J,  K) I=  7

 (*,  7,  1)   1411.5
 (*,  7,  2)   1411.7
 (*,  7,  3)   1411.9
 (*,  7,  4)   1412.0
 (*,  7,  5)   1412.2
 (*,  7,  6)   1412.4
 (*,  7,  7)   1412.6
 (*,  7,  8)   1412.8
 (*,  7,  9)   1413.0
 (*,  7, 10)   1413.2

 @--MESSAGE  AT TIME        0.0   DAYS    ( 1-AUG-2004):
 @           NUMBER OF ACTIVE CELLS IS 1960                                  

 @--MESSAGE  AT TIME        0.0   DAYS    ( 1-AUG-2004):
 @           ADDITIONAL     0.000 MEGABYTES REQUIRED FOR SIMULATION          

 @--MESSAGE  AT TIME        0.0   DAYS    ( 1-AUG-2004):
 @           THE MEMORY REQUIRED TO PROCESS THE SOLUTION SECTION IS          
 @                 1411 KBYTES                                               

 @--MESSAGE  AT TIME        0.0   DAYS    ( 1-AUG-2004):
 @              58528 CHARACTER VARIABLES USED                               
    28 READING CNAMES  

 @--  ERROR  AT TIME        0.0   DAYS    ( 1-AUG-2004):
 @           UNRECOGNISED KEYWORD CNAMES   IN PROPERTY DATA                  

 @--WARNING  AT TIME        0.0   DAYS    ( 1-AUG-2004):
 @           SPURIOUS DATA BEFORE ZMFVD    KEYWORD                           
 @             'H2O' 'CO2' 'NACL'  'CACL2' /                                 
    29 READING ZMFVD   

 @--  ERROR  AT TIME        0.0   DAYS    ( 1-AUG-2004):
 @           UNRECOGNISED KEYWORD ZMFVD    IN PROPERTY DATA                  

 @--WARNING  AT TIME        0.0   DAYS    ( 1-AUG-2004):
 @           SPURIOUS DATA BEFORE SDREF    KEYWORD                           
 @            1411.4   0.9109 0.0  0.0741     0.015                          
 @            1413.227 0.9109 0.0  0.0741     0.015 /                        
    30 READING SDREF   

 @--  ERROR  AT TIME        0.0   DAYS    ( 1-AUG-2004):
 @           UNRECOGNISED KEYWORD SDREF    IN PROPERTY DATA                  

 @--WARNING  AT TIME        0.0   DAYS    ( 1-AUG-2004):
 @           SPURIOUS DATA BEFORE SOLIDMMS KEYWORD                           
 @            3* 2170.0 1* /                                                 
    31 READING SOLIDMMS

 @--  ERROR  AT TIME        0.0   DAYS    ( 1-AUG-2004):
 @           UNRECOGNISED KEYWORD SOLIDMMS IN PROPERTY DATA                  

 @--WARNING  AT TIME        0.0   DAYS    ( 1-AUG-2004):
 @           SPURIOUS DATA BEFORE DIFFCWAT KEYWORD                           
 @              0.0    1.0                                                   
 @              0.1    0.5                                                   
 @              0.8    0.0 /                                                 
    32 READING DIFFCWAT

 @--  ERROR  AT TIME        0.0   DAYS    ( 1-AUG-2004):
 @           UNRECOGNISED KEYWORD DIFFCWAT IN PROPERTY DATA                  

 @--WARNING  AT TIME        0.0   DAYS    ( 1-AUG-2004):
 @           SPURIOUS DATA BEFORE DIFFCGAS KEYWORD                           
 @             0.0001  0.0001  0.0001     0.0001 /                           
    33 READING DIFFCGAS

 @--  ERROR  AT TIME        0.0   DAYS    ( 1-AUG-2004):
 @           UNRECOGNISED KEYWORD DIFFCGAS IN PROPERTY DATA                  

 @--ERROR  RUN STOPPED BECAUSE NUMBER OF   ERRORS
 @         EXCEEDS MAXIMUM PERMITTED VALUE (    10).
 @         SEE MESSAGES KEYWORD.

 Error summary 
 Comments               1
 Warnings               7
 Problems               0
 Errors                12
 Bugs                   0
 Final cpu       0.00 elapsed       0.00
