


 $$$$$   $$$   $      $$$  $$$$    $$$   $$$$$     $    $$$    $$$ 
 $      $   $  $       $   $   $  $   $  $        $$   $   $  $   $
 $      $      $       $   $   $  $      $         $   $   $  $   $
 $$$$   $      $       $   $$$$    $$$   $$$$      $   $   $  $   $
 $      $      $       $   $          $  $         $   $   $  $   $
 $      $   $  $       $   $      $   $  $         $   $   $  $   $
 $$$$$   $$$   $$$$$  $$$  $       $$$   $$$$$    $$$   $$$    $$$ 



                       $$$$$   $$$   $      $$$  $$$$    $$$   $$$$$     $    $$$    $$$ 
                       $      $   $  $       $   $   $  $   $  $        $$   $   $  $   $
                       $      $      $       $   $   $  $      $         $   $   $  $   $
                       $$$$   $      $       $   $$$$    $$$   $$$$      $   $   $  $   $
                       $      $      $       $   $          $  $         $   $   $  $   $
                       $      $   $  $       $   $      $   $  $         $   $   $  $   $
                       $$$$$   $$$   $$$$$  $$$  $       $$$   $$$$$    $$$   $$$    $$$ 



                                             $$$$$   $$$   $      $$$  $$$$    $$$   $$$$$     $    $$$    $$$ 
                                             $      $   $  $       $   $   $  $   $  $        $$   $   $  $   $
                                             $      $      $       $   $   $  $      $         $   $   $  $   $
                                             $$$$   $      $       $   $$$$    $$$   $$$$      $   $   $  $   $
                                             $      $      $       $   $          $  $         $   $   $  $   $
                                             $      $   $  $       $   $      $   $  $         $   $   $  $   $
                                             $$$$$   $$$   $$$$$  $$$  $       $$$   $$$$$    $$$   $$$    $$$ 



                                                                   $$$$$   $$$   $      $$$  $$$$    $$$   $$$$$     $    $$$    $$$ 
                                                                   $      $   $  $       $   $   $  $   $  $        $$   $   $  $   $
                                                                   $      $      $       $   $   $  $      $         $   $   $  $   $
                                                                   $$$$   $      $       $   $$$$    $$$   $$$$      $   $   $  $   $
                                                                   $      $      $       $   $          $  $         $   $   $  $   $
                                                                   $      $   $  $       $   $      $   $  $         $   $   $  $   $
                                                                   $$$$$   $$$   $$$$$  $$$  $       $$$   $$$$$    $$$   $$$    $$$ 
 
 Version =  2009.1
 Arch    =  PC WINDOWS (32 bit)
Annex    | Modification date    | Update date          | baseline             
=====    | =================    | ===========          | ========             
ECLIPSE  | 27-APR-2009 16:22:47 | 27-APR-2009 19:37:10 | S:\2009.1_w18i
system   | 22-APR-2009 14:52:01 | 25-APR-2009 05:27:35 | S:\2009.1_w18
utility  | 17-FEB-2009 08:34:11 | 25-APR-2009 05:40:00 | S:\2009.1_w18
 

1

 ******** ECHO OF INPUT DATA FOR RUN DYNREG_RPR

 0: -------------------------------------------------------------------------------
 0: -- DATAFILE FOR ECLIPSE DYNAMIC REGIONS TESTING
 0: -------------------------------------------------------------------------------
 0: 
 0: 
 0: ---------------------------- Runspec Section -----------------------------------
 0: NOECHO

 @--WARNING  AT TIME        0.0   DAYS    ( 1-JAN-   0):
 @           UNRECOGNISED MNEMONIC DYNREG           IN DATA                  
 @           FOR KEYWORD RPTSOL   IS IGNORED                                 

 ******** END OF INPUT DATA FOR RUN DYNREG_RPR
     1 READING NOECHO  
     2 READING RUNSPEC 
     3 READING TITLE   
     4 READING DIMENS  
     5 READING OIL     
     6 READING WATER   
     7 READING GAS     
     8 READING SKIP300 
     9 READING DISGAS  
    10 READING ENDSKIP 
    11 READING SKIP100 
       SKIPPING KEYWORDS
    12 READING ENDSKIP 
    13 READING METRIC  
    14 READING DYNRDIMS
    15 READING TABDIMS 
    16 READING WELLDIMS
    17 READING VFPIDIMS
    18 READING VFPPDIMS
    19 READING START   
    20 READING AQUDIMS 
    21 READING UNIFOUT 
    22 READING NSTACK  
    23 READING GRID    

 @--MESSAGE  AT TIME        0.0   DAYS    ( 1-JAN-1970):
 @           CHECKING FOR LICENSES                                           

 @--  ERROR  AT TIME        0.0   DAYS    ( 1-JAN-1970):
 @           LICENSE FAILURE: ERROR NUMBER IS -1                             

 Error summary 
 Comments               0
 Warnings               0
 Problems               0
 Errors                 1
 Bugs                   0
 Final cpu       0.00 elapsed       0.00
