


 $$$$$   $$$   $      $$$  $$$$    $$$   $$$$$     $    $$$    $$$ 
 $      $   $  $       $   $   $  $   $  $        $$   $   $  $   $
 $      $      $       $   $   $  $      $         $   $   $  $   $
 $$$$   $      $       $   $$$$    $$$   $$$$      $   $   $  $   $
 $      $      $       $   $          $  $         $   $   $  $   $
 $      $   $  $       $   $      $   $  $         $   $   $  $   $
 $$$$$   $$$   $$$$$  $$$  $       $$$   $$$$$    $$$   $$$    $$$ 



                       $$$$$   $$$   $      $$$  $$$$    $$$   $$$$$     $    $$$    $$$ 
                       $      $   $  $       $   $   $  $   $  $        $$   $   $  $   $
                       $      $      $       $   $   $  $      $         $   $   $  $   $
                       $$$$   $      $       $   $$$$    $$$   $$$$      $   $   $  $   $
                       $      $      $       $   $          $  $         $   $   $  $   $
                       $      $   $  $       $   $      $   $  $         $   $   $  $   $
                       $$$$$   $$$   $$$$$  $$$  $       $$$   $$$$$    $$$   $$$    $$$ 



                                             $$$$$   $$$   $      $$$  $$$$    $$$   $$$$$     $    $$$    $$$ 
                                             $      $   $  $       $   $   $  $   $  $        $$   $   $  $   $
                                             $      $      $       $   $   $  $      $         $   $   $  $   $
                                             $$$$   $      $       $   $$$$    $$$   $$$$      $   $   $  $   $
                                             $      $      $       $   $          $  $         $   $   $  $   $
                                             $      $   $  $       $   $      $   $  $         $   $   $  $   $
                                             $$$$$   $$$   $$$$$  $$$  $       $$$   $$$$$    $$$   $$$    $$$ 



                                                                   $$$$$   $$$   $      $$$  $$$$    $$$   $$$$$     $    $$$    $$$ 
                                                                   $      $   $  $       $   $   $  $   $  $        $$   $   $  $   $
                                                                   $      $      $       $   $   $  $      $         $   $   $  $   $
                                                                   $$$$   $      $       $   $$$$    $$$   $$$$      $   $   $  $   $
                                                                   $      $      $       $   $          $  $         $   $   $  $   $
                                                                   $      $   $  $       $   $      $   $  $         $   $   $  $   $
                                                                   $$$$$   $$$   $$$$$  $$$  $       $$$   $$$$$    $$$   $$$    $$$ 
 
 Version =  2009.1
 Arch    =  PC WINDOWS (32 bit)
Annex    | Modification date    | Update date          | baseline             
=====    | =================    | ===========          | ========             
ECLIPSE  | 27-APR-2009 16:22:47 | 27-APR-2009 19:37:10 | S:\2009.1_w18i
system   | 22-APR-2009 14:52:01 | 25-APR-2009 05:27:35 | S:\2009.1_w18
utility  | 17-FEB-2009 08:34:11 | 25-APR-2009 05:40:00 | S:\2009.1_w18
 

1

 ******** ECHO OF INPUT DATA FOR RUN ECBM1

 0: -----------------------------------------------------------------------
 0: -- SPE75669
 0: -- Numerical Simulator Comparison Study for Enhanced Coalbed Methane Recovery Processes, Part I: Pure Carbon Dioxide Injection
 0: -- David H.-S. Law, L.G.H. (Bert) van der Meer, W.D. (Bill) Gunter
 0: -- SPE Gas Technology Symposium, 30 April-2 May 2002, Calgary, Alberta, Canada
 0: 
 0: -- Problem Set 1
 0: 
 0: -- ENHANCED COAL BED METHANE TEST CASE
 0: -- 3 components
 0: -- Radial Coordination
 0: 
 0: --ECBM1: Radial/DualPoro/2D/CO2 Inj
 0: --ECBM2: DualPoro/3D/CO2 Inj
 0: --ECBM3: SinglePoro/2D/CO2 Inj/Instant Desorption
 0: --ECBM4: DualPoro/3D/CO2 Inj/ ROCKTAB (Coal swelling and shrinkage)
 0: ------------------------------------------------------------------------
 0: 
 0: RUNSPEC
 0: 
 0: TITLE
 0:          PROMLEM SET 1, SPE 75669
 0: 
 0: DIMENS
 0:     29    1    2  /
 0: 
 0: DUALPORO
 0: 
 0: RADIAL
 0: 
 0: --GASWAT
 0: 
 0: WATER
 0: 
 0: GAS
 0: 
 0: --OIL
 0: 
 0: METRIC
 0: 
 0: COAL
 0: 
 0: COMPS
 0: 3 /
 0: 
 0: FULLIMP
 0: 
 0: EQLDIMS
 0:     1  100    2    1   20 /
 0: 
 0: TABDIMS
 0:     1    1   40   20    2    5 /
 0: 
 0: REGDIMS
 0:     2    1    0    0  1*  1  /
 0: 
 0: WELLDIMS
 0:     2   13    1    2 /
 0: 
 0: START
 0:   26 'JAN' 1983  /
 0: 
 0: NODPPM
 0: 
 0: GRID      ==============================================================
 0: 
 0: 
 0: INIT
 0: 
 0: 
 0: ROCKDEN
 0: 58*1434.0 /
 0: 
 0: 
 0: DRV
 0:   0.911 1.16 1.3456 1.5609 1.8106 2.1003 2.4364 2.8262 3.2784 3.8030
 0:   4.4114 5.1173 5.9360 6.8858 7.9875 9.2655 10.7480 12.4677 14.4625
 0:   16.7765 19.4608 22.5745 26.1864 30.3763 35.2364 40.8742 47.4141
 0:   55.0005 61.4972 /
 0: 
 0: 
 0: EQUALS
 0:       'DTHETA'  360   /
 0:       'DZ'      9  /
 0:       'TOPS'    1253.6  /
 0:       'PERMZ'   0 /
 0:       'PERMR'   0 /
 0:       'PERMR'   3.650    1 29 1 1 2 2 / -- fracture properties
 0:       'PORO'    0.001 /
 0: /
 0: 
 0: SIGMA
 0:  1.0   /
 0: 
 0: PROPS     ==============================================================
 0: 
 0: DIFFCBM
 0:   1.0 1.0 1.0 /  -- Sorption time is 1 DAY's
 0: /
 0: LANGMEXT    -- coalnum 1
 0: -- Bars     SM3/kg
 0:   19.030    0.0240808     -- CO2
 0:   0.0       0.0
 0: -- 272.410    0.011652      -- N2
 0:   46.885    0.01180736 /  -- CH4
 0: /
 0: 
 0: ECHO
 0: -- Units: C
 0: RTEMP
 0: --
 0: -- Constant Reservoir Temperature
 0: --
 0:           45
 0: /
 0: 
 0: EOS
 0: --
 0: -- Equation of State (Reservoir EoS)
 0: --
 0:    PR3
 0: /
 0: 
 0: NCOMPS
 0: --
 0: -- Number of Components
 0: --
 0:        3
 0: /
 0: PRCORR
 0: --
 0: -- Modified Peng-Robinson EoS
 0: --
 0: CNAMES
 0: --
 0: -- Component Names
 0: --
 0:    'CO2'
 0:    'N2'
 0:    'C1'
 0: /
 0: MW
 0: --
 0: -- Molecular Weights (Reservoir EoS)
 0: --
 0:          44.01
 0:         28.013
 0:         16.043
 0: /
 0: 
 0: OMEGAA
 0: --
 0: -- EoS Omega-a Coefficient (Reservoir EoS)
 0: --
 0:    0.457235529
 0:    0.457235529
 0:    0.457235529
 0: /
 0: 
 0: OMEGAB
 0: --
 0: -- EoS Omega-b Coefficient (Reservoir EoS)
 0: --
 0:    0.077796074
 0:    0.077796074
 0:    0.077796074
 0: /
 0: 
 0: -- Units: K
 0: TCRIT
 0: --
 0: -- Critical Temperatures (Reservoir EoS)
 0: --
 0:          304.7
 0:          126.2
 0:          190.6
 0: /
 0: 
 0: -- Units: bar
 0: PCRIT
 0: --
 0: -- Critical Pressures (Reservoir EoS)
 0: --
 0:      73.865925
 0:      33.943875
 0:       46.04208
 0: /
 0: 
 0: -- Units: m3 /kg-mole
 0: VCRIT
 0: --
 0: -- Critical Volumes (Reservoir EoS)
 0: --
 0:          0.094
 0:           0.09
 0:          0.098
 0: /
 0: 
 0: ZCRIT
 0: --
 0: -- Critical Z-Factors (Reservoir EoS)
 0: --
 0:    0.274077797373227
 0:    0.291151404389918
 0:    0.284729476628582
 0: /
 0: 
 0: SSHIFT
 0: --
 0: -- EoS Volume Shift (Reservoir EoS)
 0: --
 0:    -0.0427303367439383
 0:    -0.131334238607036
 0:    -0.144265618878948
 0: /
 0: 
 0: ACF
 0: --
 0: -- Acentric Factors (Reservoir EoS)
 0: --
 0:          0.225
 0:           0.04
 0:          0.013
 0: /
 0: 
 0: BIC
 0: --
 0: -- Binary Interaction Coefficients (Reservoir EoS)
 0: --
 0:   -0.012
 0:      0.1     0.1
 0: /
 0: 
 0: PARACHOR
 0: --
 0: -- Component Parachors
 0: --
 0:             78
 0:             41
 0:             77
 0: /
 0: 
 0: -- Units: m3 /kg-mole
 0: VCRITVIS
 0: --
 0: -- Critical Volumes for Viscosity Calc (Reservoir EoS)
 0: --
 0:          0.094
 0:           0.09
 0:          0.098
 0: /
 0: 
 0: ZCRITVIS
 0: --
 0: -- Critical Z-Factors for Viscosity Calculation (Reservoir EoS)
 0: --
 0:    0.274077797373227
 0:    0.291151404389918
 0:    0.284729476628582
 0: /
 0: 
 0: LBCCOEF
 0: --
 0: -- Lorentz-Bray-Clark Viscosity Correlation Coefficients
 0: --
 0:     0.1023 0.023364 0.058533 -0.040758 0.0093324
 0: /
 0: 
 0: SWFN
 0: 0.00  0.000   0.0
 0: 0.05  0.0006  0.0
 0: 0.10  0.0013  0.0
 0: 0.15  0.002   0.0
 0: 0.20  0.007   0.0
 0: 0.25  0.015   0.0
 0: 0.30  0.024   0.0
 0: 0.35  0.035   0.0
 0: 0.40  0.049   0.0
 0: 0.45  0.067   0.0
 0: 0.50  0.088   0.0
 0: 0.55  0.116   0.0
 0: 0.60  0.154   0.0
 0: 0.65  0.200   0.0
 0: 0.70  0.251   0.0
 0: 0.75  0.312   0.0
 0: 0.80  0.392   0.0
 0: 0.85  0.490   0.0
 0: 0.90  0.601   0.0
 0: 0.95  0.731   0.0
 0: 0.975 0.814   0.0
 0: 0.99999  1.00    0.0
 0: /
 0: 
 0: SGFN
 0: 0.00  0.000   0.0
 0: 0.025 0.0035  0.0
 0: 0.05  0.007   0.0
 0: 0.10  0.018   0.0
 0: 0.15  0.033   0.0
 0: 0.20  0.051   0.0
 0: 0.25  0.070   0.0
 0: 0.30  0.090   0.0
 0: 0.35  0.118   0.0
 0: 0.40  0.147   0.0
 0: 0.45  0.180   0.0
 0: 0.50  0.216   0.0
 0: 0.55  0.253   0.0
 0: 0.60  0.295   0.0
 0: 0.65  0.342   0.0
 0: 0.70  0.401   0.0
 0: 0.75  0.466   0.0
 0: 0.80  0.537   0.0
 0: 0.85  0.627   0.0
 0: 0.90  0.720   0.0
 0: 0.95  0.835   0.0
 0: 1.00  1.000   0.0
 0: /
 0: 
 0: -- need a dummy SOF3 relperm
 0: SOF3
 0:   0     0.0       0
 0:   1     1.0       0
 0: /
 0: 
 0: PVTW
 0:   .0000000   1.00000    5.8E-05     .607    /
 0: 
 0: 
 0: ROCK
 0:  76.5  1.45E-05 /
 0: 
 0: 
 0: --DENSITY
 0: --1* 990 1*  /
 0: 
 0: -- constant mole fraction in (apply to the coal here since the
 0: -- equil gas-oil contact is put above the reservoir..
 0: --
 0: --COMPVD
 0: -- 1254  0.0 0.0 1.0   0  0
 0: -- 1260  0.0 0.0 1.0   0  0 /
 0: 
 0: REGIONS
 0: 
 0: SOLUTION   =============================================================
 0: -- single phae equilibrium. Both the oil and gas contact above the
 0: -- reservoir. The coal equilibrium is then calculated based on the
 0: -- computed pressure. Initially filled with water in the fractures.
 0: ----- depth press     oil-water   pcow    gas-oil  pcgo  black  N  type
 0: --- depth press   oil-water   pcow    gas-oil  pcgo  black  N  type
 0: --EQUIL
 0: -- 1256    76.5   1000     0       1000    0     2*    1*   1  /
 0: 
 0: PRESSURE
 0: 58*76.5 /
 0: 
 0: SGAS
 0: 29*1.0 29*0.408 /
 0: 
 0: SWAT
 0: 29*0.0 29*0.592 /
 0: 
 0: XMF
 0:  58*0.0
 0:  58*0.0
 0:  58*0.0 /
 0: 
 0: YMF
 0:  58*0.0
 0:  58*0.0
 0:  58*1.0 /
 0: 
 0: 
 0: 
 0: RPTRST
 0: 'BASIC=2' SWAT SGAS SOIL /
 0: 
 0: SUMMARY    ==========================================================
 0: RUNSUM
 0: ALL
 0: PERFORMA
 0: FPR
 0: FGIP
 0: WBHP
 0: 'P' 'I' /
 0: BPR
 0: 1 1 1 /
 0: /
 0: 
 0: FCGMR
 0: 3 /
 0: 
 0: FCGMR
 0: 1 /
 0: 
 0: FCWGPR
 0: 3 /
 0: 
 0: FCWGPT
 0: 3 /
 0: 
 0: FCWGPR
 0: 1 /
 0: 
 0: 
 0: WYMF
 0: 'P' 3 /
 0: 'P' 1 /
 0: /
 0: 
 0: RPTONLY
 0: SCHEDULE   ===========================================================
 0: 
 0: 
 0: 
 0: 
 0: WELSPECS
 0: 'P'  'G'   1  1  1256.6  'GAS'  /
 0: 'I'  'G'   1  1  1256.6  'GAS'  /
 0: /
 0: 
 0: COMPDAT
 0: 'P'    2*   2   2 'OPEN'   0  0.0   0.0730  /
 0: 'I'    2*   2   2 'OPEN'   0  0.0   0.0730 /
 0: /
 0: 
 0: 
 0: --
 0: -- Inject Co2
 0: --
 0: 
 0: WELOPEN
 0: 'P' SHUT /
 0: /
 0: 
 0: WELLSTRE
 0:  'CO2' 1.0 0.0 0.0 /
 0: /
 0: 
 0: WINJGAS
 0:  'I' STREAM 'CO2' /
 0: /
 0: 
 0: WCONINJE
 0:  'I'  'GAS'  'OPEN'  'RATE'  28316.82 1* 150.0 /
 0: /
 0: 
 0: --
 0: -- Initial Injection
 0: --
 0: 
 0: TSTEP
 0:  0.1 0.9 4 10 /
 0: 
 0: 
 0: WELOPEN
 0:  'I'   'SHUT'  /
 0:  'P'   'STOP' /  -- to plot the bhp just stop it
 0: /
 0: -- Pressure buil up
 0: TSTEP
 0:  0.1 0.9 9 10 10 15 /
 0: 
 0: -- Production
 0: WCONPROD
 0: 'P       ', 'OPEN', 'WGRA'     1*         1*      100000.0
 0:      1*          1*      2.75  1*  1* 1* 100000.0 /
 0: /
 0: 
 0: TSTEP
 0: 0.1 0.9 9 10 10 10 10 10 /
 0: 
 0: -- Production
 0: WELOPEN
 0: 'P' STOP /
 0: /
 0: TUNING
 0: 1* 1* 0.000000001 /
 0: /
 0: /
 0: TSTEP
 0: 0.1 0.4  1 1 1 1 1 1 1 1 1 1  10 10 10 10 10  /
 0: 
 0: 
 0: END

 ******** END OF INPUT DATA FOR RUN ECBM1
     1 READING RUNSPEC 
     2 READING TITLE   
     3 READING DIMENS  
     4 READING DUALPORO
     5 READING RADIAL  
     6 READING WATER   
     7 READING GAS     
     8 READING METRIC  
     9 READING COAL    
    10 READING COMPS   

 @--MESSAGE  AT TIME        0.0   DAYS    ( 1-JAN-   0):
 @           CHECKING FOR LICENSES                                           

 @--  ERROR  AT TIME        0.0   DAYS    ( 1-JAN-   0):
 @           LICENSE ERROR  -1 FOR COAL BED METHANE OPTION                   
 @           FEATURE IS INVALID. CHECK YOUR LICENSE FILE AND                 
 @           THE LICENSE LOG FILE                                            

 Error summary 
 Comments               0
 Warnings               0
 Problems               0
 Errors                 1
 Bugs                   0
 Final cpu       0.28 elapsed       1.00
