<<<<<<< HEAD



 $$$$$   $$$   $      $$$  $$$$    $$$   $$$$$     $    $$$    $$$ 
 $      $   $  $       $   $   $  $   $  $        $$   $   $  $   $
 $      $      $       $   $   $  $      $         $   $   $  $   $
 $$$$   $      $       $   $$$$    $$$   $$$$      $   $   $  $   $
 $      $      $       $   $          $  $         $   $   $  $   $
 $      $   $  $       $   $      $   $  $         $   $   $  $   $
 $$$$$   $$$   $$$$$  $$$  $       $$$   $$$$$    $$$   $$$    $$$ 



                       $$$$$   $$$   $      $$$  $$$$    $$$   $$$$$     $    $$$    $$$ 
                       $      $   $  $       $   $   $  $   $  $        $$   $   $  $   $
                       $      $      $       $   $   $  $      $         $   $   $  $   $
                       $$$$   $      $       $   $$$$    $$$   $$$$      $   $   $  $   $
                       $      $      $       $   $          $  $         $   $   $  $   $
                       $      $   $  $       $   $      $   $  $         $   $   $  $   $
                       $$$$$   $$$   $$$$$  $$$  $       $$$   $$$$$    $$$   $$$    $$$ 



                                             $$$$$   $$$   $      $$$  $$$$    $$$   $$$$$     $    $$$    $$$ 
                                             $      $   $  $       $   $   $  $   $  $        $$   $   $  $   $
                                             $      $      $       $   $   $  $      $         $   $   $  $   $
                                             $$$$   $      $       $   $$$$    $$$   $$$$      $   $   $  $   $
                                             $      $      $       $   $          $  $         $   $   $  $   $
                                             $      $   $  $       $   $      $   $  $         $   $   $  $   $
                                             $$$$$   $$$   $$$$$  $$$  $       $$$   $$$$$    $$$   $$$    $$$ 



                                                                   $$$$$   $$$   $      $$$  $$$$    $$$   $$$$$     $    $$$    $$$ 
                                                                   $      $   $  $       $   $   $  $   $  $        $$   $   $  $   $
                                                                   $      $      $       $   $   $  $      $         $   $   $  $   $
                                                                   $$$$   $      $       $   $$$$    $$$   $$$$      $   $   $  $   $
                                                                   $      $      $       $   $          $  $         $   $   $  $   $
                                                                   $      $   $  $       $   $      $   $  $         $   $   $  $   $
                                                                   $$$$$   $$$   $$$$$  $$$  $       $$$   $$$$$    $$$   $$$    $$$ 
 
 Version =  2009.1
 Arch    =  PC WINDOWS (32 bit)
Annex    | Modification date    | Update date          | baseline             
=====    | =================    | ===========          | ========             
ECLIPSE  | 27-APR-2009 16:22:47 | 27-APR-2009 19:37:10 | S:\2009.1_w18i
system   | 22-APR-2009 14:52:01 | 25-APR-2009 05:27:35 | S:\2009.1_w18
utility  | 17-FEB-2009 08:34:11 | 25-APR-2009 05:40:00 | S:\2009.1_w18
 

1

 ******** ECHO OF INPUT DATA FOR RUN EXPORT_OIL

 0: --======================================================================
 0: --======================================================================
 0: --2003A TEST CASE: EXPORT TABLES. SUCH TABLES WILL BE WRITTEN TO THE
 0: --                 PRINT FILE WHEN:
 0: --
 0: --                 1/ A SEPARATOR IS DEFINED WITH THE GAS FROM AN
 0: --                    INTERMEDIATE STAGE BEING USED AS PART OR ALL OF
 0: --                    THE FEED TO A SUBSEQUENT STAGE (BY DEFAULT GAS IS
 0: --                    ACCUMULATED IN THE STOCK TANK)
 0: --                 2/ THIS SEPARATOR STAGE GAS IS USED AS A SOURCE OF
 0: --                    RE-INJECTION GAS
 0: --
 0: --                 THE EXPORT OIL IS LESS THAN THE PRODUCED OIL (FROM
 0: --                 THE FORMATION) BY THE OIL VAPOUR CONTAINED IN THE
 0: --                 RE-INJECTED GAS THAT WOULD OTHERWISE BE SEPARATED
 0: --                 OUT. EXPORT NGL RATES ARE ALSO REPORTED IF NEEDED.
 0: --
 0: --                 NEW FEATURES IN ACTIONW ARE ALSO DEMONSTRATED.
 0: --
 0: --======================================================================
 0: --======================================================================
 0: 
 0: --2007.1: NOTE, CHANGE OF SYNTAX REGARDING COMPONENT NUMBERS IN ACTION
 0: --        BLOCKS, WXMF1 BECOMES WXMF_1
 0: 
 0: --======================================================================
 0: RUNSPEC
 0: --======================================================================
 0: 
 0: TITLE
 0: Example of a non-default separator stage gas routing and consequences
 0: 
 0: FIELD
 0: 
 0: OIL
 0: WATER
 0: GAS
 0: 
 0: COMPS
 0: 6 /
 0: 
 0: TABDIMS
 0: 1 1 40 40 /
 0: 
 0: GPTDIMS
 0: 2 3 /
 0: 
 0: DIMENS
 0: 7 7 3 /
 0: 
 0: EQLDIMS
 0: 1 20 /
 0: 
 0: WELLDIMS
 0: 4 /
 0: 
 0: START
 0: 1 Jan 1990 /
 0: 
 0: --======================================================================
 0: GRID
 0: --======================================================================
 0: 
 0: INIT
 0: 
 0: DXV
 0: 7*500 /
 0: 
 0: DYV
 0: 7*500 /
 0: 
 0: DZV
 0: 20 30 50 /
 0: 
 0: TOPS
 0: 49*8325 49*8345 49*8375 /
 0: 
 0: PORO
 0: 147*0.3  /
 0: 
 0: PERMX
 0: 49*500 49*50 49*200 /
 0: 
 0: PERMY
 0: 49*500 49*50 49*200 /
 0: 
 0: PERMZ
 0: 49*50 49*50 49*25 /
 0: 
 0: --======================================================================
 0: PROPS
 0: --======================================================================
 0: 
 0: EOS
 0: PR /
 0: 
 0: PRCORR
 0: 
 0: RTEMP
 0: 160 /
 0: 
 0: STCOND
 0: 60 14.7 /
 0: 
 0: CNAMES
 0: C1
 0: C3
 0: C6
 0: C10
 0: C15
 0: C20
 0: /
 0: 
 0: TCRIT
 0:  343.0
 0:  665.7
 0:  913.4
 0: 1111.8
 0: 1270.0
 0: 1380.0
 0: /
 0: 
 0: PCRIT
 0: 667.8
 0: 616.3
 0: 436.9
 0: 304.0
 0: 200.0
 0: 162.0
 0: /
 0: 
 0: ZCRIT
 0: 0.290
 0: 0.277
 0: 0.264
 0: 0.257
 0: 0.245
 0: 0.235
 0: /
 0: 
 0: MW
 0:  16.04
 0:  44.10
 0:  86.18
 0: 149.29
 0: 206.00
 0: 282.00
 0: /
 0: 
 0: ACF
 0: 0.013
 0: 0.1524
 0: 0.3007
 0: 0.4885
 0: 0.6500
 0: 0.8500
 0: /
 0: 
 0: BIC
 0:    0.0
 0:    0.0    0.0
 0:    0.0    0.0    0.0
 0:    0.05   0.005  0.0     0.0
 0:    0.05   0.005  0.0     0.0     0.0 /
 0: 
 0: STONE
 0: 
 0: SWFN
 0:     0.2    0      45.0
 0:     0.2899 0.0022 19.03
 0:     0.3778 0.0180 10.07
 0:     0.4667 0.0607  4.90
 0:     0.5556 0.1438  1.8
 0:     0.6444 0.2809  0.5
 0:     0.7000 0.4089  0.05
 0:     0.7333 0.4855  0.01
 0:     0.8222 0.7709  0.0
 0:     0.9111 1.0000  0.0
 0:     1.00   1.0000  0.0 /
 0: 
 0: SGFN
 0:     0.00   0.000   0.0
 0:     0.05   0.000   0.0
 0:     0.0889 0.001   0.0
 0:     0.1778 0.010   0.0
 0:     0.2667 0.030   0.001
 0:     0.3556 0.05    0.001
 0:     0.4444 0.10    0.03
 0:     0.5333 0.20    0.8
 0:     0.6222 0.35    3.0
 0:     0.65   0.39    4.0
 0:     0.7111 0.56    8.0
 0:     0.80   1.0    30.0
 0: /
 0: 
 0: SOF3
 0:     0.00   0.0     0.0
 0:     0.0889 0.0     0.0
 0:     0.1500 0.0     0.0
 0:     0.1778 0.0     0.0110
 0:     0.2667 0.0     0.0370
 0:     0.3    0.0     0.0560
 0:     0.3556 0.0123  0.0878
 0:     0.4444 0.0835  0.1715
 0:     0.5333 0.2178  0.2963
 0:     0.6222 0.4153  0.4705
 0:     0.7111 0.6769  0.7023
 0:     0.80   1.0     1.0    /
 0: 
 0: ROCKTAB
 0:  1000.0 1.0   1.0
 0:  2000.0 1.005 1.0
 0:  3000.0 1.010 1.0
 0:  4000.0 1.015 1.0
 0:  5000.0 1.020 1.0
 0:  6000.0 1.025 1.0
 0:  7000.0 1.030 1.0
 0:  8000.0 1.035 1.0
 0:  9000.0 1.040 1.0
 0: 10000.0 1.045 1.0 /
 0: 
 0: WATERTAB
 0:  1000.0     1.0099 0.70
 0:  4000.0     1.0000 0.70
 0:  9000.0     0.9835 0.70 /
 0: 
 0: --Specify initial liquid composition
 0: 
 0: ZMFVD
 0: 1000.0  0.5 0.03 0.07 0.2 0.15 0.05
 0: 10000.0 0.5 0.03 0.07 0.2 0.15 0.05 /
 0: 
 0: --Surface densities : only the water value is used
 0: 
 0: DENSITY
 0: 1* 62.4 1* /
 0: 
 0: --======================================================================
 0: SOLUTION
 0: --======================================================================
 0: 
 0: GPTABLEN
 0: 1 6 6
 0:    0.0  0.00  0.00 0.00033  0.90  0.99  1.0
 0:         0.01  0.01 0.85000  0.09  0.01  0.0
 0:    0.2  0.00  0.00 0.00034  0.90  0.99  1.0
 0:         0.01  0.01 0.85000  0.09  0.01  0.0
 0: /
 0: 
 0: --Request initial state solution output
 0: 
 0: RPTSOL
 0: PRESSURE SOIL SWAT SGAS PSAT /
 0: 

 @--WARNING  AT TIME        0.0   DAYS    ( 1-JAN-   0):
 @           UNRECOGNISED MNEMONIC PSAT             IN DATA                  
 @           FOR KEYWORD RPTSOL   IS IGNORED                                 
 0: EQUIL
 0: 8400 4000 9000 0 7000 0 1 1 0  /
 0: 
 0: --======================================================================
 0: SUMMARY
 0: --======================================================================
 0: 
 0: RUNSUM
 0: 
 0: -- REQUEST FIELD PRODUCED (FORMATION) GAS RATE
 0: 
 0: FGPR
 0: 
 0: -- REQUEST FIELD RE-INJECTED GAS RATE
 0: 
 0: FRGR
 0: 
 0: -- REQUEST FIELD EXPORT GAS RATE
 0: 
 0: FEGR
 0: 
 0: -- REQUEST FIELD PRODUCED (FORMATION) OIL RATE
 0: 
 0: FOPR
 0: 
 0: -- REQUEST FIELD EXPORT OIL RATE
 0: 
 0: FEOR
 0: 
 0: -- REQUEST FIELD PRODUCED (FORMATION) NGL RATE
 0: 
 0: FNPR
 0: 
 0: -- REQUEST FIELD EXPORT NGL RATE
 0: 
 0: FENR
 0: 
 0: -- NOTES
 0: --
 0: -- 1/ DIFFERENCE BETWEEN NGL EXPORT AND PRODUCTION RATES IS GREATER THAN
 0: --    THAT FOR OIL BECAUSE MORE NGL IS 'CARRIED' IN THE RE-INJECTED GAS.
 0: -- 2/ UNLIKE DEFAULT CONFIGURATION SEPARATORS (GAS ACCUMULATED IN STOCK TANK)
 0: --    PRODUCED GAS DOES NOT EQUAL RE-INJECTED + EXPORT GAS - GAS ACCOUNTING
 0: --    IS NOT NOW ADDITIVE BECAUSE A SOME POINT STAGE GAS IS PASSED THROUGH
 0: --    A SUBSEQUENT STAGE.
 0: 
 0: WXMF
 0: P1 2 /
 0: /
 0: 
 0: WYMF
 0: P1 2 /
 0: /
 0: 
 0: WZMF
 0: P1 2 /
 0: /
 0: 
 0: --======================================================================
 0: RPTONLY
 0: SCHEDULE
 0: --======================================================================
 0: 
 0: -- EXTRA WELL INFORMATION TO BE REPORTED TO THE PRINT FILE
 0: 
 0: RPTPRINT
 0: 5* 2 /
 0: 
 0: -- THE GAS FROM STAGES 1 AND 2 OF THE SEPARATOR IS FEED INTO STAGE 3
 0: -- TOGETHER WITH THE OIL FROM STAGE 2
 0: 
 0: SEPCOND
 0: SEP1 FIELD 1 200 50 2 3 /
 0: SEP1 FIELD 2 100 25 3 3 /
 0: SEP1 FIELD 3 75  20 4 0 1* 1 /
 0: SEP1 FIELD 4 60  15 /
 0: /
 0: 
 0: -- DEFINE WELLS AND CONNECTIONS
 0: 
 0: WELSPECS
 0: I1 FIELD  1  1 7015.0 GAS /
 0: P1 FIELD  7  7 7015.0 GAS /
 0: /
 0: 
 0: COMPDAT
 0: I1  2*  1  1  1* 1         /
 0: P1  2*  1  1  1* 1 1* 0.01 /
 0: /
 0: 
 0: -- FIELD CONTROL TARGET IS 2000 MSCF/DAY OF STOCK TANK GAS
 0: 
 0: GRUPPROD
 0: FIELD GAS 2* 2000 /
 0: /
 0: 
 0: -- SOURCE OF GAS FOR RE-INJECTION FOR THE FIELD IS STAGE 1 GAS
 0: 
 0: GINJGAS
 0: FIELD GV FIELD 1* 1 /
 0: /
 0: 
 0: -- FIELD RE-INJECTS HALF OF THIS STAGE 1 GAS
 0: 
 0: GCONINJE
 0: FIELD GAS REIN 5000 1* 0.5 /
 0: /
 0: 
 0: -- WELLS ARE UNDER GROUP CONTROL
 0: 
 0: WCONINJE
 0: I1 GAS 1* GRUP /
 0: /
 0: 
 0: WCONPROD
 0: P1 1* GRUP /
 0: /
 0: 
 0: TSTEP
 0: 100 /
 0: 
 0: -- A SIMPLE EXAMPLE OF TRIGGERING AN INCREASE IN THE FIELD'S PRODUCTION
 0: -- RATE SHOULD THE VAPOUR MOLE FRACTION OF COMPONENT 2 OF THE FLUID
 0: -- PRODUCED BY WELL P1 EXCEED 0.05
 0: 
 0: -------------------------
 0: -- PRE 2007.1 SYNTAX
 0: -------------------------
 0: -- ACTIONW
 0: -- VAPMF P1 WYMF2 > 0.05  /
 0: --
 0: -- GRUPPROD
 0: -- FIELD GAS 2* 3000 /
 0: -- /
 0: --
 0: -- ENDACTIO
 0: --------------------------
 0: 
 0: ACTIONW
 0: VAPMF P1 WYMF_2 > 0.05  /
 0: 
 0: GRUPPROD
 0: FIELD GAS 2* 3000 /
 0: /
 0: 
 0: ENDACTIO
 0: 
 0: 
 0: TSTEP
 0: 100 /
 0: 
 0: 
 0: END
 0: 

 ******** END OF INPUT DATA FOR RUN EXPORT_OIL
     1 READING RUNSPEC 
     2 READING TITLE   
     3 READING FIELD   
     4 READING OIL     
     5 READING WATER   
     6 READING GAS     
     7 READING COMPS   

 @--  ERROR  AT TIME        0.0   DAYS    ( 1-JAN-   0):
 @           UNRECOGNISED KEYWORD COMPS    IN RUNSPEC DATA                   

 @--WARNING  AT TIME        0.0   DAYS    ( 1-JAN-   0):
 @           SPURIOUS DATA BEFORE TABDIMS  KEYWORD                           
 @           6 /                                                             
     8 READING TABDIMS 
     9 READING GPTDIMS 

 @--  ERROR  AT TIME        0.0   DAYS    ( 1-JAN-   0):
 @           UNRECOGNISED KEYWORD GPTDIMS  IN RUNSPEC DATA                   

 @--WARNING  AT TIME        0.0   DAYS    ( 1-JAN-   0):
 @           SPURIOUS DATA BEFORE DIMENS   KEYWORD                           
 @           2 3 /                                                           
    10 READING DIMENS  
    11 READING EQLDIMS 
    12 READING WELLDIMS
    13 READING START   
    14 READING GRID    

 @--MESSAGE  AT TIME        0.0   DAYS    ( 1-JAN-1990):
 @           CHECKING FOR LICENSES                                           

 @--MESSAGE  AT TIME        0.0   DAYS    ( 1-JAN-1990):
 @           THE MEMORY REQUIRED TO PROCESS THE GRID SECTION IS              
 @                63828 BYTES                                                
    16 READING INIT    
    17 READING DXV     
    18 READING DYV     
    19 READING DZV     

 @--  ERROR  AT TIME        0.0   DAYS    ( 1-JAN-1990):
 @           UNRECOGNISED KEYWORD DZV      IN GRID DATA                      

 @--WARNING  AT TIME        0.0   DAYS    ( 1-JAN-1990):
 @           SPURIOUS DATA BEFORE TOPS     KEYWORD                           
 @           20 30 50 /                                                      
    20 READING TOPS    
    21 READING PORO    
    22 READING PERMX   
    23 READING PERMY   
    24 READING PERMZ   
    25 READING PROPS   

 @--MESSAGE  AT TIME        0.0   DAYS    ( 1-JAN-1990):
 @           NEITHER OLDTRAN,OLDTRANR NOR NEWTRAN SPECIFIED                  
 @           BLOCK CENTRE TRANSMISSIBILITIES TO BE CALCULATED                
 @           USING  OLDTRAN                                                  

 @--  ERROR  AT TIME        0.0   DAYS    ( 1-JAN-1990):
 @           INSUFFICIENT DATA TO COMPUTE PORE VOLUMES                       
 @           PORE VOLUMES WILL BE SET TO ZERO                                

 @--  ERROR  AT TIME        0.0   DAYS    ( 1-JAN-1990):
 @           INSUFFICIENT DATA TO COMPUTE CELL CENTRE DEPTHS                 

 @--  ERROR  AT TIME        0.0   DAYS    ( 1-JAN-1990):
 @           INSUFFICIENT DATA TO COMPUTE X TRANSMISSIBILITIES               

 @--  ERROR  AT TIME        0.0   DAYS    ( 1-JAN-1990):
 @           INSUFFICIENT DATA TO COMPUTE Y TRANSMISSIBILITIES               

 @--  ERROR  AT TIME        0.0   DAYS    ( 1-JAN-1990):
 @           INSUFFICIENT DATA TO COMPUTE Z TRANSMISSIBILITIES               

 @--COMMENT  AT TIME        0.0   DAYS    ( 1-JAN-1990):
 @           NO NON-NEIGHBOUR CONNECTIONS FOUND                              

 @--MESSAGE  AT TIME        0.0   DAYS    ( 1-JAN-1990):
 @           NUMBER OF ACTIVE CELLS IS 0                                     

 @--  ERROR  AT TIME        0.0   DAYS    ( 1-JAN-1990):
 @           THERE ARE NO ACTIVE CELLS IN THE RESERVOIR                      

 Error summary 
 Comments               1
 Warnings               3
 Problems               0
 Errors                 9
 Bugs                   0
 Final cpu       0.03 elapsed       1.00
=======



 $$$$$   $$$   $      $$$  $$$$    $$$   $$$$$     $    $$$    $$$ 
 $      $   $  $       $   $   $  $   $  $        $$   $   $  $   $
 $      $      $       $   $   $  $      $         $   $   $  $   $
 $$$$   $      $       $   $$$$    $$$   $$$$      $   $   $  $   $
 $      $      $       $   $          $  $         $   $   $  $   $
 $      $   $  $       $   $      $   $  $         $   $   $  $   $
 $$$$$   $$$   $$$$$  $$$  $       $$$   $$$$$    $$$   $$$    $$$ 



                       $$$$$   $$$   $      $$$  $$$$    $$$   $$$$$     $    $$$    $$$ 
                       $      $   $  $       $   $   $  $   $  $        $$   $   $  $   $
                       $      $      $       $   $   $  $      $         $   $   $  $   $
                       $$$$   $      $       $   $$$$    $$$   $$$$      $   $   $  $   $
                       $      $      $       $   $          $  $         $   $   $  $   $
                       $      $   $  $       $   $      $   $  $         $   $   $  $   $
                       $$$$$   $$$   $$$$$  $$$  $       $$$   $$$$$    $$$   $$$    $$$ 



                                             $$$$$   $$$   $      $$$  $$$$    $$$   $$$$$     $    $$$    $$$ 
                                             $      $   $  $       $   $   $  $   $  $        $$   $   $  $   $
                                             $      $      $       $   $   $  $      $         $   $   $  $   $
                                             $$$$   $      $       $   $$$$    $$$   $$$$      $   $   $  $   $
                                             $      $      $       $   $          $  $         $   $   $  $   $
                                             $      $   $  $       $   $      $   $  $         $   $   $  $   $
                                             $$$$$   $$$   $$$$$  $$$  $       $$$   $$$$$    $$$   $$$    $$$ 



                                                                   $$$$$   $$$   $      $$$  $$$$    $$$   $$$$$     $    $$$    $$$ 
                                                                   $      $   $  $       $   $   $  $   $  $        $$   $   $  $   $
                                                                   $      $      $       $   $   $  $      $         $   $   $  $   $
                                                                   $$$$   $      $       $   $$$$    $$$   $$$$      $   $   $  $   $
                                                                   $      $      $       $   $          $  $         $   $   $  $   $
                                                                   $      $   $  $       $   $      $   $  $         $   $   $  $   $
                                                                   $$$$$   $$$   $$$$$  $$$  $       $$$   $$$$$    $$$   $$$    $$$ 
 
 Version =  2009.1
 Arch    =  PC WINDOWS (32 bit)
Annex    | Modification date    | Update date          | baseline             
=====    | =================    | ===========          | ========             
ECLIPSE  | 27-APR-2009 16:22:47 | 27-APR-2009 19:37:10 | S:\2009.1_w18i
system   | 22-APR-2009 14:52:01 | 25-APR-2009 05:27:35 | S:\2009.1_w18
utility  | 17-FEB-2009 08:34:11 | 25-APR-2009 05:40:00 | S:\2009.1_w18
 

1

 ******** ECHO OF INPUT DATA FOR RUN EXPORT_OIL

 0: --======================================================================
 0: --======================================================================
 0: --2003A TEST CASE: EXPORT TABLES. SUCH TABLES WILL BE WRITTEN TO THE
 0: --                 PRINT FILE WHEN:
 0: --
 0: --                 1/ A SEPARATOR IS DEFINED WITH THE GAS FROM AN
 0: --                    INTERMEDIATE STAGE BEING USED AS PART OR ALL OF
 0: --                    THE FEED TO A SUBSEQUENT STAGE (BY DEFAULT GAS IS
 0: --                    ACCUMULATED IN THE STOCK TANK)
 0: --                 2/ THIS SEPARATOR STAGE GAS IS USED AS A SOURCE OF
 0: --                    RE-INJECTION GAS
 0: --
 0: --                 THE EXPORT OIL IS LESS THAN THE PRODUCED OIL (FROM
 0: --                 THE FORMATION) BY THE OIL VAPOUR CONTAINED IN THE
 0: --                 RE-INJECTED GAS THAT WOULD OTHERWISE BE SEPARATED
 0: --                 OUT. EXPORT NGL RATES ARE ALSO REPORTED IF NEEDED.
 0: --
 0: --                 NEW FEATURES IN ACTIONW ARE ALSO DEMONSTRATED.
 0: --
 0: --======================================================================
 0: --======================================================================
 0: 
 0: --2007.1: NOTE, CHANGE OF SYNTAX REGARDING COMPONENT NUMBERS IN ACTION
 0: --        BLOCKS, WXMF1 BECOMES WXMF_1
 0: 
 0: --======================================================================
 0: RUNSPEC
 0: --======================================================================
 0: 
 0: TITLE
 0: Example of a non-default separator stage gas routing and consequences
 0: 
 0: FIELD
 0: 
 0: OIL
 0: WATER
 0: GAS
 0: 
 0: COMPS
 0: 6 /
 0: 
 0: TABDIMS
 0: 1 1 40 40 /
 0: 
 0: GPTDIMS
 0: 2 3 /
 0: 
 0: DIMENS
 0: 7 7 3 /
 0: 
 0: EQLDIMS
 0: 1 20 /
 0: 
 0: WELLDIMS
 0: 4 /
 0: 
 0: START
 0: 1 Jan 1990 /
 0: 
 0: --======================================================================
 0: GRID
 0: --======================================================================
 0: 
 0: INIT
 0: 
 0: DXV
 0: 7*500 /
 0: 
 0: DYV
 0: 7*500 /
 0: 
 0: DZV
 0: 20 30 50 /
 0: 
 0: TOPS
 0: 49*8325 49*8345 49*8375 /
 0: 
 0: PORO
 0: 147*0.3  /
 0: 
 0: PERMX
 0: 49*500 49*50 49*200 /
 0: 
 0: PERMY
 0: 49*500 49*50 49*200 /
 0: 
 0: PERMZ
 0: 49*50 49*50 49*25 /
 0: 
 0: --======================================================================
 0: PROPS
 0: --======================================================================
 0: 
 0: EOS
 0: PR /
 0: 
 0: PRCORR
 0: 
 0: RTEMP
 0: 160 /
 0: 
 0: STCOND
 0: 60 14.7 /
 0: 
 0: CNAMES
 0: C1
 0: C3
 0: C6
 0: C10
 0: C15
 0: C20
 0: /
 0: 
 0: TCRIT
 0:  343.0
 0:  665.7
 0:  913.4
 0: 1111.8
 0: 1270.0
 0: 1380.0
 0: /
 0: 
 0: PCRIT
 0: 667.8
 0: 616.3
 0: 436.9
 0: 304.0
 0: 200.0
 0: 162.0
 0: /
 0: 
 0: ZCRIT
 0: 0.290
 0: 0.277
 0: 0.264
 0: 0.257
 0: 0.245
 0: 0.235
 0: /
 0: 
 0: MW
 0:  16.04
 0:  44.10
 0:  86.18
 0: 149.29
 0: 206.00
 0: 282.00
 0: /
 0: 
 0: ACF
 0: 0.013
 0: 0.1524
 0: 0.3007
 0: 0.4885
 0: 0.6500
 0: 0.8500
 0: /
 0: 
 0: BIC
 0:    0.0
 0:    0.0    0.0
 0:    0.0    0.0    0.0
 0:    0.05   0.005  0.0     0.0
 0:    0.05   0.005  0.0     0.0     0.0 /
 0: 
 0: STONE
 0: 
 0: SWFN
 0:     0.2    0      45.0
 0:     0.2899 0.0022 19.03
 0:     0.3778 0.0180 10.07
 0:     0.4667 0.0607  4.90
 0:     0.5556 0.1438  1.8
 0:     0.6444 0.2809  0.5
 0:     0.7000 0.4089  0.05
 0:     0.7333 0.4855  0.01
 0:     0.8222 0.7709  0.0
 0:     0.9111 1.0000  0.0
 0:     1.00   1.0000  0.0 /
 0: 
 0: SGFN
 0:     0.00   0.000   0.0
 0:     0.05   0.000   0.0
 0:     0.0889 0.001   0.0
 0:     0.1778 0.010   0.0
 0:     0.2667 0.030   0.001
 0:     0.3556 0.05    0.001
 0:     0.4444 0.10    0.03
 0:     0.5333 0.20    0.8
 0:     0.6222 0.35    3.0
 0:     0.65   0.39    4.0
 0:     0.7111 0.56    8.0
 0:     0.80   1.0    30.0
 0: /
 0: 
 0: SOF3
 0:     0.00   0.0     0.0
 0:     0.0889 0.0     0.0
 0:     0.1500 0.0     0.0
 0:     0.1778 0.0     0.0110
 0:     0.2667 0.0     0.0370
 0:     0.3    0.0     0.0560
 0:     0.3556 0.0123  0.0878
 0:     0.4444 0.0835  0.1715
 0:     0.5333 0.2178  0.2963
 0:     0.6222 0.4153  0.4705
 0:     0.7111 0.6769  0.7023
 0:     0.80   1.0     1.0    /
 0: 
 0: ROCKTAB
 0:  1000.0 1.0   1.0
 0:  2000.0 1.005 1.0
 0:  3000.0 1.010 1.0
 0:  4000.0 1.015 1.0
 0:  5000.0 1.020 1.0
 0:  6000.0 1.025 1.0
 0:  7000.0 1.030 1.0
 0:  8000.0 1.035 1.0
 0:  9000.0 1.040 1.0
 0: 10000.0 1.045 1.0 /
 0: 
 0: WATERTAB
 0:  1000.0     1.0099 0.70
 0:  4000.0     1.0000 0.70
 0:  9000.0     0.9835 0.70 /
 0: 
 0: --Specify initial liquid composition
 0: 
 0: ZMFVD
 0: 1000.0  0.5 0.03 0.07 0.2 0.15 0.05
 0: 10000.0 0.5 0.03 0.07 0.2 0.15 0.05 /
 0: 
 0: --Surface densities : only the water value is used
 0: 
 0: DENSITY
 0: 1* 62.4 1* /
 0: 
 0: --======================================================================
 0: SOLUTION
 0: --======================================================================
 0: 
 0: GPTABLEN
 0: 1 6 6
 0:    0.0  0.00  0.00 0.00033  0.90  0.99  1.0
 0:         0.01  0.01 0.85000  0.09  0.01  0.0
 0:    0.2  0.00  0.00 0.00034  0.90  0.99  1.0
 0:         0.01  0.01 0.85000  0.09  0.01  0.0
 0: /
 0: 
 0: --Request initial state solution output
 0: 
 0: RPTSOL
 0: PRESSURE SOIL SWAT SGAS PSAT /
 0: 

 @--WARNING  AT TIME        0.0   DAYS    ( 1-JAN-   0):
 @           UNRECOGNISED MNEMONIC PSAT             IN DATA                  
 @           FOR KEYWORD RPTSOL   IS IGNORED                                 
 0: EQUIL
 0: 8400 4000 9000 0 7000 0 1 1 0  /
 0: 
 0: --======================================================================
 0: SUMMARY
 0: --======================================================================
 0: 
 0: RUNSUM
 0: 
 0: -- REQUEST FIELD PRODUCED (FORMATION) GAS RATE
 0: 
 0: FGPR
 0: 
 0: -- REQUEST FIELD RE-INJECTED GAS RATE
 0: 
 0: FRGR
 0: 
 0: -- REQUEST FIELD EXPORT GAS RATE
 0: 
 0: FEGR
 0: 
 0: -- REQUEST FIELD PRODUCED (FORMATION) OIL RATE
 0: 
 0: FOPR
 0: 
 0: -- REQUEST FIELD EXPORT OIL RATE
 0: 
 0: FEOR
 0: 
 0: -- REQUEST FIELD PRODUCED (FORMATION) NGL RATE
 0: 
 0: FNPR
 0: 
 0: -- REQUEST FIELD EXPORT NGL RATE
 0: 
 0: FENR
 0: 
 0: -- NOTES
 0: --
 0: -- 1/ DIFFERENCE BETWEEN NGL EXPORT AND PRODUCTION RATES IS GREATER THAN
 0: --    THAT FOR OIL BECAUSE MORE NGL IS 'CARRIED' IN THE RE-INJECTED GAS.
 0: -- 2/ UNLIKE DEFAULT CONFIGURATION SEPARATORS (GAS ACCUMULATED IN STOCK TANK)
 0: --    PRODUCED GAS DOES NOT EQUAL RE-INJECTED + EXPORT GAS - GAS ACCOUNTING
 0: --    IS NOT NOW ADDITIVE BECAUSE A SOME POINT STAGE GAS IS PASSED THROUGH
 0: --    A SUBSEQUENT STAGE.
 0: 
 0: WXMF
 0: P1 2 /
 0: /
 0: 
 0: WYMF
 0: P1 2 /
 0: /
 0: 
 0: WZMF
 0: P1 2 /
 0: /
 0: 
 0: --======================================================================
 0: RPTONLY
 0: SCHEDULE
 0: --======================================================================
 0: 
 0: -- EXTRA WELL INFORMATION TO BE REPORTED TO THE PRINT FILE
 0: 
 0: RPTPRINT
 0: 5* 2 /
 0: 
 0: -- THE GAS FROM STAGES 1 AND 2 OF THE SEPARATOR IS FEED INTO STAGE 3
 0: -- TOGETHER WITH THE OIL FROM STAGE 2
 0: 
 0: SEPCOND
 0: SEP1 FIELD 1 200 50 2 3 /
 0: SEP1 FIELD 2 100 25 3 3 /
 0: SEP1 FIELD 3 75  20 4 0 1* 1 /
 0: SEP1 FIELD 4 60  15 /
 0: /
 0: 
 0: -- DEFINE WELLS AND CONNECTIONS
 0: 
 0: WELSPECS
 0: I1 FIELD  1  1 7015.0 GAS /
 0: P1 FIELD  7  7 7015.0 GAS /
 0: /
 0: 
 0: COMPDAT
 0: I1  2*  1  1  1* 1         /
 0: P1  2*  1  1  1* 1 1* 0.01 /
 0: /
 0: 
 0: -- FIELD CONTROL TARGET IS 2000 MSCF/DAY OF STOCK TANK GAS
 0: 
 0: GRUPPROD
 0: FIELD GAS 2* 2000 /
 0: /
 0: 
 0: -- SOURCE OF GAS FOR RE-INJECTION FOR THE FIELD IS STAGE 1 GAS
 0: 
 0: GINJGAS
 0: FIELD GV FIELD 1* 1 /
 0: /
 0: 
 0: -- FIELD RE-INJECTS HALF OF THIS STAGE 1 GAS
 0: 
 0: GCONINJE
 0: FIELD GAS REIN 5000 1* 0.5 /
 0: /
 0: 
 0: -- WELLS ARE UNDER GROUP CONTROL
 0: 
 0: WCONINJE
 0: I1 GAS 1* GRUP /
 0: /
 0: 
 0: WCONPROD
 0: P1 1* GRUP /
 0: /
 0: 
 0: TSTEP
 0: 100 /
 0: 
 0: -- A SIMPLE EXAMPLE OF TRIGGERING AN INCREASE IN THE FIELD'S PRODUCTION
 0: -- RATE SHOULD THE VAPOUR MOLE FRACTION OF COMPONENT 2 OF THE FLUID
 0: -- PRODUCED BY WELL P1 EXCEED 0.05
 0: 
 0: -------------------------
 0: -- PRE 2007.1 SYNTAX
 0: -------------------------
 0: -- ACTIONW
 0: -- VAPMF P1 WYMF2 > 0.05  /
 0: --
 0: -- GRUPPROD
 0: -- FIELD GAS 2* 3000 /
 0: -- /
 0: --
 0: -- ENDACTIO
 0: --------------------------
 0: 
 0: ACTIONW
 0: VAPMF P1 WYMF_2 > 0.05  /
 0: 
 0: GRUPPROD
 0: FIELD GAS 2* 3000 /
 0: /
 0: 
 0: ENDACTIO
 0: 
 0: 
 0: TSTEP
 0: 100 /
 0: 
 0: 
 0: END
 0: 

 ******** END OF INPUT DATA FOR RUN EXPORT_OIL
     1 READING RUNSPEC 
     2 READING TITLE   
     3 READING FIELD   
     4 READING OIL     
     5 READING WATER   
     6 READING GAS     
     7 READING COMPS   

 @--  ERROR  AT TIME        0.0   DAYS    ( 1-JAN-   0):
 @           UNRECOGNISED KEYWORD COMPS    IN RUNSPEC DATA                   

 @--WARNING  AT TIME        0.0   DAYS    ( 1-JAN-   0):
 @           SPURIOUS DATA BEFORE TABDIMS  KEYWORD                           
 @           6 /                                                             
     8 READING TABDIMS 
     9 READING GPTDIMS 

 @--  ERROR  AT TIME        0.0   DAYS    ( 1-JAN-   0):
 @           UNRECOGNISED KEYWORD GPTDIMS  IN RUNSPEC DATA                   

 @--WARNING  AT TIME        0.0   DAYS    ( 1-JAN-   0):
 @           SPURIOUS DATA BEFORE DIMENS   KEYWORD                           
 @           2 3 /                                                           
    10 READING DIMENS  
    11 READING EQLDIMS 
    12 READING WELLDIMS
    13 READING START   
    14 READING GRID    

 @--MESSAGE  AT TIME        0.0   DAYS    ( 1-JAN-1990):
 @           CHECKING FOR LICENSES                                           

 @--MESSAGE  AT TIME        0.0   DAYS    ( 1-JAN-1990):
 @           THE MEMORY REQUIRED TO PROCESS THE GRID SECTION IS              
 @                63828 BYTES                                                
    16 READING INIT    
    17 READING DXV     
    18 READING DYV     
    19 READING DZV     

 @--  ERROR  AT TIME        0.0   DAYS    ( 1-JAN-1990):
 @           UNRECOGNISED KEYWORD DZV      IN GRID DATA                      

 @--WARNING  AT TIME        0.0   DAYS    ( 1-JAN-1990):
 @           SPURIOUS DATA BEFORE TOPS     KEYWORD                           
 @           20 30 50 /                                                      
    20 READING TOPS    
    21 READING PORO    
    22 READING PERMX   
    23 READING PERMY   
    24 READING PERMZ   
    25 READING PROPS   

 @--MESSAGE  AT TIME        0.0   DAYS    ( 1-JAN-1990):
 @           NEITHER OLDTRAN,OLDTRANR NOR NEWTRAN SPECIFIED                  
 @           BLOCK CENTRE TRANSMISSIBILITIES TO BE CALCULATED                
 @           USING  OLDTRAN                                                  

 @--  ERROR  AT TIME        0.0   DAYS    ( 1-JAN-1990):
 @           INSUFFICIENT DATA TO COMPUTE PORE VOLUMES                       
 @           PORE VOLUMES WILL BE SET TO ZERO                                

 @--  ERROR  AT TIME        0.0   DAYS    ( 1-JAN-1990):
 @           INSUFFICIENT DATA TO COMPUTE CELL CENTRE DEPTHS                 

 @--  ERROR  AT TIME        0.0   DAYS    ( 1-JAN-1990):
 @           INSUFFICIENT DATA TO COMPUTE X TRANSMISSIBILITIES               

 @--  ERROR  AT TIME        0.0   DAYS    ( 1-JAN-1990):
 @           INSUFFICIENT DATA TO COMPUTE Y TRANSMISSIBILITIES               

 @--  ERROR  AT TIME        0.0   DAYS    ( 1-JAN-1990):
 @           INSUFFICIENT DATA TO COMPUTE Z TRANSMISSIBILITIES               

 @--COMMENT  AT TIME        0.0   DAYS    ( 1-JAN-1990):
 @           NO NON-NEIGHBOUR CONNECTIONS FOUND                              

 @--MESSAGE  AT TIME        0.0   DAYS    ( 1-JAN-1990):
 @           NUMBER OF ACTIVE CELLS IS 0                                     

 @--  ERROR  AT TIME        0.0   DAYS    ( 1-JAN-1990):
 @           THERE ARE NO ACTIVE CELLS IN THE RESERVOIR                      

 Error summary 
 Comments               1
 Warnings               3
 Problems               0
 Errors                 9
 Bugs                   0
 Final cpu       0.00 elapsed       0.00
>>>>>>> origin/master
