


 $$$$$   $$$   $      $$$  $$$$    $$$   $$$$$     $    $$$    $$$ 
 $      $   $  $       $   $   $  $   $  $        $$   $   $  $   $
 $      $      $       $   $   $  $      $         $   $   $  $   $
 $$$$   $      $       $   $$$$    $$$   $$$$      $   $   $  $   $
 $      $      $       $   $          $  $         $   $   $  $   $
 $      $   $  $       $   $      $   $  $         $   $   $  $   $
 $$$$$   $$$   $$$$$  $$$  $       $$$   $$$$$    $$$   $$$    $$$ 



                       $$$$$   $$$   $      $$$  $$$$    $$$   $$$$$     $    $$$    $$$ 
                       $      $   $  $       $   $   $  $   $  $        $$   $   $  $   $
                       $      $      $       $   $   $  $      $         $   $   $  $   $
                       $$$$   $      $       $   $$$$    $$$   $$$$      $   $   $  $   $
                       $      $      $       $   $          $  $         $   $   $  $   $
                       $      $   $  $       $   $      $   $  $         $   $   $  $   $
                       $$$$$   $$$   $$$$$  $$$  $       $$$   $$$$$    $$$   $$$    $$$ 



                                             $$$$$   $$$   $      $$$  $$$$    $$$   $$$$$     $    $$$    $$$ 
                                             $      $   $  $       $   $   $  $   $  $        $$   $   $  $   $
                                             $      $      $       $   $   $  $      $         $   $   $  $   $
                                             $$$$   $      $       $   $$$$    $$$   $$$$      $   $   $  $   $
                                             $      $      $       $   $          $  $         $   $   $  $   $
                                             $      $   $  $       $   $      $   $  $         $   $   $  $   $
                                             $$$$$   $$$   $$$$$  $$$  $       $$$   $$$$$    $$$   $$$    $$$ 



                                                                   $$$$$   $$$   $      $$$  $$$$    $$$   $$$$$     $    $$$    $$$ 
                                                                   $      $   $  $       $   $   $  $   $  $        $$   $   $  $   $
                                                                   $      $      $       $   $   $  $      $         $   $   $  $   $
                                                                   $$$$   $      $       $   $$$$    $$$   $$$$      $   $   $  $   $
                                                                   $      $      $       $   $          $  $         $   $   $  $   $
                                                                   $      $   $  $       $   $      $   $  $         $   $   $  $   $
                                                                   $$$$$   $$$   $$$$$  $$$  $       $$$   $$$$$    $$$   $$$    $$$ 
 
 Version =  2009.1
 Arch    =  PC WINDOWS (32 bit)
Annex    | Modification date    | Update date          | baseline             
=====    | =================    | ===========          | ========             
ECLIPSE  | 27-APR-2009 16:22:47 | 27-APR-2009 19:37:10 | S:\2009.1_w18i
system   | 22-APR-2009 14:52:01 | 25-APR-2009 05:27:35 | S:\2009.1_w18
utility  | 17-FEB-2009 08:34:11 | 25-APR-2009 05:40:00 | S:\2009.1_w18
 

1

 ******** ECHO OF INPUT DATA FOR RUN GASFIELDOPCOMP

 0: --======================================================================
 0: --======================================================================
 0: --2002A TEST CASE 2: GAS FIELD OPERATIONS: ANNUAL SCHEDULING FILE,
 0: --                   DRILLING QUEUE ISSUES AND NON-YEARLY CONTRACTS
 0: --======================================================================
 0: --======================================================================
 0: --- Keywords GASBEGIN and GASEND to start and end a set of keywords for annual scheduling file
 0: --- Keyword GASPERIO to advance the simulator over n gas field contract periods
 0: --- Keyword GASMONTH to set month pointer in annual scheduling file
 0: 
 0: --======================================================================
 0: RUNSPEC ================================================================
 0: --======================================================================
 0: 
 0: IMPES
 0: 
 0: TITLE
 0: Example of GAS FIELD OPERATIONS
 0: 
 0: FIELD
 0: 
 0: OIL
 0: WATER
 0: GAS
 0: 
 0: COMPS
 0: 10 /
 0: 
 0: TABDIMS
 0: 1 1 40 40 3 /
 0: 
 0: GPTDIMS
 0: 2 3 /
 0: 
 0: DIMENS
 0: 9 9 3 /
 0: 
 0: EQLDIMS
 0: 1 20 /
 0: 
 0: WELLDIMS
 0: 14  3  7  6 /
 0: 
 0: START
 0: 1 JUN 1990 /
 0: 
 0: VFPPDIMS
 0: 10 3 3 2 2 1 /
 0: 
 0: VFPIDIMS
 0: 7 3 1 /
 0: 
 0: --======================================================================
 0: GRID    ================================================================
 0: --======================================================================
 0: 
 0: EQUALS
 0: DX     1000    /
 0: DY     1000    /
 0: DZ     20      /
 0: PERMX  300     /
 0: PERMY  300     /
 0: PERMZ  30      /
 0: PORO   0.33    /
 0: TOPS   7000      1  9  1  1  1  1   /
 0: TOPS   7020      1  9  2  2  1  1   /
 0: TOPS   7040      1  9  3  3  1  1   /
 0: TOPS   7060      1  9  4  4  1  1   /
 0: TOPS   7080      1  9  5  5  1  1   /
 0: TOPS   7100      1  9  6  6  1  1   /
 0: TOPS   7120      1  9  7  7  1  1   /
 0: TOPS   7140      1  9  8  8  1  1   /
 0: TOPS   7160      1  9  9  9  1  1   /
 0: /
 0: 
 0: RPTGRID
 0: LIMITS /
 0: 
 0: EDIT
 0: 
 0: -- Using TRANX we set up two vertical impermeable barriers, dividing
 0: -- the field into three isolated segments.
 0: 
 0: BOX
 0: 3  3  1  9  1  3  /
 0: 
 0: TRANX
 0: 27*0.0 /
 0: 
 0: ENDBOX
 0: 
 0: BOX
 0: 6  6  1  9  1  3  /
 0: 
 0: TRANX
 0: 27*0.0 /
 0: 
 0: ENDBOX
 0: 
 0: BOX
 0: 3  3  1  1  1  1  /
 0: 
 0: TRANY
 0: 0.0 /
 0: 
 0: TRANZ
 0: 0.0 /
 0: 
 0: DEPTH
 0: 7001 /
 0: 
 0: ENDBOX
 0: 
 0: BOUNDARY
 0: 1 6  1 9  1 3 /
 0: 
 0: --======================================================================
 0: PROPS    ===============================================================
 0: --======================================================================
 0: 
 0: SWFN
 0:   0.22  0     7
 0:   0.3   0.07  4
 0:   0.4   0.15  3
 0:   0.5   0.24  2.5
 0:   0.6   0.33  2
 0:   0.8   0.65  1
 0:   0.9   0.83  0.5
 0:   1     1     0      /
 0: 
 0: SGFN
 0:   0     0       0
 0:   0.04  0       0.2
 0:   0.1   0.022   0.5
 0:   0.2   0.1     1
 0:   0.3   0.24    1.5
 0:   0.4   0.34    2
 0:   0.5   0.42    2.5
 0:   0.6   0.5     3
 0:   0.7   0.8125  3.5
 0:   0.78  1       3.9    /
 0: 
 0: SOF3
 0: 0        0         0
 0: 0.15     0         0
 0: 0.38     0.00432   0
 0: 0.4      0.0048    0.004
 0: 0.48     0.05288   0.02
 0: 0.5      0.0649    0.036
 0: 0.58     0.11298   0.1
 0: 0.6      0.125     0.146
 0: 0.68     0.345     0.33
 0: 0.7      0.4       0.42
 0: 0.74     0.7       0.6
 0: 0.78     1         1          /
 0: 
 0: PVTW
 0: 3000  1.00341  3.0D-6  0.96  0  /
 0: 
 0: ROCK
 0: 3600    4.0D-6   /
 0: 
 0: DENSITY
 0: 1* 63.02 1* /
 0: 
 0: EOS
 0: PR /
 0: 
 0: RTEMP
 0: 284 /
 0: 
 0: STCOND
 0: 60 14.7 /
 0: 
 0: CNAMES
 0: N2     CO2    C1    HC23  HC46   C8     HC13   HC18   HC26   HC43 /
 0: 
 0: TCRIT
 0: 227.16 547.56 335.8 608.4 820.8 1035.0 1198.8 1323.0 1452.6 1645.2  /
 0: 
 0: PCRIT
 0: 492.3  1071.3 670.1 650.0 504.25 441.1  327.8 237.8 174.0 147.4   /
 0: 
 0: ZCRIT
 0: 0.2908 0.2740 0.2881 0.2760 0.2653 0.3086 0.3224 0.3225 0.3224 0.3224 /
 0: 
 0: MW
 0: 28.02 44.01  16.04  35.88  67.98 110.14 173.11 248.85 361.77 600.98 /
 0: 
 0: ACF
 0: 0.040 0.225 0.0080 0.1255 0.2325 0.4210 0.7174 0.9849 1.2737 1.6704 /
 0: 
 0: ACFS
 0: 0.04  0.22  0.01   0.12   0.23   0.42   0.71   0.98   1.27   1.67   /
 0: 
 0: BIC
 0:    0.0
 0:    0.02  0.12
 0:    0.06  0.15   0.0
 0:    0.08  0.15 2*0.0
 0:    0.08  0.15 3*0.0
 0:    0.08  0.15 4*0.0
 0:    0.08  0.15 5*0.0
 0:    0.08  0.15 6*0.0
 0:    0.08  0.15 7*0.0 /
 0: 
 0: BICS
 0:    0.0
 0:    0.02  0.12
 0:    0.06  0.15   0.0
 0:    0.08  0.15 2*0.0
 0:    0.08  0.15 3*0.0
 0:    0.08  0.18 4*0.0
 0:    0.09  0.20 5*0.0
 0:    0.09  0.20 6*0.0
 0:    0.09  0.20 7*0.0 /
 0: 
 0: ZMFVD
 0:   100.0 0.0069 0.0314 0.5280 0.1515 0.0703
 0:         0.0867 0.0529 0.0340 0.0238 0.0145
 0: 10000.0 0.0069 0.0314 0.5280 0.1515 0.0703
 0:         0.0867 0.0529 0.0340 0.0238 0.0145  /
 0: 
 0: --======================================================================
 0: REGIONS  ===============================================================
 0: --======================================================================
 0: --         There are three fluid-in-place regions, separated by the
 0: --         two vertical barriers.
 0: --         -----------------------------------------------------------
 0: 
 0: --    ARRAY    VALUE     ------ BOX ------
 0: 
 0: EQUALS
 0: FIPNUM   1     1  3  1  9  1  3   /
 0: FIPNUM   2     4  6  1  9  1  3   /
 0: FIPNUM   3     7  9  1  9  1  3   /
 0: /
 0: 
 0: -- PRINT FIPNUM ARRAY
 0: 
 0: RPTREGN
 0: FIPNUM /
 0: 
 0: --======================================================================
 0: SOLUTION   =============================================================
 0: --======================================================================
 0: --          This section defines the initial conditions in the field.
 0: --          ------------------------------------------------------------
 0: 
 0: -- SET THE EQUILIBRATION DATA
 0: --
 0: --   DATUM  DATUM   OWC    OWC    GOC    GOC   RSVD   RVVD   SOLN
 0: --   DEPTH  PRESS  DEPTH   PCOW  DEPTH   PCOG  TABLE  TABLE  METH  CEO
 0: 
 0: EQUIL
 0:      7010   3000   9000    0.0   7010    0     1      1       0    3 /
 0: 
 0: -- SWITCH ON OUTPUT OF INITIAL CONDITIONS
 0: 
 0: RPTSOL
 0: PRESSURE SOIL SWAT /
 0: 
 0: --======================================================================
 0: SUMMARY   ==============================================================
 0: --======================================================================
 0: 
 0: FGPR
 0: 
 0: FGDC
 0: 
 0: RUNSUM
 0: 
 0: --======================================================================
 0: RPTONLY
 0: SCHEDULE  ==============================================================
 0: --======================================================================
 0: 
 0: -------------------------------
 0: --PRODUCTION WELL VFP TABLE   1
 0: -------------------------------
 0: 
 0: VFPPROD
 0:    1     8300.0     'GAS'    'WCT'    'GOR'   /
 0:   3.00000E+03  4.00000E+03
 0:   5.00000E+03  6.00000E+03
 0:   7.00000E+03  8.00000E+03
 0:   9.00000E+03  1.00000E+04
 0:   2.00000E+04  4.00000E+04 / --Flow values
 0:   50           110          170         / --Thp values
 0:   0.0          0.4          0.8         / --WCT value
 0:   1            100                      / --GOR values
 0:   0            50                       / --ALQ values
 0:   1   1   1   1  1.78866E+02  1.80582E+02  1.83249E+02  1.86839E+02
 0:                  1.91336E+02  1.96732E+02  2.03021E+02  2.10199E+02
 0:                  2.18265E+02  2.27215E+02
 0:                /
 0:   2   1   1   1  2.29199E+02  2.30918E+02  2.33590E+02  2.37183E+02
 0:                  2.41682E+02  2.47080E+02  2.53370E+02  2.60549E+02
 0:                  2.68615E+02  2.77565E+02
 0:                /
 0:   3   1   1   1  2.99367E+02  3.01098E+02  3.03785E+02  3.07395E+02
 0:                  3.11912E+02  3.17329E+02  3.23638E+02  3.30837E+02
 0:                  3.38923E+02  3.47894E+02
 0:                /
 0: 
 0:   1   2   1   1  1.97733E+02  1.99491E+02  2.02244E+02  2.05967E+02
 0:                  2.10650E+02  2.16285E+02  2.22869E+02  2.30398E+02
 0:                  2.38870E+02  2.48284E+02
 0:                /
 0:   2   2   1   1  2.48085E+02  2.49845E+02  2.52599E+02  2.56323E+02
 0:                  2.61005E+02  2.66638E+02  2.73218E+02  2.80742E+02
 0:                  2.89208E+02  2.98615E+02
 0:                /
 0:   3   2   1   1  3.18392E+02  3.20159E+02  3.22921E+02  3.26653E+02
 0:                  3.31342E+02  3.36981E+02  3.43567E+02  3.51096E+02
 0:                  3.59566E+02  3.68976E+02
 0:                /
 0: 
 0:   1   3   1   1  2.17606E+02  2.19383E+02  2.22192E+02  2.26016E+02
 0:                  2.30847E+02  2.36682E+02  2.43516E+02  2.51347E+02
 0:                  2.60175E+02  2.69997E+02
 0:                 /
 0:   2   3   1   1  2.68004E+02  2.69779E+02  2.72585E+02  2.76405E+02
 0:                  2.81230E+02  2.87055E+02  2.93878E+02  3.01698E+02
 0:                  3.10511E+02  3.20316E+02
 0:                /
 0:   3   3   1   1  3.38499E+02  3.40274E+02  3.43078E+02  3.46893E+02
 0:                  3.51711E+02  3.57528E+02  3.64340E+02  3.72145E+02
 0:                  3.80942E+02  3.90730E+02
 0:                /
 0: 
 0:   1   1   2   1  1.43364E+02  1.44927E+02  1.50647E+02  1.58609E+02
 0:                  1.68051E+02  1.78642E+02  1.90116E+02  2.02450E+02
 0:                  2.15556E+02  2.29555E+02
 0:                /
 0:   2   1   2   1  2.13320E+02  2.15255E+02  2.18576E+02  2.23161E+02
 0:                  2.28956E+02  2.35984E+02  2.44196E+02  2.53577E+02
 0:                  2.64102E+02  2.75770E+02
 0:                /
 0:   3   1   2   1  2.85907E+02  2.87972E+02  2.91238E+02  2.95683E+02
 0:                  3.01299E+02  3.08078E+02  3.16019E+02  3.25116E+02
 0:                  3.35369E+02  3.46774E+02
 0:                /
 0: 
 0:   1   2   2   1  1.71513E+02  1.72243E+02  1.76212E+02  1.82135E+02
 0:                  1.89615E+02  1.98392E+02  2.08264E+02  2.19228E+02
 0:                  2.31177E+02  2.44080E+02
 0:                /
 0:   2   2   2   1  2.35462E+02  2.37335E+02  2.40474E+02  2.44796E+02
 0:                  2.50275E+02  2.56892E+02  2.64632E+02  2.73489E+02
 0:                  2.83464E+02  2.94551E+02
 0:                /
 0:   3   2   2   1  3.07417E+02  3.09378E+02  3.12485E+02  3.16720E+02
 0:                  3.22075E+02  3.28547E+02  3.36130E+02  3.44823E+02
 0:                  3.54623E+02  3.65529E+02
 0:                /
 0: 
 0:   1   3   2   1  2.06693E+02  2.07773E+02  2.10699E+02  2.15009E+02
 0:                  2.20574E+02  2.27309E+02  2.35180E+02  2.44152E+02
 0:                  2.54196E+02  2.65286E+02
 0:                /
 0:   2   3   2   1  2.62512E+02  2.64316E+02  2.67243E+02  2.71255E+02
 0:                  2.76340E+02  2.82491E+02  2.89705E+02  2.97977E+02
 0:                  3.07304E+02  3.17685E+02
 0:                /
 0:   3   3   2   1  3.33621E+02  3.35457E+02  3.38375E+02  3.42357E+02
 0:                  3.47400E+02  3.53498E+02  3.60648E+02  3.68849E+02
 0:                  3.78100E+02  3.88398E+02
 0:                /
 0: 
 0:   1   1   1   2  7.15354E+01  7.78776E+01  8.85665E+01  1.01404E+02
 0:                  1.17933E+02  1.37194E+02  1.59530E+02  1.85187E+02
 0:                  2.13318E+02  2.27215E+02
 0:                /
 0:   2   1   1   2  1.21757E+02  1.28099E+02  1.38800E+02  1.51636E+02
 0:                  1.68180E+02  1.87439E+02  2.09789E+02  2.35445E+02
 0:                  2.63588E+02  2.77565E+02
 0:                /
 0:   3   1   1   2  1.91845E+02  1.98196E+02  2.08916E+02  2.21764E+02
 0:                  2.38332E+02  2.57604E+02  2.79983E+02  3.05654E+02
 0:                  3.33827E+02  3.47894E+02
 0:                /
 0: 
 0:   1   2   1   2  7.66708E+01  8.32992E+01  9.48591E+01  1.08315E+02
 0:                  1.26204E+02  1.46419E+02  1.70606E+02  1.97545E+02
 0:                  2.28013E+02  2.48284E+02
 0:                /
 0:   2   2   1   2  1.26851E+02  1.33472E+02  1.45038E+02  1.58477E+02
 0:                  1.76372E+02  1.96561E+02  2.20752E+02  2.47655E+02
 0:                  2.78125E+02  2.98615E+02
 0:                /
 0:   3   2   1   2  1.96959E+02  2.03575E+02  2.15151E+02  2.28575E+02
 0:                  2.46481E+02  2.66644E+02  2.90846E+02  3.17711E+02
 0:                  3.48190E+02  3.68976E+02
 0:                /
 0: 
 0:   1   3   1   2  8.20440E+01  8.88821E+01  1.01278E+02  1.15210E+02
 0:                  1.34411E+02  1.55371E+02  1.81346E+02  2.09283E+02
 0:                  2.42008E+02  2.69997E+02
 0:                 /
 0:   2   3   1   2  1.32176E+02  1.38996E+02  1.51390E+02  1.65284E+02
 0:                  1.84480E+02  2.05381E+02  2.31348E+02  2.59206E+02
 0:                  2.91919E+02  3.20316E+02
 0:                 /
 0:   3   3   1   2  2.02310E+02  2.09106E+02  2.21499E+02  2.35341E+02
 0:                  2.54532E+02  2.75354E+02  3.01312E+02  3.29062E+02
 0:                  3.61761E+02  3.90730E+02
 0:                /
 0: 
 0:   1   1   2   2  1.43364E+02  1.44927E+02  7.11495E+01  9.12117E+01
 0:                  1.15831E+02  1.43564E+02  1.76171E+02  2.02450E+02
 0:                  2.15556E+02  2.29555E+02
 0:                /
 0:   2   1   2   2  1.16926E+02  1.25304E+02  1.37341E+02  1.54774E+02
 0:                  1.75437E+02  1.99895E+02  2.29324E+02  2.53577E+02
 0:                  2.64102E+02  2.75770E+02
 0:                /
 0:   3   1   2   2  1.88751E+02  1.97237E+02  2.09269E+02  2.26540E+02
 0:                  2.46985E+02  2.71289E+02  3.00422E+02  3.25116E+02
 0:                  3.35369E+02  3.46774E+02
 0:                /
 0: 
 0:   1   2   2   2  5.88808E+01  6.58948E+01  7.94251E+01  9.79444E+01
 0:                  1.19326E+02  1.46284E+02  1.75753E+02  2.09604E+02
 0:                  2.31177E+02  2.44080E+02
 0:                /
 0:   2   2   2   2  1.23012E+02  1.30982E+02  1.43342E+02  1.59827E+02
 0:                  1.79128E+02  2.03943E+02  2.31283E+02  2.63168E+02
 0:                  2.83464E+02  2.94551E+02
 0:                /
 0:   3   2   2   2  1.94339E+02  2.02371E+02  2.14729E+02  2.31090E+02
 0:                  2.50314E+02  2.74938E+02  3.02062E+02  3.33848E+02
 0:                  3.54623E+02  3.65529E+02
 0:                /
 0: 
 0:   1   3   2   2  7.48221E+01  8.15275E+01  9.43262E+01  1.09822E+02
 0:                  1.29938E+02  1.53193E+02  1.80438E+02  2.11352E+02
 0:                  2.45599E+02  2.65286E+02
 0:                /
 0:   2   3   2   2  1.30512E+02  1.37833E+02  1.50484E+02  1.65507E+02
 0:                  1.85164E+02  2.07784E+02  2.34411E+02  2.64562E+02
 0:                  2.98131E+02  3.17685E+02
 0:                /
 0:   3   3   2   2  2.01115E+02  2.08439E+02  2.21090E+02  2.36030E+02
 0:                  2.55661E+02  2.78152E+02  3.04736E+02  3.34721E+02
 0:                  3.68233E+02  3.88398E+02
 0:                /
 0: 
 0: ---------------------------------------------
 0: -- Set controls on output at each report time
 0: ---------------------------------------------
 0: 
 0: RPTPRINT
 0: 1 1 1 1 1  1 1 1 0 0 /
 0: 
 0: SEPCOND
 0: SC ' ' 1 60 14.7 /
 0: /
 0: 
 0: ---------------
 0: --Specify wells
 0: ---------------
 0: 
 0: WELLSPEC
 0: PA1   GR-A1      3  2      1*    SC /
 0: PA2   GR-A1      1  3      1*    SC /
 0: PA3   GR-A1      2  4      1*    SC /
 0: PA4   GR-A2      2  7      1*    SC /
 0: PA5   GR-A2      1  6      1*    SC /
 0: PA6   GR-A2      3  5      1*    SC /
 0: PB1   GR-B2      5  4      1*    SC /
 0: /
 0: 
 0: ----------------------------------------------------------
 0: -- Set up the group tree structure.  PLAT-A as a platform.
 0: -- Well groups GR-A1 and GR-A2 are subordinate to PLAT-A.
 0: ----------------------------------------------------------
 0: 
 0: GRUPTREE
 0: GR-A1  PLAT-A  /
 0: GR-A2  PLAT-A  /
 0: /
 0: 
 0: ----------------------------------------------------------------------
 0: -- Set the well completion data, to specify the well connections.
 0: -- The producers are completed in layers 1 - 3 , the gas injectors in
 0: -- layer 1 only, and the water injectors in layers 2 and 3.  Each well
 0: -- is completed in one vertical column of grid blocks, so the
 0: -- connections have the I- and J- locations that were set in WELSPECS.
 0: ----------------------------------------------------------------------
 0: 
 0: WELLCOMP
 0: PA1    2*  1  3   0   0.333  /
 0: PA2    2*  1  3   0   0.333  /
 0: PA3    2*  1  3   0   0.333  /
 0: PA4    2*  1  3   0   0.333  /
 0: PA5    2*  1  3   0   0.333  /
 0: PA6    2*  1  3   0   0.333  /
 0: PB1    2*  1  3   0   0.333  /
 0: /
 0: 
 0: -------------------------------------------------------------------
 0: -- Set the control data for all the producers.
 0: -- All wells are initially placed under group control,
 0: -- with a maximum gas rate of 20,000 and a minimum BHP of 2000 psi.
 0: -------------------------------------------------------------------
 0: 
 0: WELLPROD
 0: --           Limits on
 0: --       Oil     Gas      BHP
 0: PA1  GR      2*  20000 1* 2000 1000 2* 1 /
 0: PA2  GR      2*  20000 1* 2000 1000 2* 1 /
 0: PA3  GR      2*  20000 1* 2000 1000 2* 1 /
 0: PA4  GR      2*  20000 1* 2000 1000 2* 1 /
 0: PA5  GR      2*  20000 1* 2000 1000 2* 1 /
 0: PA6  GR      2*  20000 1* 2000 1000 2* 1 /
 0: PB1  OIL 500 1*  20000 1* 2000 1000 2* 1 /
 0: /
 0: 
 0: --------------------------------
 0: -- Dummy group control statement
 0: --------------------------------
 0: 
 0: GRUPPROD
 0: FIELD    GAS 2*  1.0  /
 0: PLAT-A   GR /
 0: GR-A1    GR /
 0: GR-A2    GR /
 0: /
 0: 
 0: ---------------------------------------------------------------------------
 0: -- Shut some wells and assign (most of) them to a squential drilling queue.
 0: ---------------------------------------------------------------------------
 0: 
 0: WELLSHUT
 0: PA4 /
 0: PA5 /
 0: PA6 /
 0: PB1 /
 0: /
 0: 
 0: QDRILL
 0: PA4 PA5 PA6 /
 0: 
 0: -----------------------------------------------
 0: -- Assign swing and profile factor to the FIELD
 0: -----------------------------------------------
 0: 
 0: SWINGFAC
 0:   2*1.5000  3*1.0000       3*0.5000       3*1.0000       1.5000
 0:   2*0.7500  3*0.5000       3*0.1000       3*0.5000       0.7500
 0: /
 0: 
 0: ------------------------------------------------------------------------
 0: -- Between GASBEGIN and GASEND are the annual scheduling statements that
 0: -- will be cycled through during the contract period calculations (i.e.
 0: -- these keywords will not be acted upon during a normal simualtion)
 0: ------------------------------------------------------------------------
 0: 
 0: --------
 0: GASBEGIN
 0: --------
 0: 
 0: ---------------------------------------------------------------
 0: -- Force a report to be printed (in the second pass) on 1st Nov
 0: ---------------------------------------------------------------
 0: 
 0: GASMONTH
 0:  NOV Y /
 0: 
 0: ---------------------------------------------------------------
 0: -- Force a report to be printed (in the second pass) on 1st Mar
 0: ---------------------------------------------------------------
 0: 
 0: GASMONTH
 0:  MAR Y /
 0: 
 0: -------------------------------------------------------------------------
 0: -- From 1st Mar, until the end of the contract year (1st June ... i.e.
 0: -- when GFO simulation starts), all wells as reduced in efficiency be 50%
 0: -------------------------------------------------------------------------
 0: 
 0: WEFAC
 0: '*' 0.5 /
 0: /
 0: 
 0: ------
 0: GASEND
 0: ------
 0: 
 0: ---------------------------------------------------------------------------
 0: -- GFO simulation of 2 periods of 3 months each, with the initial FIELD DCQ
 0: -- of 60,000, no reporting at month start and a non-default conv tolerance.
 0: --
 0: -- Note that wells needed to be drilled in the first pass should be drilled
 0: -- at the same time in the second pass, even if they are not necessary
 0: ---------------------------------------------------------------------------
 0: 
 0: GASPERIO
 0: 2 3  60000  1* 'N' 3* 0.01 /
 0: 
 0: -------------------------------------------
 0: -- As above, but 3 periods of 2 months each
 0: -------------------------------------------
 0: 
 0: GASPERIO
 0: 3 2  60000  1* 'N' 3* 0.01 /
 0: 
 0: 
 0: END

 ******** END OF INPUT DATA FOR RUN GASFIELDOPCOMP
     1 READING RUNSPEC 
     2 READING IMPES   
     3 READING TITLE   
     4 READING FIELD   
     5 READING OIL     
     6 READING WATER   
     7 READING GAS     
     8 READING COMPS   

 @--  ERROR  AT TIME        0.0   DAYS    ( 1-JAN-   0):
 @           UNRECOGNISED KEYWORD COMPS    IN RUNSPEC DATA                   

 @--WARNING  AT TIME        0.0   DAYS    ( 1-JAN-   0):
 @           SPURIOUS DATA BEFORE TABDIMS  KEYWORD                           
 @           10 /                                                            
     9 READING TABDIMS 
    10 READING GPTDIMS 

 @--  ERROR  AT TIME        0.0   DAYS    ( 1-JAN-   0):
 @           UNRECOGNISED KEYWORD GPTDIMS  IN RUNSPEC DATA                   

 @--WARNING  AT TIME        0.0   DAYS    ( 1-JAN-   0):
 @           SPURIOUS DATA BEFORE DIMENS   KEYWORD                           
 @           2 3 /                                                           
    11 READING DIMENS  
    12 READING EQLDIMS 
    13 READING WELLDIMS
    14 READING START   
    15 READING VFPPDIMS
    16 READING VFPIDIMS
    17 READING GRID    

 @--MESSAGE  AT TIME        0.0   DAYS    ( 1-JUN-1990):
 @           CHECKING FOR LICENSES                                           

 @--MESSAGE  AT TIME        0.0   DAYS    ( 1-JUN-1990):
 @           THE MEMORY REQUIRED TO PROCESS THE GRID SECTION IS              
 @               119980 BYTES                                                
    19 READING EQUALS  
    20 READING RPTGRID 

 @--WARNING  AT TIME        0.0   DAYS    ( 1-JUN-1990):
 @           UNRECOGNISED MNEMONIC LIMITS           IN DATA                  
 @           FOR KEYWORD RPTGRID  IS IGNORED                                 
    21 READING EDIT    

 @--MESSAGE  AT TIME        0.0   DAYS    ( 1-JUN-1990):
 @           UNSPECIFIED TOPS VALUES OBTAINED BY ADDING DZ                   
 @           TO TOPS VALUE FOR LAYER ABOVE                                   

 @--MESSAGE  AT TIME        0.0   DAYS    ( 1-JUN-1990):
 @           NEITHER OLDTRAN,OLDTRANR NOR NEWTRAN SPECIFIED                  
 @           BLOCK CENTRE TRANSMISSIBILITIES TO BE CALCULATED                
 @           USING  OLDTRAN                                                  
    22 READING BOX     
    23 READING TRANX   
    24 READING ENDBOX  
    25 READING BOX     
    26 READING TRANX   
    27 READING ENDBOX  
    28 READING BOX     
    29 READING TRANY   
    30 READING TRANZ   
    31 READING DEPTH   
    32 READING ENDBOX  
    33 READING BOUNDARY
    34 READING PROPS   

 @--COMMENT  AT TIME        0.0   DAYS    ( 1-JUN-1990):
 @           NO NON-NEIGHBOUR CONNECTIONS FOUND                              

 @--MESSAGE  AT TIME        0.0   DAYS    ( 1-JUN-1990):
 @           NUMBER OF ACTIVE CELLS IS 243                                   

 @--MESSAGE  AT TIME        0.0   DAYS    ( 1-JUN-1990):
 @           ADDITIONAL     0.000 MEGABYTES REQUIRED FOR SIMULATION          

 @--MESSAGE  AT TIME        0.0   DAYS    ( 1-JUN-1990):
 @           THE MEMORY REQUIRED TO PROCESS THE SOLUTION SECTION IS          
 @               640264 BYTES                                                

 @--MESSAGE  AT TIME        0.0   DAYS    ( 1-JUN-1990):
 @              58661 CHARACTER VARIABLES USED                               
    35 READING SWFN    
    36 READING SGFN    
    37 READING SOF3    
    38 READING PVTW    
    39 READING ROCK    
    40 READING DENSITY 

 @--  ERROR  AT TIME        0.0   DAYS    ( 1-JUN-1990):
 @           SURFACE DENSITY OF OIL IN DENSITY TABLE   1                     
 @           IS ZERO OR NEGATIVE (=     0.00000)                             

 @--  ERROR  AT TIME        0.0   DAYS    ( 1-JUN-1990):
 @           SURFACE DENSITY OF GAS IN DENSITY TABLE   1                     
 @           IS ZERO OR NEGATIVE (=     0.00000)                             
    41 READING EOS     

 @--  ERROR  AT TIME        0.0   DAYS    ( 1-JUN-1990):
 @           UNRECOGNISED KEYWORD EOS      IN PROPERTY DATA                  
    42 READING PR /    

 @--  ERROR  AT TIME        0.0   DAYS    ( 1-JUN-1990):
 @           UNRECOGNISED KEYWORD PR /     IN PROPERTY DATA                  
    43 READING RTEMP   
    44 READING STCOND  

 @--  ERROR  AT TIME        0.0   DAYS    ( 1-JUN-1990):
 @           UNRECOGNISED KEYWORD STCOND   IN PROPERTY DATA                  

 @--WARNING  AT TIME        0.0   DAYS    ( 1-JUN-1990):
 @           SPURIOUS DATA BEFORE CNAMES   KEYWORD                           
 @           60 14.7 /                                                       
    45 READING CNAMES  

 @--  ERROR  AT TIME        0.0   DAYS    ( 1-JUN-1990):
 @           UNRECOGNISED KEYWORD CNAMES   IN PROPERTY DATA                  
    46 READING N2     C

 @--  ERROR  AT TIME        0.0   DAYS    ( 1-JUN-1990):
 @           UNRECOGNISED KEYWORD N2     C IN PROPERTY DATA                  
    47 READING TCRIT   

 @--  ERROR  AT TIME        0.0   DAYS    ( 1-JUN-1990):
 @           UNRECOGNISED KEYWORD TCRIT    IN PROPERTY DATA                  

 @--WARNING  AT TIME        0.0   DAYS    ( 1-JUN-1990):
 @           SPURIOUS DATA BEFORE PCRIT    KEYWORD                           
 @           227.16 547.56 335.8 608.4 820.8 1035.0 1198.8 1323.0 1452.6 1645
    48 READING PCRIT   

 @--  ERROR  AT TIME        0.0   DAYS    ( 1-JUN-1990):
 @           UNRECOGNISED KEYWORD PCRIT    IN PROPERTY DATA                  

 @--ERROR  RUN STOPPED BECAUSE NUMBER OF   ERRORS
 @         EXCEEDS MAXIMUM PERMITTED VALUE (    10).
 @         SEE MESSAGES KEYWORD.

 Error summary 
 Comments               1
 Warnings               5
 Problems               0
 Errors                12
 Bugs                   0
 Final cpu       0.00 elapsed       0.00
