


 $$$$$   $$$   $      $$$  $$$$    $$$   $$$$$     $    $$$    $$$ 
 $      $   $  $       $   $   $  $   $  $        $$   $   $  $   $
 $      $      $       $   $   $  $      $         $   $   $  $   $
 $$$$   $      $       $   $$$$    $$$   $$$$      $   $   $  $   $
 $      $      $       $   $          $  $         $   $   $  $   $
 $      $   $  $       $   $      $   $  $         $   $   $  $   $
 $$$$$   $$$   $$$$$  $$$  $       $$$   $$$$$    $$$   $$$    $$$ 



                       $$$$$   $$$   $      $$$  $$$$    $$$   $$$$$     $    $$$    $$$ 
                       $      $   $  $       $   $   $  $   $  $        $$   $   $  $   $
                       $      $      $       $   $   $  $      $         $   $   $  $   $
                       $$$$   $      $       $   $$$$    $$$   $$$$      $   $   $  $   $
                       $      $      $       $   $          $  $         $   $   $  $   $
                       $      $   $  $       $   $      $   $  $         $   $   $  $   $
                       $$$$$   $$$   $$$$$  $$$  $       $$$   $$$$$    $$$   $$$    $$$ 



                                             $$$$$   $$$   $      $$$  $$$$    $$$   $$$$$     $    $$$    $$$ 
                                             $      $   $  $       $   $   $  $   $  $        $$   $   $  $   $
                                             $      $      $       $   $   $  $      $         $   $   $  $   $
                                             $$$$   $      $       $   $$$$    $$$   $$$$      $   $   $  $   $
                                             $      $      $       $   $          $  $         $   $   $  $   $
                                             $      $   $  $       $   $      $   $  $         $   $   $  $   $
                                             $$$$$   $$$   $$$$$  $$$  $       $$$   $$$$$    $$$   $$$    $$$ 



                                                                   $$$$$   $$$   $      $$$  $$$$    $$$   $$$$$     $    $$$    $$$ 
                                                                   $      $   $  $       $   $   $  $   $  $        $$   $   $  $   $
                                                                   $      $      $       $   $   $  $      $         $   $   $  $   $
                                                                   $$$$   $      $       $   $$$$    $$$   $$$$      $   $   $  $   $
                                                                   $      $      $       $   $          $  $         $   $   $  $   $
                                                                   $      $   $  $       $   $      $   $  $         $   $   $  $   $
                                                                   $$$$$   $$$   $$$$$  $$$  $       $$$   $$$$$    $$$   $$$    $$$ 
 
 Version =  2009.1
 Arch    =  PC WINDOWS (32 bit)
Annex    | Modification date    | Update date          | baseline             
=====    | =================    | ===========          | ========             
ECLIPSE  | 27-APR-2009 16:22:47 | 27-APR-2009 19:37:10 | S:\2009.1_w18i
system   | 22-APR-2009 14:52:01 | 25-APR-2009 05:27:35 | S:\2009.1_w18
utility  | 17-FEB-2009 08:34:11 | 25-APR-2009 05:40:00 | S:\2009.1_w18
 

1

 ******** ECHO OF INPUT DATA FOR RUN GASFIELDOPBO

 0: --======================================================================
 0: --======================================================================
 0: --2002A TEST CASE 1: GAS FIELD OPERATIONS: MULTIPLE CONTRACT GROUPS,
 0: --                   FUEL USAGE & A SIMPLE NETWORK. RUNS WITH E100 TOO.
 0: --======================================================================
 0: --======================================================================
 0: --- Keywords SKIP100, SKIP300 and ENDSKIP to use the same data file for E100 and E300
 0: --- Keyword GASYEAR to advance the simulator over n gas field contract years
 0: --- Keyword GDCQ to set the initial DCQs for multiple contract groups
 0: --- Keyword GSWINGF for swing and profile factors for multiple contract groups
 0: --======================================================================
 0: RUNSPEC ================================================================
 0: --======================================================================
 0: 
 0: TITLE
 0: Example of GAS FIELD OPERATIONS
 0: 
 0: FIELD
 0: 
 0: DIMENS
 0:     9    9    1  /
 0: 
 0: WATER
 0: 
 0: GAS
 0: 
 0: -------
 0: -------
 0: 
 0: -------
 0: SKIP300
 0: -------
 0: 
 0: GASFIELD
 0:   'YES' 'YES' /
 0: 
 0: -------
 0: ENDSKIP
 0: -------
 0: 
 0: TABDIMS
 0:     1    1   20   20    3   15 /
 0: 
 0: WELLDIMS
 0:     9    3    4    3 /
 0: 
 0: VFPPDIMS
 0:     6    3    3    1    4    3 /
 0: 
 0: START
 0:    1 'SEP' 1990  /
 0: 
 0: --======================================================================
 0: GRID    ================================================================
 0: --======================================================================
 0: 
 0: NOGGF
 0: 
 0: EQUALS
 0:      'DX'     2000    /
 0:      'DY'     1000    /
 0:      'DZ'     60      /
 0:      'PERMX'  300     /
 0:      'PERMY'  300     /
 0:      'PERMZ'  30      /
 0:      'PORO'   0.3     /
 0:      'TOPS'   7000      1  9  1  1  1  1   /
 0:      'TOPS'   7020      1  9  2  2  1  1   /
 0:      'TOPS'   7040      1  9  3  3  1  1   /
 0:      'TOPS'   7080      1  9  4  4  1  1   /
 0:      'TOPS'   7120      1  9  5  5  1  1   /
 0:      'TOPS'   7160      1  9  6  6  1  1   /
 0:      'TOPS'   7200      1  9  7  7  1  1   /
 0:      'TOPS'   7240      1  9  8  8  1  1   /
 0:      'TOPS'   7280      1  9  9  9  1  1   /
 0:      'MULTX'  0         3  3  1  9  1  1   /
 0:      'MULTX'  0         6  6  1  9  1  1   /
 0: /
 0: 
 0: RPTGRID
 0: 
 0: --======================================================================
 0: PROPS    ===============================================================
 0: --======================================================================
 0: 
 0: SWFN
 0:   0.18  0       0
 0:   0.618 0.263   0
 0:   1.0   0.506   0  /
 0: 
 0: SGFN
 0:   0.382 0       0
 0:   0.82  0.934   0
 0:   1.0   1.0     0  /
 0: 
 0: 
 0: -------
 0: -------
 0: 
 0: PVTW
 0: 14.65  1.00  3.5D-6 0.2  0 /
 0: 
 0: ROCK
 0: 4000   4.0D-6 /
 0: 
 0: DENSITY
 0: 50.0   62.9549  0.05508  /
 0: 
 0: PVDG
 0:   14.65  178.1076      0.01429
 0:  400       9.0906      0.01461
 0:  600       6.0076      0.01487
 0:  800       4.4705      0.01519
 0: 1000       3.5532      0.01541
 0: 1500       2.3403      0.01611
 0: 2000       1.7467      0.01707
 0: 2500       1.4010      0.01804
 0: 3000       1.1784      0.01905
 0: 3500       1.0254      0.02020
 0: 4000       0.9148      0.02136
 0: 5000       0.7676      0.02376 /
 0: 
 0: RPTPROPS
 0:  /
 0: 
 0: --======================================================================
 0: REGIONS  ===============================================================
 0: --======================================================================
 0: 
 0: EQUALS
 0:      'FIPNUM'    1      1  3  1  9  1  1   /
 0:      'FIPNUM'    2      4  6  1  9  1  1   /
 0:      'FIPNUM'    3      7  9  1  9  1  1   /
 0: /
 0: 
 0: RPTREGS
 0:      /
 0: 
 0: --======================================================================
 0: SOLUTION   =============================================================
 0: --======================================================================
 0: 
 0: -- INITIAL CONDITIONS - 4000 PSI AND GAS-WATER CONTACT AT 7170 FT
 0: -- TILTED BLOCK EQUILIBRATION
 0: 
 0: EQUIL      1 TABLES    2 NODES IN EACH           FIELD   15:52  7 OCT 83
 0:  7290.00 3000.00 7290.00  .00000 7290.00  .00000     0      0      -5 /
 0: 
 0: 
 0: -- REPORT OF INITIAL CONDITIONS
 0: --
 0: RPTSOL
 0: -- Initialisation Print Output
 0: --
 0: 'AQUCT=1' 'PRES' 'SWAT' /
 0: --
 0: --======================================================================
 0: SUMMARY   ==============================================================
 0: --======================================================================
 0: 
 0: GGDCQ
 0: 'PLAT-A'  'PLAT-B'  'PLAT-C'  /
 0: 
 0: FGPR
 0: 
 0: GGPR
 0: 'PLAT-A'  'PLAT-B'  'PLAT-C'  /
 0: 
 0: FGSR
 0: 
 0: GGSR
 0: 'PLAT-A'  'PLAT-B'  'PLAT-C'  /
 0: 
 0: FGDC
 0: 
 0: GGDC
 0: 'PLAT-A'  'PLAT-B'  'PLAT-C'  /
 0: 
 0: FGPT
 0: 
 0: GGPT
 0: 'PLAT-A'  'PLAT-B'  'PLAT-C'  /
 0: 
 0: GPR
 0: 'PLAT-A'  'PLAT-B'  'PLAT-C'  'COMP' /
 0: 
 0: RUNSUM
 0: 
 0: --======================================================================
 0: RPTONLY
 0: SCHEDULE  ==============================================================
 0: --======================================================================
 0: 
 0: SKIPREST
 0: 
 0: RPTSCHED
 0:    'PRES' 'SWAT' /
 0: 
 0: NOECHO
 0: ECHO
 0: 
 0: ----------------
 0: -- Specify wells
 0: ----------------
 0: 
 0: WELSPECS
 0: --  WELL    GROUP    LOCATION     BHP    PREF    DRAIN  GAS    SHUT/
 0: --  NAME    NAME       I  J      DEPTH   PHAS     RAD   INFL   STOP
 0:    'PA1'   'PLAT-A'    2  1       1*     'G'      -1     1*    'SH'  /
 0:    'PA2'   'PLAT-A'    2  3       1*     'G'      -1     1*    'SH'  /
 0:    'PA3'   'PLAT-A'    2  5       1*     'G'      -1     1*    'SH'  /
 0:    'PB1'   'PLAT-B'    5  1       1*     'G'      -1     1*    'SH'  /
 0:    'PB2'   'PLAT-B'    5  3       1*     'G'      -1     1*    'SH'  /
 0:    'PB3'   'PLAT-B'    5  5       1*     'G'      -1     1*    'SH'  /
 0:    'PC1'   'PLAT-C'    8  1       1*     'G'      -1     1*    'SH'  /
 0:    'PC2'   'PLAT-C'    8  3       1*     'G'      -1     1*    'SH'  /
 0:    'PC3'   'PLAT-C'    8  5       1*     'G'      -1     1*    'SH'  /
 0: /
 0: 
 0: -----------------------------
 0: -- Set up the group hierarchy
 0: -----------------------------
 0: 
 0: GRUPTREE
 0: --  SON    FATHER
 0:    'COMP'  'FIELD'  /
 0:   'PLAT-A' 'COMP'   /
 0:   'PLAT-B' 'COMP'   /
 0:   'PLAT-C' 'COMP'   /
 0: /
 0: 
 0: ----------------------------------------------
 0: -- Specify well connection data (same for all)
 0: ----------------------------------------------
 0: 
 0: COMPDAT
 0: -- WELL   -LOCATION-  OPEN/   SAT  CONN  BORE  EFF  SKIN     D
 0: -- NAME   I  J K1-K2  SHUT    TAB  FACT  DIAM  KH   FACT   FACT
 0:    '*'    2*   1  1   3*                 0.25  1*    2     1E-3  /
 0: /
 0: 
 0: ----------------------------------------------------------------
 0: -- All wells produce under group control with BHP and THP limits
 0: ----------------------------------------------------------------
 0: 
 0: WCONPROD
 0: -- WELL   OPEN/   CNTL   OIL   WAT   GAS   LIQ   VOI   BHP   THP   VFP
 0: -- NAME   SHUT    MODE   RAT   RAT   RAT   RAT   RAT               TAB
 0:    '*'    'OPEN'  'GRUP' 2*           1*   2*          500   500    1  /
 0: /
 0: 
 0: --------------------------------------------
 0: -- All wells have basic economic constraints
 0: --------------------------------------------
 0: 
 0: WECON
 0: -- WELL   MIN   MIN   MAX   MAX   MAX   WORK   END
 0: -- NAME   OIL   GAS   WCT   GOR   WGR   OVER   RUN
 0:    '*'    4*                      0.2  'WELL'  'NO'  /
 0: /
 0: 
 0: 
 0: --------------------------------------------------
 0: -- Simple network, same topology as gathering tree
 0: --------------------------------------------------
 0: 
 0: 
 0: GRUPNET
 0: -- GRUP      FIXED    VFP    ALQ    S-SEA
 0: -- NAME      PRES     TAB            MAN
 0:   'FIELD'    100   /
 0:   'COMP'      1*       3   /
 0:   'PLAT-*'    1*       2   /
 0: /
 0: 
 0: NETBALAN
 0:  -1 /
 0: 
 0: -------
 0: SKIP300
 0: -------
 0: 
 0: ------------------------------------------
 0: --Fuel usage in E100 is termed consumption
 0: ------------------------------------------
 0: 
 0: GCONSUMP
 0:  'PLAT-A'  5000  /
 0:  'PLAT-B'  5000  /
 0: /
 0: 
 0: -------
 0: ENDSKIP
 0: -------
 0: 
 0: -------
 0: -------
 0: 
 0: ---------------------------------------------------------------------
 0: -- Assign swing and profile factors to each group. This signifies use
 0: -- of multiple contract groups to the simulator.
 0: ---------------------------------------------------------------------
 0: 
 0: GSWINGF
 0: --  'group'  JAN  FEB  MAR  APR  MAY  JUN  JUL  AUG  SEP  OCT  NOV  DEC
 0:    'PLAT-A'  12*1.5036
 0:              2*1.5036  3*1.0024       3*0.5012       3*1.0024       1.5036 /
 0:    'PLAT-B'  12*1.4
 0:              2*1.4     3*1.00         3*0.6          3*1.00         1.4    /
 0:    'PLAT-C'  12*1.3
 0:              2*1.3     3*1.00         3*0.7          3*1.00         1.3    /
 0: /
 0: 
 0: ---------------------------------------------------------------------
 0: -- Assign DCQ values and types to each group.
 0: -- Because the swing requirements in the gas contract years is PRO,
 0: -- then only one variable DCQ group is permitted. FIX2 means that
 0: -- this DCQ*swing factor will act as an upper limit on the delivery
 0: -- capacity of the group. Delivery capacity is the maximum group gas
 0: -- production rate in the absence of group rate limits (well limits
 0: -- by default still apply).
 0: ---------------------------------------------------------------------
 0: 
 0: GDCQ
 0:  'PLAT-A' 60000  'VAR'  /
 0:  'PLAT-B' 40000  'FIX2' /
 0:  'PLAT-C' 50000  'FIX2' /
 0: /
 0: 
 0: -------------------------------------------------------------------------
 0: -- Simulate a contract year, without limiting time steps to month ends.
 0: -- The 'PRO' requirement means that, for the variable DCQ group, the DCQ
 0: -- should be such that the group can lift its production from profile*DCQ
 0: -- to swing*DCQ at any point in the year for an instant.
 0: -------------------------------------------------------------------------
 0: 
 0: GASYEAR
 0: 1  1*  'PRO'  'N'  0.8 /
 0: 
 0: -------------------------------------------------------------------------
 0: -- Simulate two contract years, as above but with timesteps at month end.
 0: -------------------------------------------------------------------------
 0: 
 0: GASYEAR
 0: 2  1*  'PRO'  'Y'  0.8 /
 0: 
 0: GDCQ
 0:  'PLAT-C' 40000  'FIX2' /
 0: /
 0: 
 0: --------------------------------------------------------------
 0: -- One more contact year with PLAT-C on a reduced (fixed) DCQ.
 0: --------------------------------------------------------------
 0: 
 0: GASYEAR
 0: 1  1*  'PRO'  'Y'  0.8 /
 0: 
 0: END

 ******** END OF INPUT DATA FOR RUN GASFIELDOPBO
     1 READING RUNSPEC 
     2 READING TITLE   
     3 READING FIELD   
     4 READING DIMENS  
     5 READING WATER   
     6 READING GAS     
     7 READING SKIP100 
       SKIPPING KEYWORDS
     8 READING ENDSKIP 
     9 READING SKIP300 
    10 READING GASFIELD
    11 READING ENDSKIP 
    12 READING TABDIMS 

 @--MESSAGE  AT TIME        0.0   DAYS    ( 1-JAN-   0):
 @           CHECKING FOR LICENSES                                           

 @--  ERROR  AT TIME        0.0   DAYS    ( 1-JAN-   0):
 @           LICENSE ERROR  -1 FOR GAS FIELD OPERATIONS MODEL                
 @           FEATURE IS INVALID. CHECK YOUR LICENSE FILE AND                 
 @           THE LICENSE LOG FILE                                            

 Error summary 
 Comments               0
 Warnings               0
 Problems               0
 Errors                 1
 Bugs                   0
 Final cpu       0.28 elapsed       1.00
