


 $$$$$   $$$   $      $$$  $$$$    $$$   $$$$$     $    $$$    $$$ 
 $      $   $  $       $   $   $  $   $  $        $$   $   $  $   $
 $      $      $       $   $   $  $      $         $   $   $  $   $
 $$$$   $      $       $   $$$$    $$$   $$$$      $   $   $  $   $
 $      $      $       $   $          $  $         $   $   $  $   $
 $      $   $  $       $   $      $   $  $         $   $   $  $   $
 $$$$$   $$$   $$$$$  $$$  $       $$$   $$$$$    $$$   $$$    $$$ 



                       $$$$$   $$$   $      $$$  $$$$    $$$   $$$$$     $    $$$    $$$ 
                       $      $   $  $       $   $   $  $   $  $        $$   $   $  $   $
                       $      $      $       $   $   $  $      $         $   $   $  $   $
                       $$$$   $      $       $   $$$$    $$$   $$$$      $   $   $  $   $
                       $      $      $       $   $          $  $         $   $   $  $   $
                       $      $   $  $       $   $      $   $  $         $   $   $  $   $
                       $$$$$   $$$   $$$$$  $$$  $       $$$   $$$$$    $$$   $$$    $$$ 



                                             $$$$$   $$$   $      $$$  $$$$    $$$   $$$$$     $    $$$    $$$ 
                                             $      $   $  $       $   $   $  $   $  $        $$   $   $  $   $
                                             $      $      $       $   $   $  $      $         $   $   $  $   $
                                             $$$$   $      $       $   $$$$    $$$   $$$$      $   $   $  $   $
                                             $      $      $       $   $          $  $         $   $   $  $   $
                                             $      $   $  $       $   $      $   $  $         $   $   $  $   $
                                             $$$$$   $$$   $$$$$  $$$  $       $$$   $$$$$    $$$   $$$    $$$ 



                                                                   $$$$$   $$$   $      $$$  $$$$    $$$   $$$$$     $    $$$    $$$ 
                                                                   $      $   $  $       $   $   $  $   $  $        $$   $   $  $   $
                                                                   $      $      $       $   $   $  $      $         $   $   $  $   $
                                                                   $$$$   $      $       $   $$$$    $$$   $$$$      $   $   $  $   $
                                                                   $      $      $       $   $          $  $         $   $   $  $   $
                                                                   $      $   $  $       $   $      $   $  $         $   $   $  $   $
                                                                   $$$$$   $$$   $$$$$  $$$  $       $$$   $$$$$    $$$   $$$    $$$ 
 
 Version =  2009.1
 Arch    =  PC WINDOWS (32 bit)
Annex    | Modification date    | Update date          | baseline             
=====    | =================    | ===========          | ========             
ECLIPSE  | 27-APR-2009 16:22:47 | 27-APR-2009 19:37:10 | S:\2009.1_w18i
system   | 22-APR-2009 14:52:01 | 25-APR-2009 05:27:35 | S:\2009.1_w18
utility  | 17-FEB-2009 08:34:11 | 25-APR-2009 05:40:00 | S:\2009.1_w18
 

1

 ******** ECHO OF INPUT DATA FOR RUN GASPLANT

 0: ------------------------------------------------------------------------
 0: -->Example of use of gas plants
 0: -- GPTABLE and GPTABLEN used
 0: -- 10 components
 0: -- SK EoS, KVGEN used.
 0: -- Grid dimensions 10x10x4
 0: -- IMPES solution method
 0: -- METRIC units
 0: ------------------------------------------------------------------------
 0: 
 0: RUNSPEC
 0: 
 0: IMPES
 0: 
 0: METRIC
 0: 
 0: OIL
 0: WATER
 0: GAS
 0: 
 0: COMPS
 0: 10 /
 0: 
 0: TABDIMS
 0: 1 1 40 40 /
 0: 
 0: GPTDIMS
 0: 2 3 /
 0: 
 0: DIMENS
 0: 10 10 4 /
 0: 
 0: EQLDIMS
 0: 1 20 /
 0: 
 0: WELLDIMS
 0: 6 /
 0: 
 0: TITLE
 0: Example of use of gas plants
 0: 
 0: START
 0: 1 Jan 1990 /
 0: 
 0: --Grid section--------------------------------------------------------
 0: 
 0: GRID
 0: 
 0: EQUALS
 0: DX 300.0 /
 0: DY 300.0 /
 0: DZ 30     /
 0: PERMX 100 /
 0: PERMY 100 /
 0: PERMZ  50 /
 0: PORO  0.3 /
 0: /
 0: 
 0: TOPS
 0: 2202  2145  2105  2080  2072  2080  2105  2145  2202  2242
 0: 2170  2113  2073  2049  2041  2049  2073  2113  2170  2210
 0: 2147  2090  2050  2026  2018  2026  2050  2090  2147  2197
 0: 2133  2077  2037  2013  2005  2013  2037  2077  2133  2193
 0: 2129  2072  2032  2008  2000  2008  2032  2072  2129  2189
 0: 2133  2077  2037  2013  2005  2013  2037  2077  2133  2180
 0: 2147  2090  2050  2026  2018  2026  2050  2090  2147  2197
 0: 2170  2113  2073  2049  2041  2049  2073  2113  2170  2210
 0: 2202  2145  2105  2080  2072  2080  2105  2145  2202  2250
 0: 2232  2175  2135  2110  2112  2120  2125  2165  2242  2250 /
 0: 
 0: ADD
 0: PERMX 32 2 3 /
 0: /
 0: 
 0: BOX
 0: 4* 3 4 /
 0: 
 0: MULTX
 0: 200*1.4 /
 0: 
 0: MULTY
 0: 200*1.9 /
 0: 
 0: MULTZ
 0: 200*0.4 /
 0: 
 0: ENDBOX
 0: 
 0: --Request grid output by mnemonic
 0: 
 0: RPTGRID
 0: TOPS LIMITS PORV TRANX /
 0: 
 0: --Properties section-----------------------------------------------
 0: 
 0: PROPS
 0: 
 0: KVGEN
 0: 0.0053 0.0330 0.72973 0.07679 0.04100
 0: 0.0212 0.0121 0.00850 0.05219 0.02019 1 350 /
 0: 
 0: --Reservoir temperature
 0: 
 0: RTEMP
 0: 143 /
 0: 
 0: --Standard conditions for stock tank and fluid-in-place reporting
 0: 
 0: STCOND
 0: 15 1.013 /
 0: 
 0: EOS
 0: SK /
 0: 
 0: --Next section defines components and the equation of state
 0: --Could be generated by PVT and entered as include file
 0: 
 0: DNGL
 0: 776.0
 0: 802.0
 0: 424.6
 0: 547.5
 0: 581.1
 0: 608.4
 0: 640.4
 0: 720.5
 0: 800.5
 0: 803.7 /
 0: 
 0: 
 0: CNAMES
 0: N2    CO2     C1     C2     C3     HC4    HC5    HC6    HC9    HC21   /
 0: 
 0: TCRIT
 0: 126.28 304.20 190.60 305.40 369.80 419.55 465.49 507.40 594.60 767.53 /
 0: 
 0: PCRIT
 0: 33.940 73.760 46.000 48.830 42.400 37.500 33.700 29.700 28.200 14.000 /
 0: 
 0: VCRIT
 0: 0.0899 0.0939 0.0992 0.1479 0.2028 0.2573 0.3049 0.3701 0.5639 1.4691 /
 0: 
 0: VCRITVIS
 0: 0.1078 0.1127 0.1190 0.1775 0.2433 0.3087 0.3658 0.4441 0.6767 1.7691 /
 0: 
 0: MW
 0: 28.020 44.010 16.040 30.070 44.090 58.120 72.150 86.170 120.27 289.03 /
 0: 
 0: ACF
 0: 0.0400 0.2250 0.0080 0.0980 0.1520 0.1874 0.2403 0.2960 0.4906 1.1832 /
 0: 
 0: BIC
 0: 0.0
 0: 0.02  0.12
 0: 0.06  0.15   0.0
 0: 0.08  0.15 2*0.0
 0: 0.08  0.15 3*0.0
 0: 0.08  0.15 4*0.0
 0: 0.08  0.15 5*0.0
 0: 0.08  0.15 6*0.0
 0: 0.08  0.15 7*0.0 /
 0: 
 0: 
 0: SWFN
 0: 0.221  0      0.0
 0: 0.250  0.01   0.0
 0: 0.300  0.03   0.0
 0: 0.400  0.07   0.0
 0: 0.500  0.13   0.0
 0: 0.547  0.163  0.0
 0: 0.570  0.174  0.0
 0: 0.582  0.179  0.0
 0: 0.614  0.202  0.0
 0: 0.681  0.275  0.0
 0: 0.731  0.360  0.0
 0: 1.000  1.0    0.0 /
 0: 
 0: SGFN
 0: 0.000 0.000  0.0
 0: 0.030 0.000  0.0
 0: 0.110 0.0245 0.0
 0: 0.244 0.0791 0.0
 0: 0.307 0.1212 0.0
 0: 0.369 0.1805 0.0
 0: 0.435 0.2684 0.0
 0: 0.459 0.3320 0.0
 0: 0.491 0.3701 0.0
 0: 0.779 0.6890 0.0 /
 0: 
 0: SOF3
 0: 0.00  0.00000   0.0000
 0: 0.269 0.00000   0.0000
 0: 0.288 1*        0.0000
 0: 0.294 0.00005   1*
 0: 0.299 0.00006   1*
 0: 0.301 1*        0.0008
 0: 0.304 0.00008   1*
 0: 0.319 0.00017   1*
 0: 0.320 1*        0.0014
 0: 0.330 0.00030   1*
 0: 0.342 0.00054   1*
 0: 0.344 1*        0.0022
 0: 0.355 0.00115   1*
 0: 0.386 0.00348   1*
 0: 0.410 1*        0.0082
 0: 0.418 0.0088    1*
 0: 0.430 0.01328   1*
 0: 0.453 0.01831   1*
 0: 0.472 1*        0.0206
 0: 0.500 0.035     1*
 0: 0.535 1*        0.0514
 0: 0.600 0.095     1*
 0: 0.669 1*        0.3650
 0: 0.700 0.22      1*
 0: 0.749 1*        0.760
 0: 0.750 0.47      1*
 0: 0.779 1.00      1.000 /
 0: 
 0: ROCK
 0: 459 0.00005 /
 0: 
 0: PVTW
 0: 459 1.0 0.00004 0.31 0.0 /
 0: 
 0: --Initial composition with respect to depth
 0: 
 0: ZMFVD
 0:   100.0 0.0053 0.033  0.72973 0.07679 0.041
 0:         0.0212 0.0121 0.0085  0.05219 0.02019
 0: 10000.0 0.0053 0.033  0.72973 0.07679 0.041
 0:         0.0212 0.0121 0.0085  0.05219 0.02019 /
 0: 
 0: --Only water density required.
 0: --Oil and gas viscosities and densities will be calculated
 0: --by equation of state.
 0: 
 0: DENSITY
 0: 1* 1000.00 1* /
 0: 
 0: --Solution section------------------------------------------------------
 0: 
 0: SOLUTION
 0: 
 0: GPTABLEN
 0: 1 9 9
 0: -- C7+  CO2 N2 C1  C2       C3    C4-6  C71  C72  C73
 0:    0.0  0.00 0.00 0.00 0.00033  0.05  0.1   1.0  1.0  1.0 1.0
 0:         0.01 0.01 0.01 0.05000  0.02  0.01  0.0  0.0  0.0 0.0
 0:    0.2  0.00 0.00 0.00 0.00034  0.05  0.1   1.0  1.0  1.0 1.0
 0:         0.01 0.01 0.01 0.05000  0.02  0.01  0.0  0.0  0.0 0.0
 0: /
 0: 
 0: GPTABLE
 0: 2 9 9
 0: -- C7+  CO2 N2 C1  C2       C3    C4-6  C71  C72  C73
 0:    0.0  0.00 0.00 0.00 0.00031  0.05  0.10  1.0  1.0  1.0 1.0
 0:    0.2  0.00 0.00 0.00 0.00032  0.05  0.10  1.0  1.0  1.0 1.0
 0: /
 0: 
 0: 
 0: FIELDSEP
 0: 1 15 1.03 3* 1 /
 0: /
 0: 
 0: --Specify output of solution data to GRAF
 0: 
 0: OUTSOL
 0: PRESSURE SOIL SGAS /
 0: 
 0: --Specify printed output
 0: 
 0: RPTSOL
 0: PRESSURE SOIL PSAT SWAT SGAS /
 0: 
 0: --Is a condenstate, with single hydrocarbon phase initial state, so
 0: --OWC and GOC set together, and reference pressure will be honoured
 0: 

 @--WARNING  AT TIME        0.0   DAYS    ( 1-JAN-   0):
 @           UNRECOGNISED MNEMONIC PSAT             IN DATA                  
 @           FOR KEYWORD RPTSOL   IS IGNORED                                 
 0: EQUIL
 0: 2300 459 2300 0 2300 0 1 1 0 /
 0: 
 0: --Request items for summary files---------------------------------------
 0: 
 0: SUMMARY
 0: 
 0: --Separator oil rate, GOR
 0: 
 0: GGOR
 0: Field /
 0: WGOR
 0: P1 /
 0: WNPR
 0: P1 /
 0: WNPT
 0: P1 /
 0: GNPR
 0: Field /
 0: GNPT
 0: Field /
 0: FNPR
 0: FNPT
 0: WGOR
 0: P2 /
 0: WGOR
 0: P3 /
 0: WGOR
 0: P4 /
 0: FGOR
 0: FPR
 0: FPRH
 0: 
 0: 
 0: BSOIL
 0: 1 1 1 /
 0: /
 0: BSOIL
 0: 10 10 4 /
 0: /
 0: BPRES
 0: 1 1 1 /
 0: /
 0: BPRES
 0: 10 10 4 /
 0: /
 0: 
 0: RUNSUM
 0: 
 0: --Schedule section------------------------------------------------------
 0: 
 0: RPTONLY
 0: SCHEDULE
 0: 
 0: SAVEEND
 0: 
 0: MESSAGE
 0: SChedule....
 0: 
 0: --Output resquests for schedule
 0: 
 0: RPTSCHED
 0: PRESSURE PSAT SOIL VGAS /
 0: 

 @--WARNING  AT TIME        0.0   DAYS    ( 1-JAN-   0):
 @           UNRECOGNISED MNEMONIC PSAT             IN DATA                  
 @           FOR KEYWORD RPTSCHED IS IGNORED                                 
 0: RPTPRINT
 0: 1 1 1 1 1 1 1 1 0 0 /
 0: 
 0: --Define gas plant with NGLs
 0: 
 0: SEPCOND
 0: S1 GA 1 15 1.03 3* 1 /
 0: /
 0: 
 0: --Define injection and production wells
 0: 
 0: --2000a WELLSPEC is used for back-compatibility, prefered keyword is WELSPECS
 0: --WELLSPEC
 0: --I1 Field 1 1 1* /
 0: --I2 Field 1 2 1* /
 0: --P1 GA 3 3 1* S1 /
 0: --P2 GA 4 4 1* S1 /
 0: --P3 GB 5 5 1* S1 /
 0: --P4 GB 6 6 1* S1 /
 0: WELSPECS
 0: I1 Field 1 1 1* GAS /
 0: I2 Field 1 2 1* GAS /
 0: P1 GA    3 3 1* GAS /
 0: P2 GA    4 4 1* GAS /
 0: P3 GB    5 5 1* GAS /
 0: P4 GB    6 6 1* GAS /
 0: /
 0: 
 0: --2000a uses WELSEPC to associate separator with wells
 0: WSEPCOND
 0: P1 S1 /
 0: P2 S1 /
 0: P3 S1 /
 0: P4 S1 /
 0: /
 0: 
 0: --2000a WELLCOMP is for back-compatibility, prefered keyword is COMPDAT
 0: --WELLCOMP
 0: --I1 1 1 1 2 1 /
 0: --I2 1 2 1 2 1 /
 0: --P1 2*  2 2 1 /
 0: --P2 2*  2 2 1 /
 0: --P3 2*  2 2 1 /
 0: --P4 2*  2 2 1 /
 0: COMPDAT
 0: I1 1 1 1 2 1* 1 /
 0: I2 1 2 1 2 1* 1 /
 0: P1 2*  2 2 1* 1 /
 0: P2 2*  2 2 1* 1 /
 0: P3 2*  2 2 1* 1 /
 0: P4 2*  2 2 1* 1 /
 0: /
 0: 
 0: WELLKBHP
 0: I1 1 /
 0: I2 1 /
 0: P1 2 /
 0: P2 2 /
 0: P3 2 /
 0: P4 2 /
 0: /
 0: 
 0: GRUPFUEL
 0: GA 1000 /
 0: /
 0: 
 0: GRUPSALE
 0: GA 400 /
 0: /
 0: 
 0: --Well P is controlled by separator , with min bhp of 50 bar
 0: 
 0: --2000a WELLPROD is for back-compatibility, prefered keyword is WCONPROD
 0: --WELLPROD
 0: --P1 ga 2* 2100 1* 50 /
 0: --P2 ga 2* 2100 1* 50 /
 0: --P3 ga 2* 2100 1* 50 /
 0: --P4 ga 2* 2100 1* 50 /
 0: WCONPROD
 0: P1 OPEN GRAT 2* 2100 2* 50 /
 0: P2 OPEN GRAT 2* 2100 2* 50 /
 0: P3 OPEN GRAT 2* 2100 2* 50 /
 0: P4 OPEN GRAT 2* 2100 2* 50 /
 0: /
 0: 
 0: WELLSTRE
 0: ING 0.0 1.0 /
 0: /
 0: 
 0: --Wells I1 and I2 to inject group GA production, with ING as makeup
 0: 
 0: --2000a WELLINJE is for back-compatibility, prefered keyword is WCONINJE
 0: --WELLINJE
 0: --1  2  3   4   5  6  7    8  9  0   1   2  3  4  5  6  7
 0: --  I1 GV GA RV  1* 1* 1*   1* 1* 300 1*  1* 1* 1* 1* 1* ING /
 0: --  I2 GV GA Gas 1* 1* 6000 1* 1* 1*  1*  1* 1* 1* 1* 1* ING /
 0: WCONINJE
 0: I1 GAS OPEN RESV 1*   300 /
 0: I2 GAS OPEN RATE 6000     /
 0: /
 0: WINJGAS
 0: I1 GV GA /
 0: I1 ST ING /
 0: I2 GV GA /
 0: I2 ST ING /
 0: /
 0: 
 0: TSCRIT
 0: 1 /
 0: 
 0: DATES
 0: 1 Feb 1990 /
 0: 1 Mar 1990 /
 0: 1 Apr 1990 /
 0: /
 0: 
 0: --2000a WELLSHUT is used for back-compatibility, prefered keyword is WELOPEN
 0: --WELLSHUT
 0: --I1 /
 0: --I2 /
 0: --P2 /
 0: WELOPEN
 0: I1 SHUT/
 0: I2 SHUT/
 0: P2 SHUT/
 0: /
 0: 
 0: NEXT
 0: 10 /
 0: 
 0: DATES
 0: 1 Jan 1991 /
 0: /
 0: 
 0: --2000a WELLSHUT is used for back-compatibility, prefered keyword is WELOPEN
 0: --WELLOPEN
 0: --P1 /
 0: --P2 /
 0: WELOPEN
 0: P1 OPEN/
 0: P2 OPEN/
 0: /
 0: 
 0: --2000a WELLPROD is for back-compatibility, prefered keyword is WCONPROD
 0: --WELLPROD
 0: --P2 Ga 2* 155 1* 50 /
 0: WCONPROD
 0: P2 OPEN GRAT 2* 155 2* 50 /
 0: /
 0: 
 0: DATES
 0: 1 Jan 1992 /
 0: /
 0: 
 0: --Use clocks for next step
 0: 
 0: DATES
 0: 1 Jan 1993 /
 0: /
 0: 
 0: --Just parse remainder
 0: 
 0: NOSIM
 0: 
 0: DATES
 0: 1 Jan 1994 /
 0: /
 0: 
 0: END

 ******** END OF INPUT DATA FOR RUN GASPLANT
     1 READING RUNSPEC 
     2 READING IMPES   
     3 READING METRIC  
     4 READING OIL     
     5 READING WATER   
     6 READING GAS     
     7 READING COMPS   

 @--  ERROR  AT TIME        0.0   DAYS    ( 1-JAN-   0):
 @           UNRECOGNISED KEYWORD COMPS    IN RUNSPEC DATA                   

 @--WARNING  AT TIME        0.0   DAYS    ( 1-JAN-   0):
 @           SPURIOUS DATA BEFORE TABDIMS  KEYWORD                           
 @           10 /                                                            
     8 READING TABDIMS 
     9 READING GPTDIMS 

 @--  ERROR  AT TIME        0.0   DAYS    ( 1-JAN-   0):
 @           UNRECOGNISED KEYWORD GPTDIMS  IN RUNSPEC DATA                   

 @--WARNING  AT TIME        0.0   DAYS    ( 1-JAN-   0):
 @           SPURIOUS DATA BEFORE DIMENS   KEYWORD                           
 @           2 3 /                                                           
    10 READING DIMENS  
    11 READING EQLDIMS 
    12 READING WELLDIMS
    13 READING TITLE   
    14 READING START   
    15 READING GRID    

 @--MESSAGE  AT TIME        0.0   DAYS    ( 1-JAN-1990):
 @           CHECKING FOR LICENSES                                           

 @--  ERROR  AT TIME        0.0   DAYS    ( 1-JAN-1990):
 @           LICENSE FAILURE: ERROR NUMBER IS -1                             

 Error summary 
 Comments               0
 Warnings               2
 Problems               0
 Errors                 3
 Bugs                   0
 Final cpu       0.05 elapsed       1.00
