


 $$$$$   $$$   $      $$$  $$$$    $$$   $$$$$     $    $$$    $$$ 
 $      $   $  $       $   $   $  $   $  $        $$   $   $  $   $
 $      $      $       $   $   $  $      $         $   $   $  $   $
 $$$$   $      $       $   $$$$    $$$   $$$$      $   $   $  $   $
 $      $      $       $   $          $  $         $   $   $  $   $
 $      $   $  $       $   $      $   $  $         $   $   $  $   $
 $$$$$   $$$   $$$$$  $$$  $       $$$   $$$$$    $$$   $$$    $$$ 



                       $$$$$   $$$   $      $$$  $$$$    $$$   $$$$$     $    $$$    $$$ 
                       $      $   $  $       $   $   $  $   $  $        $$   $   $  $   $
                       $      $      $       $   $   $  $      $         $   $   $  $   $
                       $$$$   $      $       $   $$$$    $$$   $$$$      $   $   $  $   $
                       $      $      $       $   $          $  $         $   $   $  $   $
                       $      $   $  $       $   $      $   $  $         $   $   $  $   $
                       $$$$$   $$$   $$$$$  $$$  $       $$$   $$$$$    $$$   $$$    $$$ 



                                             $$$$$   $$$   $      $$$  $$$$    $$$   $$$$$     $    $$$    $$$ 
                                             $      $   $  $       $   $   $  $   $  $        $$   $   $  $   $
                                             $      $      $       $   $   $  $      $         $   $   $  $   $
                                             $$$$   $      $       $   $$$$    $$$   $$$$      $   $   $  $   $
                                             $      $      $       $   $          $  $         $   $   $  $   $
                                             $      $   $  $       $   $      $   $  $         $   $   $  $   $
                                             $$$$$   $$$   $$$$$  $$$  $       $$$   $$$$$    $$$   $$$    $$$ 



                                                                   $$$$$   $$$   $      $$$  $$$$    $$$   $$$$$     $    $$$    $$$ 
                                                                   $      $   $  $       $   $   $  $   $  $        $$   $   $  $   $
                                                                   $      $      $       $   $   $  $      $         $   $   $  $   $
                                                                   $$$$   $      $       $   $$$$    $$$   $$$$      $   $   $  $   $
                                                                   $      $      $       $   $          $  $         $   $   $  $   $
                                                                   $      $   $  $       $   $      $   $  $         $   $   $  $   $
                                                                   $$$$$   $$$   $$$$$  $$$  $       $$$   $$$$$    $$$   $$$    $$$ 
 
 Version =  2009.1
 Arch    =  PC WINDOWS (32 bit)
Annex    | Modification date    | Update date          | baseline             
=====    | =================    | ===========          | ========             
ECLIPSE  | 27-APR-2009 16:22:47 | 27-APR-2009 19:37:10 | S:\2009.1_w18i
system   | 22-APR-2009 14:52:01 | 25-APR-2009 05:27:35 | S:\2009.1_w18
utility  | 17-FEB-2009 08:34:11 | 25-APR-2009 05:40:00 | S:\2009.1_w18
 

1

 ******** ECHO OF INPUT DATA FOR RUN GEOMECH_TERZAGHI

 0: -- Filename: GEOMECH3_TERZAGHI.DATA  Tuesday, March 22, 2005
 0: --
 0: ------------------------------------------------------------------------------------------
 0: -- Terzaghi's consolidation model in lab units
 0: --------------------------------------------------------------------
 0: 
 0: 
 0: /
 0: 
 0: RUNSPEC
 0: 
 0: AIM
 0: 
 0: METRIC
 0: 
 0: OIL
 0: WATER
 0: GAS
 0: 
 0: NUMRES
 0: 1 /
 0: 
 0: GEOMECH
 0:  1* T 'FE' RVBAL INIT /
 0: 
 0: COMPS
 0: 10 /
 0: 
 0: TABDIMS
 0: 1 1 40 40 3 /
 0: 
 0: DIMENS
 0: 1 1 100 /
 0: 
 0: WELLDIMS
 0: 9 2* 9 /
 0: 
 0: TITLE
 0: 3-D Geomechanics 1D Consolidation
 0: 
 0: START
 0: 1 Jan 1990 /
 0: 
 0: UNIFOUT
 0: 
 0: GRID    ================================================================
 0: 
 0: GRIDFILE
 0: 2   /
 0: INIT
 0: 
 0: EQUALS
 0:  DX     10  1 1  1 1 1 100 /
 0:  DY     10 /
 0:  DZ     2 /
 0:  PERMX  2  /
 0:  PERMY  2  /
 0:  PERMZ  .2  /
 0:  PORO   0.33 /
 0:  YOUNGMOD  10000 / bar
 0:  POISSONR 0.3 /
 0:  ROCKDEN 2600 /
 0:  BIOTC 1.0 /
 0: /
 0: 
 0: TOPS
 0: 1*100 /
 0: 
 0: RPTGRID
 0: DEPTH LIMITS /
 0: 
 0: PROPS    ===============================================================
 0: 
 0: SWFN
 0:   0.22  0    0.0
 0:   0.3   0.99 0.0
 0:   0.4   0.99 0.0
 0:   0.5   0.99 0.0
 0:   0.6   0.99 0.0
 0:   0.8   0.99 0.0
 0:   0.9   0.99 0.0
 0:   1     1    0.0   /
 0: 
 0: SGFN
 0:   0     0        0.0
 0:   0.04  0        0.0
 0:   0.1   0.001    0.0
 0:   0.2   0.001    0.0
 0:   0.3   0.001    0.0
 0:   0.4   0.001    0.0
 0:   0.5   0.001    0.0
 0:   0.6   0.001    0.0
 0:   0.7   0.001    0.0
 0:   0.78  0.001    0.0    /
 0: 
 0: SOF3
 0: 0        0         0
 0: 0.15     0         0
 0: 0.38     0.001     0
 0: 0.4      0.001     0.001
 0: 0.48     0.001     0.001
 0: 0.5      0.001     0.001
 0: 0.58     0.001     0.001
 0: 0.6      0.001     0.001
 0: 0.68     0.001     0.001
 0: 0.7      0.001     0.001
 0: 0.74     0.001     0.001
 0: 0.78     0.001     0.001          /
 0: 
 0: PVTW
 0: 2  1.00  5.D-5 1  0  /
 0: 
 0: ROCK
 0: 15 24.70E-5 0 7.43E-5  0.30/
 0: 
 0: DENSITY
 0: 1* 1000 1* /
 0: 
 0: ECHO
 0: -- Units: C
 0: RTEMP
 0: --
 0: -- Constant Reservoir Temperature
 0: --
 0:          140
 0: /
 0: 
 0: EOS
 0: --
 0: -- Equation of State (Reservoir EoS)
 0: --
 0:    PR
 0: /
 0: 
 0: NCOMPS
 0: --
 0: -- Number of Components
 0: --
 0:       10
 0: /
 0: CNAMES
 0: --
 0: -- Component Names
 0: --
 0:    'N2'
 0:    'CO2'
 0:    'C1'
 0:    'HC23'
 0:    'HC46'
 0:    'C8'
 0:    'HC13'
 0:    'HC18'
 0:    'HC26'
 0:    'HC43'
 0: /
 0: MW
 0: --
 0: -- Molecular Weights (Reservoir EoS)
 0: --
 0:  28.02 44.01 16.04 35.88 67.98 110.14 173.11 248.85 361.77 600.98 /
 0: 
 0: OMEGAA
 0: --
 0: -- EoS Omega-a Coefficient (Reservoir EoS)
 0: --
 0:  0.457235529 0.457235529 0.457235529 0.457235529 0.457235529
 0:  0.457235529 0.457235529 0.457235529 0.457235529 0.457235529 /
 0: 
 0: OMEGAB
 0: --
 0: -- EoS Omega-b Coefficient (Reservoir EoS)
 0: --
 0:  0.077796074 0.077796074 0.077796074 0.077796074 0.077796074
 0:  0.077796074 0.077796074 0.077796074 0.077796074 0.077796074
 0: /
 0: 
 0: -- Units: K
 0: TCRIT
 0: --
 0: -- Critical Temperatures (Reservoir EoS)
 0: --
 0:  126.200003343158 304.200008058548 186.55556049759 338.000008953942 456.000012079875
 0:  575.000015232299 666.000017642975 735.000019470851 807.0000213782 914.000024212732
 0: /
 0: 
 0: -- Units: bar
 0: PCRIT
 0: --
 0: -- Critical Pressures (Reservoir EoS)
 0: --
 0:  33.9430028103076 73.863780033887 46.2019219646296 44.816071149096 34.7669290414333
 0:  30.4128753597942 22.601089419498 16.3957872603924 11.9969175076042 10.1629059805796
 0: /
 0: 
 0: -- Units: m3 /kg-mole
 0: VCRIT
 0: --
 0: -- Critical Volumes (Reservoir EoS)
 0: --
 0:  0.0898936869509808 0.0938218386122395 0.0967201806287312 0.173068367675218 0.289308675900488
 0:  0.485100788462376 0.789888125275783 1.20201663951134 1.80311983763573 2.41073246893478
 0: /
 0: 
 0: ZCRIT
 0: --
 0: -- Critical Z-Factors (Reservoir EoS)
 0: --
 0:  0.2908 0.274 0.2881 0.276 0.2653
 0:  0.3086 0.3224 0.3225 0.3224 0.3224
 0: /
 0: 
 0: ACF
 0: --
 0: -- Acentric Factors (Reservoir EoS)
 0: --
 0:  0.04 0.22 0.01 0.12 0.23 0.42 0.71 0.98 1.27 1.67
 0: /
 0: 
 0: BIC
 0: --
 0: -- Binary Interaction Coefficients (Reservoir EoS)
 0: --
 0:        0
 0:     0.02    0.12
 0:     0.06    0.15       0
 0:     0.08    0.15       0       0
 0:     0.08    0.15       0       0       0
 0:     0.08    0.18       0       0       0       0
 0:     0.09     0.2       0       0       0       0       0
 0:     0.09     0.2       0       0       0       0       0       0
 0:     0.09     0.2       0       0       0       0       0       0       0
 0: /
 0: 
 0: PARACHOR
 0: --
 0: -- Component Parachors
 0: --
 0:  60 60 74.9119992351532 130.463998289108 220.343996758461 338.391994748116
 0:  458.645085296631 640.496831274033 919.033211774826 1509.08535116196
 0: /
 0: 
 0: -- Units: m3 /kg-mole
 0: VCRITVIS
 0: --
 0: -- Critical Volumes for Viscosity Calc (Reservoir EoS)
 0: --
 0:  0.0898936869509808 0.0938218386122395 0.0967201806287312 0.173068367675218 0.289308675900488
 0:  0.485100788462376 0.789888125275783 1.20201663951134 1.80311983763573 2.41073246893478
 0: /
 0: 
 0: ZCRITVIS
 0: --
 0: -- Critical Z-Factors for Viscosity Calculation (Reservoir EoS)
 0: --
 0:  0.2908 0.274 0.2881 0.276 0.2653 0.3086 0.3224 0.3225 0.3224 0.3224 /
 0: 
 0: LBCCOEF
 0: --
 0: -- Lorentz-Bray-Clark Viscosity Correlation Coefficients
 0: --
 0:     0.1023 0.023364 0.058533 -0.040758 0.0093324
 0: /
 0: 
 0: ZMFVD
 0:   100.0 0.0069 0.0314 0.5280 0.1515 0.0703
 0:         0.0867 0.0529 0.0340 0.0238 0.0145
 0: 10000.0 0.0069 0.0314 0.5280 0.1515 0.0703
 0:         0.0867 0.0529 0.0340 0.0238 0.0145  /
 0: 
 0: SOLUTION    ============================================================
 0: --          This section defines the initial conditions in the field.
 0: --          ------------------------------------------------------------
 0: 
 0: -- SET THE EQUILIBRATION DATA
 0: --
 0: --   DATUM  DATUM   OWC    OWC    GOC    GOC   RSVD   RVVD   SOLN
 0: --   DEPTH  PRESS  DEPTH   PCOW  DEPTH   PCOG  TABLE  TABLE  METH  CEO
 0: 
 0: EQUIL
 0:      100    20       50    0.0      20    0     1*      1*    0   1    /
 0: 
 0: 
 0: STRESBC
 0: -- I-
 0: 'I+' 2 3* 0  / --Normal displacements 0
 0: 'I-' 2 3* 0  / --Normal displacements 0
 0: 
 0: -- J-
 0: 'J+' 2 3* 0  / --Normal displacements 0
 0: 'J-' 2 3* 0  / --Normal displacements 0
 0: 
 0: -- K-
 0: 'K-' 1 -30 / --Load on top surface
 0: /
 0: 
 0: RPTRST
 0: 'BASIC=2' TOTSTRES STRAIN  DROCKDISP  PRSTRESS EFFSTRES    /
 0: 
 0: SUMMARY
 0: 
 0: ALL
 0: FPR
 0: 
 0: RPTONLY
 0: RUNSUM
 0: MSUMLINS
 0: MSUMNEWT
 0: SCHEDULE  =============================================================
 0: 
 0: WELSPECS
 0: P11	1*	1	1	1*   WATER	/
 0: /
 0: 
 0: COMPDAT
 0: P11	2*	1	1	OPEN	2* 	1	/
 0: /
 0: 
 0: -- Remove excess water that moves to top of model due to consolidation
 0: WCONPROD
 0: 'P11' OPEN BHP 5* 10 /
 0: /
 0: 
 0: TSTEP
 0: 50*3 25*30 /
 0: 
 0: RPTSCHED
 0: DROCKDISP EFFSTRES PRESSURE TOTSTRES /
 0: 

 @--WARNING  AT TIME        0.0   DAYS    ( 1-JAN-   0):
 @           UNRECOGNISED MNEMONIC DROCKDISP        IN DATA                  
 @           FOR KEYWORD RPTSCHED IS IGNORED                                 

 @--WARNING  AT TIME        0.0   DAYS    ( 1-JAN-   0):
 @           UNRECOGNISED MNEMONIC EFFSTRES         IN DATA                  
 @           FOR KEYWORD RPTSCHED IS IGNORED                                 

 @--WARNING  AT TIME        0.0   DAYS    ( 1-JAN-   0):
 @           UNRECOGNISED MNEMONIC TOTSTRES         IN DATA                  
 @           FOR KEYWORD RPTSCHED IS IGNORED                                 
 0: TSTEP
 0: 50 /
 0: 
 0: RPTSCHED
 0: /
 0: TSTEP
 0: 50 9*100 99 50 /
 0: 
 0: RPTSCHED
 0: DROCKDISP EFFSTRES PRESSURE TOTSTRES /
 0: 

 @--WARNING  AT TIME        0.0   DAYS    ( 1-JAN-   0):
 @           UNRECOGNISED MNEMONIC DROCKDISP        IN DATA                  
 @           FOR KEYWORD RPTSCHED IS IGNORED                                 

 @--WARNING  AT TIME        0.0   DAYS    ( 1-JAN-   0):
 @           UNRECOGNISED MNEMONIC EFFSTRES         IN DATA                  
 @           FOR KEYWORD RPTSCHED IS IGNORED                                 

 @--WARNING  AT TIME        0.0   DAYS    ( 1-JAN-   0):
 @           UNRECOGNISED MNEMONIC TOTSTRES         IN DATA                  
 @           FOR KEYWORD RPTSCHED IS IGNORED                                 
 0: TSTEP
 0: 1 /
 0: 
 0: END
 0: 
 0: 

 ******** END OF INPUT DATA FOR RUN GEOMECH_TERZAGHI

 @--WARNING  AT TIME        0.0   DAYS    ( 1-JAN-   0):
 @           SPURIOUS DATA BEFORE RUNSPEC  KEYWORD                           
 @           /                                                               
     1 READING RUNSPEC 
     2 READING AIM     

 @--WARNING  AT TIME        0.0   DAYS    ( 1-JAN-   0):
 @           AIM      METHOD IS NOT AVAILABLE IN ECLIPSE 100                 
 @           CHOICES ARE FULLY IMPLICIT (DEFAULT) OR IMPES                   
     3 READING METRIC  
     4 READING OIL     
     5 READING WATER   
     6 READING GAS     
     7 READING NUMRES  
     8 READING GEOMECH 

 @--  ERROR  AT TIME        0.0   DAYS    ( 1-JAN-   0):
 @           UNRECOGNISED KEYWORD GEOMECH  IN RUNSPEC DATA                   

 @--WARNING  AT TIME        0.0   DAYS    ( 1-JAN-   0):
 @           SPURIOUS DATA BEFORE COMPS    KEYWORD                           
 @            1* T 'FE' RVBAL INIT /                                         
     9 READING COMPS   

 @--  ERROR  AT TIME        0.0   DAYS    ( 1-JAN-   0):
 @           UNRECOGNISED KEYWORD COMPS    IN RUNSPEC DATA                   

 @--WARNING  AT TIME        0.0   DAYS    ( 1-JAN-   0):
 @           SPURIOUS DATA BEFORE TABDIMS  KEYWORD                           
 @           10 /                                                            
    10 READING TABDIMS 
    11 READING DIMENS  
    12 READING WELLDIMS
    13 READING TITLE   
    14 READING START   
    15 READING UNIFOUT 
    16 READING GRID    

 @--MESSAGE  AT TIME        0.0   DAYS    ( 1-JAN-1990):
 @           CHECKING FOR LICENSES                                           

 @--  ERROR  AT TIME        0.0   DAYS    ( 1-JAN-1990):
 @           LICENSE FAILURE: ERROR NUMBER IS -1                             

 Error summary 
 Comments               0
 Warnings               4
 Problems               0
 Errors                 3
 Bugs                   0
 Final cpu       0.00 elapsed       0.00
