


 $$$$$   $$$   $      $$$  $$$$    $$$   $$$$$     $    $$$    $$$ 
 $      $   $  $       $   $   $  $   $  $        $$   $   $  $   $
 $      $      $       $   $   $  $      $         $   $   $  $   $
 $$$$   $      $       $   $$$$    $$$   $$$$      $   $   $  $   $
 $      $      $       $   $          $  $         $   $   $  $   $
 $      $   $  $       $   $      $   $  $         $   $   $  $   $
 $$$$$   $$$   $$$$$  $$$  $       $$$   $$$$$    $$$   $$$    $$$ 



                       $$$$$   $$$   $      $$$  $$$$    $$$   $$$$$     $    $$$    $$$ 
                       $      $   $  $       $   $   $  $   $  $        $$   $   $  $   $
                       $      $      $       $   $   $  $      $         $   $   $  $   $
                       $$$$   $      $       $   $$$$    $$$   $$$$      $   $   $  $   $
                       $      $      $       $   $          $  $         $   $   $  $   $
                       $      $   $  $       $   $      $   $  $         $   $   $  $   $
                       $$$$$   $$$   $$$$$  $$$  $       $$$   $$$$$    $$$   $$$    $$$ 



                                             $$$$$   $$$   $      $$$  $$$$    $$$   $$$$$     $    $$$    $$$ 
                                             $      $   $  $       $   $   $  $   $  $        $$   $   $  $   $
                                             $      $      $       $   $   $  $      $         $   $   $  $   $
                                             $$$$   $      $       $   $$$$    $$$   $$$$      $   $   $  $   $
                                             $      $      $       $   $          $  $         $   $   $  $   $
                                             $      $   $  $       $   $      $   $  $         $   $   $  $   $
                                             $$$$$   $$$   $$$$$  $$$  $       $$$   $$$$$    $$$   $$$    $$$ 



                                                                   $$$$$   $$$   $      $$$  $$$$    $$$   $$$$$     $    $$$    $$$ 
                                                                   $      $   $  $       $   $   $  $   $  $        $$   $   $  $   $
                                                                   $      $      $       $   $   $  $      $         $   $   $  $   $
                                                                   $$$$   $      $       $   $$$$    $$$   $$$$      $   $   $  $   $
                                                                   $      $      $       $   $          $  $         $   $   $  $   $
                                                                   $      $   $  $       $   $      $   $  $         $   $   $  $   $
                                                                   $$$$$   $$$   $$$$$  $$$  $       $$$   $$$$$    $$$   $$$    $$$ 
 
 Version =  2009.1
 Arch    =  PC WINDOWS (32 bit)
Annex    | Modification date    | Update date          | baseline             
=====    | =================    | ===========          | ========             
ECLIPSE  | 27-APR-2009 16:22:47 | 27-APR-2009 19:37:10 | S:\2009.1_w18i
system   | 22-APR-2009 14:52:01 | 25-APR-2009 05:27:35 | S:\2009.1_w18
utility  | 17-FEB-2009 08:34:11 | 25-APR-2009 05:40:00 | S:\2009.1_w18
 

1

 ******** ECHO OF INPUT DATA FOR RUN GEOMECH2LGR

 0: -- Filename: GEOMECH2LGR.DATA  updated 24th August 2005
 0: --------------------------------------------------------------------
 0: --> 3-d geomechanics test case
 0: -- Young's Modulus = 1.45*10**6 Psi
 0: -- Poisson Ratio = .4
 0: -- also the use of PERMSTAB, where injection stresses are
 0: -- substantially lowered by the permeability vs stress relationship
 0: -- LGR added over all but outer edges
 0: --------------------------------------------------------------------
 0: 
 0: RUNSPEC
 0: 
 0: AIM
 0: 
 0: FIELD
 0: 
 0: OIL
 0: WATER
 0: GAS
 0: 
 0: GEOMECH
 0: 1* T FE RMBAL INIT /
 0: 
 0: GEODIMS
 0:  1* 3 4 3 4 /
 0: 
 0: COMPS
 0: 10 /
 0: 
 0: TABDIMS
 0: 1 1 40 40 3 /
 0: 
 0: DIMENS
 0: 10 10 4 /
 0: 
 0: WELLDIMS
 0: 2 /
 0: 
 0: TITLE
 0: 3-D Geomechanics test case - 3Da
 0: 
 0: START
 0: 1 Jan 1990 /
 0: 
 0: 
 0: GRID    ================================================================
 0: 
 0: GRIDFILE
 0:  0  1 /
 0: 
 0: INIT
 0: 
 0: EQUALS
 0: DX     1000    /
 0: DY     1000 /
 0: DZ     20 /
 0: PERMX  75     /
 0: PERMY  75     /
 0: PERMZ  75     /
 0: PORO   0.33    /
 0: TOPS   7000      1  10  1  10  1  1   /
 0: /
 0: CARFIN
 0: 'LGR1'   2  9  2  9  1  4 24 24  8  4 /
 0: ENDFIN
 0: 
 0: 
 0: -- 1 GPa = 10**9 Pa
 0: -- .1 GPa = 0.1*10**9 Pa = 1.45*10**4 Psi
 0: -- 10 GPa = 10**10 Pa = 1.45*10**6 Psi
 0: 
 0: EQUALS
 0:  YOUNGMOD 1.45E6 /
 0:  POISSONR 0.4 /
 0:  ROCKDEN 128 /
 0:  BIOTC 0.95 /
 0: /
 0: 
 0: RPTGRID
 0: LIMITS  /
 0: 
 0: 
 0: PROPS    ===============================================================
 0: 
 0: SWFN
 0:   0.22  0     7
 0:   0.3   0.07  4
 0:   0.4   0.15  3
 0:   0.5   0.24  2.5
 0:   0.6   0.33  2
 0:   0.8   0.65  1
 0:   0.9   0.83  0.5
 0:   1     1     0      /
 0: 
 0: SGFN
 0:   0     0       0
 0:   0.04  0       0.2
 0:   0.1   0.022   0.5
 0:   0.2   0.1     1
 0:   0.3   0.24    1.5
 0:   0.4   0.34    2
 0:   0.5   0.42    2.5
 0:   0.6   0.5     3
 0:   0.7   0.8125  3.5
 0:   0.78  1       3.9    /
 0: 
 0: SOF3
 0: 0        0         0
 0: 0.15     0         0
 0: 0.38     0.00432   0
 0: 0.4      0.0048    0.004
 0: 0.48     0.05288   0.02
 0: 0.5      0.0649    0.036
 0: 0.58     0.11298   0.1
 0: 0.6      0.125     0.146
 0: 0.68     0.345     0.33
 0: 0.7      0.4       0.42
 0: 0.74     0.7       0.6
 0: 0.78     1         1          /
 0: 
 0: PVTW
 0: 3000  1.00341  3.0D-6  0.96  0  /
 0: 
 0: ROCK
 0: 3600    4.0D-6   /
 0: 
 0: DENSITY
 0: 1* 63.02 1* /
 0: 
 0: EOS
 0: PR /
 0: 
 0: RTEMP
 0: 284 /
 0: 
 0: STCOND
 0: 60 14.7 /
 0: 
 0: CNAMES
 0: N2     CO2    C1    HC23  HC46   C8     HC13   HC18   HC26   HC43 /
 0: 
 0: TCRIT
 0: 227.16 547.56 335.8 608.4 820.8 1035.0 1198.8 1323.0 1452.6 1645.2  /
 0: 
 0: PCRIT
 0: 492.3  1071.3 670.1 650.0 504.25 441.1  327.8 237.8 174.0 147.4   /
 0: 
 0: ZCRIT
 0: 0.2908 0.2740 0.2881 0.2760 0.2653 0.3086 0.3224 0.3225 0.3224 0.3224 /
 0: 
 0: MW
 0: 28.02 44.01  16.04  35.88  67.98 110.14 173.11 248.85 361.77 600.98 /
 0: 
 0: ACF
 0: 0.040 0.225 0.0080 0.1255 0.2325 0.4210 0.7174 0.9849 1.2737 1.6704 /
 0: 
 0: ACFS
 0: 0.04  0.22  0.01   0.12   0.23   0.42   0.71   0.98   1.27   1.67   /
 0: 
 0: BIC
 0:    0.0
 0:    0.02  0.12
 0:    0.06  0.15   0.0
 0:    0.08  0.15 2*0.0
 0:    0.08  0.15 3*0.0
 0:    0.08  0.15 4*0.0
 0:    0.08  0.15 5*0.0
 0:    0.08  0.15 6*0.0
 0:    0.08  0.15 7*0.0 /
 0: 
 0: BICS
 0:    0.0
 0:    0.02  0.12
 0:    0.06  0.15   0.0
 0:    0.08  0.15 2*0.0
 0:    0.08  0.15 3*0.0
 0:    0.08  0.18 4*0.0
 0:    0.09  0.20 5*0.0
 0:    0.09  0.20 6*0.0
 0:    0.09  0.20 7*0.0 /
 0: 
 0: ZMFVD
 0:   100.0 0.0069 0.0314 0.5280 0.1515 0.0703
 0:         0.0867 0.0529 0.0340 0.0238 0.0145
 0: 10000.0 0.0069 0.0314 0.5280 0.1515 0.0703
 0:         0.0867 0.0529 0.0340 0.0238 0.0145  /
 0: 
 0: -- constant slope extrapolation
 0: 
 0: PERMSTAB
 0:       -3000 -2000 -1000 1000 /
 0: -4000  2*1       1.1  1.3   /
 0: -3000  1*1  1.1  1.2  1.4   /
 0:  1000  1.1  1.3  1.6  1.9   /
 0: /
 0: 
 0: SOLUTION    ============================================================
 0: --          This section defines the initial conditions in the field.
 0: --          ------------------------------------------------------------
 0: 
 0: -- SET THE EQUILIBRATION DATA
 0: --
 0: --   DATUM  DATUM   OWC    OWC    GOC    GOC   RSVD   RVVD   SOLN
 0: --   DEPTH  PRESS  DEPTH   PCOW  DEPTH   PCOG  TABLE  TABLE  METH  CEO
 0: 
 0: --EQUIL
 0: --     7010   3000   9000    0.0   7010    0     1      1       0    3 /
 0: 
 0: PRESSURE
 0:  400*4000 /
 0: 
 0: SWAT
 0:  400*0.25 /
 0: 
 0: SOIL
 0:  400*0.6 /
 0: 
 0: NEI
 0:  0.1 0.1 0.1 0.1 0.1 0.1 0.1 0.1 0.1 0.1 /
 0: 
 0: TRACTBC
 0:  'I-' 1   -4786 /
 0:  'J-' 1   -4786 /
 0:  'K-' 1   -4786 /
 0: /
 0: 
 0: -- SWITCH ON OUTPUT OF INITIAL CONDITIONS
 0: 
 0: RPTRST
 0: BASIC=2  PRESSURE DROCKDISP POROSITY PRSTRESS EFFSTRES /
 0: 
 0: SUMMARY  =============================================================
 0: ALL
 0: FPR
 0: PERFORMA
 0: 
 0: RPTONLY
 0: RUNSUM
 0: SCHEDULE  =============================================================
 0: 
 0: --CVCRIT
 0: -- 8* 2 20* 0.5 /
 0: 
 0: -- Set controls on output at each report time
 0: 
 0: RPTPRINT
 0:  / --default
 0: 
 0: --SPECIFY WELLS
 0: 
 0: WELSPECS
 0:  I1   1*   1  1 1* WATER/
 0: /
 0: 
 0: WELSPECL
 0:  P1   1*  LGR1   8 8 1* OIL  /
 0: /
 0: 
 0: COMPDAT
 0:  I1 2* 1 1 OPEN /
 0: /
 0: 
 0: COMPDATL
 0: P1 LGR1 8 8  7  8  OPEN  1* 5.0  /
 0: /
 0: 
 0: 
 0: --  WELL    -LOCATION-  OPEN/  SAT  CONN  BORE
 0: --  NAME    I  J K1-K2  SHUT   TAB  FACT  DIAM
 0: 
 0: WCONPROD
 0: P1 OPEN LRAT 3* 10000 1* 1400 /
 0: /
 0: WCONINJE
 0: I1  WATER OPEN RATE 3000 1* 10000 /
 0: /
 0: 
 0: 
 0: TRACTBC
 0:  'I-' 1   -4786 /
 0:  'J-' 1   -4786 /
 0:  'K-' 1   -4786 /
 0: /
 0: 
 0: TSTEP
 0: -- for regression tests
 0:  1 10 600 600 600 600 /
 0: -- 1 10 600 600 600 600 600 1200 1200 1200 1200 1200 /
 0: 
 0: END

 ******** END OF INPUT DATA FOR RUN GEOMECH2LGR
     1 READING RUNSPEC 
     2 READING AIM     

 @--WARNING  AT TIME        0.0   DAYS    ( 1-JAN-   0):
 @           AIM      METHOD IS NOT AVAILABLE IN ECLIPSE 100                 
 @           CHOICES ARE FULLY IMPLICIT (DEFAULT) OR IMPES                   
     3 READING FIELD   
     4 READING OIL     
     5 READING WATER   
     6 READING GAS     
     7 READING GEOMECH 

 @--  ERROR  AT TIME        0.0   DAYS    ( 1-JAN-   0):
 @           UNRECOGNISED KEYWORD GEOMECH  IN RUNSPEC DATA                   

 @--WARNING  AT TIME        0.0   DAYS    ( 1-JAN-   0):
 @           SPURIOUS DATA BEFORE GEODIMS  KEYWORD                           
 @           1* T FE RMBAL INIT /                                            
     8 READING GEODIMS 

 @--  ERROR  AT TIME        0.0   DAYS    ( 1-JAN-   0):
 @           UNRECOGNISED KEYWORD GEODIMS  IN RUNSPEC DATA                   

 @--WARNING  AT TIME        0.0   DAYS    ( 1-JAN-   0):
 @           SPURIOUS DATA BEFORE COMPS    KEYWORD                           
 @            1* 3 4 3 4 /                                                   
     9 READING COMPS   

 @--  ERROR  AT TIME        0.0   DAYS    ( 1-JAN-   0):
 @           UNRECOGNISED KEYWORD COMPS    IN RUNSPEC DATA                   

 @--WARNING  AT TIME        0.0   DAYS    ( 1-JAN-   0):
 @           SPURIOUS DATA BEFORE TABDIMS  KEYWORD                           
 @           10 /                                                            
    10 READING TABDIMS 
    11 READING DIMENS  
    12 READING WELLDIMS
    13 READING TITLE   
    14 READING START   
    15 READING GRID    

 @--MESSAGE  AT TIME        0.0   DAYS    ( 1-JAN-1990):
 @           CHECKING FOR LICENSES                                           

 @--MESSAGE  AT TIME        0.0   DAYS    ( 1-JAN-1990):
 @           THE MEMORY REQUIRED TO PROCESS THE GRID SECTION IS              
 @                 2643 KBYTES                                               
    16 READING GRIDFILE

 @--MESSAGE  AT TIME        0.0   DAYS    ( 1-JAN-1990):
 @           CHECKING FOR LICENSES                                           
    17 READING INIT    
    18 READING EQUALS  
    19 READING CARFIN  
    20 READING ENDFIN  
    21 READING EQUALS  

 @--  ERROR  AT TIME        0.0   DAYS    ( 1-JAN-1990):
 @           INVALID GRID ARRAY NAME YOUNGMOD                                
 @           ON RECORD    1 FOLLOWING EQUALS   KEYWORD                       

 @--  ERROR  AT TIME        0.0   DAYS    ( 1-JAN-1990):
 @           INVALID GRID ARRAY NAME POISSONR                                
 @           ON RECORD    2 FOLLOWING EQUALS   KEYWORD                       

 @--  ERROR  AT TIME        0.0   DAYS    ( 1-JAN-1990):
 @           INVALID GRID ARRAY NAME ROCKDEN                                 
 @           ON RECORD    3 FOLLOWING EQUALS   KEYWORD                       

 @--  ERROR  AT TIME        0.0   DAYS    ( 1-JAN-1990):
 @           INVALID GRID ARRAY NAME BIOTC                                   
 @           ON RECORD    4 FOLLOWING EQUALS   KEYWORD                       
    22 READING RPTGRID 

 @--WARNING  AT TIME        0.0   DAYS    ( 1-JAN-1990):
 @           UNRECOGNISED MNEMONIC LIMITS           IN DATA                  
 @           FOR KEYWORD RPTGRID  IS IGNORED                                 
    23 READING PROPS   

 @--MESSAGE  AT TIME        0.0   DAYS    ( 1-JAN-1990):
 @           UNSPECIFIED TOPS VALUES OBTAINED BY ADDING DZ                   
 @           TO TOPS VALUE FOR LAYER ABOVE                                   

 @--MESSAGE  AT TIME        0.0   DAYS    ( 1-JAN-1990):
 @           NEITHER OLDTRAN,OLDTRANR NOR NEWTRAN SPECIFIED                  
 @           BLOCK CENTRE TRANSMISSIBILITIES TO BE CALCULATED                
 @           USING  OLDTRAN                                                  

 @--COMMENT  AT TIME        0.0   DAYS    ( 1-JAN-1990):
 @           NO NON-NEIGHBOUR CONNECTIONS IN GLOBAL GRID                     

 @--MESSAGE  AT TIME        0.0   DAYS    ( 1-JAN-1990):
 @           LGR WORKSPACE USED:                                             
 @              72973 INTEGERS,    19130 REALS   (TOTAL   444932 BYTES)      
 @           LGR WORKSPACE ALLOCATED:                                        
 @              72983 INTEGERS,    19131 REALS   (TOTAL   444980 BYTES)      
 @           MINIMUM POSSIBLE RUNSPEC VALUES IN LGR FOR THIS RUN ARE:        
 @           MAXLGR  =    1     MAXCLS  =   4608                             
 @           NOTE: NO. OF CELLS IN ANY LOCAL GRID CANNOT EXCEED MAXCLS       

 @--MESSAGE  AT TIME        0.0   DAYS    ( 1-JAN-1990):
 @           NUMBER OF ACTIVE GLOBAL CELLS IS 400                            
 @           NUMBER OF ACTIVE  LOCAL CELLS IS 4608                           
 @            TOTAL NUMBER OF ACTIVE CELLS IS 5008                           

 @--MESSAGE  AT TIME        0.0   DAYS    ( 1-JAN-1990):
 @           ADDITIONAL     2.196 MEGABYTES REQUIRED FOR SIMULATION          

 @--MESSAGE  AT TIME        0.0   DAYS    ( 1-JAN-1990):
 @           THE MEMORY REQUIRED TO PROCESS THE SOLUTION SECTION IS          
 @                10666 KBYTES                                               

 @--MESSAGE  AT TIME        0.0   DAYS    ( 1-JAN-1990):
 @              58553 CHARACTER VARIABLES USED                               
    24 READING SWFN    
    25 READING SGFN    
    26 READING SOF3    
    27 READING PVTW    
    28 READING ROCK    
    29 READING DENSITY 

 @--  ERROR  AT TIME        0.0   DAYS    ( 1-JAN-1990):
 @           SURFACE DENSITY OF OIL IN DENSITY TABLE   1                     
 @           IS ZERO OR NEGATIVE (=     0.00000)                             

 @--  ERROR  AT TIME        0.0   DAYS    ( 1-JAN-1990):
 @           SURFACE DENSITY OF GAS IN DENSITY TABLE   1                     
 @           IS ZERO OR NEGATIVE (=     0.00000)                             
    30 READING EOS     

 @--  ERROR  AT TIME        0.0   DAYS    ( 1-JAN-1990):
 @           UNRECOGNISED KEYWORD EOS      IN PROPERTY DATA                  
    31 READING PR /    

 @--  ERROR  AT TIME        0.0   DAYS    ( 1-JAN-1990):
 @           UNRECOGNISED KEYWORD PR /     IN PROPERTY DATA                  

 @--ERROR  RUN STOPPED BECAUSE NUMBER OF   ERRORS
 @         EXCEEDS MAXIMUM PERMITTED VALUE (    10).
 @         SEE MESSAGES KEYWORD.

 Error summary 
 Comments               1
 Warnings               5
 Problems               0
 Errors                12
 Bugs                   0
 Final cpu       0.00 elapsed       0.00
