


 $$$$$   $$$   $      $$$  $$$$    $$$   $$$$$     $    $$$    $$$ 
 $      $   $  $       $   $   $  $   $  $        $$   $   $  $   $
 $      $      $       $   $   $  $      $         $   $   $  $   $
 $$$$   $      $       $   $$$$    $$$   $$$$      $   $   $  $   $
 $      $      $       $   $          $  $         $   $   $  $   $
 $      $   $  $       $   $      $   $  $         $   $   $  $   $
 $$$$$   $$$   $$$$$  $$$  $       $$$   $$$$$    $$$   $$$    $$$ 



                       $$$$$   $$$   $      $$$  $$$$    $$$   $$$$$     $    $$$    $$$ 
                       $      $   $  $       $   $   $  $   $  $        $$   $   $  $   $
                       $      $      $       $   $   $  $      $         $   $   $  $   $
                       $$$$   $      $       $   $$$$    $$$   $$$$      $   $   $  $   $
                       $      $      $       $   $          $  $         $   $   $  $   $
                       $      $   $  $       $   $      $   $  $         $   $   $  $   $
                       $$$$$   $$$   $$$$$  $$$  $       $$$   $$$$$    $$$   $$$    $$$ 



                                             $$$$$   $$$   $      $$$  $$$$    $$$   $$$$$     $    $$$    $$$ 
                                             $      $   $  $       $   $   $  $   $  $        $$   $   $  $   $
                                             $      $      $       $   $   $  $      $         $   $   $  $   $
                                             $$$$   $      $       $   $$$$    $$$   $$$$      $   $   $  $   $
                                             $      $      $       $   $          $  $         $   $   $  $   $
                                             $      $   $  $       $   $      $   $  $         $   $   $  $   $
                                             $$$$$   $$$   $$$$$  $$$  $       $$$   $$$$$    $$$   $$$    $$$ 



                                                                   $$$$$   $$$   $      $$$  $$$$    $$$   $$$$$     $    $$$    $$$ 
                                                                   $      $   $  $       $   $   $  $   $  $        $$   $   $  $   $
                                                                   $      $      $       $   $   $  $      $         $   $   $  $   $
                                                                   $$$$   $      $       $   $$$$    $$$   $$$$      $   $   $  $   $
                                                                   $      $      $       $   $          $  $         $   $   $  $   $
                                                                   $      $   $  $       $   $      $   $  $         $   $   $  $   $
                                                                   $$$$$   $$$   $$$$$  $$$  $       $$$   $$$$$    $$$   $$$    $$$ 
 
 Version =  2009.1
 Arch    =  PC WINDOWS (32 bit)
Annex    | Modification date    | Update date          | baseline             
=====    | =================    | ===========          | ========             
ECLIPSE  | 27-APR-2009 16:22:47 | 27-APR-2009 19:37:10 | S:\2009.1_w18i
system   | 22-APR-2009 14:52:01 | 25-APR-2009 05:27:35 | S:\2009.1_w18
utility  | 17-FEB-2009 08:34:11 | 25-APR-2009 05:40:00 | S:\2009.1_w18
 

1

 ******** ECHO OF INPUT DATA FOR RUN KVTABCN

 0: -- This data file tests K-value dependence on composition (2008.1 feature).
 0: 
 0: RUNSPEC   ==============================================================
 0: 
 0: FIELD
 0: 
 0: OIL
 0: WATER
 0: GAS
 0: 
 0: COMPS
 0: 6 /
 0: 
 0: TABDIMS
 0: 2 1 40 40 19* 2 /
 0: 
 0: DIMENS
 0: 7 7 3 /
 0: 
 0: EQLDIMS
 0: 1 20 /
 0: 
 0: WELLDIMS
 0: 2 2 /
 0: 
 0: START
 0: 1 Jan 1990 /
 0: 
 0: UNIFOUT
 0: 
 0: KVALUES
 0: 
 0: GRID    ================================================================
 0: 
 0: INIT
 0: 
 0: DXV
 0: 7*500 /
 0: 
 0: DYV
 0: 7*500 /
 0: 
 0: DZV
 0: 20 30 50 /
 0: 
 0: TOPS
 0: 49*8325 49*8345 49*8375 /
 0: 
 0: PORO
 0: 147*0.3  /
 0: 
 0: PERMX
 0: 49*500 49*50 49*200 /
 0: 
 0: PERMY
 0: 49*500 49*50 49*200 /
 0: 
 0: PERMZ
 0: 49*50 49*50 49*25 /
 0: 
 0: PROPS     ============================================================
 0: 
 0: EOS
 0: PR /
 0: 
 0: PRCORR
 0: 
 0: RTEMP
 0: 160 /
 0: 
 0: STCOND
 0: 60 14.7 /
 0: 
 0: CNAMES
 0: C1
 0: C3
 0: C6
 0: C10
 0: C15
 0: C20
 0: /
 0: 
 0: TCRIT
 0:  343.0
 0:  665.7
 0:  913.4
 0: 1111.8
 0: 1270.0
 0: 1380.0
 0: /
 0: 
 0: PCRIT
 0: 667.8
 0: 616.3
 0: 436.9
 0: 304.0
 0: 200.0
 0: 162.0
 0: /
 0: 
 0: ZCRIT
 0: 0.290
 0: 0.277
 0: 0.264
 0: 0.257
 0: 0.245
 0: 0.235
 0: /
 0: 
 0: MW
 0:  16.04
 0:  44.10
 0:  86.18
 0: 149.29
 0: 206.00
 0: 282.00
 0: /
 0: 
 0: ACF
 0: 0.013
 0: 0.1524
 0: 0.3007
 0: 0.4885
 0: 0.6500
 0: 0.8500
 0: /
 0: 
 0: BIC
 0:    0.0
 0:    0.0    0.0
 0:    0.0    0.0    0.0
 0:    0.05   0.005  0.0     0.0
 0:    0.05   0.005  0.0     0.0     0.0 /
 0: 
 0: -- KVTABLE to control liquid-vapor equilibrium. Used instead of EOS to obtain the composition of
 0: -- the liquid and vapor HC phases in a cell and split of the total moles in the cell between the phases.
 0: -- KValue is Kc=Yc/Xc (mole fractions of components in vapor and liquid phases)
 0: 
 0: KVTABC1
 0: -- enables K-values to be entered to control liquid-vapor phase equilibrium at differing composiitons.
 0: -- the compositions are specified as a mole fraction of a nominated component using KVMF and KVCOMP
 0: -- 1st column is pressure, the remaining are the K-values for each component at these pressures.
 0: 1000.0  4.40  2.10  0.26 0.03 0.002 0.00003
 0: 2000.0  2.47  1.40  0.30 0.06 0.010 0.00049
 0: 3000.0  1.76  1.20  0.41 0.14 0.044 0.00622
 0: 4000.0  1.30  1.05  0.64 0.39 0.226 0.09297
 0: 5000.0  1.27  1.02  0.81 0.65 0.509 0.34538
 0: 6000.0  1.11  1.01  0.83 0.67 0.545 0.38760 /
 0: 
 0: KVTABC2
 0: 1000.0  8.80  4.20  0.52 0.06 0.004 0.00006
 0: 2000.0  4.94  2.80  0.60 0.12 0.020 0.00098
 0: 3000.0  3.52  2.40  0.82 0.28 0.088 0.01244
 0: 4000.0  2.60  2.10  1.28 0.78 0.452 0.18594
 0: 5000.0  1.54  2.04  1.62 1.30 1.018 0.69076
 0: 6000.0  2.22  2.02  1.66 1.34 1.090 0.77520 /
 0: 
 0: 
 0: KVCOMP
 0: -- specifies the component for which K-value tables are interpolated. The K-value tables are specified with the KVTABCn
 0: -- and the corresponding interpolation points using the KVMF keyword.
 0: 1 /
 0: 
 0: KVMF
 0: -- specifies the mole fraction of the nominated component at which K-value tables are available.
 0: 0.0 1.0 /
 0: 
 0: 
 0: STONE
 0: 
 0: SWFN
 0:     0.2    0.0    45.0
 0:     1.0    1.0     0.0 /
 0:     0.2    0.0    45.0
 0:     1.0    1.0     0.0 /
 0: 
 0: SGFN
 0:     0.00   0.000   0.0
 0:     0.80   1.0    30.0 /
 0:     0.00   0.000   0.0
 0:     0.80   1.0    30.0 /
 0: 
 0: SOF3
 0:     0.00   0.0     0.0
 0:     0.80   1.0     1.0    /
 0:     0.00   0.0     0.0
 0:     0.80   1.0     1.0    /
 0: 
 0: 
 0: ROCKTAB
 0:  1000.0 1.0   1.0
 0:  2000.0 1.005 1.0
 0:  3000.0 1.010 1.0
 0:  4000.0 1.015 1.0
 0:  5000.0 1.020 1.0
 0:  6000.0 1.025 1.0
 0:  7000.0 1.030 1.0
 0:  8000.0 1.035 1.0
 0:  9000.0 1.040 1.0
 0: 10000.0 1.045 1.0 /
 0: 
 0: WATERTAB
 0: -- Water Pressure Table
 0: -- Pressure    WatFVF    Visc
 0:    1000.0     1.0099     0.70
 0:    4000.0     1.0000     0.70
 0:    9000.0     0.9835     0.70 /
 0: 
 0: --Specify initial liquid composition
 0: 
 0: ZMFVD
 0: -- Total composition with respect to depth
 0: -- Depth   Total Phase mole fractions
 0:    1000.0  0.0 0.2 0.2 0.2 0.2 0.2
 0:    10000.0 0.0 0.2 0.2 0.2 0.2 0.2 /
 0: 
 0: --Surface densities : only the water value is used
 0: 
 0: DENSITY
 0: 1* 62.4 1* /
 0: 
 0: REGIONS
 0: 
 0: SATNUM
 0: 49*1 98*2 /
 0: 
 0: SOLUTION   =============================================================
 0: 
 0: --Request initial state solution output
 0: 
 0: 
 0: EQUIL
 0: 8400 4000 9000 0 7000 0 1 1 0  /
 0: 
 0: RPTRST
 0: BASIC=2 KRG KRO KRW SGAS SOIL SWAT AMF XMF YMF BVMR BPR/
 0: 
 0: RPTSOL
 0:  AMF XMF YMF BXMF BYMF BVMR BPR/
 0: 

 @--WARNING  AT TIME        0.0   DAYS    ( 1-JAN-   0):
 @           UNRECOGNISED MNEMONIC AMF              IN DATA                  
 @           FOR KEYWORD RPTSOL   IS IGNORED                                 

 @--WARNING  AT TIME        0.0   DAYS    ( 1-JAN-   0):
 @           UNRECOGNISED MNEMONIC XMF              IN DATA                  
 @           FOR KEYWORD RPTSOL   IS IGNORED                                 

 @--WARNING  AT TIME        0.0   DAYS    ( 1-JAN-   0):
 @           UNRECOGNISED MNEMONIC YMF              IN DATA                  
 @           FOR KEYWORD RPTSOL   IS IGNORED                                 

 @--WARNING  AT TIME        0.0   DAYS    ( 1-JAN-   0):
 @           UNRECOGNISED MNEMONIC BXMF             IN DATA                  
 @           FOR KEYWORD RPTSOL   IS IGNORED                                 

 @--WARNING  AT TIME        0.0   DAYS    ( 1-JAN-   0):
 @           UNRECOGNISED MNEMONIC BYMF             IN DATA                  
 @           FOR KEYWORD RPTSOL   IS IGNORED                                 

 @--WARNING  AT TIME        0.0   DAYS    ( 1-JAN-   0):
 @           UNRECOGNISED MNEMONIC BVMR             IN DATA                  
 @           FOR KEYWORD RPTSOL   IS IGNORED                                 

 @--WARNING  AT TIME        0.0   DAYS    ( 1-JAN-   0):
 @           UNRECOGNISED MNEMONIC BPR              IN DATA                  
 @           FOR KEYWORD RPTSOL   IS IGNORED                                 
 0: SUMMARY    =============================================================
 0: 
 0: --Request field GOR, water cut oil rate and total, gas rate
 0: 
 0: BYMF
 0: 2 5 1 1/
 0: 2 5 1 2/
 0: 2 5 1 3/
 0: 2 5 1 4/
 0: 2 5 1 5/
 0: 2 5 1 6/
 0: /
 0: 
 0: BXMF
 0: 2 5 1 1/
 0: 2 5 1 2/
 0: 2 5 1 3/
 0: 2 5 1 4/
 0: 2 5 1 5/
 0: 2 5 1 6/
 0: /
 0: 
 0: BVMF
 0: 2 5 1 1/
 0: 2 5 1 2/
 0: 2 5 1 3/
 0: 2 5 1 4/
 0: 2 5 1 5/
 0: 2 5 1 6/
 0: /
 0: 
 0: BPR
 0: 2 5 1 1/
 0: 2 5 1 2/
 0: 2 5 1 3/
 0: 2 5 1 4/
 0: 2 5 1 5/
 0: 2 5 1 6/
 0: /
 0: 
 0: WCMPR
 0: 'P' 1/
 0: 'P' 2/
 0: 'P' 3/
 0: 'P' 4/
 0: 'P' 5/
 0: 'P' 6/
 0: /
 0: 
 0: ALL
 0: PERFORMA
 0: 
 0: RUNSUM
 0: SEPARATE
 0: 
 0: RPTONLY
 0: SCHEDULE    ==========================================================
 0: 
 0: 
 0: RPTRST
 0: BASIC=6 KRG KRO KRW SGAS SOIL SWAT XMF YMF AMF BXMF BYMF BVMF BPR/
 0: 
 0: RPTSCHED
 0:  AMF XMF YMF BXMF BYMF BVMR BPR/
 0: 
 0: 

 @--WARNING  AT TIME        0.0   DAYS    ( 1-JAN-   0):
 @           UNRECOGNISED MNEMONIC AMF              IN DATA                  
 @           FOR KEYWORD RPTSCHED IS IGNORED                                 

 @--WARNING  AT TIME        0.0   DAYS    ( 1-JAN-   0):
 @           UNRECOGNISED MNEMONIC XMF              IN DATA                  
 @           FOR KEYWORD RPTSCHED IS IGNORED                                 

 @--WARNING  AT TIME        0.0   DAYS    ( 1-JAN-   0):
 @           UNRECOGNISED MNEMONIC YMF              IN DATA                  
 @           FOR KEYWORD RPTSCHED IS IGNORED                                 

 @--WARNING  AT TIME        0.0   DAYS    ( 1-JAN-   0):
 @           UNRECOGNISED MNEMONIC BXMF             IN DATA                  
 @           FOR KEYWORD RPTSCHED IS IGNORED                                 

 @--WARNING  AT TIME        0.0   DAYS    ( 1-JAN-   0):
 @           UNRECOGNISED MNEMONIC BYMF             IN DATA                  
 @           FOR KEYWORD RPTSCHED IS IGNORED                                 

 @--WARNING  AT TIME        0.0   DAYS    ( 1-JAN-   0):
 @           UNRECOGNISED MNEMONIC BVMR             IN DATA                  
 @           FOR KEYWORD RPTSCHED IS IGNORED                                 

 @--WARNING  AT TIME        0.0   DAYS    ( 1-JAN-   0):
 @           UNRECOGNISED MNEMONIC BPR              IN DATA                  
 @           FOR KEYWORD RPTSCHED IS IGNORED                                 
 0: WELSPECS
 0: P  FIELD 7 7 8400 OIL /
 0: I  FIELD 1 1 8335 GAS /
 0: /
 0: 
 0: COMPDAT
 0: P 7 7 3 3 1* 1 1* 0.5 /
 0: I 1 1 3 3 OPEN 1 1* 0.5 /
 0: /
 0: 
 0: WCONPROD
 0: P OPEN ORAT 12000 4* 1000 /
 0: /
 0: 
 0: WELLSTRE
 0: SOLVENT 1.0 0.0 0.0 0.0 0.0 0.0 /
 0: /
 0: 
 0: WCONINJE
 0: I GAS OPEN RATE 12000 /
 0: /
 0: 
 0: WINJGAS
 0: I STREAM SOLVENT /
 0: /
 0: 
 0: TUNING
 0: 1 1 0.1 1* 3 0.3 2* 0.75 /
 0: 4* 10 /
 0: 12 1 25 1 3* 1E6 /
 0: 
 0: TSTEP
 0: 150*10 /
 0: 
 0: END

 ******** END OF INPUT DATA FOR RUN KVTABCN
     1 READING RUNSPEC 
     2 READING FIELD   
     3 READING OIL     
     4 READING WATER   
     5 READING GAS     
     6 READING COMPS   

 @--  ERROR  AT TIME        0.0   DAYS    ( 1-JAN-   0):
 @           UNRECOGNISED KEYWORD COMPS    IN RUNSPEC DATA                   

 @--WARNING  AT TIME        0.0   DAYS    ( 1-JAN-   0):
 @           SPURIOUS DATA BEFORE TABDIMS  KEYWORD                           
 @           6 /                                                             
     7 READING TABDIMS 
     8 READING DIMENS  
     9 READING EQLDIMS 
    10 READING WELLDIMS
    11 READING START   
    12 READING UNIFOUT 
    13 READING KVALUES 

 @--  ERROR  AT TIME        0.0   DAYS    ( 1-JAN-1990):
 @           UNRECOGNISED KEYWORD KVALUES  IN RUNSPEC DATA                   
    14 READING GRID    

 @--MESSAGE  AT TIME        0.0   DAYS    ( 1-JAN-1990):
 @           CHECKING FOR LICENSES                                           

 @--  ERROR  AT TIME        0.0   DAYS    ( 1-JAN-1990):
 @           LICENSE FAILURE: ERROR NUMBER IS -1                             

 Error summary 
 Comments               0
 Warnings               1
 Problems               0
 Errors                 3
 Bugs                   0
 Final cpu       0.00 elapsed       0.00
