


 $$$$$   $$$   $      $$$  $$$$    $$$   $$$$$     $    $$$    $$$ 
 $      $   $  $       $   $   $  $   $  $        $$   $   $  $   $
 $      $      $       $   $   $  $      $         $   $   $  $   $
 $$$$   $      $       $   $$$$    $$$   $$$$      $   $   $  $   $
 $      $      $       $   $          $  $         $   $   $  $   $
 $      $   $  $       $   $      $   $  $         $   $   $  $   $
 $$$$$   $$$   $$$$$  $$$  $       $$$   $$$$$    $$$   $$$    $$$ 



                       $$$$$   $$$   $      $$$  $$$$    $$$   $$$$$     $    $$$    $$$ 
                       $      $   $  $       $   $   $  $   $  $        $$   $   $  $   $
                       $      $      $       $   $   $  $      $         $   $   $  $   $
                       $$$$   $      $       $   $$$$    $$$   $$$$      $   $   $  $   $
                       $      $      $       $   $          $  $         $   $   $  $   $
                       $      $   $  $       $   $      $   $  $         $   $   $  $   $
                       $$$$$   $$$   $$$$$  $$$  $       $$$   $$$$$    $$$   $$$    $$$ 



                                             $$$$$   $$$   $      $$$  $$$$    $$$   $$$$$     $    $$$    $$$ 
                                             $      $   $  $       $   $   $  $   $  $        $$   $   $  $   $
                                             $      $      $       $   $   $  $      $         $   $   $  $   $
                                             $$$$   $      $       $   $$$$    $$$   $$$$      $   $   $  $   $
                                             $      $      $       $   $          $  $         $   $   $  $   $
                                             $      $   $  $       $   $      $   $  $         $   $   $  $   $
                                             $$$$$   $$$   $$$$$  $$$  $       $$$   $$$$$    $$$   $$$    $$$ 



                                                                   $$$$$   $$$   $      $$$  $$$$    $$$   $$$$$     $    $$$    $$$ 
                                                                   $      $   $  $       $   $   $  $   $  $        $$   $   $  $   $
                                                                   $      $      $       $   $   $  $      $         $   $   $  $   $
                                                                   $$$$   $      $       $   $$$$    $$$   $$$$      $   $   $  $   $
                                                                   $      $      $       $   $          $  $         $   $   $  $   $
                                                                   $      $   $  $       $   $      $   $  $         $   $   $  $   $
                                                                   $$$$$   $$$   $$$$$  $$$  $       $$$   $$$$$    $$$   $$$    $$$ 
 
 Version =  2009.1
 Arch    =  PC WINDOWS (32 bit)
Annex    | Modification date    | Update date          | baseline             
=====    | =================    | ===========          | ========             
ECLIPSE  | 27-APR-2009 16:22:47 | 27-APR-2009 19:37:10 | S:\2009.1_w18i
system   | 22-APR-2009 14:52:01 | 25-APR-2009 05:27:35 | S:\2009.1_w18
utility  | 17-FEB-2009 08:34:11 | 25-APR-2009 05:40:00 | S:\2009.1_w18
 

1

 ******** ECHO OF INPUT DATA FOR RUN OPTIM_BO_WBHP

 0: -- optimzation - Maximising the oil production by adjusting well BHP
 0: --
 0: ------------------------------------------------------------------------------------------
 0: -- Filename: h200.data  Tuesday, February 15, 2005
 0: --
 0: ------------------------------------------------------------------------------------------
 0: -- h200.dat
 0: RUNSPEC
 0: TITLE
 0:             Applied Reservoir Simulation Oil Field Problem
 0: FULLIMP
 0: RESOPT
 0: DIMENS
 0: -- nr   ntheta   nz
 0:    24     1       24  /
 0: 
 0: RADIAL
 0: 
 0: -- phases present
 0: OIL
 0: 
 0: WATER
 0: 
 0: GAS
 0: 
 0: DISGAS
 0: 
 0: -- field units
 0: FIELD
 0: 
 0: EQLDIMS
 0: -- num num   max    max    max
 0: -- equ depth nodes  tab   tracer
 0: -- reg nodes VD tab tracer nodes
 0:     1  100     10    1      20 /
 0: 
 0: TABDIMS
 0: -- num num  max  max     max   max
 0: -- sat pvt  sat press    fip   Rs
 0: -- tab tab nodes nodes regions nodes
 0:     1    1   19   15      15   15 /
 0: 
 0: REGDIMS
 0: -- max  sets max  max
 0: -- fip  fip  res  flux
 0: -- reg  reg  reg  reg
 0:     1    1    0    0    /
 0: 
 0: WELLDIMS
 0: -- max    max max    max
 0: -- wells conn groups wells/gr
 0:      1     20    1     1   /
 0: 
 0: 
 0: NSTACK
 0:  50   /
 0: 
 0: UNIFOUT
 0: 
 0: START
 0:    1  JAN  2002  /
 0: 
 0: 
 0: 
 0: GRID     ===============================================================
 0: -------- IN THIS SECTION , THE GEOMETRY OF THE SIMULATION GRID AND THE
 0: -------- ROCK PERMEABILITIES AND POROSITIES ARE DEFINED.
 0: ------------------------------------------------------------------------
 0: INIT
 0: 
 0: INRAD
 0:   1.0 /
 0: 
 0: -- outer radius is 10,000 feet
 0: --OUTRAD
 0: --  10000.0 /
 0: 
 0: DRV
 0: 0.47    0.69    1.01    1.48    2.17    3.19    4.68    6.87   10.08   14.79   21.71
 0: 31.87   46.78   68.66  100.78 147.93  217.13  318.71  467.80  686.64 1007.84 1479.31 2171.33 3187.08 /
 0: 
 0: 
 0: DTHETAV
 0:  360.  /
 0: 
 0: --
 0: -- DR values are assigned between INRAD and OUTRAD in a geometric series
 0: 
 0: DZ
 0: 48*10  432*10  72*10  24*100
 0: --552*10  24*100
 0: /
 0: 
 0: -- PERMEABILITIES
 0: 
 0: PERMR
 0:  576*200
 0: /
 0: 
 0: PERMTHT
 0:  576*200
 0: /
 0: 
 0: PERMZ
 0:  576*200
 0: /
 0: 
 0: PORO
 0:  576*0.2
 0: /
 0: 
 0: TOPS
 0:  24*5000.0
 0: /
 0: 
 0: --increase poro in aquifer
 0: MULTIPLY
 0:   PORO  5.0   1  24  1  1   24  24  /
 0: /
 0: 
 0: EDIT     ===============================================================
 0: 
 0: 
 0: 
 0: PROPS    ===============================================================
 0: -------- THE PROPS SECTION DEFINES THE REL. PERMEABILITIES, CAPILLARY
 0: -------- PRESSURES, AND THE PVT PROPERTIES OF THE RESERVOIR FLUIDS
 0: ----------------------------------------------------------------------
 0: -- WATER RELATIVE PERMEABILITY AND CAPILLARY PRESSURE ARE TABULATED AS
 0: -- A FUNCTION OF WATER SATURATION.
 0: --
 0: --  SWAT   KRW   PCOW
 0: SWFN
 0:     0.22  0.0     1.
 0:     0.3   0.051   0.5
 0:     0.4   0.12    0.3
 0:     0.5   0.218   0.16
 0:     0.6   0.352   0.1
 0:     0.7   0.5     0.05
 0:     0.8   0.65    0.03
 0:     0.9   0.83    0.01
 0:     1.0   1.0     0.0      /
 0: 
 0: -- SIMILARLY FOR GAS
 0: --
 0: --  SGAS   KRG    PCOG
 0: SGFN
 0:    0.0    0.0     0.0
 0:    0.04   0.0     0.0
 0:    0.1    0.022   0.0
 0:    0.2    0.1     0.0
 0:    0.3    0.195   0.0
 0:    0.4    0.289   0.0
 0:    0.5    0.42    0.0
 0:    0.6    0.58    0.0
 0:    0.7    0.8125  0.0
 0:    0.78   1.0     0.0
 0: /
 0: 
 0: -- OIL RELATIVE PERMEABILITY IS TABULATED AGAINST OIL SATURATION
 0: -- FOR OIL-WATER AND OIL-GAS-CONNATE WATER CASES
 0: --
 0: --  SOIL     KROW     KROG
 0: SOF3
 0:     0        0.0       0.0
 0:     0.2      0.0       0.0
 0:     0.35     0.0       0.02
 0:     0.4      0.0048    0.038
 0:     0.45     0.029     0.058
 0:     0.5      0.0649    0.102
 0:     0.55     0.11298   0.163
 0:     0.6      0.197     0.234
 0:     0.65     0.287     0.33
 0:     0.7      0.4       0.454
 0:     0.75     0.637     0.67
 0:     0.78     1.0       1.0         /
 0: 
 0: 
 0: -----------------------------------------------------------------------
 0: 
 0: 
 0: PVTW
 0:   4000       1.0        3.0E-06   0.3       0.00E-01 /
 0: 
 0: PVTO
 0: -- RS     PBUB      BO      VISC
 0:    0.0      14.7    1.000   5.52    /
 0:    0.403  2450.0    1.233   1.27    /
 0:    0.760  5000.0    1.381   1.11
 0:           6000.0    1.371   1.51    /
 0: /
 0: 
 0: PVDG
 0: -- P       BG      VISC
 0:    14.7    27.71   0.0138
 0:    5000.0  0.69457  0.0262
 0: /
 0: 
 0: -- ROCK COMPRESSIBILITY
 0: --
 0: --    REF. PRES   COMPRESSIBILITY
 0: ROCK
 0:      5000.00        .40E-05 /
 0: 
 0: DENSITY
 0:  50.0000  62.4300   .05140 /
 0: --
 0: 
 0: 
 0: 
 0: RPTPROPS
 0:  'SOF3=2' 'SWFN'  'SGFN' 'PVTW'  /
 0: 
 0: -- END PVT DATA
 0: -----------------------------------------------------------------------
 0: 
 0: REGIONS  ===============================================================
 0: -------- THE REGIONS SECTION DEFINES HOW THE RESERVOIR IS SPLIT INTO
 0: -------- REGIONS BY SATURATION FUNCTION, PVT FUNCTION, FLUID IN PLACE
 0: -------- REGION ETC.
 0: ------------------------------------------------------------------------
 0: 
 0: 
 0: SOLUTION ===============================================================
 0: -------- THE SOLUTION SECTION DEFINES THE INITIAL STATE OF THE SOLUTION
 0: -------- VARIABLES (PHASE PRESSURES, SATURATIONS AND GAS-OIL RATIOS)
 0: ------------------------------------------------------------------------
 0: -- DATA FOR INITIALISING FLUIDS TO POTENTIAL EQUILIBRIUM
 0: --
 0: --    DATUM  DATUM   OWC    OWC    GOC    GOC    RSVD   RVVD   SOLN
 0: --    DEPTH  PRESS  DEPTH   PCOW  DEPTH   PCOG  TABLE  TABLE   METH
 0: EQUIL
 0:       5000.  5000.  5200    0     2000    0       1      0  /
 0: 
 0: 
 0: RSVD
 0: -- depth     Rs
 0:  5000      0.76
 0:  6000      0.76  /
 0: 
 0: 
 0: 
 0: -- SWITCH ON OUTPUT OF INITIAL SOLUTION
 0: RPTSOL
 0:   'RESTART=1' 'FIP=1'  /
 0: 
 0: SUMMARY ================================================================
 0: -------- THIS SECTION SPECIFIES DATA TO BE WRITTEN TO THE SUMMARY FILES
 0: -------- AND WHICH MAY LATER BE USED WITH THE ECLIPSE GRAPHICS PACKAGE
 0: ------------------------------------------------------------------------
 0: 
 0: --DATE
 0: 
 0: FWPT
 0: 
 0: -- Oil recovery
 0: FOE
 0: 
 0: -- FIELD Rates for Oil, Water, Liquid
 0: FOPR
 0: FOPT
 0: FWPR
 0: FWCT
 0: FPR
 0: 
 0: WBHP
 0: /
 0: RUNSUM
 0: ALL
 0: PERFORMA
 0: 
 0: RPTONLY
 0: SCHEDULE ===============================================================
 0: -------- THE SCHEDULE SECTION DEFINES THE OPERATIONS TO BE SIMULATED
 0: ------------------------------------------------------------------------
 0: -- CONTROLS ON OUTPUT AT EACH REPORT TIME
 0: RPTSCHED
 0:  'FIP=1' 'WELLS'  'SUMMARY=2'  /
 0: -- 'FIP=1' 'WELLS'  'SUMMARY=2' 'RS' 'SGAS'  'SOIL'  'SWAT' 'PRESSURE'  /
 0: 
 0: RPTRST
 0:   'BASIC=2'  /
 0: 
 0: TUNING
 0:   .01  10  .01  /
 0: /
 0: /
 0: 
 0: -- WELL SPECIFICATION DATA
 0: --
 0: --     WELL   GROUP LOCATION  BHP   PI
 0: --     NAME   NAME    I  J   DEPTH DEFN
 0: WELSPECS
 0:         P     G       1  1    1*   OIL    /
 0: 
 0: /
 0: 
 0: 
 0: -- COMPLETION SPECIFICATION DATA
 0: --
 0: --     WELL -LOCATION-  OPEN/ SAT CONN WELL EFF SKIN
 0: --     NAME I  J K1 K2  SHUT  TAB FACT  ID  KH
 0: COMPDAT
 0:        P    1  1  1 2   OPEN  0    1*  2.0  1*    /
 0: 
 0:   /
 0: 
 0: -- PRODUCTION WELL CONTROLS
 0: --
 0: --      WELL    OPEN/  CNTL   OIL  WATER   GAS  LIQU   RES   BHP
 0: --      NAME    SHUT   MODE  RATE   RATE  RATE  RATE  RATE
 0: WCONPROD
 0:          P      OPEN   ORAT   200   1*     1*    1*    1*     1*  /
 0: /
 0: TSTEP
 0:   1 49 19*50
 0: /
 0: TSTEP
 0:    20*50
 0: /
 0: -- ==============================================================
 0: 
 0: OPTIMIZE
 0: ------------------------
 0: OPTDIMS
 0: -- Maximum no. Maximum no.
 0: -- Iterations Simulations
 0: 30 100 /
 0: 
 0: RPTOPT
 0: SEPARATE / -- Separate output of each iteration
 0: 
 0: OPTTUNE
 0: -- Default values used
 0: /
 0: OPTFUNC
 0: -- O.F. O.F.
 0: -- Component Domain
 0: 'WOPT' 'P' /
 0: /
 0: OPTPARS
 0: -- Parameter Parameter Lower Upper
 0: -- Mnemonic Domain Limit Limit
 0: --'WOPR' 'P' 190.0 5000.0 /
 0: 'WBHP' 'P' 500   5000 /
 0: /
 0: OPTCONS
 0: -- Constraint Constraint Constraint Constraining
 0: -- Mnemonic Domain Type Value
 0: 'WWPR' 'P' '<' 100 /
 0: /

 ******** END OF INPUT DATA FOR RUN OPTIM_BO_WBHP
     1 READING RUNSPEC 
     2 READING TITLE   
     3 READING FULLIMP 
     4 READING RESOPT  

 @--MESSAGE  AT TIME        0.0   DAYS    ( 1-JAN-   0):
 @           RESOPT   IS NOT AVAILABLE IN ECLIPSE 100                        
 @           AND HAS BEEN IGNORED                                            
     5 READING DIMENS  
     6 READING RADIAL  
     7 READING OIL     
     8 READING WATER   
     9 READING GAS     
    10 READING DISGAS  
    11 READING FIELD   
    12 READING EQLDIMS 
    13 READING TABDIMS 
    14 READING REGDIMS 
    15 READING WELLDIMS
    16 READING NSTACK  
    17 READING UNIFOUT 
    18 READING START   
    19 READING GRID    

 @--MESSAGE  AT TIME        0.0   DAYS    ( 1-JAN-2002):
 @           CHECKING FOR LICENSES                                           

 @--  ERROR  AT TIME        0.0   DAYS    ( 1-JAN-2002):
 @           LICENSE FAILURE: ERROR NUMBER IS -1                             

 Error summary 
 Comments               0
 Warnings               0
 Problems               0
 Errors                 1
 Bugs                   0
 Final cpu       0.00 elapsed       0.00
