


 $$$$$   $$$   $      $$$  $$$$    $$$   $$$$$     $    $$$    $$$ 
 $      $   $  $       $   $   $  $   $  $        $$   $   $  $   $
 $      $      $       $   $   $  $      $         $   $   $  $   $
 $$$$   $      $       $   $$$$    $$$   $$$$      $   $   $  $   $
 $      $      $       $   $          $  $         $   $   $  $   $
 $      $   $  $       $   $      $   $  $         $   $   $  $   $
 $$$$$   $$$   $$$$$  $$$  $       $$$   $$$$$    $$$   $$$    $$$ 



                       $$$$$   $$$   $      $$$  $$$$    $$$   $$$$$     $    $$$    $$$ 
                       $      $   $  $       $   $   $  $   $  $        $$   $   $  $   $
                       $      $      $       $   $   $  $      $         $   $   $  $   $
                       $$$$   $      $       $   $$$$    $$$   $$$$      $   $   $  $   $
                       $      $      $       $   $          $  $         $   $   $  $   $
                       $      $   $  $       $   $      $   $  $         $   $   $  $   $
                       $$$$$   $$$   $$$$$  $$$  $       $$$   $$$$$    $$$   $$$    $$$ 



                                             $$$$$   $$$   $      $$$  $$$$    $$$   $$$$$     $    $$$    $$$ 
                                             $      $   $  $       $   $   $  $   $  $        $$   $   $  $   $
                                             $      $      $       $   $   $  $      $         $   $   $  $   $
                                             $$$$   $      $       $   $$$$    $$$   $$$$      $   $   $  $   $
                                             $      $      $       $   $          $  $         $   $   $  $   $
                                             $      $   $  $       $   $      $   $  $         $   $   $  $   $
                                             $$$$$   $$$   $$$$$  $$$  $       $$$   $$$$$    $$$   $$$    $$$ 



                                                                   $$$$$   $$$   $      $$$  $$$$    $$$   $$$$$     $    $$$    $$$ 
                                                                   $      $   $  $       $   $   $  $   $  $        $$   $   $  $   $
                                                                   $      $      $       $   $   $  $      $         $   $   $  $   $
                                                                   $$$$   $      $       $   $$$$    $$$   $$$$      $   $   $  $   $
                                                                   $      $      $       $   $          $  $         $   $   $  $   $
                                                                   $      $   $  $       $   $      $   $  $         $   $   $  $   $
                                                                   $$$$$   $$$   $$$$$  $$$  $       $$$   $$$$$    $$$   $$$    $$$ 
 
 Version =  2009.1
 Arch    =  PC WINDOWS (32 bit)
Annex    | Modification date    | Update date          | baseline             
=====    | =================    | ===========          | ========             
ECLIPSE  | 27-APR-2009 16:22:47 | 27-APR-2009 19:37:10 | S:\2009.1_w18i
system   | 22-APR-2009 14:52:01 | 25-APR-2009 05:27:35 | S:\2009.1_w18
utility  | 17-FEB-2009 08:34:11 | 25-APR-2009 05:40:00 | S:\2009.1_w18
 

1

 ******** ECHO OF INPUT DATA FOR RUN OPTIM_BO_DIP

 0: -- ========================================================================================
 0: -- Example data set for reservoir optimization:
 0: --     Three wells located symmetrically in dipping reservoir.
 0: --     Asymmetric permeability distribution.
 0: --     Optimize water injection rate.
 0: -- ========================================================================================
 0: 
 0: RUNSPEC
 0: 
 0: NOECHO

 ******** END OF INPUT DATA FOR RUN OPTIM_BO_DIP
     1 READING RUNSPEC 
     2 READING NOECHO  
     3 READING TITLE   
     4 READING DIMENS  
     5 READING MESSAGES
     6 READING BLACKOIL
     7 READING RESOPT  

 @--MESSAGE  AT TIME        0.0   DAYS    ( 1-JAN-   0):
 @           RESOPT   IS NOT AVAILABLE IN ECLIPSE 100                        
 @           AND HAS BEEN IGNORED                                            
     8 READING OIL     
     9 READING WATER   
    10 READING GAS     
    11 READING METRIC  
    12 READING TABDIMS 
    13 READING START   
    14 READING NOINSPEC
    15 READING NORSSPEC
    16 READING GRID    

 @--MESSAGE  AT TIME        0.0   DAYS    ( 1-JAN-1990):
 @           CHECKING FOR LICENSES                                           

 @--MESSAGE  AT TIME        0.0   DAYS    ( 1-JAN-1990):
 @           THE MEMORY REQUIRED TO PROCESS THE GRID SECTION IS              
 @                 1064 KBYTES                                               
    17 READING INIT    
    18 READING GRIDFILE
    19 READING SPECGRID
    20 READING COORDSYS
    21 READING COORD   
    22 READING ZCORN   
    23 READING ACTNUM  
    24 READING EQUALS  
    25 READING PERMX   
    26 READING COPY    
    27 READING PROPS   

 @--WARNING  AT TIME        0.0   DAYS    ( 1-JAN-1990):
 @           PERMZ KEYWORD HAS NOT BEEN SPECIFIED FOR THIS                   
 @           2D AREAL MODEL.  PLEASE RE-CHECK DATA INPUT                     

 @--MESSAGE  AT TIME        0.0   DAYS    ( 1-JAN-1990):
 @           NEITHER OLDTRAN,OLDTRANR NOR NEWTRAN SPECIFIED                  
 @           TRANSMISSIBILITIES TO BE CALCULATED                             
 @           USING  NEWTRAN                                                  

 @--COMMENT  AT TIME        0.0   DAYS    ( 1-JAN-1990):
 @           NO NON-NEIGHBOUR CONNECTIONS FOUND                              

 @--MESSAGE  AT TIME        0.0   DAYS    ( 1-JAN-1990):
 @           NUMBER OF ACTIVE CELLS IS 2500                                  

 @--MESSAGE  AT TIME        0.0   DAYS    ( 1-JAN-1990):
 @           THE MEMORY REQUIRED TO PROCESS THE SOLUTION SECTION IS          
 @                 3122 KBYTES                                               

 @--MESSAGE  AT TIME        0.0   DAYS    ( 1-JAN-1990):
 @              58542 CHARACTER VARIABLES USED                               
    28 READING PVTW    
    29 READING ROCK    
    30 READING DENSITY 
    31 READING PVDG    
    32 READING PVTO    
    33 READING SWFN    
    34 READING SGFN    
    35 READING SOF3    
    36 READING SOLUTION
    37 READING EQUIL   
    38 READING RSVD    
    39 READING SUMMARY 
    40 READING FPR     
    41 READING ALL     
    42 READING WWCT    
    43 READING RPTONLY 
    44 READING RUNSUM  
    45 READING SCHEDULE
    46 READING RPTRST  

 @--WARNING  AT TIME        0.0   DAYS    ( 1-JAN-1990):
 @           UNRECOGNISED MNEMONIC SOIL             IN DATA                  
 @           FOR KEYWORD RPTRST   IS IGNORED                                 

 @--WARNING  AT TIME        0.0   DAYS    ( 1-JAN-1990):
 @           UNRECOGNISED MNEMONIC SWAT             IN DATA                  
 @           FOR KEYWORD RPTRST   IS IGNORED                                 

 @--WARNING  AT TIME        0.0   DAYS    ( 1-JAN-1990):
 @           UNRECOGNISED MNEMONIC SGAS             IN DATA                  
 @           FOR KEYWORD RPTRST   IS IGNORED                                 
    47 READING WELSPECS
    48 READING COMPDAT 
    49 READING WCONINJE

 @--WARNING  AT TIME        0.0   DAYS    ( 1-JAN-1990):
 @           THE BOTTOM HOLE PRESSURE LIMIT FOR WELL WI                      
 @           HAS BEEN DEFAULTED. THE DEFAULT VALUE IS    6891.   BARSA       
    50 READING WCONPROD
    51 READING TUNING  
    52 READING TSTEP   

 @--MESSAGE  AT TIME        0.0   DAYS    ( 1-JAN-1990):
 @           DRSDT KEYWORD HAS NOT BEEN ENTERED, SO THE                      
 @           MAXIMUM GAS RE-SOLUTION RATE IS DEFAULTED TO INFINITY.          
1                             **********************************************************************   1
  SIMULATE AT     0.00   DAYS * Reservoir Optimization Test Model 1                                    * ECLIPSE  VERSION 2009.1     
  REPORT   0     1 JAN 1990   *  RUN                                                                   * RUN AT 15:37 ON 16 JLY 2015 
                              **************************************************************************

 STEP    1 TIME=   14.40  MINS (+14.40  MINS INIT  2 ITS) (1-JAN-1990)           
  PAV=   288.6  BARSA  WCT=0.000 GOR=   158.36  SM3/SM3 WGR=   0.0000  SM3/SM3   

 STEP    2 TIME=    2.64 HOURS ( +2.40 HOURS MINS(MAXF)  2 ITS) ( 1-JAN-1990)    
  PAV=   288.5  BARSA  WCT=0.000 GOR=   159.06  SM3/SM3 WGR=   0.0000  SM3/SM3   

 STEP    3 TIME=    5.84 HOURS ( +3.20 HOURS TRNC  2 ITS) (1-JAN-1990)           
  PAV=   288.4  BARSA  WCT=0.000 GOR=   159.28  SM3/SM3 WGR=   0.0000  SM3/SM3   

 STEP    4 TIME=   15.43 HOURS ( +9.59 HOURS MAXF  3 ITS) (1-JAN-1990)           
  PAV=   288.1  BARSA  WCT=0.000 GOR=   159.39  SM3/SM3 WGR=   0.0000  SM3/SM3   

 STEP    5 TIME=    1.84  DAYS (  +1.2  DAYS MAXF  3 ITS) (2-JAN-1990)           
  PAV=   287.8  BARSA  WCT=0.000 GOR=   159.36  SM3/SM3 WGR=   0.0000  SM3/SM3   

 STEP    6 TIME=    5.44  DAYS (  +3.6  DAYS MAXF  3 ITS) (6-JAN-1990)           
  PAV=   287.4  BARSA  WCT=0.000 GOR=   159.16  SM3/SM3 WGR=   0.0000  SM3/SM3   

 STEP    7 TIME=   13.14  DAYS (  +7.7  DAYS TRNC  4 ITS) (14-JAN-1990)          
  PAV=   287.6  BARSA  WCT=0.000 GOR=   158.74  SM3/SM3 WGR=   0.0000  SM3/SM3   

 STEP    8 TIME=   21.57  DAYS (  +8.4  DAYS HALF  3 ITS) (22-JAN-1990)          
  PAV=   288.0  BARSA  WCT=0.000 GOR=   158.35  SM3/SM3 WGR=   0.0000  SM3/SM3   

 STEP    9 TIME=   30.00  DAYS (  +8.4  DAYS REPT  3 ITS) (31-JAN-1990)          
  PAV=   288.5  BARSA  WCT=0.000 GOR=   158.01  SM3/SM3 WGR=   0.0000  SM3/SM3   

 @--MESSAGE  AT TIME       30.0   DAYS    (31-JAN-1990):
 @           RESTART FILE WRITTEN   REPORT     1                             
1                             **********************************************************************   2
  SIMULATE AT    30.00   DAYS * Reservoir Optimization Test Model 1                                    * ECLIPSE  VERSION 2009.1     
  REPORT   1    31 JAN 1990   *  RUN                                                                   * RUN AT 15:37 ON 16 JLY 2015 
                              **************************************************************************

 STEP   10 TIME=   40.00  DAYS ( +10.0  DAYS MAXS  3 ITS) (10-FEB-1990)          
  PAV=   289.0  BARSA  WCT=0.000 GOR=   157.70  SM3/SM3 WGR=   0.0000  SM3/SM3   

 STEP   11 TIME=   50.00  DAYS ( +10.0  DAYS MAXS  3 ITS) (20-FEB-1990)          
  PAV=   289.5  BARSA  WCT=0.000 GOR=   157.47  SM3/SM3 WGR=   0.0000  SM3/SM3   

 STEP   12 TIME=   60.00  DAYS ( +10.0  DAYS REPT  3 ITS) (2-MAR-1990)           
  PAV=   289.9  BARSA  WCT=0.000 GOR=   157.30  SM3/SM3 WGR=   0.0000  SM3/SM3   

 @--MESSAGE  AT TIME       60.0   DAYS    ( 2-MAR-1990):
 @           RESTART FILE WRITTEN   REPORT     2                             
1                             **********************************************************************   3
  SIMULATE AT    60.00   DAYS * Reservoir Optimization Test Model 1                                    * ECLIPSE  VERSION 2009.1     
  REPORT   2     2 MAR 1990   *  RUN                                                                   * RUN AT 15:37 ON 16 JLY 2015 
                              **************************************************************************

 STEP   13 TIME=   70.00  DAYS ( +10.0  DAYS MAXS  3 ITS) (12-MAR-1990)          
  PAV=   290.2  BARSA  WCT=0.000 GOR=   157.19  SM3/SM3 WGR=   0.0000  SM3/SM3   

 STEP   14 TIME=   80.00  DAYS ( +10.0  DAYS MAXS  3 ITS) (22-MAR-1990)          
  PAV=   290.4  BARSA  WCT=0.000 GOR=   157.12  SM3/SM3 WGR=   0.0000  SM3/SM3   

 STEP   15 TIME=   90.00  DAYS ( +10.0  DAYS REPT  3 ITS) (1-APR-1990)           
  PAV=   290.6  BARSA  WCT=0.000 GOR=   157.08  SM3/SM3 WGR=   0.0000  SM3/SM3   

 @--MESSAGE  AT TIME       90.0   DAYS    ( 1-APR-1990):
 @           RESTART FILE WRITTEN   REPORT     3                             
1                             **********************************************************************   4
  SIMULATE AT    90.00   DAYS * Reservoir Optimization Test Model 1                                    * ECLIPSE  VERSION 2009.1     
  REPORT   3     1 APR 1990   *  RUN                                                                   * RUN AT 15:37 ON 16 JLY 2015 
                              **************************************************************************

 STEP   16 TIME=  100.00  DAYS ( +10.0  DAYS MAXS  3 ITS) (11-APR-1990)          
  PAV=   290.8  BARSA  WCT=0.000 GOR=   157.06  SM3/SM3 WGR=   0.0000  SM3/SM3   

 STEP   17 TIME=  110.00  DAYS ( +10.0  DAYS MAXS  3 ITS) (21-APR-1990)          
  PAV=   290.9  BARSA  WCT=0.000 GOR=   157.05  SM3/SM3 WGR=   0.0000  SM3/SM3   

 STEP   18 TIME=  120.00  DAYS ( +10.0  DAYS REPT  3 ITS) (1-MAY-1990)           
  PAV=   291.0  BARSA  WCT=0.000 GOR=   157.05  SM3/SM3 WGR=   0.0000  SM3/SM3   

 @--MESSAGE  AT TIME      120.0   DAYS    ( 1-MAY-1990):
 @           RESTART FILE WRITTEN   REPORT     4                             
1                             **********************************************************************   5
  SIMULATE AT   120.00   DAYS * Reservoir Optimization Test Model 1                                    * ECLIPSE  VERSION 2009.1     
  REPORT   4     1 MAY 1990   *  RUN                                                                   * RUN AT 15:37 ON 16 JLY 2015 
                              **************************************************************************

 STEP   19 TIME=  130.00  DAYS ( +10.0  DAYS MAXS  3 ITS) (11-MAY-1990)          
  PAV=   291.1  BARSA  WCT=0.000 GOR=   157.06  SM3/SM3 WGR=   0.0000  SM3/SM3   

 STEP   20 TIME=  140.00  DAYS ( +10.0  DAYS MAXS  3 ITS) (21-MAY-1990)          
  PAV=   291.1  BARSA  WCT=0.000 GOR=   157.07  SM3/SM3 WGR=   0.0000  SM3/SM3   

 STEP   21 TIME=  150.00  DAYS ( +10.0  DAYS REPT  3 ITS) (31-MAY-1990)          
  PAV=   291.2  BARSA  WCT=0.000 GOR=   157.08  SM3/SM3 WGR=   0.0000  SM3/SM3   

 @--MESSAGE  AT TIME      150.0   DAYS    (31-MAY-1990):
 @           RESTART FILE WRITTEN   REPORT     5                             
1                             **********************************************************************   6
  SIMULATE AT   150.00   DAYS * Reservoir Optimization Test Model 1                                    * ECLIPSE  VERSION 2009.1     
  REPORT   5    31 MAY 1990   *  RUN                                                                   * RUN AT 15:37 ON 16 JLY 2015 
                              **************************************************************************

 STEP   22 TIME=  160.00  DAYS ( +10.0  DAYS MAXS  3 ITS) (10-JUN-1990)          
  PAV=   291.2  BARSA  WCT=0.000 GOR=   157.09  SM3/SM3 WGR=   0.0000  SM3/SM3   

 STEP   23 TIME=  170.00  DAYS ( +10.0  DAYS MAXS  3 ITS) (20-JUN-1990)          
  PAV=   291.2  BARSA  WCT=0.000 GOR=   157.10  SM3/SM3 WGR=   0.0000  SM3/SM3   

 STEP   24 TIME=  180.00  DAYS ( +10.0  DAYS REPT  3 ITS) (30-JUN-1990)          
  PAV=   291.2  BARSA  WCT=0.000 GOR=   157.11  SM3/SM3 WGR=   0.0000  SM3/SM3   

 @--MESSAGE  AT TIME      180.0   DAYS    (30-JUN-1990):
 @           RESTART FILE WRITTEN   REPORT     6                             
1                             **********************************************************************   7
  SIMULATE AT   180.00   DAYS * Reservoir Optimization Test Model 1                                    * ECLIPSE  VERSION 2009.1     
  REPORT   6    30 JUN 1990   *  RUN                                                                   * RUN AT 15:37 ON 16 JLY 2015 
                              **************************************************************************

 STEP   25 TIME=  190.00  DAYS ( +10.0  DAYS MAXS  3 ITS) (10-JLY-1990)          
  PAV=   291.2  BARSA  WCT=0.000 GOR=   157.12  SM3/SM3 WGR=   0.0000  SM3/SM3   

 STEP   26 TIME=  200.00  DAYS ( +10.0  DAYS MAXS  3 ITS) (20-JLY-1990)          
  PAV=   291.2  BARSA  WCT=0.000 GOR=   157.13  SM3/SM3 WGR=   0.0000  SM3/SM3   

 STEP   27 TIME=  210.00  DAYS ( +10.0  DAYS REPT  3 ITS) (30-JLY-1990)          
  PAV=   291.2  BARSA  WCT=0.000 GOR=   157.13  SM3/SM3 WGR=   0.0000  SM3/SM3   

 @--MESSAGE  AT TIME      210.0   DAYS    (30-JLY-1990):
 @           RESTART FILE WRITTEN   REPORT     7                             
1                             **********************************************************************   8
  SIMULATE AT   210.00   DAYS * Reservoir Optimization Test Model 1                                    * ECLIPSE  VERSION 2009.1     
  REPORT   7    30 JLY 1990   *  RUN                                                                   * RUN AT 15:37 ON 16 JLY 2015 
                              **************************************************************************

 STEP   28 TIME=  220.00  DAYS ( +10.0  DAYS MAXS  3 ITS) (9-AUG-1990)           
  PAV=   291.2  BARSA  WCT=0.000 GOR=   157.14  SM3/SM3 WGR=   0.0000  SM3/SM3   

 STEP   29 TIME=  230.00  DAYS ( +10.0  DAYS MAXS  3 ITS) (19-AUG-1990)          
  PAV=   291.2  BARSA  WCT=0.000 GOR=   157.15  SM3/SM3 WGR=   0.0000  SM3/SM3   

 STEP   30 TIME=  240.00  DAYS ( +10.0  DAYS REPT  3 ITS) (29-AUG-1990)          
  PAV=   291.2  BARSA  WCT=0.000 GOR=   157.15  SM3/SM3 WGR=   0.0000  SM3/SM3   

 @--MESSAGE  AT TIME      240.0   DAYS    (29-AUG-1990):
 @           RESTART FILE WRITTEN   REPORT     8                             
1                             **********************************************************************   9
  SIMULATE AT   240.00   DAYS * Reservoir Optimization Test Model 1                                    * ECLIPSE  VERSION 2009.1     
  REPORT   8    29 AUG 1990   *  RUN                                                                   * RUN AT 15:37 ON 16 JLY 2015 
                              **************************************************************************

 STEP   31 TIME=  250.00  DAYS ( +10.0  DAYS MAXS  3 ITS) (8-SEP-1990)           
  PAV=   291.2  BARSA  WCT=0.000 GOR=   157.15  SM3/SM3 WGR=   0.0000  SM3/SM3   

 STEP   32 TIME=  260.00  DAYS ( +10.0  DAYS MAXS  3 ITS) (18-SEP-1990)          
  PAV=   291.2  BARSA  WCT=0.000 GOR=   157.16  SM3/SM3 WGR=   0.0000  SM3/SM3   

 STEP   33 TIME=  270.00  DAYS ( +10.0  DAYS REPT  3 ITS) (28-SEP-1990)          
  PAV=   291.2  BARSA  WCT=0.000 GOR=   157.16  SM3/SM3 WGR=   0.0000  SM3/SM3   

 @--MESSAGE  AT TIME      270.0   DAYS    (28-SEP-1990):
 @           RESTART FILE WRITTEN   REPORT     9                             
1                             **********************************************************************  10
  SIMULATE AT   270.00   DAYS * Reservoir Optimization Test Model 1                                    * ECLIPSE  VERSION 2009.1     
  REPORT   9    28 SEP 1990   *  RUN                                                                   * RUN AT 15:37 ON 16 JLY 2015 
                              **************************************************************************

 STEP   34 TIME=  280.00  DAYS ( +10.0  DAYS MAXS  3 ITS) (8-OCT-1990)           
  PAV=   291.1  BARSA  WCT=0.000 GOR=   157.16  SM3/SM3 WGR=   0.0000  SM3/SM3   

 STEP   35 TIME=  290.00  DAYS ( +10.0  DAYS MAXS  3 ITS) (18-OCT-1990)          
  PAV=   291.1  BARSA  WCT=0.000 GOR=   157.17  SM3/SM3 WGR=   0.0000  SM3/SM3   

 STEP   36 TIME=  300.00  DAYS ( +10.0  DAYS REPT  2 ITS) (28-OCT-1990)          
  PAV=   291.1  BARSA  WCT=0.000 GOR=   157.17  SM3/SM3 WGR=   0.0000  SM3/SM3   

 @--MESSAGE  AT TIME      300.0   DAYS    (28-OCT-1990):
 @           RESTART FILE WRITTEN   REPORT    10                             
1                             **********************************************************************  11
  SIMULATE AT   300.00   DAYS * Reservoir Optimization Test Model 1                                    * ECLIPSE  VERSION 2009.1     
  REPORT  10    28 OCT 1990   *  RUN                                                                   * RUN AT 15:37 ON 16 JLY 2015 
                              **************************************************************************

 STEP   37 TIME=  310.00  DAYS ( +10.0  DAYS MAXS  3 ITS) (7-NOV-1990)           
  PAV=   291.1  BARSA  WCT=0.000 GOR=   157.17  SM3/SM3 WGR=   0.0000  SM3/SM3   

 STEP   38 TIME=  320.00  DAYS ( +10.0  DAYS MAXS  3 ITS) (17-NOV-1990)          
  PAV=   291.1  BARSA  WCT=0.000 GOR=   157.17  SM3/SM3 WGR=   0.0000  SM3/SM3   

 STEP   39 TIME=  330.00  DAYS ( +10.0  DAYS REPT  3 ITS) (27-NOV-1990)          
  PAV=   291.1  BARSA  WCT=0.000 GOR=   157.17  SM3/SM3 WGR=   0.0000  SM3/SM3   

 @--MESSAGE  AT TIME      330.0   DAYS    (27-NOV-1990):
 @           RESTART FILE WRITTEN   REPORT    11                             
1                             **********************************************************************  12
  SIMULATE AT   330.00   DAYS * Reservoir Optimization Test Model 1                                    * ECLIPSE  VERSION 2009.1     
  REPORT  11    27 NOV 1990   *  RUN                                                                   * RUN AT 15:37 ON 16 JLY 2015 
                              **************************************************************************

 STEP   40 TIME=  340.00  DAYS ( +10.0  DAYS MAXS  3 ITS) (7-DEC-1990)           
  PAV=   291.1  BARSA  WCT=0.000 GOR=   157.17  SM3/SM3 WGR=   0.0000  SM3/SM3   

 STEP   41 TIME=  350.00  DAYS ( +10.0  DAYS MAXS  3 ITS) (17-DEC-1990)          
  PAV=   291.1  BARSA  WCT=0.000 GOR=   157.17  SM3/SM3 WGR=   0.0000  SM3/SM3   

 STEP   42 TIME=  360.00  DAYS ( +10.0  DAYS REPT  3 ITS) (27-DEC-1990)          
  PAV=   291.1  BARSA  WCT=0.000 GOR=   157.17  SM3/SM3 WGR=   0.0000  SM3/SM3   

 @--MESSAGE  AT TIME      360.0   DAYS    (27-DEC-1990):
 @           RESTART FILE WRITTEN   REPORT    12                             
1                             **********************************************************************  13
  SIMULATE AT   360.00   DAYS * Reservoir Optimization Test Model 1                                    * ECLIPSE  VERSION 2009.1     
  REPORT  12    27 DEC 1990   *  RUN                                                                   * RUN AT 15:37 ON 16 JLY 2015 
                              **************************************************************************

 STEP   43 TIME=  370.00  DAYS ( +10.0  DAYS MAXS  3 ITS) (6-JAN-1991)           
  PAV=   291.1  BARSA  WCT=0.000 GOR=   157.18  SM3/SM3 WGR=   0.0000  SM3/SM3   

 STEP   44 TIME=  380.00  DAYS ( +10.0  DAYS MAXS  3 ITS) (16-JAN-1991)          
  PAV=   291.2  BARSA  WCT=0.000 GOR=   157.18  SM3/SM3 WGR=   0.0000  SM3/SM3   

 STEP   45 TIME=  390.00  DAYS ( +10.0  DAYS REPT  3 ITS) (26-JAN-1991)          
  PAV=   291.2  BARSA  WCT=0.000 GOR=   157.18  SM3/SM3 WGR=   0.0000  SM3/SM3   

 @--MESSAGE  AT TIME      390.0   DAYS    (26-JAN-1991):
 @           RESTART FILE WRITTEN   REPORT    13                             
1                             **********************************************************************  14
  SIMULATE AT   390.00   DAYS * Reservoir Optimization Test Model 1                                    * ECLIPSE  VERSION 2009.1     
  REPORT  13    26 JAN 1991   *  RUN                                                                   * RUN AT 15:37 ON 16 JLY 2015 
                              **************************************************************************

 STEP   46 TIME=  400.00  DAYS ( +10.0  DAYS MAXS  2 ITS) (5-FEB-1991)           
  PAV=   291.2  BARSA  WCT=0.000 GOR=   157.18  SM3/SM3 WGR=   0.0000  SM3/SM3   

 STEP   47 TIME=  410.00  DAYS ( +10.0  DAYS MAXS  3 ITS) (15-FEB-1991)          
  PAV=   291.2  BARSA  WCT=0.000 GOR=   157.18  SM3/SM3 WGR=   0.0000  SM3/SM3   

 STEP   48 TIME=  420.00  DAYS ( +10.0  DAYS REPT  3 ITS) (25-FEB-1991)          
  PAV=   291.2  BARSA  WCT=0.000 GOR=   157.18  SM3/SM3 WGR=   0.0000  SM3/SM3   

 @--MESSAGE  AT TIME      420.0   DAYS    (25-FEB-1991):
 @           RESTART FILE WRITTEN   REPORT    14                             
1                             **********************************************************************  15
  SIMULATE AT   420.00   DAYS * Reservoir Optimization Test Model 1                                    * ECLIPSE  VERSION 2009.1     
  REPORT  14    25 FEB 1991   *  RUN                                                                   * RUN AT 15:37 ON 16 JLY 2015 
                              **************************************************************************

 STEP   49 TIME=  430.00  DAYS ( +10.0  DAYS MAXS  3 ITS) (7-MAR-1991)           
  PAV=   291.3  BARSA  WCT=0.000 GOR=   157.17  SM3/SM3 WGR=   0.0000  SM3/SM3   

 STEP   50 TIME=  440.00  DAYS ( +10.0  DAYS MAXS  3 ITS) (17-MAR-1991)          
  PAV=   291.3  BARSA  WCT=0.000 GOR=   157.17  SM3/SM3 WGR=   0.0000  SM3/SM3   

 STEP   51 TIME=  450.00  DAYS ( +10.0  DAYS REPT  3 ITS) (27-MAR-1991)          
  PAV=   291.3  BARSA  WCT=0.000 GOR=   157.17  SM3/SM3 WGR=   0.0000  SM3/SM3   

 @--MESSAGE  AT TIME      450.0   DAYS    (27-MAR-1991):
 @           RESTART FILE WRITTEN   REPORT    15                             
1                             **********************************************************************  16
  SIMULATE AT   450.00   DAYS * Reservoir Optimization Test Model 1                                    * ECLIPSE  VERSION 2009.1     
  REPORT  15    27 MAR 1991   *  RUN                                                                   * RUN AT 15:37 ON 16 JLY 2015 
                              **************************************************************************

 STEP   52 TIME=  460.00  DAYS ( +10.0  DAYS MAXS  3 ITS) (6-APR-1991)           
  PAV=   291.4  BARSA  WCT=0.000 GOR=   157.17  SM3/SM3 WGR=   0.0000  SM3/SM3   

 STEP   53 TIME=  470.00  DAYS ( +10.0  DAYS MAXS  3 ITS) (16-APR-1991)          
  PAV=   291.4  BARSA  WCT=0.000 GOR=   157.17  SM3/SM3 WGR=   0.0000  SM3/SM3   

 STEP   54 TIME=  480.00  DAYS ( +10.0  DAYS REPT  3 ITS) (26-APR-1991)          
  PAV=   291.5  BARSA  WCT=0.000 GOR=   157.17  SM3/SM3 WGR=   0.0000  SM3/SM3   

 @--MESSAGE  AT TIME      480.0   DAYS    (26-APR-1991):
 @           RESTART FILE WRITTEN   REPORT    16                             
1                             **********************************************************************  17
  SIMULATE AT   480.00   DAYS * Reservoir Optimization Test Model 1                                    * ECLIPSE  VERSION 2009.1     
  REPORT  16    26 APR 1991   *  RUN                                                                   * RUN AT 15:37 ON 16 JLY 2015 
                              **************************************************************************

 STEP   55 TIME=  490.00  DAYS ( +10.0  DAYS MAXS  3 ITS) (6-MAY-1991)           
  PAV=   291.5  BARSA  WCT=0.000 GOR=   157.17  SM3/SM3 WGR=   0.0000  SM3/SM3   

 STEP   56 TIME=  500.00  DAYS ( +10.0  DAYS MAXS  3 ITS) (16-MAY-1991)          
  PAV=   291.6  BARSA  WCT=0.000 GOR=   157.17  SM3/SM3 WGR=   0.0000  SM3/SM3   

 STEP   57 TIME=  510.00  DAYS ( +10.0  DAYS REPT  3 ITS) (26-MAY-1991)          
  PAV=   291.6  BARSA  WCT=0.000 GOR=   157.17  SM3/SM3 WGR=   0.0000  SM3/SM3   

 @--MESSAGE  AT TIME      510.0   DAYS    (26-MAY-1991):
 @           RESTART FILE WRITTEN   REPORT    17                             
1                             **********************************************************************  18
  SIMULATE AT   510.00   DAYS * Reservoir Optimization Test Model 1                                    * ECLIPSE  VERSION 2009.1     
  REPORT  17    26 MAY 1991   *  RUN                                                                   * RUN AT 15:37 ON 16 JLY 2015 
                              **************************************************************************

 STEP   58 TIME=  520.00  DAYS ( +10.0  DAYS MAXS  3 ITS) (5-JUN-1991)           
  PAV=   291.7  BARSA  WCT=0.000 GOR=   157.17  SM3/SM3 WGR=   0.0000  SM3/SM3   

 STEP   59 TIME=  530.00  DAYS ( +10.0  DAYS MAXS  3 ITS) (15-JUN-1991)          
  PAV=   291.8  BARSA  WCT=0.000 GOR=   157.17  SM3/SM3 WGR=   0.0000  SM3/SM3   

 STEP   60 TIME=  540.00  DAYS ( +10.0  DAYS REPT  3 ITS) (25-JUN-1991)          
  PAV=   291.8  BARSA  WCT=0.000 GOR=   157.17  SM3/SM3 WGR=   0.0000  SM3/SM3   

 @--MESSAGE  AT TIME      540.0   DAYS    (25-JUN-1991):
 @           RESTART FILE WRITTEN   REPORT    18                             
1                             **********************************************************************  19
  SIMULATE AT   540.00   DAYS * Reservoir Optimization Test Model 1                                    * ECLIPSE  VERSION 2009.1     
  REPORT  18    25 JUN 1991   *  RUN                                                                   * RUN AT 15:37 ON 16 JLY 2015 
                              **************************************************************************

 STEP   61 TIME=  550.00  DAYS ( +10.0  DAYS MAXS  3 ITS) (5-JLY-1991)           
  PAV=   291.9  BARSA  WCT=0.000 GOR=   157.16  SM3/SM3 WGR=   0.0000  SM3/SM3   

 STEP   62 TIME=  560.00  DAYS ( +10.0  DAYS MAXS  3 ITS) (15-JLY-1991)          
  PAV=   292.0  BARSA  WCT=0.000 GOR=   157.16  SM3/SM3 WGR=   0.0000  SM3/SM3   

 STEP   63 TIME=  570.00  DAYS ( +10.0  DAYS REPT  3 ITS) (25-JLY-1991)          
  PAV=   292.1  BARSA  WCT=0.000 GOR=   157.16  SM3/SM3 WGR=   0.0000  SM3/SM3   

 @--MESSAGE  AT TIME      570.0   DAYS    (25-JLY-1991):
 @           RESTART FILE WRITTEN   REPORT    19                             
1                             **********************************************************************  20
  SIMULATE AT   570.00   DAYS * Reservoir Optimization Test Model 1                                    * ECLIPSE  VERSION 2009.1     
  REPORT  19    25 JLY 1991   *  RUN                                                                   * RUN AT 15:37 ON 16 JLY 2015 
                              **************************************************************************

 STEP   64 TIME=  580.00  DAYS ( +10.0  DAYS MAXS  3 ITS) (4-AUG-1991)           
  PAV=   292.2  BARSA  WCT=0.000 GOR=   157.16  SM3/SM3 WGR=   0.0000  SM3/SM3   

 STEP   65 TIME=  590.00  DAYS ( +10.0  DAYS MAXS  3 ITS) (14-AUG-1991)          
  PAV=   292.3  BARSA  WCT=0.000 GOR=   157.16  SM3/SM3 WGR=   0.0000  SM3/SM3   

 STEP   66 TIME=  600.00  DAYS ( +10.0  DAYS REPT  3 ITS) (24-AUG-1991)          
  PAV=   292.4  BARSA  WCT=0.000 GOR=   157.16  SM3/SM3 WGR=   0.0000  SM3/SM3   

 @--MESSAGE  AT TIME      600.0   DAYS    (24-AUG-1991):
 @           RESTART FILE WRITTEN   REPORT    20                             
1                             **********************************************************************  21
  SIMULATE AT   600.00   DAYS * Reservoir Optimization Test Model 1                                    * ECLIPSE  VERSION 2009.1     
  REPORT  20    24 AUG 1991   *  RUN                                                                   * RUN AT 15:37 ON 16 JLY 2015 
                              **************************************************************************

 STEP   67 TIME=  610.00  DAYS ( +10.0  DAYS MAXS  3 ITS) (3-SEP-1991)           
  PAV=   292.5  BARSA  WCT=0.000 GOR=   157.16  SM3/SM3 WGR=   0.0000  SM3/SM3   

 STEP   68 TIME=  620.00  DAYS ( +10.0  DAYS MAXS  3 ITS) (13-SEP-1991)          
  PAV=   292.7  BARSA  WCT=0.000 GOR=   157.15  SM3/SM3 WGR=   0.0000  SM3/SM3   

 STEP   69 TIME=  630.00  DAYS ( +10.0  DAYS REPT  3 ITS) (23-SEP-1991)          
  PAV=   292.8  BARSA  WCT=0.000 GOR=   157.15  SM3/SM3 WGR=   0.0000  SM3/SM3   

 @--MESSAGE  AT TIME      630.0   DAYS    (23-SEP-1991):
 @           RESTART FILE WRITTEN   REPORT    21                             
1                             **********************************************************************  22
  SIMULATE AT   630.00   DAYS * Reservoir Optimization Test Model 1                                    * ECLIPSE  VERSION 2009.1     
  REPORT  21    23 SEP 1991   *  RUN                                                                   * RUN AT 15:37 ON 16 JLY 2015 
                              **************************************************************************

 STEP   70 TIME=  640.00  DAYS ( +10.0  DAYS MAXS  3 ITS) (3-OCT-1991)           
  PAV=   292.9  BARSA  WCT=0.000 GOR=   157.15  SM3/SM3 WGR=   0.0000  SM3/SM3   

 STEP   71 TIME=  650.00  DAYS ( +10.0  DAYS MAXS  3 ITS) (13-OCT-1991)          
  PAV=   293.1  BARSA  WCT=0.000 GOR=   157.15  SM3/SM3 WGR=   0.0000  SM3/SM3   

 STEP   72 TIME=  660.00  DAYS ( +10.0  DAYS REPT  3 ITS) (23-OCT-1991)          
  PAV=   293.3  BARSA  WCT=0.000 GOR=   157.14  SM3/SM3 WGR=   0.0000  SM3/SM3   

 @--MESSAGE  AT TIME      660.0   DAYS    (23-OCT-1991):
 @           RESTART FILE WRITTEN   REPORT    22                             
1                             **********************************************************************  23
  SIMULATE AT   660.00   DAYS * Reservoir Optimization Test Model 1                                    * ECLIPSE  VERSION 2009.1     
  REPORT  22    23 OCT 1991   *  RUN                                                                   * RUN AT 15:37 ON 16 JLY 2015 
                              **************************************************************************

 STEP   73 TIME=  670.00  DAYS ( +10.0  DAYS MAXS  3 ITS) (2-NOV-1991)           
  PAV=   293.5  BARSA  WCT=0.000 GOR=   157.13  SM3/SM3 WGR=   0.0000  SM3/SM3   

 STEP   74 TIME=  680.00  DAYS ( +10.0  DAYS MAXS  3 ITS) (12-NOV-1991)          
  PAV=   293.7  BARSA  WCT=0.001 GOR=   157.11  SM3/SM3 WGR=   0.0000  SM3/SM3   

 STEP   75 TIME=  690.00  DAYS ( +10.0  DAYS REPT  3 ITS) (22-NOV-1991)          
  PAV=   294.1  BARSA  WCT=0.004 GOR=   157.05  SM3/SM3 WGR=   0.0000  SM3/SM3   

 @--MESSAGE  AT TIME      690.0   DAYS    (22-NOV-1991):
 @           RESTART FILE WRITTEN   REPORT    23                             
1                             **********************************************************************  24
  SIMULATE AT   690.00   DAYS * Reservoir Optimization Test Model 1                                    * ECLIPSE  VERSION 2009.1     
  REPORT  23    22 NOV 1991   *  RUN                                                                   * RUN AT 15:37 ON 16 JLY 2015 
                              **************************************************************************

 STEP   76 TIME=  700.00  DAYS ( +10.0  DAYS MAXS  3 ITS) (2-DEC-1991)           
  PAV=   294.7  BARSA  WCT=0.012 GOR=   156.99  SM3/SM3 WGR=   0.0001  SM3/SM3   

 STEP   77 TIME=  710.00  DAYS ( +10.0  DAYS MAXS  3 ITS) (12-DEC-1991)          
  PAV=   295.3  BARSA  WCT=0.025 GOR=   156.97  SM3/SM3 WGR=   0.0002  SM3/SM3   

 STEP   78 TIME=  720.00  DAYS ( +10.0  DAYS REPT  3 ITS) (22-DEC-1991)          
  PAV=   296.0  BARSA  WCT=0.040 GOR=   156.98  SM3/SM3 WGR=   0.0003  SM3/SM3   

 @--MESSAGE  AT TIME      720.0   DAYS    (22-DEC-1991):
 @           RESTART FILE WRITTEN   REPORT    24                             
1                             **********************************************************************  25
  SIMULATE AT   720.00   DAYS * Reservoir Optimization Test Model 1                                    * ECLIPSE  VERSION 2009.1     
  REPORT  24    22 DEC 1991   *  RUN                                                                   * RUN AT 15:37 ON 16 JLY 2015 
                              **************************************************************************

 STEP   79 TIME=  730.00  DAYS ( +10.0  DAYS MAXS  3 ITS) (1-JAN-1992)           
  PAV=   296.7  BARSA  WCT=0.056 GOR=   157.02  SM3/SM3 WGR=   0.0004  SM3/SM3   

 STEP   80 TIME=  740.00  DAYS ( +10.0  DAYS MAXS  3 ITS) (11-JAN-1992)          
  PAV=   297.5  BARSA  WCT=0.072 GOR=   157.05  SM3/SM3 WGR=   0.0005  SM3/SM3   

 STEP   81 TIME=  750.00  DAYS ( +10.0  DAYS REPT  3 ITS) (21-JAN-1992)          
  PAV=   298.3  BARSA  WCT=0.088 GOR=   157.08  SM3/SM3 WGR=   0.0006  SM3/SM3   

 @--MESSAGE  AT TIME      750.0   DAYS    (21-JAN-1992):
 @           RESTART FILE WRITTEN   REPORT    25                             
1                             **********************************************************************  26
  SIMULATE AT   750.00   DAYS * Reservoir Optimization Test Model 1                                    * ECLIPSE  VERSION 2009.1     
  REPORT  25    21 JAN 1992   *  RUN                                                                   * RUN AT 15:37 ON 16 JLY 2015 
                              **************************************************************************

 STEP   82 TIME=  760.00  DAYS ( +10.0  DAYS MAXS  3 ITS) (31-JAN-1992)          
  PAV=   299.1  BARSA  WCT=0.106 GOR=   157.11  SM3/SM3 WGR=   0.0008  SM3/SM3   

 STEP   83 TIME=  770.00  DAYS ( +10.0  DAYS MAXS  3 ITS) (10-FEB-1992)          
  PAV=   300.0  BARSA  WCT=0.122 GOR=   157.14  SM3/SM3 WGR=   0.0009  SM3/SM3   

 STEP   84 TIME=  780.00  DAYS ( +10.0  DAYS REPT  3 ITS) (20-FEB-1992)          
  PAV=   300.9  BARSA  WCT=0.137 GOR=   157.16  SM3/SM3 WGR=   0.0010  SM3/SM3   

 @--MESSAGE  AT TIME      780.0   DAYS    (20-FEB-1992):
 @           RESTART FILE WRITTEN   REPORT    26                             
1                             **********************************************************************  27
  SIMULATE AT   780.00   DAYS * Reservoir Optimization Test Model 1                                    * ECLIPSE  VERSION 2009.1     
  REPORT  26    20 FEB 1992   *  RUN                                                                   * RUN AT 15:37 ON 16 JLY 2015 
                              **************************************************************************

 STEP   85 TIME=  790.00  DAYS ( +10.0  DAYS MAXS  3 ITS) (1-MAR-1992)           
  PAV=   301.7  BARSA  WCT=0.152 GOR=   157.18  SM3/SM3 WGR=   0.0011  SM3/SM3   

 STEP   86 TIME=  800.00  DAYS ( +10.0  DAYS MAXS  2 ITS) (11-MAR-1992)          
  PAV=   302.6  BARSA  WCT=0.165 GOR=   157.19  SM3/SM3 WGR=   0.0013  SM3/SM3   

 STEP   87 TIME=  810.00  DAYS ( +10.0  DAYS REPT  3 ITS) (21-MAR-1992)          
  PAV=   303.4  BARSA  WCT=0.178 GOR=   157.20  SM3/SM3 WGR=   0.0014  SM3/SM3   

 @--MESSAGE  AT TIME      810.0   DAYS    (21-MAR-1992):
 @           RESTART FILE WRITTEN   REPORT    27                             
1                             **********************************************************************  28
  SIMULATE AT   810.00   DAYS * Reservoir Optimization Test Model 1                                    * ECLIPSE  VERSION 2009.1     
  REPORT  27    21 MAR 1992   *  RUN                                                                   * RUN AT 15:37 ON 16 JLY 2015 
                              **************************************************************************

 STEP   88 TIME=  820.00  DAYS ( +10.0  DAYS MAXS  3 ITS) (31-MAR-1992)          
  PAV=   304.3  BARSA  WCT=0.190 GOR=   157.23  SM3/SM3 WGR=   0.0015  SM3/SM3   

 STEP   89 TIME=  830.00  DAYS ( +10.0  DAYS MAXS  3 ITS) (10-APR-1992)          
  PAV=   305.1  BARSA  WCT=0.201 GOR=   157.26  SM3/SM3 WGR=   0.0016  SM3/SM3   

 STEP   90 TIME=  840.00  DAYS ( +10.0  DAYS REPT  3 ITS) (20-APR-1992)          
  PAV=   305.9  BARSA  WCT=0.211 GOR=   157.28  SM3/SM3 WGR=   0.0017  SM3/SM3   

 @--MESSAGE  AT TIME      840.0   DAYS    (20-APR-1992):
 @           RESTART FILE WRITTEN   REPORT    28                             
1                             **********************************************************************  29
  SIMULATE AT   840.00   DAYS * Reservoir Optimization Test Model 1                                    * ECLIPSE  VERSION 2009.1     
  REPORT  28    20 APR 1992   *  RUN                                                                   * RUN AT 15:37 ON 16 JLY 2015 
                              **************************************************************************

 STEP   91 TIME=  850.00  DAYS ( +10.0  DAYS MAXS  3 ITS) (30-APR-1992)          
  PAV=   306.7  BARSA  WCT=0.219 GOR=   157.30  SM3/SM3 WGR=   0.0018  SM3/SM3   

 STEP   92 TIME=  860.00  DAYS ( +10.0  DAYS MAXS  3 ITS) (10-MAY-1992)          
  PAV=   307.4  BARSA  WCT=0.227 GOR=   157.32  SM3/SM3 WGR=   0.0019  SM3/SM3   

 STEP   93 TIME=  870.00  DAYS ( +10.0  DAYS REPT  3 ITS) (20-MAY-1992)          
  PAV=   308.1  BARSA  WCT=0.235 GOR=   157.35  SM3/SM3 WGR=   0.0019  SM3/SM3   

 @--MESSAGE  AT TIME      870.0   DAYS    (20-MAY-1992):
 @           RESTART FILE WRITTEN   REPORT    29                             
1                             **********************************************************************  30
  SIMULATE AT   870.00   DAYS * Reservoir Optimization Test Model 1                                    * ECLIPSE  VERSION 2009.1     
  REPORT  29    20 MAY 1992   *  RUN                                                                   * RUN AT 15:37 ON 16 JLY 2015 
                              **************************************************************************

 STEP   94 TIME=  880.00  DAYS ( +10.0  DAYS MAXS  2 ITS) (30-MAY-1992)          
  PAV=   308.8  BARSA  WCT=0.242 GOR=   157.37  SM3/SM3 WGR=   0.0020  SM3/SM3   

 STEP   95 TIME=  890.00  DAYS ( +10.0  DAYS MAXS  3 ITS) (9-JUN-1992)           
  PAV=   309.5  BARSA  WCT=0.249 GOR=   157.39  SM3/SM3 WGR=   0.0021  SM3/SM3   

 STEP   96 TIME=  900.00  DAYS ( +10.0  DAYS REPT  3 ITS) (19-JUN-1992)          
  PAV=   310.2  BARSA  WCT=0.258 GOR=   157.41  SM3/SM3 WGR=   0.0022  SM3/SM3   

 @--MESSAGE  AT TIME      900.0   DAYS    (19-JUN-1992):
 @           RESTART FILE WRITTEN   REPORT    30                             
1                             **********************************************************************  31
  SIMULATE AT   900.00   DAYS * Reservoir Optimization Test Model 1                                    * ECLIPSE  VERSION 2009.1     
  REPORT  30    19 JUN 1992   *  RUN                                                                   * RUN AT 15:37 ON 16 JLY 2015 
                              **************************************************************************

 STEP   97 TIME=  910.00  DAYS ( +10.0  DAYS MAXS  3 ITS) (29-JUN-1992)          
  PAV=   310.8  BARSA  WCT=0.266 GOR=   157.43  SM3/SM3 WGR=   0.0023  SM3/SM3   

 STEP   98 TIME=  920.00  DAYS ( +10.0  DAYS MAXS  3 ITS) (9-JLY-1992)           
  PAV=   311.5  BARSA  WCT=0.275 GOR=   157.45  SM3/SM3 WGR=   0.0024  SM3/SM3   

 STEP   99 TIME=  930.00  DAYS ( +10.0  DAYS REPT  3 ITS) (19-JLY-1992)          
  PAV=   312.1  BARSA  WCT=0.282 GOR=   157.47  SM3/SM3 WGR=   0.0025  SM3/SM3   

 @--MESSAGE  AT TIME      930.0   DAYS    (19-JLY-1992):
 @           RESTART FILE WRITTEN   REPORT    31                             
1                             **********************************************************************  32
  SIMULATE AT   930.00   DAYS * Reservoir Optimization Test Model 1                                    * ECLIPSE  VERSION 2009.1     
  REPORT  31    19 JLY 1992   *  RUN                                                                   * RUN AT 15:37 ON 16 JLY 2015 
                              **************************************************************************

 STEP  100 TIME=  940.00  DAYS ( +10.0  DAYS MAXS  3 ITS) (29-JLY-1992)          
  PAV=   312.7  BARSA  WCT=0.289 GOR=   157.49  SM3/SM3 WGR=   0.0026  SM3/SM3   

 STEP  101 TIME=  950.00  DAYS ( +10.0  DAYS MAXS  3 ITS) (8-AUG-1992)           
  PAV=   313.3  BARSA  WCT=0.296 GOR=   157.51  SM3/SM3 WGR=   0.0027  SM3/SM3   

 STEP  102 TIME=  960.00  DAYS ( +10.0  DAYS REPT  3 ITS) (18-AUG-1992)          
  PAV=   313.8  BARSA  WCT=0.302 GOR=   157.53  SM3/SM3 WGR=   0.0028  SM3/SM3   

 @--MESSAGE  AT TIME      960.0   DAYS    (18-AUG-1992):
 @           RESTART FILE WRITTEN   REPORT    32                             
1                             **********************************************************************  33
  SIMULATE AT   960.00   DAYS * Reservoir Optimization Test Model 1                                    * ECLIPSE  VERSION 2009.1     
  REPORT  32    18 AUG 1992   *  RUN                                                                   * RUN AT 15:37 ON 16 JLY 2015 
                              **************************************************************************

 STEP  103 TIME=  970.00  DAYS ( +10.0  DAYS MAXS  3 ITS) (28-AUG-1992)          
  PAV=   314.4  BARSA  WCT=0.309 GOR=   157.55  SM3/SM3 WGR=   0.0028  SM3/SM3   

 STEP  104 TIME=  980.00  DAYS ( +10.0  DAYS MAXS  3 ITS) (7-SEP-1992)           
  PAV=   315.0  BARSA  WCT=0.315 GOR=   157.57  SM3/SM3 WGR=   0.0029  SM3/SM3   

 STEP  105 TIME=  990.00  DAYS ( +10.0  DAYS REPT  3 ITS) (17-SEP-1992)          
  PAV=   315.6  BARSA  WCT=0.322 GOR=   157.59  SM3/SM3 WGR=   0.0030  SM3/SM3   

 @--MESSAGE  AT TIME      990.0   DAYS    (17-SEP-1992):
 @           RESTART FILE WRITTEN   REPORT    33                             
1                             **********************************************************************  34
  SIMULATE AT   990.00   DAYS * Reservoir Optimization Test Model 1                                    * ECLIPSE  VERSION 2009.1     
  REPORT  33    17 SEP 1992   *  RUN                                                                   * RUN AT 15:37 ON 16 JLY 2015 
                              **************************************************************************

 STEP  106 TIME= 1000.00  DAYS ( +10.0  DAYS MAXS  3 ITS) (27-SEP-1992)          
  PAV=   316.2  BARSA  WCT=0.330 GOR=   157.60  SM3/SM3 WGR=   0.0031  SM3/SM3   

 STEP  107 TIME= 1010.00  DAYS ( +10.0  DAYS MAXS  3 ITS) (7-OCT-1992)           
  PAV=   316.9  BARSA  WCT=0.340 GOR=   157.61  SM3/SM3 WGR=   0.0033  SM3/SM3   

 STEP  108 TIME= 1020.00  DAYS ( +10.0  DAYS REPT  3 ITS) (17-OCT-1992)          
  PAV=   317.8  BARSA  WCT=0.354 GOR=   157.61  SM3/SM3 WGR=   0.0035  SM3/SM3   

 @--MESSAGE  AT TIME     1020.0   DAYS    (17-OCT-1992):
 @           RESTART FILE WRITTEN   REPORT    34                             
1                             **********************************************************************  35
  SIMULATE AT  1020.00   DAYS * Reservoir Optimization Test Model 1                                    * ECLIPSE  VERSION 2009.1     
  REPORT  34    17 OCT 1992   *  RUN                                                                   * RUN AT 15:37 ON 16 JLY 2015 
                              **************************************************************************

 STEP  109 TIME= 1030.00  DAYS ( +10.0  DAYS MAXS  3 ITS) (27-OCT-1992)          
  PAV=   318.8  BARSA  WCT=0.371 GOR=   157.62  SM3/SM3 WGR=   0.0037  SM3/SM3   

 STEP  110 TIME= 1040.00  DAYS ( +10.0  DAYS MAXS  3 ITS) (6-NOV-1992)           
  PAV=   319.9  BARSA  WCT=0.391 GOR=   157.65  SM3/SM3 WGR=   0.0041  SM3/SM3   

 STEP  111 TIME= 1050.00  DAYS ( +10.0  DAYS REPT  3 ITS) (16-NOV-1992)          
  PAV=   321.0  BARSA  WCT=0.410 GOR=   157.66  SM3/SM3 WGR=   0.0044  SM3/SM3   

 @--MESSAGE  AT TIME     1050.0   DAYS    (16-NOV-1992):
 @           RESTART FILE WRITTEN   REPORT    35                             
1                             **********************************************************************  36
  SIMULATE AT  1050.00   DAYS * Reservoir Optimization Test Model 1                                    * ECLIPSE  VERSION 2009.1     
  REPORT  35    16 NOV 1992   *  RUN                                                                   * RUN AT 15:37 ON 16 JLY 2015 
                              **************************************************************************

 STEP  112 TIME= 1060.00  DAYS ( +10.0  DAYS MAXS  3 ITS) (26-NOV-1992)          
  PAV=   322.2  BARSA  WCT=0.429 GOR=   157.68  SM3/SM3 WGR=   0.0048  SM3/SM3   

 STEP  113 TIME= 1070.00  DAYS ( +10.0  DAYS MAXS  3 ITS) (6-DEC-1992)           
  PAV=   323.4  BARSA  WCT=0.445 GOR=   157.70  SM3/SM3 WGR=   0.0051  SM3/SM3   

 STEP  114 TIME= 1080.00  DAYS ( +10.0  DAYS REPT  3 ITS) (16-DEC-1992)          
  PAV=   324.6  BARSA  WCT=0.460 GOR=   157.73  SM3/SM3 WGR=   0.0054  SM3/SM3   

 @--MESSAGE  AT TIME     1080.0   DAYS    (16-DEC-1992):
 @           RESTART FILE WRITTEN   REPORT    36                             
1                             **********************************************************************  37
  SIMULATE AT  1080.00   DAYS * Reservoir Optimization Test Model 1                                    * ECLIPSE  VERSION 2009.1     
  REPORT  36    16 DEC 1992   *  RUN                                                                   * RUN AT 15:37 ON 16 JLY 2015 
                              **************************************************************************

 STEP  115 TIME= 1090.00  DAYS ( +10.0  DAYS MAXS  3 ITS) (26-DEC-1992)          
  PAV=   325.8  BARSA  WCT=0.474 GOR=   157.75  SM3/SM3 WGR=   0.0057  SM3/SM3   

 STEP  116 TIME= 1100.00  DAYS ( +10.0  DAYS MAXS  3 ITS) (5-JAN-1993)           
  PAV=   326.9  BARSA  WCT=0.487 GOR=   157.78  SM3/SM3 WGR=   0.0060  SM3/SM3   

 STEP  117 TIME= 1110.00  DAYS ( +10.0  DAYS REPT  2 ITS) (15-JAN-1993)          
  PAV=   328.0  BARSA  WCT=0.499 GOR=   157.81  SM3/SM3 WGR=   0.0063  SM3/SM3   

 @--MESSAGE  AT TIME     1110.0   DAYS    (15-JAN-1993):
 @           RESTART FILE WRITTEN   REPORT    37                             
1                             **********************************************************************  38
  SIMULATE AT  1110.00   DAYS * Reservoir Optimization Test Model 1                                    * ECLIPSE  VERSION 2009.1     
  REPORT  37    15 JAN 1993   *  RUN                                                                   * RUN AT 15:37 ON 16 JLY 2015 
                              **************************************************************************

 STEP  118 TIME= 1120.00  DAYS ( +10.0  DAYS MAXS  3 ITS) (25-JAN-1993)          
  PAV=   329.1  BARSA  WCT=0.511 GOR=   157.84  SM3/SM3 WGR=   0.0066  SM3/SM3   

 STEP  119 TIME= 1130.00  DAYS ( +10.0  DAYS MAXS  3 ITS) (4-FEB-1993)           
  PAV=   330.2  BARSA  WCT=0.521 GOR=   157.88  SM3/SM3 WGR=   0.0069  SM3/SM3   

 STEP  120 TIME= 1140.00  DAYS ( +10.0  DAYS REPT  3 ITS) (14-FEB-1993)          
  PAV=   331.2  BARSA  WCT=0.532 GOR=   157.92  SM3/SM3 WGR=   0.0072  SM3/SM3   

 @--MESSAGE  AT TIME     1140.0   DAYS    (14-FEB-1993):
 @           RESTART FILE WRITTEN   REPORT    38                             
1                             **********************************************************************  39
  SIMULATE AT  1140.00   DAYS * Reservoir Optimization Test Model 1                                    * ECLIPSE  VERSION 2009.1     
  REPORT  38    14 FEB 1993   *  RUN                                                                   * RUN AT 15:37 ON 16 JLY 2015 
                              **************************************************************************

 STEP  121 TIME= 1150.00  DAYS ( +10.0  DAYS MAXS  3 ITS) (24-FEB-1993)          
  PAV=   332.2  BARSA  WCT=0.543 GOR=   157.96  SM3/SM3 WGR=   0.0075  SM3/SM3   

 STEP  122 TIME= 1160.00  DAYS ( +10.0  DAYS MAXS  3 ITS) (6-MAR-1993)           
  PAV=   333.2  BARSA  WCT=0.555 GOR=   158.00  SM3/SM3 WGR=   0.0079  SM3/SM3   

 STEP  123 TIME= 1170.00  DAYS ( +10.0  DAYS REPT  3 ITS) (16-MAR-1993)          
  PAV=   334.2  BARSA  WCT=0.566 GOR=   158.04  SM3/SM3 WGR=   0.0082  SM3/SM3   

 @--MESSAGE  AT TIME     1170.0   DAYS    (16-MAR-1993):
 @           RESTART FILE WRITTEN   REPORT    39                             
1                             **********************************************************************  40
  SIMULATE AT  1170.00   DAYS * Reservoir Optimization Test Model 1                                    * ECLIPSE  VERSION 2009.1     
  REPORT  39    16 MAR 1993   *  RUN                                                                   * RUN AT 15:37 ON 16 JLY 2015 
                              **************************************************************************

 STEP  124 TIME= 1180.00  DAYS ( +10.0  DAYS MAXS  2 ITS) (26-MAR-1993)          
  PAV=   335.2  BARSA  WCT=0.577 GOR=   158.09  SM3/SM3 WGR=   0.0086  SM3/SM3   

 STEP  125 TIME= 1190.00  DAYS ( +10.0  DAYS MAXS  2 ITS) (5-APR-1993)           
  PAV=   336.1  BARSA  WCT=0.587 GOR=   158.15  SM3/SM3 WGR=   0.0090  SM3/SM3   

 STEP  126 TIME= 1200.00  DAYS ( +10.0  DAYS REPT  3 ITS) (15-APR-1993)          
  PAV=   337.1  BARSA  WCT=0.597 GOR=   158.20  SM3/SM3 WGR=   0.0094  SM3/SM3   

 @--MESSAGE  AT TIME     1200.0   DAYS    (15-APR-1993):
 @           RESTART FILE WRITTEN   REPORT    40                             
1                             **********************************************************************  41
  SIMULATE AT  1200.00   DAYS * Reservoir Optimization Test Model 1                                    * ECLIPSE  VERSION 2009.1     
  REPORT  40    15 APR 1993   *  RUN                                                                   * RUN AT 15:37 ON 16 JLY 2015 
                              **************************************************************************

 STEP  127 TIME= 1210.00  DAYS ( +10.0  DAYS MAXS  3 ITS) (25-APR-1993)          
  PAV=   338.1  BARSA  WCT=0.607 GOR=   158.26  SM3/SM3 WGR=   0.0097  SM3/SM3   

 STEP  128 TIME= 1220.00  DAYS ( +10.0  DAYS MAXS  3 ITS) (5-MAY-1993)           
  PAV=   339.0  BARSA  WCT=0.616 GOR=   158.32  SM3/SM3 WGR=   0.0101  SM3/SM3   

 STEP  129 TIME= 1230.00  DAYS ( +10.0  DAYS REPT  3 ITS) (15-MAY-1993)          
  PAV=   339.9  BARSA  WCT=0.624 GOR=   158.38  SM3/SM3 WGR=   0.0105  SM3/SM3   

 @--MESSAGE  AT TIME     1230.0   DAYS    (15-MAY-1993):
 @           RESTART FILE WRITTEN   REPORT    41                             
1                             **********************************************************************  42
  SIMULATE AT  1230.00   DAYS * Reservoir Optimization Test Model 1                                    * ECLIPSE  VERSION 2009.1     
  REPORT  41    15 MAY 1993   *  RUN                                                                   * RUN AT 15:37 ON 16 JLY 2015 
                              **************************************************************************

 STEP  130 TIME= 1240.00  DAYS ( +10.0  DAYS MAXS  3 ITS) (25-MAY-1993)          
  PAV=   340.7  BARSA  WCT=0.632 GOR=   158.45  SM3/SM3 WGR=   0.0108  SM3/SM3   

 STEP  131 TIME= 1250.00  DAYS ( +10.0  DAYS MAXS  2 ITS) (4-JUN-1993)           
  PAV=   341.6  BARSA  WCT=0.640 GOR=   158.52  SM3/SM3 WGR=   0.0112  SM3/SM3   

 STEP  132 TIME= 1260.00  DAYS ( +10.0  DAYS REPT  2 ITS) (14-JUN-1993)          
  PAV=   342.4  BARSA  WCT=0.647 GOR=   158.59  SM3/SM3 WGR=   0.0116  SM3/SM3   

 @--MESSAGE  AT TIME     1260.0   DAYS    (14-JUN-1993):
 @           RESTART FILE WRITTEN   REPORT    42                             
1                             **********************************************************************  43
  SIMULATE AT  1260.00   DAYS * Reservoir Optimization Test Model 1                                    * ECLIPSE  VERSION 2009.1     
  REPORT  42    14 JUN 1993   *  RUN                                                                   * RUN AT 15:37 ON 16 JLY 2015 
                              **************************************************************************

 STEP  133 TIME= 1270.00  DAYS ( +10.0  DAYS MAXS  2 ITS) (24-JUN-1993)          
  PAV=   343.2  BARSA  WCT=0.655 GOR=   158.66  SM3/SM3 WGR=   0.0120  SM3/SM3   

 STEP  134 TIME= 1280.00  DAYS ( +10.0  DAYS MAXS  3 ITS) (4-JLY-1993)           
  PAV=   344.0  BARSA  WCT=0.662 GOR=   158.73  SM3/SM3 WGR=   0.0123  SM3/SM3   

 STEP  135 TIME= 1290.00  DAYS ( +10.0  DAYS REPT  2 ITS) (14-JLY-1993)          
  PAV=   344.8  BARSA  WCT=0.669 GOR=   158.80  SM3/SM3 WGR=   0.0127  SM3/SM3   

 @--MESSAGE  AT TIME     1290.0   DAYS    (14-JLY-1993):
 @           RESTART FILE WRITTEN   REPORT    43                             
1                             **********************************************************************  44
  SIMULATE AT  1290.00   DAYS * Reservoir Optimization Test Model 1                                    * ECLIPSE  VERSION 2009.1     
  REPORT  43    14 JLY 1993   *  RUN                                                                   * RUN AT 15:37 ON 16 JLY 2015 
                              **************************************************************************

 STEP  136 TIME= 1300.00  DAYS ( +10.0  DAYS MAXS  3 ITS) (24-JLY-1993)          
  PAV=   345.5  BARSA  WCT=0.676 GOR=   158.87  SM3/SM3 WGR=   0.0131  SM3/SM3   

 STEP  137 TIME= 1310.00  DAYS ( +10.0  DAYS MAXS  3 ITS) (3-AUG-1993)           
  PAV=   346.2  BARSA  WCT=0.682 GOR=   158.94  SM3/SM3 WGR=   0.0135  SM3/SM3   

 STEP  138 TIME= 1320.00  DAYS ( +10.0  DAYS REPT  3 ITS) (13-AUG-1993)          
  PAV=   346.9  BARSA  WCT=0.689 GOR=   159.01  SM3/SM3 WGR=   0.0139  SM3/SM3   

 @--MESSAGE  AT TIME     1320.0   DAYS    (13-AUG-1993):
 @           RESTART FILE WRITTEN   REPORT    44                             
1                             **********************************************************************  45
  SIMULATE AT  1320.00   DAYS * Reservoir Optimization Test Model 1                                    * ECLIPSE  VERSION 2009.1     
  REPORT  44    13 AUG 1993   *  RUN                                                                   * RUN AT 15:37 ON 16 JLY 2015 
                              **************************************************************************

 STEP  139 TIME= 1330.00  DAYS ( +10.0  DAYS MAXS  3 ITS) (23-AUG-1993)          
  PAV=   347.6  BARSA  WCT=0.695 GOR=   159.07  SM3/SM3 WGR=   0.0143  SM3/SM3   

 STEP  140 TIME= 1340.00  DAYS ( +10.0  DAYS MAXS  2 ITS) (2-SEP-1993)           
  PAV=   348.3  BARSA  WCT=0.701 GOR=   159.14  SM3/SM3 WGR=   0.0148  SM3/SM3   

 STEP  141 TIME= 1350.00  DAYS ( +10.0  DAYS REPT  2 ITS) (12-SEP-1993)          
  PAV=   348.9  BARSA  WCT=0.708 GOR=   159.21  SM3/SM3 WGR=   0.0152  SM3/SM3   

 @--MESSAGE  AT TIME     1350.0   DAYS    (12-SEP-1993):
 @           RESTART FILE WRITTEN   REPORT    45                             
1                             **********************************************************************  46
  SIMULATE AT  1350.00   DAYS * Reservoir Optimization Test Model 1                                    * ECLIPSE  VERSION 2009.1     
  REPORT  45    12 SEP 1993   *  RUN                                                                   * RUN AT 15:37 ON 16 JLY 2015 
                              **************************************************************************

 STEP  142 TIME= 1360.00  DAYS ( +10.0  DAYS MAXS  2 ITS) (22-SEP-1993)          
  PAV=   349.5  BARSA  WCT=0.713 GOR=   159.28  SM3/SM3 WGR=   0.0156  SM3/SM3   

 STEP  143 TIME= 1370.00  DAYS ( +10.0  DAYS MAXS  2 ITS) (2-OCT-1993)           
  PAV=   350.1  BARSA  WCT=0.719 GOR=   159.34  SM3/SM3 WGR=   0.0161  SM3/SM3   

 STEP  144 TIME= 1380.00  DAYS ( +10.0  DAYS REPT  2 ITS) (12-OCT-1993)          
  PAV=   350.7  BARSA  WCT=0.725 GOR=   159.41  SM3/SM3 WGR=   0.0165  SM3/SM3   

 @--MESSAGE  AT TIME     1380.0   DAYS    (12-OCT-1993):
 @           RESTART FILE WRITTEN   REPORT    46                             
1                             **********************************************************************  47
  SIMULATE AT  1380.00   DAYS * Reservoir Optimization Test Model 1                                    * ECLIPSE  VERSION 2009.1     
  REPORT  46    12 OCT 1993   *  RUN                                                                   * RUN AT 15:37 ON 16 JLY 2015 
                              **************************************************************************

 STEP  145 TIME= 1390.00  DAYS ( +10.0  DAYS MAXS  2 ITS) (22-OCT-1993)          
  PAV=   351.3  BARSA  WCT=0.730 GOR=   159.47  SM3/SM3 WGR=   0.0170  SM3/SM3   

 STEP  146 TIME= 1400.00  DAYS ( +10.0  DAYS MAXS  3 ITS) (1-NOV-1993)           
  PAV=   351.8  BARSA  WCT=0.735 GOR=   159.54  SM3/SM3 WGR=   0.0174  SM3/SM3   

 STEP  147 TIME= 1410.00  DAYS ( +10.0  DAYS REPT  2 ITS) (11-NOV-1993)          
  PAV=   352.4  BARSA  WCT=0.740 GOR=   159.60  SM3/SM3 WGR=   0.0179  SM3/SM3   

 @--MESSAGE  AT TIME     1410.0   DAYS    (11-NOV-1993):
 @           RESTART FILE WRITTEN   REPORT    47                             
1                             **********************************************************************  48
  SIMULATE AT  1410.00   DAYS * Reservoir Optimization Test Model 1                                    * ECLIPSE  VERSION 2009.1     
  REPORT  47    11 NOV 1993   *  RUN                                                                   * RUN AT 15:37 ON 16 JLY 2015 
                              **************************************************************************

 STEP  148 TIME= 1420.00  DAYS ( +10.0  DAYS MAXS  3 ITS) (21-NOV-1993)          
  PAV=   352.9  BARSA  WCT=0.745 GOR=   159.66  SM3/SM3 WGR=   0.0183  SM3/SM3   

 STEP  149 TIME= 1430.00  DAYS ( +10.0  DAYS MAXS  3 ITS) (1-DEC-1993)           
  PAV=   353.4  BARSA  WCT=0.750 GOR=   159.73  SM3/SM3 WGR=   0.0188  SM3/SM3   

 STEP  150 TIME= 1440.00  DAYS ( +10.0  DAYS REPT  3 ITS) (11-DEC-1993)          
  PAV=   353.8  BARSA  WCT=0.755 GOR=   159.79  SM3/SM3 WGR=   0.0193  SM3/SM3   

 @--MESSAGE  AT TIME     1440.0   DAYS    (11-DEC-1993):
 @           RESTART FILE WRITTEN   REPORT    48                             
1                             **********************************************************************  49
  SIMULATE AT  1440.00   DAYS * Reservoir Optimization Test Model 1                                    * ECLIPSE  VERSION 2009.1     
  REPORT  48    11 DEC 1993   *  RUN                                                                   * RUN AT 15:37 ON 16 JLY 2015 
                              **************************************************************************

 STEP  151 TIME= 1450.00  DAYS ( +10.0  DAYS MAXS  3 ITS) (21-DEC-1993)          
  PAV=   354.3  BARSA  WCT=0.760 GOR=   159.85  SM3/SM3 WGR=   0.0198  SM3/SM3   

 STEP  152 TIME= 1460.00  DAYS ( +10.0  DAYS MAXS  2 ITS) (31-DEC-1993)          
  PAV=   354.7  BARSA  WCT=0.765 GOR=   159.92  SM3/SM3 WGR=   0.0203  SM3/SM3   

 STEP  153 TIME= 1470.00  DAYS ( +10.0  DAYS REPT  2 ITS) (10-JAN-1994)          
  PAV=   355.1  BARSA  WCT=0.769 GOR=   159.98  SM3/SM3 WGR=   0.0208  SM3/SM3   

 @--MESSAGE  AT TIME     1470.0   DAYS    (10-JAN-1994):
 @           RESTART FILE WRITTEN   REPORT    49                             
1                             **********************************************************************  50
  SIMULATE AT  1470.00   DAYS * Reservoir Optimization Test Model 1                                    * ECLIPSE  VERSION 2009.1     
  REPORT  49    10 JAN 1994   *  RUN                                                                   * RUN AT 15:37 ON 16 JLY 2015 
                              **************************************************************************

 STEP  154 TIME= 1480.00  DAYS ( +10.0  DAYS MAXS  2 ITS) (20-JAN-1994)          
  PAV=   355.5  BARSA  WCT=0.774 GOR=   160.04  SM3/SM3 WGR=   0.0214  SM3/SM3   

 STEP  155 TIME= 1490.00  DAYS ( +10.0  DAYS MAXS  2 ITS) (30-JAN-1994)          
  PAV=   355.9  BARSA  WCT=0.778 GOR=   160.10  SM3/SM3 WGR=   0.0219  SM3/SM3   

 STEP  156 TIME= 1500.00  DAYS ( +10.0  DAYS REPT  2 ITS) (9-FEB-1994)           
  PAV=   356.3  BARSA  WCT=0.782 GOR=   160.16  SM3/SM3 WGR=   0.0225  SM3/SM3   

 @--MESSAGE  AT TIME     1500.0   DAYS    ( 9-FEB-1994):
 @           RESTART FILE WRITTEN   REPORT    50                             
    53 READING OPTIMIZE

 @--  ERROR  AT TIME     1500.0   DAYS    ( 9-FEB-1994):
 @           UNRECOGNISED KEYWORD OPTIMIZE IN SCHEDULING DATA                
    54 READING RPTOPT  

 @--  ERROR  AT TIME     1500.0   DAYS    ( 9-FEB-1994):
 @           UNRECOGNISED KEYWORD RPTOPT   IN SCHEDULING DATA                

 @--WARNING  AT TIME     1500.0   DAYS    ( 9-FEB-1994):
 @           SPURIOUS DATA BEFORE OPTDIMS  KEYWORD                           
 @            'SEPARATE' /                                                   
    55 READING OPTDIMS 

 @--  ERROR  AT TIME     1500.0   DAYS    ( 9-FEB-1994):
 @           UNRECOGNISED KEYWORD OPTDIMS  IN SCHEDULING DATA                

 @--WARNING  AT TIME     1500.0   DAYS    ( 9-FEB-1994):
 @           SPURIOUS DATA BEFORE OPTTUNE  KEYWORD                           
 @            10 20 /                                                        
    56 READING OPTTUNE 

 @--  ERROR  AT TIME     1500.0   DAYS    ( 9-FEB-1994):
 @           UNRECOGNISED KEYWORD OPTTUNE  IN SCHEDULING DATA                

 @--WARNING  AT TIME     1500.0   DAYS    ( 9-FEB-1994):
 @           SPURIOUS DATA BEFORE OPTFUNC  KEYWORD                           
 @            0.05 /                                                         
    57 READING OPTFUNC 

 @--  ERROR  AT TIME     1500.0   DAYS    ( 9-FEB-1994):
 @           UNRECOGNISED KEYWORD OPTFUNC  IN SCHEDULING DATA                

 @--WARNING  AT TIME     1500.0   DAYS    ( 9-FEB-1994):
 @           SPURIOUS DATA BEFORE OPTPARS  KEYWORD                           
 @            'FOPT' 'FIELD' /                                               
 @           /                                                               
    58 READING OPTPARS 

 @--  ERROR  AT TIME     1500.0   DAYS    ( 9-FEB-1994):
 @           UNRECOGNISED KEYWORD OPTPARS  IN SCHEDULING DATA                

 @--WARNING  AT TIME     1500.0   DAYS    ( 9-FEB-1994):
 @           SPURIOUS DATA BEFORE OPTCONS  KEYWORD                           
 @            'WBHP' 'P1' 100.0 300.0 /                                      
 @            'WBHP' 'P2' 100.0 300.0 /                                      
 @           /                                                               
    59 READING OPTCONS 

 @--  ERROR  AT TIME     1500.0   DAYS    ( 9-FEB-1994):
 @           UNRECOGNISED KEYWORD OPTCONS  IN SCHEDULING DATA                

 @--WARNING  AT TIME     1500.0   DAYS    ( 9-FEB-1994):
 @           SPURIOUS DATA BEFORE END      KEYWORD                           
 @            'FOPR' 'FIELD' '<' 25000 /                                     
 @           /                                                               
    60 READING END     

 Error summary 
 Comments               1
 Warnings              11
 Problems               0
 Errors                 7
 Bugs                   0
 Final cpu       2.80 elapsed       4.00
