


 $$$$$   $$$   $      $$$  $$$$    $$$   $$$$$     $    $$$    $$$ 
 $      $   $  $       $   $   $  $   $  $        $$   $   $  $   $
 $      $      $       $   $   $  $      $         $   $   $  $   $
 $$$$   $      $       $   $$$$    $$$   $$$$      $   $   $  $   $
 $      $      $       $   $          $  $         $   $   $  $   $
 $      $   $  $       $   $      $   $  $         $   $   $  $   $
 $$$$$   $$$   $$$$$  $$$  $       $$$   $$$$$    $$$   $$$    $$$ 



                       $$$$$   $$$   $      $$$  $$$$    $$$   $$$$$     $    $$$    $$$ 
                       $      $   $  $       $   $   $  $   $  $        $$   $   $  $   $
                       $      $      $       $   $   $  $      $         $   $   $  $   $
                       $$$$   $      $       $   $$$$    $$$   $$$$      $   $   $  $   $
                       $      $      $       $   $          $  $         $   $   $  $   $
                       $      $   $  $       $   $      $   $  $         $   $   $  $   $
                       $$$$$   $$$   $$$$$  $$$  $       $$$   $$$$$    $$$   $$$    $$$ 



                                             $$$$$   $$$   $      $$$  $$$$    $$$   $$$$$     $    $$$    $$$ 
                                             $      $   $  $       $   $   $  $   $  $        $$   $   $  $   $
                                             $      $      $       $   $   $  $      $         $   $   $  $   $
                                             $$$$   $      $       $   $$$$    $$$   $$$$      $   $   $  $   $
                                             $      $      $       $   $          $  $         $   $   $  $   $
                                             $      $   $  $       $   $      $   $  $         $   $   $  $   $
                                             $$$$$   $$$   $$$$$  $$$  $       $$$   $$$$$    $$$   $$$    $$$ 



                                                                   $$$$$   $$$   $      $$$  $$$$    $$$   $$$$$     $    $$$    $$$ 
                                                                   $      $   $  $       $   $   $  $   $  $        $$   $   $  $   $
                                                                   $      $      $       $   $   $  $      $         $   $   $  $   $
                                                                   $$$$   $      $       $   $$$$    $$$   $$$$      $   $   $  $   $
                                                                   $      $      $       $   $          $  $         $   $   $  $   $
                                                                   $      $   $  $       $   $      $   $  $         $   $   $  $   $
                                                                   $$$$$   $$$   $$$$$  $$$  $       $$$   $$$$$    $$$   $$$    $$$ 
 
 Version =  2009.1
 Arch    =  PC WINDOWS (32 bit)
Annex    | Modification date    | Update date          | baseline             
=====    | =================    | ===========          | ========             
ECLIPSE  | 27-APR-2009 16:22:47 | 27-APR-2009 19:37:10 | S:\2009.1_w18i
system   | 22-APR-2009 14:52:01 | 25-APR-2009 05:27:35 | S:\2009.1_w18
utility  | 17-FEB-2009 08:34:11 | 25-APR-2009 05:40:00 | S:\2009.1_w18
 

1

 ******** ECHO OF INPUT DATA FOR RUN PATTERN_FLOOD

 0: --======================================================================
 0: --======================================================================
 0: --
 0: --2003A TEST CASE: A NEW INJECTION WELL CONTROL KEYWORD WCONINJP ALLOWS
 0: --                 THE VOIDAGE RATE OF THE INJECTOR TO BE RELATED TO THE
 0: --                 PRODUCTION VOIDAGE FROM A PATTERN OF SURROUNDING
 0: --                 WELLS.
 0: --
 0: --                 THIS BLACK OIL DATASET MAY BE RUN IN BOTH SIMULATORS
 0: --
 0: --======================================================================
 0: --======================================================================
 0: 
 0: --======================================================================
 0: RUNSPEC ================================================================
 0: --======================================================================
 0: 
 0: DIMENS
 0:     9    9    1  /
 0: 
 0: WATER
 0: 
 0: GAS
 0: 
 0: -------
 0: -------
 0: 
 0: FIELD
 0: 
 0: TABDIMS
 0:     1    1   20   20    3   15 /
 0: 
 0: WELLDIMS
 0:     9    3    10    3 /
 0: 
 0: VFPPDIMS
 0:     6    3    3    1    4    3 /
 0: 
 0: START
 0:    1 'SEP' 1990  /
 0: 
 0: --======================================================================
 0: GRID    ================================================================
 0: --======================================================================
 0: 
 0: NOGGF
 0: 
 0: EQUALS
 0:      'DX'     2000    /
 0:      'DY'     1000    /
 0:      'DZ'     60      /
 0:      'PERMX'  300     /
 0:      'PERMY'  300     /
 0:      'PERMZ'  30      /
 0:      'PORO'   0.3     /
 0:      'TOPS'   7000      1  9  1  1  1  1   /
 0:      'TOPS'   7020      1  9  2  2  1  1   /
 0:      'TOPS'   7040      1  9  3  3  1  1   /
 0:      'TOPS'   7080      1  9  4  4  1  1   /
 0:      'TOPS'   7120      1  9  5  5  1  1   /
 0:      'TOPS'   7160      1  9  6  6  1  1   /
 0:      'TOPS'   7200      1  9  7  7  1  1   /
 0:      'TOPS'   7240      1  9  8  8  1  1   /
 0:      'TOPS'   7280      1  9  9  9  1  1   /
 0:      'MULTX'  0         3  3  1  9  1  1   /
 0:      'MULTX'  0         6  6  1  9  1  1   /
 0: /
 0: 
 0: --======================================================================
 0: PROPS    ===============================================================
 0: --======================================================================
 0: 
 0: SWFN
 0:   0.18  0       0
 0:   0.618 0.263   0
 0:   1.0   0.506   0  /
 0: 
 0: SGFN
 0:   0.382 0       0
 0:   0.82  0.934   0
 0:   1.0   1.0     0  /
 0: 
 0: 
 0: -------
 0: -------
 0: 
 0: PVTW
 0: 14.65  1.00  3.5D-6 0.2  0 /
 0: 
 0: ROCK
 0: 4000   4.0D-6 /
 0: 
 0: DENSITY
 0: 50.0   62.9549  0.05508  /
 0: 
 0: PVDG
 0:   14.65  178.1076      0.01429
 0:  400       9.0906      0.01461
 0:  600       6.0076      0.01487
 0:  800       4.4705      0.01519
 0: 1000       3.5532      0.01541
 0: 1500       2.3403      0.01611
 0: 2000       1.7467      0.01707
 0: 2500       1.4010      0.01804
 0: 3000       1.1784      0.01905
 0: 3500       1.0254      0.02020
 0: 4000       0.9148      0.02136
 0: 5000       0.7676      0.02376 /
 0: 
 0: RPTPROPS
 0:   /
 0: 
 0: --======================================================================
 0: REGIONS  ===============================================================
 0: --======================================================================
 0: 
 0: EQUALS
 0:      'FIPNUM'    1      1  3  1  9  1  1   /
 0:      'FIPNUM'    2      4  6  1  9  1  1   /
 0:      'FIPNUM'    3      7  9  1  9  1  1   /
 0: /
 0: 
 0: RPTREGS
 0:      /
 0: 
 0: --======================================================================
 0: SOLUTION   =============================================================
 0: --======================================================================
 0: 
 0: -- INITIAL CONDITIONS - 4000 PSI AND GAS-WATER CONTACT AT 7170 FT
 0: -- TILTED BLOCK EQUILIBRATION
 0: 
 0: EQUIL      1 TABLES    2 NODES IN EACH           FIELD   15:52  7 OCT 83
 0:  7290.00 3000.00 7290.00  .00000 7290.00  .00000     0      0      -5 /
 0: 
 0: 
 0: -- REPORT OF INITIAL CONDITIONS
 0: --
 0: RPTSOL
 0: -- Initialisation Print Output
 0: --
 0: 'AQUCT=1' 'PRES' 'SWAT' /
 0: --
 0: --======================================================================
 0: SUMMARY   ==============================================================
 0: --======================================================================
 0: 
 0: WVPR
 0: 'P11' /
 0: 'P13' /
 0: 'P31' /
 0: 'P33' /
 0: 'I22' /
 0: 
 0: WBHP
 0: 'I22' /
 0: 
 0: WMCTL
 0: 'I22' /
 0: 
 0: -- REQUEST VARIOUS WELL PRODUCTIVITY INDICES - WPI(1,4,5,9) ARE BASED
 0: -- ON WBP(1,4,5,9) BLOCK PRESSURE AVERAGES
 0: 
 0: WPI
 0: 'P11' /
 0: 
 0: WPI1
 0: 'P11' /
 0: 
 0: WPI4
 0: 'P11' /
 0: 
 0: WPI5
 0: 'P11' /
 0: 
 0: WPI9
 0: 'P11' /
 0: 
 0: RUNSUM
 0: 
 0: SKIP300
 0: SEPARATE
 0: ENDSKIP
 0: 
 0: --======================================================================
 0: RPTONLY
 0: SCHEDULE  ==============================================================
 0: --======================================================================
 0: 
 0: SKIPREST
 0: 
 0: 
 0: RPTSCHED
 0:    'PRES' 'SWAT' /
 0: 
 0: ----------------
 0: -- SPECIFY WELLS
 0: ----------------
 0: 
 0: WELSPECS
 0: --  WELL    GROUP    LOCATION     BHP    PREF    DRAIN  GAS    SHUT/
 0: --  NAME    NAME       I  J      DEPTH   PHAS     RAD   INFL   STOP
 0:    'P11'   'GRP'       1  1       1*     'G'      -1     1*    'SH'  /
 0:    'P13'   'GRP'       1  3       1*     'G'      -1     1*    'SH'  /
 0:    'P31'   'GRP'       3  1       1*     'G'      -1     1*    'SH'  /
 0:    'P33'   'GRP'       3  3       1*     'G'      -1     1*    'SH'  /
 0:    'I22'   'GRP'       2  2       1*     'G'      -1     1*    'SH'  /
 0: /
 0: 
 0: -------------------------------
 0: -- SPECIFY WELL CONNECTION DATA
 0: -------------------------------
 0: 
 0: COMPDAT
 0: -- WELL   -LOCATION-  OPEN/   SAT  CONN  BORE  EFF  SKIN     D
 0: -- NAME   I  J K1-K2  SHUT    TAB  FACT  DIAM  KH   FACT   FACT
 0:    '*'    2*   1  1   3*                 0.25  1*    2     1E-3  /
 0: /
 0: 
 0: WCONPROD
 0: -- WELL    OPEN/   CNTL   OIL   WAT   GAS     BHP
 0: -- NAME    SHUT    MODE   RAT   RAT   RAT     LIM
 0:    'P*'   'OPEN'  'GRAT'  1*    1*   20000 2* 1200 /
 0: /
 0: 
 0: ------------------------------------------------------------------------
 0: -- WELL I22 IS A PATTERN FLODD INJECTOR. IT INJECTS WATER AT A VOIDAGE
 0: -- RATE EQUAL TO THE SUM OF ONE QUARTER OF THE VOIDAGE RATES OF EACH OF
 0: -- THE FOUR PRODUCERS P11, P13, P31 AND P33. A BHP LIMIT OF 4000 IS SET.
 0: -- WELL I22 IS UNDER PATTERN FLOOD VOIDAGE RATE CONTROL = 'PFVR' IN THE
 0: -- PRINT FILE
 0: ------------------------------------------------------------------------
 0: 
 0: WCONINJP
 0:   'I22' 'WAT' 'OPEN' 4000 /
 0:   'P11' /
 0:   'P13' /
 0:   'P31' /
 0:   'P33' /
 0: /
 0: 
 0: TUNING
 0: 1* 20 /
 0: /
 0: /
 0: 
 0: TSTEP
 0: 10 /
 0: 
 0: ---------------------------------------------------------------
 0: -- WELL I22 NOW INJECTS WATER AT TWICE THE VOIDAGE RATE OF P11.
 0: -- I22 WILL HIT ITS BHP LIMIT
 0: ---------------------------------------------------------------
 0: 
 0: WCONINJP
 0:  I22  WAT  OPEN 4000 /
 0:  P11  2.0 /
 0: /
 0: 
 0: TSTEP
 0: 100 /
 0: 
 0: ---------------------------------------------------------------------
 0: -- SET A HIGH GAS PRODUCTION RATE TO FORCE WELLS ONTO BHP CONTROL AND
 0: -- WELL I22 WILL EVENTUALLY MOVE OFF BHP BACK ONTO PFVR CONTROL MODE
 0: ---------------------------------------------------------------------
 0: 
 0: WCONPROD
 0: -- WELL    OPEN/   CNTL   OIL   WAT   GAS        BHP
 0: -- NAME    SHUT    MODE   RAT   RAT   RAT        LIM
 0:    'P13'   'OPEN'  'GRAT'  1*    1*  100000  2*  1200 /
 0:    'P31'   'OPEN'  'GRAT'  1*    1*  100000  2*  1200 /
 0:    'P33'   'OPEN'  'GRAT'  1*    1*  100000  2*  1200/
 0: /
 0: 
 0: TSTEP
 0: 890/
 0: 
 0: END

 ******** END OF INPUT DATA FOR RUN PATTERN_FLOOD
     1 READING RUNSPEC 
     2 READING DIMENS  
     3 READING WATER   
     4 READING GAS     
     5 READING SKIP100 
       SKIPPING KEYWORDS
     6 READING ENDSKIP 
     7 READING FIELD   
     8 READING TABDIMS 
     9 READING WELLDIMS
    10 READING VFPPDIMS
    11 READING START   
    12 READING GRID    

 @--MESSAGE  AT TIME        0.0   DAYS    ( 1-SEP-1990):
 @           CHECKING FOR LICENSES                                           

 @--  ERROR  AT TIME        0.0   DAYS    ( 1-SEP-1990):
 @           LICENSE FAILURE: ERROR NUMBER IS -1                             

 Error summary 
 Comments               0
 Warnings               0
 Problems               0
 Errors                 1
 Bugs                   0
 Final cpu       0.00 elapsed       0.00
