


 $$$$$   $$$   $      $$$  $$$$    $$$   $$$$$     $    $$$    $$$ 
 $      $   $  $       $   $   $  $   $  $        $$   $   $  $   $
 $      $      $       $   $   $  $      $         $   $   $  $   $
 $$$$   $      $       $   $$$$    $$$   $$$$      $   $   $  $   $
 $      $      $       $   $          $  $         $   $   $  $   $
 $      $   $  $       $   $      $   $  $         $   $   $  $   $
 $$$$$   $$$   $$$$$  $$$  $       $$$   $$$$$    $$$   $$$    $$$ 



                       $$$$$   $$$   $      $$$  $$$$    $$$   $$$$$     $    $$$    $$$ 
                       $      $   $  $       $   $   $  $   $  $        $$   $   $  $   $
                       $      $      $       $   $   $  $      $         $   $   $  $   $
                       $$$$   $      $       $   $$$$    $$$   $$$$      $   $   $  $   $
                       $      $      $       $   $          $  $         $   $   $  $   $
                       $      $   $  $       $   $      $   $  $         $   $   $  $   $
                       $$$$$   $$$   $$$$$  $$$  $       $$$   $$$$$    $$$   $$$    $$$ 



                                             $$$$$   $$$   $      $$$  $$$$    $$$   $$$$$     $    $$$    $$$ 
                                             $      $   $  $       $   $   $  $   $  $        $$   $   $  $   $
                                             $      $      $       $   $   $  $      $         $   $   $  $   $
                                             $$$$   $      $       $   $$$$    $$$   $$$$      $   $   $  $   $
                                             $      $      $       $   $          $  $         $   $   $  $   $
                                             $      $   $  $       $   $      $   $  $         $   $   $  $   $
                                             $$$$$   $$$   $$$$$  $$$  $       $$$   $$$$$    $$$   $$$    $$$ 



                                                                   $$$$$   $$$   $      $$$  $$$$    $$$   $$$$$     $    $$$    $$$ 
                                                                   $      $   $  $       $   $   $  $   $  $        $$   $   $  $   $
                                                                   $      $      $       $   $   $  $      $         $   $   $  $   $
                                                                   $$$$   $      $       $   $$$$    $$$   $$$$      $   $   $  $   $
                                                                   $      $      $       $   $          $  $         $   $   $  $   $
                                                                   $      $   $  $       $   $      $   $  $         $   $   $  $   $
                                                                   $$$$$   $$$   $$$$$  $$$  $       $$$   $$$$$    $$$   $$$    $$$ 
 
 Version =  2009.1
 Arch    =  PC WINDOWS (32 bit)
Annex    | Modification date    | Update date          | baseline             
=====    | =================    | ===========          | ========             
ECLIPSE  | 27-APR-2009 16:22:47 | 27-APR-2009 19:37:10 | S:\2009.1_w18i
system   | 22-APR-2009 14:52:01 | 25-APR-2009 05:27:35 | S:\2009.1_w18
utility  | 17-FEB-2009 08:34:11 | 25-APR-2009 05:40:00 | S:\2009.1_w18
 

1

 ******** ECHO OF INPUT DATA FOR RUN QFIVE

 0: -- THIS IS A SIMPLE 5 BY 5 QUARTER FIVE SPO
 0: --
 0: RUNSPEC
 0: TITLE
 0:  THIS LINE IS A RUN TITLE
 0: 
 0: DIMENS
 0:     5    5    1  /
 0: 
 0: OIL
 0: 
 0: WATER
 0: 
 0: FIELD
 0: 
 0: TABDIMS
 0:     1    1   20    2    1   20 /
 0: 
 0: WELLDIMS
 0:     2    1    1    2 /
 0: 
 0: START
 0:    1 'JAN' 1983  /
 0: 
 0: NSTACK
 0:     8 /
 0: 
 0: FMTOUT
 0: 
 0: FMTIN
 0: 
 0: GRID      =========================================================
 0: DEBUG
 0: 
 0: INIT
 0: 
 0: DXV
 0:    5*75.0 /
 0: 
 0: PERMX
 0:   25*50.0 /
 0: 
 0: PERMY
 0:   25*50.0 /
 0: 
 0: DYV
 0:    5*75.0 /
 0: 
 0: DZ
 0:   25*30.0 /
 0: 
 0: TOPS
 0:   25*4000.0 /
 0: 
 0: PERMY
 0:   25*50.0 /
 0: 
 0: PORO
 0:   25*0.2 /
 0: 
 0: RPTGRID
 0: 'DX'
 0: 'DY'
 0: 'DZ'
 0: 'PERMX'
 0: 'PERMY'
 0:  /
 0: 
 0: DEBUG
 0: 
 0: PROPS     ==============================================================
 0: 
 0: SWFN
 0:     .25    .0    4.0
 0:     .7    1.0     .0
 0: /
 0: 
 0: SOF2       1 TABLES   20 NODES IN EACH           FIELD   13:34  5 MAY 85
 0:     .3000  .0000
 0:     .7500 1.0000
 0: /
 0: 
 0: PVTW
 0:   .0  1.0  3.03E-06  .5  0.0 /
 0: 
 0: PVDO
 0:   .0     1.0     2.0
 0:  8000.0   .92    2.0
 0: /
 0: 
 0: ROCK
 0:  4000.0         .30E-05 /
 0: 
 0: DENSITY
 0:  52.0000  64.0000   .04400 /
 0: 
 0: RPTPROPS
 0:      /
 0: 
 0: REGIONS    =============================================================
 0: 
 0: SATNUM
 0:  25*1 /
 0: 
 0: SOLUTION   =============================================================
 0: 
 0: EQUIL
 0: 4000  4000  6000  0   0   0   0   0   0  /
 0: 
 0: RPTSOL
 0: -- Initialisation Print Output
 0: --
 0: 'PRES' 'SWAT' /
 0: 
 0: SUMMARY    ===========================================================
 0: 
 0: BPR
 0: 1 1 1
 0: /
 0: 
 0: FOPR
 0: 
 0: WBHP
 0: /
 0: 
 0: FWCT
 0: 
 0: FPR
 0: 
 0: SCHEDULE   ===========================================================
 0: 
 0: RPTSCHED                                         FIELD   16:55 18 APR 86
 0:  'PRES' 'SWAT' 'RESTART=1' 'CPU=2' /
 0: 
 0: WELSPECS
 0: 'I'  'G'   1  1  4000  'WAT'  /
 0: 'P'  'G'   5  5  4000  'OIL'  /
 0: /
 0: 
 0: COMPDAT
 0: 'I       '   1   1   1   1 'OPEN'   0  .0   1.0 /
 0: 'P       '   5   5   1   1 'OPEN'   0  .0   1.0 /
 0: /
 0: 
 0: WCONPROD
 0: 'P' 'OPEN' 'BHP' 5* 3999.0 /
 0: /
 0: 
 0: WCONINJE
 0: 'I' 'WAT' 'OPEN' 'RATE' 200.0 /
 0: /
 0: 
 0: TSTEP
 0:  4*200
 0: /
 0: 
 0: END

 ******** END OF INPUT DATA FOR RUN QFIVE
     1 READING RUNSPEC 
     2 READING TITLE   
     3 READING DIMENS  
     4 READING OIL     
     5 READING WATER   
     6 READING FIELD   
     7 READING TABDIMS 
     8 READING WELLDIMS
     9 READING START   
    10 READING NSTACK  
    11 READING FMTOUT  
    12 READING FMTIN   
    13 READING GRID    

 @--MESSAGE  AT TIME        0.0   DAYS    ( 1-JAN-1983):
 @           CHECKING FOR LICENSES                                           

 @--MESSAGE  AT TIME        0.0   DAYS    ( 1-JAN-1983):
 @           THE MEMORY REQUIRED TO PROCESS THE GRID SECTION IS              
 @                22376 BYTES                                                
    14 READING DEBUG   
    15 READING INIT    
    16 READING DXV     
    17 READING PERMX   
    18 READING PERMY   
    19 READING DYV     
    20 READING DZ      
    21 READING TOPS    
    22 READING PERMY   
    23 READING PORO    
    24 READING RPTGRID 
    25 READING DEBUG   
    26 READING PROPS   

 @--WARNING  AT TIME        0.0   DAYS    ( 1-JAN-1983):
 @           PERMZ KEYWORD HAS NOT BEEN SPECIFIED FOR THIS                   
 @           2D AREAL MODEL.  PLEASE RE-CHECK DATA INPUT                     

 @--MESSAGE  AT TIME        0.0   DAYS    ( 1-JAN-1983):
 @           NEITHER OLDTRAN,OLDTRANR NOR NEWTRAN SPECIFIED                  
 @           BLOCK CENTRE TRANSMISSIBILITIES TO BE CALCULATED                
 @           USING  OLDTRAN                                                  

 @--COMMENT  AT TIME        0.0   DAYS    ( 1-JAN-1983):
 @           NO NON-NEIGHBOUR CONNECTIONS FOUND                              
1                             **********************************************************************   1
  DX       AT     0.00   DAYS * THIS LINE IS A RUN TITLE                                               * ECLIPSE  VERSION 2009.1     
  REPORT   0     1 JAN 1983   *  RUN                                                                   * RUN AT 15:55 ON 01 JLY 2015 
                              **************************************************************************

 UNITS   FEET          

     CONSTANT ARRAY =  75.0000        FEET                                                                                           
1                             **********************************************************************   2
  DY       AT     0.00   DAYS * THIS LINE IS A RUN TITLE                                               * ECLIPSE  VERSION 2009.1     
  REPORT   0     1 JAN 1983   *  RUN                                                                   * RUN AT 15:55 ON 01 JLY 2015 
                              **************************************************************************

 UNITS   FEET          

     CONSTANT ARRAY =  75.0000        FEET                                                                                           
1                             **********************************************************************   3
  DZ       AT     0.00   DAYS * THIS LINE IS A RUN TITLE                                               * ECLIPSE  VERSION 2009.1     
  REPORT   0     1 JAN 1983   *  RUN                                                                   * RUN AT 15:55 ON 01 JLY 2015 
                              **************************************************************************

 UNITS   FEET          

     CONSTANT ARRAY =  30.0000        FEET                                                                                           
1                             **********************************************************************   4
  PERMX    AT     0.00   DAYS * THIS LINE IS A RUN TITLE                                               * ECLIPSE  VERSION 2009.1     
  REPORT   0     1 JAN 1983   *  RUN                                                                   * RUN AT 15:55 ON 01 JLY 2015 
                              **************************************************************************

 UNITS  MDARCY         

     CONSTANT ARRAY =  50.0000       MDARCY                                                                                          
1                             **********************************************************************   5
  PERMY    AT     0.00   DAYS * THIS LINE IS A RUN TITLE                                               * ECLIPSE  VERSION 2009.1     
  REPORT   0     1 JAN 1983   *  RUN                                                                   * RUN AT 15:55 ON 01 JLY 2015 
                              **************************************************************************

 UNITS  MDARCY         

     CONSTANT ARRAY =  50.0000       MDARCY                                                                                          

 @--MESSAGE  AT TIME        0.0   DAYS    ( 1-JAN-1983):
 @           NUMBER OF ACTIVE CELLS IS 25                                    

 @--MESSAGE  AT TIME        0.0   DAYS    ( 1-JAN-1983):
 @           THE MEMORY REQUIRED TO PROCESS THE SOLUTION SECTION IS          
 @               242732 BYTES                                                

 @--MESSAGE  AT TIME        0.0   DAYS    ( 1-JAN-1983):
 @              58535 CHARACTER VARIABLES USED                               
    27 READING SWFN    
    28 READING SOF2    
    29 READING PVTW    
    30 READING PVDO    
    31 READING ROCK    
    32 READING DENSITY 
    33 READING RPTPROPS
    34 READING REGIONS 
    35 READING SATNUM  
    36 READING SOLUTION
    37 READING EQUIL   
    38 READING RPTSOL  
    39 READING SUMMARY 
1                             **********************************************************************   6
  PRESSURE AT     0.00   DAYS * THIS LINE IS A RUN TITLE                                               * ECLIPSE  VERSION 2009.1     
  REPORT   0     1 JAN 1983   *  RUN                                                                   * RUN AT 15:55 ON 01 JLY 2015 
                              **************************************************************************

 UNITS   PSIA          

     CONSTANT ARRAY =  4005.65        PSIA                                                                                           
1                             **********************************************************************   7
  SWAT     AT     0.00   DAYS * THIS LINE IS A RUN TITLE                                               * ECLIPSE  VERSION 2009.1     
  REPORT   0     1 JAN 1983   *  RUN                                                                   * RUN AT 15:55 ON 01 JLY 2015 
                              **************************************************************************

 UNITS                 

     CONSTANT ARRAY =  0.25000                                                                                                       
    40 READING BPR     
    41 READING FOPR    
    42 READING WBHP    
    43 READING FWCT    
    44 READING FPR     
    45 READING SCHEDULE
    46 READING RPTSCHED
    47 READING WELSPECS
    48 READING COMPDAT 
    49 READING WCONPROD
    50 READING WCONINJE

 @--WARNING  AT TIME        0.0   DAYS    ( 1-JAN-1983):
 @           THE BOTTOM HOLE PRESSURE LIMIT FOR WELL I                       
 @           HAS BEEN DEFAULTED. THE DEFAULT VALUE IS  100000.   PSIA        
    51 READING TSTEP   
1                             **********************************************************************   8
  SIMULATE AT     0.00   DAYS * THIS LINE IS A RUN TITLE                                               * ECLIPSE  VERSION 2009.1     
  REPORT   0     1 JAN 1983   *  RUN                                                                   * RUN AT 15:55 ON 01 JLY 2015 
                              **************************************************************************

 STEP    1 TIME=    1.00  DAYS (  +1.0  DAYS INIT  4 ITS) (2-JAN-1983)           
  PAV=  4098.4  PSIA   WCT= 0.00 GOR= 0.00000  MSCF/STB WGR= 0.00000  STB/MSCF   

 STEP    2 TIME=    2.94  DAYS (  +1.9  DAYS TRNC  2 ITS) (3-JAN-1983)           
  PAV=  4209.2  PSIA   WCT= 0.00 GOR= 0.00000  MSCF/STB WGR= 0.00000  STB/MSCF   

 STEP    3 TIME=    8.33  DAYS (  +5.4  DAYS TRNC  3 ITS) (9-JAN-1983)           
  PAV=  4315.7  PSIA   WCT= 0.00 GOR= 0.00000  MSCF/STB WGR= 0.00000  STB/MSCF   

 STEP    4 TIME=   16.87  DAYS (  +8.5  DAYS TRNC  5 ITS) (17-JAN-1983)          
  PAV=  4354.8  PSIA   WCT=0.000 GOR= 0.00000  MSCF/STB WGR= 0.00000  STB/MSCF   

 STEP    5 TIME=   30.55  DAYS ( +13.7  DAYS TRNC  2 ITS) (31-JAN-1983)          
  PAV=  4354.6  PSIA   WCT=0.023 GOR= 0.00000  MSCF/STB WGR= 0.00000  STB/MSCF   

 STEP    6 TIME=   51.90  DAYS ( +21.3  DAYS TRNC  3 ITS) (21-FEB-1983)          
  PAV=  4331.4  PSIA   WCT=0.093 GOR= 0.00000  MSCF/STB WGR= 0.00000  STB/MSCF   

 STEP    7 TIME=   84.69  DAYS ( +32.8  DAYS TRNC  3 ITS) (26-MAR-1983)          
  PAV=  4294.2  PSIA   WCT=0.215 GOR= 0.00000  MSCF/STB WGR= 0.00000  STB/MSCF   

 STEP    8 TIME=  135.20  DAYS ( +50.5  DAYS TRNC  3 ITS) (16-MAY-1983)          
  PAV=  4251.6  PSIA   WCT=0.366 GOR= 0.00000  MSCF/STB WGR= 0.00000  STB/MSCF   

 STEP    9 TIME=  200.00  DAYS ( +64.8  DAYS REPT  3 ITS) (20-JLY-1983)          
  PAV=  4216.1  PSIA   WCT=0.499 GOR= 0.00000  MSCF/STB WGR= 0.00000  STB/MSCF   
1                             **********************************************************************   9
  PRESSURE AT   200.00   DAYS * THIS LINE IS A RUN TITLE                                               * ECLIPSE  VERSION 2009.1     
  REPORT   1    20 JLY 1983   *  RUN                                                                   * RUN AT 15:55 ON 01 JLY 2015 
                              **************************************************************************

 UNITS   PSIA          

 MINIMUM VALUE =  4083.67  AT (  5,  5,  1)     MAXIMUM VALUE =  4301.58  AT (  1,  1,  1)                                           

 (I,  J,  K) I=  1       2       3       4       5

 (*,  1,  1)  4301*58 4272.12 4252.61 4238.41 4230.28
 (*,  2,  1)  4272.12 4258.70 4242.85 4228.38 4219.05
 (*,  3,  1)  4252.60 4242.84 4227.15 4209.41 4195.49
 (*,  4,  1)  4238.40 4228.37 4209.40 4183.05 4155.05
 (*,  5,  1)  4230.26 4219.04 4195.48 4155.05 4083*67
1                             **********************************************************************  10
  SWAT     AT   200.00   DAYS * THIS LINE IS A RUN TITLE                                               * ECLIPSE  VERSION 2009.1     
  REPORT   1    20 JLY 1983   *  RUN                                                                   * RUN AT 15:55 ON 01 JLY 2015 
                              **************************************************************************

 UNITS                 

 MINIMUM VALUE =  0.34186  AT (  5,  5,  1)     MAXIMUM VALUE =  0.68211  AT (  1,  1,  1)                                           

 (I,  J,  K) I=  1       2       3       4       5

 (*,  1,  1)  0*68211 0.61030 0.51525 0.42865 0.35246
 (*,  2,  1)  0.61035 0.53718 0.46837 0.40706 0.34715
 (*,  3,  1)  0.51532 0.46839 0.42746 0.38939 0.34567
 (*,  4,  1)  0.42870 0.40709 0.38940 0.37223 0.34654
 (*,  5,  1)  0.35250 0.34718 0.34568 0.34655 0*34186

 @--MESSAGE  AT TIME      200.0   DAYS    (20-JLY-1983):
 @           FAIL-SAFE RESTART FILE WRITTEN   REPORT     1                   
 =======================================================
 TIMING REPORTS AT CPU=     0 SECS - ELAPSED=     0 SECS
 =======================================================
 ZZSS    1  0  0
                RR      1  0  0
 SR      1  0  0
 TS      1  0  0
                NX      9  0  0
                               WC     37  0  0
                               LMRS   37  0  0
                               CONV   37  0  0
                               LMJC   28  0  0
                               LXX    28  0  0
                                              WGIN   28  0  0
                                              RGIN   28  0  0
                                              GINV   28  0  0
                                                             GINV   28  0  0
                                              WRES   28  0  0
                                              RRES   28  0  0
                                              ITER   28  0  0
                                                             NORM  105  0  0
                                                             SRCH   77  0  0
                                                             WADX  154  0  0
                                                             ORTH   77  0  0
                                                             UPDA   77  0  0
                                              WSOL   28  0  0
                               XUIT   28  0  0
                               LC     28  0  0
 XW      1  0  0
 YW      1  0  0
1                             **********************************************************************  11
  SIMULATE AT   200.00   DAYS * THIS LINE IS A RUN TITLE                                               * ECLIPSE  VERSION 2009.1     
  REPORT   1    20 JLY 1983   *  RUN                                                                   * RUN AT 15:55 ON 01 JLY 2015 
                              **************************************************************************

 STEP   10 TIME=  300.00  DAYS (+100.0  DAYS HALF  3 ITS) (28-OCT-1983)          
  PAV=  4183.5  PSIA   WCT=0.626 GOR= 0.00000  MSCF/STB WGR= 0.00000  STB/MSCF   

 STEP   11 TIME=  400.00  DAYS (+100.0  DAYS REPT  3 ITS) (5-FEB-1984)           
  PAV=  4163.1  PSIA   WCT=0.709 GOR= 0.00000  MSCF/STB WGR= 0.00000  STB/MSCF   
1                             **********************************************************************  12
  PRESSURE AT   400.00   DAYS * THIS LINE IS A RUN TITLE                                               * ECLIPSE  VERSION 2009.1     
  REPORT   2     5 FEB 1984   *  RUN                                                                   * RUN AT 15:55 ON 01 JLY 2015 
                              **************************************************************************

 UNITS   PSIA          

 MINIMUM VALUE =  4063.94  AT (  5,  5,  1)     MAXIMUM VALUE =  4237.55  AT (  1,  1,  1)                                           

 (I,  J,  K) I=  1       2       3       4       5

 (*,  1,  1)  4237*55 4208.46 4191.01 4179.66 4173.67
 (*,  2,  1)  4208.45 4196.27 4183.18 4172.02 4165.19
 (*,  3,  1)  4191.01 4183.18 4171.04 4157.69 4147.45
 (*,  4,  1)  4179.65 4172.02 4157.68 4137.96 4117.18
 (*,  5,  1)  4173.66 4165.18 4147.45 4117.17 4063*94
1                             **********************************************************************  13
  SWAT     AT   400.00   DAYS * THIS LINE IS A RUN TITLE                                               * ECLIPSE  VERSION 2009.1     
  REPORT   2     5 FEB 1984   *  RUN                                                                   * RUN AT 15:55 ON 01 JLY 2015 
                              **************************************************************************

 UNITS                 

 MINIMUM VALUE =  0.42347  AT (  5,  5,  1)     MAXIMUM VALUE =  0.69769  AT (  1,  1,  1)                                           

 (I,  J,  K) I=  1       2       3       4       5

 (*,  1,  1)  0*69769 0.67343 0.61035 0.52514 0.43408
 (*,  2,  1)  0.67345 0.62981 0.57029 0.50339 0.42869
 (*,  3,  1)  0.61040 0.57031 0.52853 0.48388 0.42775
 (*,  4,  1)  0.52520 0.50342 0.48389 0.46304 0.42951
 (*,  5,  1)  0.43412 0.42873 0.42777 0.42952 0*42347

 @--MESSAGE  AT TIME      400.0   DAYS    ( 5-FEB-1984):
 @           FAIL-SAFE RESTART FILE WRITTEN   REPORT     2                   
 =======================================================
 TIMING REPORTS AT CPU=     0 SECS - ELAPSED=     0 SECS
 =======================================================
 ZZSS    1  0  0
                RR      1  0  0
 SR      1  0  0
 TS      2  0  0
                NX     11  0  0
                               WC     45  0  0
                               LMRS   45  0  0
                               CONV   45  0  0
                               LMJC   34  0  0
                               LXX    34  0  0
                                              WGIN   34  0  0
                                              RGIN   34  0  0
                                              GINV   34  0  0
                                                             GINV   34  0  0
                                              WRES   34  0  0
                                              RRES   34  0  0
                                              ITER   34  0  0
                                                             NORM  133  0  0
                                                             SRCH   99  0  0
                                                             WADX  198  0  0
                                                             ORTH   99  0  0
                                                             UPDA   99  0  0
                                              WSOL   34  0  0
                               XUIT   34  0  0
                               LC     34  0  0
 XW      2  0  0
 YW      2  0  0
1                             **********************************************************************  14
  SIMULATE AT   400.00   DAYS * THIS LINE IS A RUN TITLE                                               * ECLIPSE  VERSION 2009.1     
  REPORT   2     5 FEB 1984   *  RUN                                                                   * RUN AT 15:55 ON 01 JLY 2015 
                              **************************************************************************

 STEP   12 TIME=  600.00  DAYS (+200.0  DAYS REPT  3 ITS) (23-AUG-1984)          
  PAV=  4140.4  PSIA   WCT=0.804 GOR= 0.00000  MSCF/STB WGR= 0.00000  STB/MSCF   
1                             **********************************************************************  15
  PRESSURE AT   600.00   DAYS * THIS LINE IS A RUN TITLE                                               * ECLIPSE  VERSION 2009.1     
  REPORT   3    23 AUG 1984   *  RUN                                                                   * RUN AT 15:55 ON 01 JLY 2015 
                              **************************************************************************

 UNITS   PSIA          

 MINIMUM VALUE =  4055.10  AT (  5,  5,  1)     MAXIMUM VALUE =  4210.81  AT (  1,  1,  1)                                           

 (I,  J,  K) I=  1       2       3       4       5

 (*,  1,  1)  4210*81 4181.66 4164.53 4153.95 4148.72
 (*,  2,  1)  4181.66 4169.65 4157.30 4147.26 4141.38
 (*,  3,  1)  4164.52 4157.30 4146.45 4134.84 4126.14
 (*,  4,  1)  4153.95 4147.26 4134.83 4117.94 4100.30
 (*,  5,  1)  4148.72 4141.38 4126.14 4100.30 4055*10
1                             **********************************************************************  16
  SWAT     AT   600.00   DAYS * THIS LINE IS A RUN TITLE                                               * ECLIPSE  VERSION 2009.1     
  REPORT   3    23 AUG 1984   *  RUN                                                                   * RUN AT 15:55 ON 01 JLY 2015 
                              **************************************************************************

 UNITS                 

 MINIMUM VALUE =  0.48133  AT (  5,  5,  1)     MAXIMUM VALUE =  0.69948  AT (  1,  1,  1)                                           

 (I,  J,  K) I=  1       2       3       4       5

 (*,  1,  1)  0*69948 0.69020 0.65252 0.58175 0.49096
 (*,  2,  1)  0.69021 0.66657 0.62315 0.56264 0.48603
 (*,  3,  1)  0.65255 0.62316 0.58748 0.54434 0.48551
 (*,  4,  1)  0.58179 0.56267 0.54435 0.52339 0.48773
 (*,  5,  1)  0.49100 0.48607 0.48554 0.48774 0*48133

 @--MESSAGE  AT TIME      600.0   DAYS    (23-AUG-1984):
 @           FAIL-SAFE RESTART FILE WRITTEN   REPORT     3                   
 =======================================================
 TIMING REPORTS AT CPU=     0 SECS - ELAPSED=     0 SECS
 =======================================================
 ZZSS    1  0  0
                RR      1  0  0
 SR      1  0  0
 TS      3  0  0
                NX     12  0  0
                               WC     49  0  0
                               LMRS   49  0  0
                               CONV   49  0  0
                               LMJC   37  0  0
                               LXX    37  0  0
                                              WGIN   37  0  0
                                              RGIN   37  0  0
                                              GINV   37  0  0
                                                             GINV   37  0  0
                                              WRES   37  0  0
                                              RRES   37  0  0
                                              ITER   37  0  0
                                                             NORM  148  0  0
                                                             SRCH  111  0  0
                                                             WADX  222  0  0
                                                             ORTH  111  0  0
                                                             UPDA  111  0  0
                                              WSOL   37  0  0
                               XUIT   37  0  0
                               LC     37  0  0
 XW      3  0  0
 YW      3  0  0
1                             **********************************************************************  17
  SIMULATE AT   600.00   DAYS * THIS LINE IS A RUN TITLE                                               * ECLIPSE  VERSION 2009.1     
  REPORT   3    23 AUG 1984   *  RUN                                                                   * RUN AT 15:55 ON 01 JLY 2015 
                              **************************************************************************

 STEP   13 TIME=  800.00  DAYS (+200.0  DAYS REPT  3 ITS) (11-MAR-1985)          
  PAV=  4127.3  PSIA   WCT=0.861 GOR= 0.00000  MSCF/STB WGR= 0.00000  STB/MSCF   
1                             **********************************************************************  18
  PRESSURE AT   800.00   DAYS * THIS LINE IS A RUN TITLE                                               * ECLIPSE  VERSION 2009.1     
  REPORT   4    11 MAR 1985   *  RUN                                                                   * RUN AT 15:55 ON 01 JLY 2015 
                              **************************************************************************

 UNITS   PSIA          

 MINIMUM VALUE =  4049.86  AT (  5,  5,  1)     MAXIMUM VALUE =  4195.40  AT (  1,  1,  1)                                           

 (I,  J,  K) I=  1       2       3       4       5

 (*,  1,  1)  4195*40 4166.22 4149.12 4138.82 4133.94
 (*,  2,  1)  4166.22 4154.24 4142.15 4132.64 4127.27
 (*,  3,  1)  4149.12 4142.15 4131.96 4121.30 4113.48
 (*,  4,  1)  4138.82 4132.64 4121.30 4106.04 4090.26
 (*,  5,  1)  4133.93 4127.26 4113.48 4090.26 4049*86
1                             **********************************************************************  19
  SWAT     AT   800.00   DAYS * THIS LINE IS A RUN TITLE                                               * ECLIPSE  VERSION 2009.1     
  REPORT   4    11 MAR 1985   *  RUN                                                                   * RUN AT 15:55 ON 01 JLY 2015 
                              **************************************************************************

 UNITS                 

 MINIMUM VALUE =  0.52716  AT (  5,  5,  1)     MAXIMUM VALUE =  0.69987  AT (  1,  1,  1)                                           

 (I,  J,  K) I=  1       2       3       4       5

 (*,  1,  1)  0*69987 0.69642 0.67529 0.62062 0.53528
 (*,  2,  1)  0.69642 0.68452 0.65546 0.60482 0.53094
 (*,  3,  1)  0.67530 0.65547 0.62740 0.58878 0.53085
 (*,  4,  1)  0.62065 0.60484 0.58879 0.56917 0.53350
 (*,  5,  1)  0.53531 0.53098 0.53088 0.53351 0*52716

 @--MESSAGE  AT TIME      800.0   DAYS    (11-MAR-1985):
 @           FAIL-SAFE RESTART FILE WRITTEN   REPORT     4                   
 =======================================================
 TIMING REPORTS AT CPU=     0 SECS - ELAPSED=     0 SECS
 =======================================================
 ZZSS    1  0  0
                RR      1  0  0
 SR      1  0  0
 TS      4  0  0
                NX     13  0  0
                               WC     53  0  0
                               LMRS   53  0  0
                               CONV   53  0  0
                               LMJC   40  0  0
                               LXX    40  0  0
                                              WGIN   40  0  0
                                              RGIN   40  0  0
                                              GINV   40  0  0
                                                             GINV   40  0  0
                                              WRES   40  0  0
                                              RRES   40  0  0
                                              ITER   40  0  0
                                                             NORM  161  0  0
                                                             SRCH  121  0  0
                                                             WADX  242  0  0
                                                             ORTH  121  0  0
                                                             UPDA  121  0  0
                                              WSOL   40  0  0
                               XUIT   40  0  0
                               LC     40  0  0
 XW      4  0  0
 YW      4  0  0
    52 READING END     

 Error summary 
 Comments               1
 Warnings               2
 Problems               0
 Errors                 0
 Bugs                   0
 Final cpu       0.00 elapsed       0.00
