


 $$$$$   $$$   $      $$$  $$$$    $$$   $$$$$     $    $$$    $$$ 
 $      $   $  $       $   $   $  $   $  $        $$   $   $  $   $
 $      $      $       $   $   $  $      $         $   $   $  $   $
 $$$$   $      $       $   $$$$    $$$   $$$$      $   $   $  $   $
 $      $      $       $   $          $  $         $   $   $  $   $
 $      $   $  $       $   $      $   $  $         $   $   $  $   $
 $$$$$   $$$   $$$$$  $$$  $       $$$   $$$$$    $$$   $$$    $$$ 



                       $$$$$   $$$   $      $$$  $$$$    $$$   $$$$$     $    $$$    $$$ 
                       $      $   $  $       $   $   $  $   $  $        $$   $   $  $   $
                       $      $      $       $   $   $  $      $         $   $   $  $   $
                       $$$$   $      $       $   $$$$    $$$   $$$$      $   $   $  $   $
                       $      $      $       $   $          $  $         $   $   $  $   $
                       $      $   $  $       $   $      $   $  $         $   $   $  $   $
                       $$$$$   $$$   $$$$$  $$$  $       $$$   $$$$$    $$$   $$$    $$$ 



                                             $$$$$   $$$   $      $$$  $$$$    $$$   $$$$$     $    $$$    $$$ 
                                             $      $   $  $       $   $   $  $   $  $        $$   $   $  $   $
                                             $      $      $       $   $   $  $      $         $   $   $  $   $
                                             $$$$   $      $       $   $$$$    $$$   $$$$      $   $   $  $   $
                                             $      $      $       $   $          $  $         $   $   $  $   $
                                             $      $   $  $       $   $      $   $  $         $   $   $  $   $
                                             $$$$$   $$$   $$$$$  $$$  $       $$$   $$$$$    $$$   $$$    $$$ 



                                                                   $$$$$   $$$   $      $$$  $$$$    $$$   $$$$$     $    $$$    $$$ 
                                                                   $      $   $  $       $   $   $  $   $  $        $$   $   $  $   $
                                                                   $      $      $       $   $   $  $      $         $   $   $  $   $
                                                                   $$$$   $      $       $   $$$$    $$$   $$$$      $   $   $  $   $
                                                                   $      $      $       $   $          $  $         $   $   $  $   $
                                                                   $      $   $  $       $   $      $   $  $         $   $   $  $   $
                                                                   $$$$$   $$$   $$$$$  $$$  $       $$$   $$$$$    $$$   $$$    $$$ 
 
 Version =  2009.1
 Arch    =  PC WINDOWS (32 bit)
Annex    | Modification date    | Update date          | baseline             
=====    | =================    | ===========          | ========             
ECLIPSE  | 27-APR-2009 16:22:47 | 27-APR-2009 19:37:10 | S:\2009.1_w18i
system   | 22-APR-2009 14:52:01 | 25-APR-2009 05:27:35 | S:\2009.1_w18
utility  | 17-FEB-2009 08:34:11 | 25-APR-2009 05:40:00 | S:\2009.1_w18
 

1

 ******** ECHO OF INPUT DATA FOR RUN RIGS

 0: --======================================================================
 0: --======================================================================
 0: --2003A TEST CASE: A TEST OF WORKOVER AND DRILLING RIGS. IT'S BLACK OIL,
 0: --                 AND SO MAY BE RUN WITH E100 FOR COMPARISON PURPOSES
 0: --======================================================================
 0: --======================================================================
 0: 
 0: RUNSPEC   ==============================================================
 0:           THIS SECTION SETS UP THE BASICS FOR THE SIMULATION
 0: --        --------------------------------------------------------------
 0: 
 0: TITLE
 0: Example of workover and drilling rigs
 0: 
 0: DIMENS
 0:     9    9    3  /
 0: 
 0: 
 0: OIL
 0: 
 0: WATER
 0: 
 0: GAS
 0: 
 0: SKIP300
 0: DISGAS
 0: ENDSKIP
 0: 
 0: FIELD
 0: 
 0: TABDIMS
 0:     1    1   16   15    3   15 /
 0: 
 0: REGDIMS
 0:     3    1    0    0  /
 0: 
 0: WELLDIMS
 0:    30    3   10   10 /
 0: 
 0: START
 0:    1 'JAN' 1983  /
 0: 
 0: GRID    ================================================================
 0: --      THIS SECTION SPECIFIES THE GEOMETRY OF THE 9 X 9 X 3 GRID, AND
 0: --      SETS THE ROCK POROSITIES AND PERMEABILITIES.
 0: --      ----------------------------------------------------------------
 0: 
 0: -- THE CELL DIMENSIONS ( DX, DY, DZ ), PERMEABILITIES AND POROSITIES
 0: -- ARE THE SAME FOR EACH CELL.  THE CELL TOP DEPTHS ARE SET FOR THE TOP
 0: -- LAYER ONLY. THE FIELD SLOPES DOWN IN THE Y-DIRECTION.  USING MULTX
 0: -- WE SET UP TWO VERTICAL IMPERMEABLE BARRIERS, DIVIDING THE FIELD INTO
 0: -- THREE ISOLATED SEGMENTS.
 0: 
 0: --    ARRAY   VALUE     ------ BOX ------
 0: 
 0: EQUALS
 0:      'DX'     1000    /
 0:      'DY'     1000    /
 0:      'DZ'     20      /
 0:      'PERMX'  300     /
 0:      'PERMY'  300     /
 0:      'PERMZ'  30      /
 0:      'PORO'   0.3     /
 0:      'TOPS'   7000      1  9  1  1  1  1   /
 0:      'TOPS'   7020      1  9  2  2  1  1   /
 0:      'TOPS'   7040      1  9  3  3  1  1   /
 0:      'TOPS'   7060      1  9  4  4  1  1   /
 0:      'TOPS'   7080      1  9  5  5  1  1   /
 0:      'TOPS'   7100      1  9  6  6  1  1   /
 0:      'TOPS'   7120      1  9  7  7  1  1   /
 0:      'TOPS'   7140      1  9  8  8  1  1   /
 0:      'TOPS'   7160      1  9  9  9  1  1   /
 0:      'MULTX'  0         3  3  1  9  1  3   /
 0:      'MULTX'  0         6  6  1  9  1  3   /
 0: /
 0: 
 0: PROPS    ===============================================================
 0: --       THE PVT PROPERTIES AND ROCK-FLUID DATA ARE THE SAME AS IN THE
 0: --       CHAPPELEAR PROBLEM.  PLEASE REFER TO SAMPLE DATA SET 2 FOR
 0: --       COMMENTS.
 0: --       ---------------------------------------------------------------
 0: 
 0: SWFN
 0: 
 0:   0.22  0     7
 0:   0.3   0.07  4
 0:   0.4   0.15  3
 0:   0.5   0.24  2.5
 0:   0.6   0.33  2
 0:   0.8   0.65  1
 0:   0.9   0.83  0.5
 0:   1     1     0      /
 0: 
 0: SGFN
 0: 
 0:   0     0       0
 0:   0.04  0       0.2
 0:   0.1   0.022   0.5
 0:   0.2   0.1     1
 0:   0.3   0.24    1.5
 0:   0.4   0.34    2
 0:   0.5   0.42    2.5
 0:   0.6   0.5     3
 0:   0.7   0.8125  3.5
 0:   0.78  1       3.9    /
 0: 
 0: SOF3
 0: 
 0: 0        0         0
 0: 0.2      0         0
 0: 0.38     0.00432   0
 0: 0.4      0.0048    0.004
 0: 0.48     0.05288   0.02
 0: 0.5      0.0649    0.036
 0: 0.58     0.11298   0.1
 0: 0.6      0.125     0.146
 0: 0.68     0.345     0.33
 0: 0.7      0.4       0.42
 0: 0.74     0.7       0.6
 0: 0.78     1         1          /
 0: 
 0: PVTW
 0: 3000  1.00341  3.0D-6  0.96  0  /
 0: 
 0: ROCK
 0: 3600    4.0D-6   /
 0: 
 0: DENSITY
 0: 45   63.02   0.0702  /
 0: 
 0: PVDG
 0:  400  5.9   0.013
 0:  800  2.95  0.0135
 0: 1200  1.96  0.014
 0: 1600  1.47  0.0145
 0: 2000  1.18  0.015
 0: 2400  0.98  0.0155
 0: 2800  0.84  0.016
 0: 3200  0.74  0.0165
 0: 3600  0.65  0.017
 0: 4000  0.59  0.0175
 0: 4400  0.54  0.018
 0: 4800  0.49  0.0185
 0: 5200  0.45  0.019
 0: 5600  0.42  0.0195 /
 0: 
 0: PVTO
 0:    0.165      400   1.012    1.17  /
 0:    0.335      800   1.0255   1.14  /
 0:    0.500     1200   1.038    1.11  /
 0:    0.665     1600   1.051    1.08  /
 0:    0.828     2000   1.063    1.06  /
 0:    0.985     2400   1.075    1.03  /
 0:    1.130     2800   1.087    1.00  /
 0:    1.270     3200   1.0985   0.98  /
 0:    1.390     3600   1.11     0.95  /
 0:    1.500     4000   1.12     0.94  /
 0:    1.600     4400   1.13     0.92  /
 0:    1.676     4800   1.14     0.91  /
 0:    1.750     5200   1.148    0.9   /
 0:    1.810     5600   1.155    0.89
 0:              6000   1.1504   0.89
 0:              6400   1.1458   0.89
 0:              6800   1.1412   0.89
 0:              7200   1.1367   0.89  /
 0: /
 0: 
 0: RPTPROPS
 0:   -- PROPS Reporting Options
 0:   --
 0:   'PVTO' 'PVDO' 'PVTW' 'PVTG' 'PVDG' 'DENSITY' 'GRAVITY' 'BDENSITY' 'ROCKTAB'
 0: /
 0: 
 0: REGIONS    ===========================================================
 0: --         THERE ARE THREE FLUIDS-IN-PLACE REGIONS, SEPARATED BY THE
 0: --         TWO VERTICAL IMPERMEABLE BARRIERS.
 0: --         -----------------------------------------------------------
 0: 
 0: --    ARRAY    VALUE     ------ BOX ------
 0: 
 0: EQUALS
 0:      'FIPNUM'    1      1  3  1  9  1  3   /
 0:      'FIPNUM'    2      4  6  1  9  1  3   /
 0:      'FIPNUM'    3      7  9  1  9  1  3   /
 0: /
 0: 
 0: -- PRINT FIPNUM ARRAY
 0: 
 0: RPTREGS
 0:   -- Controls on output from regions section
 0:   --
 0:   'FIPNUM'
 0: /
 0: 
 0: SOLUTION    ============================================================
 0: --          THIS SECTION DEFINES THE INITIAL CONDITIONS IN THE FIELD.
 0: --          ------------------------------------------------------------
 0: 
 0: -- SET THE EQUILIBRATION DATA
 0: --
 0: --   DATUM  DATUM   OWC    OWC    GOC    GOC   RSVD   RVVD   SOLN
 0: --   DEPTH  PRESS  DEPTH   PCOW  DEPTH   PCOG  TABLE  TABLE  METH
 0: 
 0: EQUIL
 0:      7010   4000   9000    0.0   7010    0.0    0      0       5  /
 0: 
 0: -- SWITCH ON OUTPUT OF INITIAL CONDITIONS
 0: 
 0: RPTSOL
 0:    -- Initialisation Print Output
 0:    --
 0: 'PRES' 'RS' 'SWAT' 'SGAS' /
 0: 
 0: SUMMARY   =============================================================
 0: --        THIS SECTION SPECIFIES DATA TO BE WRITTEN TO THE SUMMARY
 0: --        FILES, WHICH MAY LATER BE USED WITH THE GRAPHICS PACKAGE.
 0: --        -------------------------------------------------------------
 0: 
 0: GGPR
 0: 'GR-A1' /
 0: 
 0: WGPR
 0:  'PA2' 'PA3' /
 0: 
 0: WEFF
 0:  'PA2' 'PA3' /
 0: 
 0: CGOR
 0: 'PC1' 9 2 1 /
 0: 'PC2' 7 3 1 /
 0: /
 0: 
 0: -- HAVE THESE QUANTITIES TABULATED IN THE PRINT FILE
 0: 
 0: RUNSUM
 0: 
 0: SKIP300
 0: SEPARATE
 0: ENDSKIP
 0: 
 0: RPTONLY
 0: SCHEDULE  =============================================================
 0: --        THIS SECTION DEFINES THE OPERATIONS TO BE SIMULATED.
 0: --        -------------------------------------------------------------
 0: 
 0: -- SET CONTROLS ON OUTPUT AT EACH REPORT TIME
 0: 
 0: RPTSCHED
 0:  'SOIL' /
 0: 
 0: -- SET SPECIFICATION DATA FOR THE WELLS.
 0: --
 0: --   WELL    GROUP     LOCATION    BHP   PREF   DRAIN
 0: --   NAME    NAME        I  J     DEPTH  PHAS    RAD
 0: 
 0: WELSPECS
 0:     'PA1'   'GR-A1'      3  2      1*    'OIL'  -1.0  /
 0:     'PA2'   'GR-A1'      1  3      1*    'OIL'  -1.0  /
 0:     'PA3'   'GR-A1'      2  4      1*    'OIL'  -1.0  /
 0:     'PA4'   'GR-A2'      2  7      1*    'OIL'  -1.0  /
 0:     'PA5'   'GR-A2'      1  6      1*    'OIL'  -1.0  /
 0:     'PA6'   'GR-A2'      3  5      1*    'OIL'  -1.0  /
 0:     'PB1'   'GR-B1'      6  2      1*    'OIL'  -1.0  /
 0:     'PB2'   'GR-B1'      4  3      1*    'OIL'  -1.0  /
 0:     'PB3'   'GR-B1'      5  4      1*    'OIL'  -1.0  /
 0:     'PB4'   'GR-B2'      5  7      1*    'OIL'  -1.0  /
 0:     'PB5'   'GR-B2'      4  6      1*    'OIL'  -1.0  /
 0:     'PB6'   'GR-B2'      6  5      1*    'OIL'  -1.0  /
 0:     'PC1'   'GR-C1'      9  2      1*    'OIL'  -1.0  /
 0:     'PC2'   'GR-C1'      7  3      1*    'OIL'  -1.0  /
 0:     'PC3'   'GR-C1'      8  4      1*    'OIL'  -1.0  /
 0:     'PC4'   'GR-C2'      8  7      1*    'OIL'  -1.0  /
 0:     'PC5'   'GR-C2'      7  6      1*    'OIL'  -1.0  /
 0:     'PC6'   'GR-C2'      9  5      1*    'OIL'  -1.0  /
 0: /
 0: 
 0: -- SET UP THE GROUP TREE STRUCTURE.  PLAT-A AND PLAT-B ARE TWO
 0: -- PLATFORMS.  SP-B AND SP-C ARE SUB-PLATFORMS SUBORDINATE TO
 0: -- PLAT-B.  WELL-GROUPS GR-A1 AND GR-A2 ARE SUBORDINATE TO PLAT-A,
 0: -- GR-B1 AND GR-B2 TO SP-B, AND GR-C1 AND GR-C2 TO SP-C.
 0: 
 0: GRUPTREE
 0:  'GR-A1'  'PLAT-A'  /
 0:  'GR-A2'  'PLAT-A'  /
 0:  'SP-B'   'PLAT-B'  /
 0:  'SP-C'   'PLAT-B'  /
 0:  'GR-B1'  'SP-B'    /
 0:  'GR-B2'  'SP-B'    /
 0:  'GR-C1'  'SP-C'    /
 0:  'GR-C2'  'SP-C'    /
 0:  /
 0: 
 0: -- SET THE WELL COMPLETION DATA, TO SPECIFY ALL THE WELL CONNECTIONS.
 0: -- WELL NAME ROOTS ARE USED TO REDUCE THE VOLUME OF DATA.
 0: --
 0: --  WELL    -LOCATION-  OPEN/  SAT  CONN  BORE
 0: --  NAME    I  J K1-K2  SHUT   TAB  FACT  DIAM
 0: 
 0: COMPDAT
 0:    'PA*'    0  0  1  1  'OPEN'  0    0.0  0.333  /
 0:    'PB*'    0  0  2  2  'OPEN'  0    0.0  0.333  /
 0:    'PC*'    0  0  2  3  'OPEN'  0    0.0  0.333  /
 0:    'PA*'    0  0  2  3  'OPEN'  0    0.0  0.333  /
 0:    'PB*'    0  0  1  1  'OPEN'  0    0.0  0.333  /
 0:    'PB*'    0  0  3  3  'OPEN'  0    0.0  0.333  /
 0:    'PC*'    0  0  1  1  'OPEN'  0    0.0  0.333  /
 0:    /
 0: 
 0: -- SET THE CONTROL DATA FOR ALL THE PRODUCERS.
 0: --
 0: --  WELL    OPEN/  CNTL   OIL   WATER  GAS   LIQU  VOID  BHP
 0: --  NAME    SHUT   MODE   RATE  RATE   RATE  RATE  RATE
 0: 
 0: WCONPROD
 0:    'PA*'   'SHUT'  'GRUP'  1*    1*    30000  2*        1000 /
 0:    'PB*'   'OPEN'  'GRUP'  1*    1*    20000  2*        1500 /
 0:    'PC*'   'OPEN'  'GRUP'  1*    1*    10000  2*        1000 /
 0:    'PC1'   'SHUT'  'GRUP'  1*    1*    20000  2*        1500 /
 0:    'PB1'   'SHUT'  'GRUP'  1*    1*    20000  2*        1500 /
 0: /
 0: 
 0: GCONPROD
 0:    'FIELD'    'NONE'  /
 0:    'PLAT-A'   'GRAT'  2*          50000   1*     'NONE' /
 0:    'SP-B'     'GRAT'  2*          75000   1*     'NONE' /
 0:    'SP-C'     'GRAT'  2*          75000   1*     'NONE' /
 0: /
 0: 
 0: -- SET THE TIME TAKEN TO DRILL THE PA* WELLS. IN THE TIMESTEP THAT THEY ARE
 0: -- DRILLED, THEY REMAIN SHUT UNTIL THE PROCESS IS FINISHED. THIS IS
 0: -- ACHIEVED BY ALTERING THE WELL EFFICIENCY FACTOR.
 0: 
 0: WDRILTIM
 0:    'PC1'   51 'Y' /
 0:    'PB1'   11 'Y' /
 0:    'PA1'   33 'Y' /
 0:    'PA2'   45 'Y' /
 0:    'PA3'   68 'Y' /
 0:    'PA5'   18 'Y' /
 0:    'QDRILL'       /
 0: /
 0: 
 0: -- WORKOVERS TAKES 47 DAYS FOR ANY WELL
 0: 
 0: WORKLIM
 0: 47 /
 0: 
 0: -- SET UP FOLLOW-ON WELLS ... PB1 IS BANNED FROM BEING
 0: -- DRILLED BECAUSE IT HAS NO ASSOCIATED RIG. PA6 WILL
 0: -- NOT OCCUPY A RIG BECAUSE IT TAKES NO TIME TO DRILL
 0: 
 0: WECON
 0:    'PB4' 2* 0.01 2* WELL 1* 'PB1' /
 0:    'PB5' 2* 0.01 2* WELL 1* 'PC1' /
 0:    'PB6' 2* 0.01 2* WELL 1* 'PA6' /
 0: /
 0: 
 0: -- CONNECTION LEVEL ECONOMIC LIMITS. BECAUSE OF RIG
 0: -- ASSIGNMENT, WORKOVERS WILL ONLY OCCUR ON WELLS THAT CAN
 0: -- BE HIERARCHICALLY TRACED TO SP-C
 0: 
 0: CECON
 0: '*' 5* 500 1* 'CON' /
 0: /
 0: 
 0: -- ASSIGN RIGS TO GROUPS GR-A1 AND GR-C1
 0: 
 0: GRUPRIG
 0: 'GR-A1' 1* 1  ADD /
 0: 'GR-A1' 1* 2  ADD /
 0: 'SP-C'  3  4  ADD /
 0: /
 0: 
 0: -- LIMIT THE MAXIMUM TIMESTEP SIZE (USEFUL FOR E100 VS. E300)
 0: 
 0: TUNING
 0: 1* 10 /
 0: /
 0: /
 0: 
 0: TSTEP
 0:  5*50 /
 0: 
 0: -- ADD SHUT WELLS TO THE DRILLING QUEUE. NOTE THAT DESPITE BEING
 0: -- AT THE TOP OF THE QUEUE, PB1 WILL NOT BE DRILLED BECAUSE THERE
 0: -- IS NO RIG ASSOCIATED WITH ITS GROUP, GR-B1
 0: 
 0: QDRILL
 0: PB1 PA3 PA2 PA1 /
 0: 
 0: TSTEP
 0:  10*50 /
 0: 
 0: END
 0: 

 ******** END OF INPUT DATA FOR RUN RIGS
     1 READING RUNSPEC 

 @--WARNING  AT TIME        0.0   DAYS    ( 1-JAN-   0):
 @           SPURIOUS DATA BEFORE TITLE    KEYWORD                           
 @                     THIS SECTION SETS UP THE BASICS FOR THE SIMULATION    
     2 READING TITLE   
     3 READING DIMENS  
     4 READING SKIP100 
       SKIPPING KEYWORDS
     5 READING ENDSKIP 
     6 READING OIL     
     7 READING WATER   
     8 READING GAS     
     9 READING SKIP300 
    10 READING DISGAS  
    11 READING ENDSKIP 
    12 READING FIELD   
    13 READING TABDIMS 
    14 READING REGDIMS 
    15 READING WELLDIMS
    16 READING START   
    17 READING GRID    

 @--MESSAGE  AT TIME        0.0   DAYS    ( 1-JAN-1983):
 @           CHECKING FOR LICENSES                                           

 @--  ERROR  AT TIME        0.0   DAYS    ( 1-JAN-1983):
 @           LICENSE FAILURE: ERROR NUMBER IS -1                             

 Error summary 
 Comments               0
 Warnings               1
 Problems               0
 Errors                 1
 Bugs                   0
 Final cpu       0.00 elapsed       0.00
