


 $$$$$   $$$   $      $$$  $$$$    $$$   $$$$$     $    $$$    $$$ 
 $      $   $  $       $   $   $  $   $  $        $$   $   $  $   $
 $      $      $       $   $   $  $      $         $   $   $  $   $
 $$$$   $      $       $   $$$$    $$$   $$$$      $   $   $  $   $
 $      $      $       $   $          $  $         $   $   $  $   $
 $      $   $  $       $   $      $   $  $         $   $   $  $   $
 $$$$$   $$$   $$$$$  $$$  $       $$$   $$$$$    $$$   $$$    $$$ 



                       $$$$$   $$$   $      $$$  $$$$    $$$   $$$$$     $    $$$    $$$ 
                       $      $   $  $       $   $   $  $   $  $        $$   $   $  $   $
                       $      $      $       $   $   $  $      $         $   $   $  $   $
                       $$$$   $      $       $   $$$$    $$$   $$$$      $   $   $  $   $
                       $      $      $       $   $          $  $         $   $   $  $   $
                       $      $   $  $       $   $      $   $  $         $   $   $  $   $
                       $$$$$   $$$   $$$$$  $$$  $       $$$   $$$$$    $$$   $$$    $$$ 



                                             $$$$$   $$$   $      $$$  $$$$    $$$   $$$$$     $    $$$    $$$ 
                                             $      $   $  $       $   $   $  $   $  $        $$   $   $  $   $
                                             $      $      $       $   $   $  $      $         $   $   $  $   $
                                             $$$$   $      $       $   $$$$    $$$   $$$$      $   $   $  $   $
                                             $      $      $       $   $          $  $         $   $   $  $   $
                                             $      $   $  $       $   $      $   $  $         $   $   $  $   $
                                             $$$$$   $$$   $$$$$  $$$  $       $$$   $$$$$    $$$   $$$    $$$ 



                                                                   $$$$$   $$$   $      $$$  $$$$    $$$   $$$$$     $    $$$    $$$ 
                                                                   $      $   $  $       $   $   $  $   $  $        $$   $   $  $   $
                                                                   $      $      $       $   $   $  $      $         $   $   $  $   $
                                                                   $$$$   $      $       $   $$$$    $$$   $$$$      $   $   $  $   $
                                                                   $      $      $       $   $          $  $         $   $   $  $   $
                                                                   $      $   $  $       $   $      $   $  $         $   $   $  $   $
                                                                   $$$$$   $$$   $$$$$  $$$  $       $$$   $$$$$    $$$   $$$    $$$ 
 
 Version =  2009.1
 Arch    =  PC WINDOWS (32 bit)
Annex    | Modification date    | Update date          | baseline             
=====    | =================    | ===========          | ========             
ECLIPSE  | 27-APR-2009 16:22:47 | 27-APR-2009 19:37:10 | S:\2009.1_w18i
system   | 22-APR-2009 14:52:01 | 25-APR-2009 05:27:35 | S:\2009.1_w18
utility  | 17-FEB-2009 08:34:11 | 25-APR-2009 05:40:00 | S:\2009.1_w18
 

1

 ******** ECHO OF INPUT DATA FOR RUN SCALE_COM

 0: -- =====================================================================
 0: -- A 5000 3D3P PROBLEM DEMONSTRATING THE SCALE DEPOSITION MODEL
 0: -- =====================================================================
 0: --DEBUG
 0: --1 1 1 1 1 1 1 1 1 1
 0: --1 1 1 1 1 1 1 1 1 1
 0: --1 1 1 1 1 1 1 1 5 1 /
 0: RUNSPEC
 0: TITLE
 0:    USE OF WATER TRACER TO DENOTE SEA WATER FRACTION IN SCALE DEPOSITION MODEL
 0: 
 0: DIMENS
 0:    30   34    5  /
 0: 
 0: --BLACKOIL
 0: 
 0: FULLIMP
 0: 
 0: NONNC
 0: 
 0: OIL
 0: 
 0: WATER
 0: 
 0: GAS
 0: 
 0: COMPS
 0: 11 /
 0: --$FORMOPTS
 0: --$ BOILMOD /
 0: 
 0: --DISGAS
 0: 
 0: FMTOUT
 0: 
 0: FIELD
 0: 
 0: EQLDIMS
 0:     1  100   40    1    1 /
 0: 
 0: TABDIMS
 0:     1    1   16   12    1   12 /
 0: 
 0: --TRACERS
 0: --0 1 0 /
 0: 
 0: RPTRUNSP
 0: 
 0: SCDPDIMS
 0:    2     4    3   5  /
 0: 
 0: WELLDIMS
 0:    24    4    1   24 /
 0: 
 0: NUPCOL
 0:     4 /
 0: 
 0: START
 0:    1 'JAN' 1986  /
 0: 
 0: NSTACK
 0:    24 /
 0: 
 0: GRID    ================================================================
 0: 
 0: NOGGF
 0: 
 0: --     ARRAY  VALUE     ------- BOX ------
 0: 
 0: EQUALS
 0:       'DX'     700      /
 0:       'DY'     700      /
 0:       'PORO'  0.2       /
 0:       'PERMX' 500       /
 0:       'TOPS'  5000      1  30  1  34  1  1  /
 0: 
 0:       'DZ'    50        1  30  1  34  1  4  /
 0:       'DZ'   100        1  30  1  34  5  5  /
 0: 
 0:       'PORO' 0.0       29  30  1  34  1  1 /
 0:       'PORO' 0.0       28  28  1  16  1  1 /
 0:       'PORO' 0.0       28  28  19 34  1  1 /
 0: 
 0: /       EQUALS IS TERMINATED BY A NULL RECORD
 0: 
 0: -- THE Y AND Z DIRECTION PERMEABILITIES ARE COPIED FROM PERMX
 0: --    SOURCE  DESTINATION  ------- BOX ------
 0: COPY
 0:       'PERMX'    'PERMY'   /
 0:       'PERMX'    'PERMZ'   /
 0: /
 0: 
 0: MULTIPLY
 0:   'PERMZ' 0.1 /
 0:   /
 0: 
 0: --DEBUG
 0: 
 0: --1 5*0 1 /
 0: RPTGRID                                          FIELD   00:41 16 SEP 85
 0:    'DZ'
 0:  /
 0: 
 0: PROPS   ***************************************************************
 0: 
 0: 
 0: TRACER
 0: 'WTR' 'WAT' /
 0: /
 0: 
 0: SWFN
 0:     .25       .00       .0
 0:     .75       .80       .0
 0:    1.0       1.0        .0
 0:   /
 0: 
 0: SOF3
 0:     .00       .00    .00
 0:     .25       .00    .00
 0:     .75      0.8     .80
 0:   /
 0: 
 0: SGFN
 0:     .00       .00    .0
 0:     .05       .00    .0
 0:     .75      1.00    .0
 0:   /
 0: 
 0: RPTPROPS
 0:    /
 0: 
 0: --$DENSITY
 0: --$        49.94    62.43    0.061    /
 0: 
 0: ROCK
 0:         4000   4.0E-6   /
 0: 
 0: PVTW
 0:         4000   1.00    3.0E-6     0.50   0   /
 0: 
 0: ECHO
 0: -- Units: F
 0: RTEMP
 0: --
 0: -- Constant Reservoir Temperature
 0: --
 0:          220
 0: /
 0: 
 0: EOS
 0: --
 0: -- Equation of State (Reservoir EoS)
 0: --
 0:    PR3
 0: /
 0: 
 0: NCOMPS
 0: --
 0: -- Number of Components
 0: --
 0:       11
 0: /
 0: PRCORR
 0: --
 0: -- Modified Peng-Robinson EoS
 0: --
 0: CNAMES
 0: --
 0: -- Component Names
 0: --
 0:    'CO2'
 0:    'N2'
 0:    'C1'
 0:    'C2'
 0:    'C3'
 0:    'IC4'
 0:    'NC4'
 0:    'IC5'
 0:    'NC5'
 0:    'C6'
 0:    'C7+'
 0: /
 0: MW
 0: --
 0: -- Molecular Weights (Reservoir EoS)
 0: --
 0:          44.01
 0:         28.013
 0:         16.043
 0:          30.07
 0:         44.097
 0:      58.123992
 0:      58.124008
 0:      72.150992
 0:      72.151008
 0:             84
 0:            218
 0: /
 0: 
 0: OMEGAA
 0: --
 0: -- EoS Omega-a Coefficient (Reservoir EoS)
 0: --
 0:    0.457235529
 0:    0.457235529
 0:    0.457235529
 0:    0.457235529
 0:    0.457235529
 0:    0.457235529
 0:    0.457235529
 0:    0.457235529
 0:    0.457235529
 0:    0.457235529
 0:    0.457235529
 0: /
 0: 
 0: OMEGAB
 0: --
 0: -- EoS Omega-b Coefficient (Reservoir EoS)
 0: --
 0:    0.077796074
 0:    0.077796074
 0:    0.077796074
 0:    0.077796074
 0:    0.077796074
 0:    0.077796074
 0:    0.077796074
 0:    0.077796074
 0:    0.077796074
 0:    0.077796074
 0:    0.077796074
 0: /
 0: 
 0: -- Units: R
 0: TCRIT
 0: --
 0: -- Critical Temperatures (Reservoir EoS)
 0: --
 0:    548.460004529228
 0:    227.159996017685
 0:    343.079999088516
 0:    549.774004564037
 0:    665.639997633438
 0:    734.579999459724
 0:    765.360000275116
 0:    828.720001953583
 0:    845.280002392273
 0:    921.600004414063
 0:    1340.86443552078
 0: /
 0: 
 0: -- Units: psia
 0: PCRIT
 0: --
 0: -- Critical Pressures (Reservoir EoS)
 0: --
 0:    1071.33110996644
 0:    492.312649984577
 0:    667.78169997908
 0:    708.342379977809
 0:    618.697389980618
 0:    529.052399983426
 0:    550.655369982749
 0:    483.495109984853
 0:    489.520429984664
 0:    484.376859984826
 0:    247.584409992244
 0: /
 0: 
 0: -- Units: ft3 /lb-mole
 0: VCRIT
 0: --
 0: -- Critical Volumes (Reservoir EoS)
 0: --
 0:    1.50574729841403
 0:    1.44165436823869
 0:    1.56981189474918
 0:    2.37069207475955
 0:    3.20365921815978
 0:    4.21290013880856
 0:    4.08477356251747
 0:    4.93374370357045
 0:    4.98169529179977
 0:    5.62249665485598
 0:    13.6142799772319
 0: /
 0: 
 0: ZCRIT
 0: --
 0: -- Critical Z-Factors (Reservoir EoS)
 0: --
 0:        0.27408
 0:        0.29115
 0:        0.28473
 0:        0.28463
 0:        0.27748
 0:        0.28274
 0:        0.27386
 0:        0.26823
 0:        0.26884
 0:        0.27537
 0:        0.23425
 0: /
 0: 
 0: SSHIFT
 0: --
 0: -- EoS Volume Shift (Reservoir EoS)
 0: --
 0:    0.032392038733994
 0:    -0.189122238067734
 0:    -0.168124779106477
 0:    -0.125516555283934
 0:    -0.091597788965682
 0:    0.089644533223691
 0:    0.0314497723711725
 0:    -0.0212072787558373
 0:    -0.0160734731857986
 0:    -0.0432542188653805
 0:    0.118217390552235
 0: /
 0: 
 0: ACF
 0: --
 0: -- Acentric Factors (Reservoir EoS)
 0: --
 0:          0.225
 0:           0.04
 0:          0.013
 0:         0.0986
 0:         0.1524
 0:         0.1848
 0:          0.201
 0:         0.2223
 0:         0.2539
 0:           0.25
 0:        0.70397
 0: /
 0: 
 0: BIC
 0: --
 0: -- Binary Interaction Coefficients (Reservoir EoS)
 0: --
 0:   -0.012
 0:      0.1     0.1
 0:      0.1     0.1 0.002108
 0:      0.1     0.1 0.006214 0.001129
 0:      0.1     0.1 0.01165 0.004069 0.000934
 0:      0.1     0.1 0.010962 0.00365 0.000736 1.2e-005
 0:      0.1     0.1 0.015439 0.00655 0.00231 0.000311 0.000445
 0:      0.1     0.1 0.015686 0.00672 0.002414 0.000351 0.000492  1e-006
 0:      0.1     0.1 0.018894 0.009008 0.003897 0.001037 0.00127 0.000213 0.000183
 0:      0.1     0.1 0.047496 0.033306 0.023801 0.016152 0.016958 0.012285 0.012062
 0:    0.009431
 0: /
 0: 
 0: PARACHOR
 0: --
 0: -- Component Parachors
 0: --
 0:             78
 0:             41
 0:             77
 0:            108
 0:          150.3
 0:          181.5
 0:      189.89999
 0:            225
 0:          231.5
 0:            271
 0:      564.40006
 0: /
 0: 
 0: -- Units: ft3 /lb-mole
 0: VCRITVIS
 0: --
 0: -- Critical Volumes for Viscosity Calc (Reservoir EoS)
 0: --
 0:    1.50574729841403
 0:    1.44165436823869
 0:    1.56981189474918
 0:    2.37069207475955
 0:    3.20365921815978
 0:    4.21290013880856
 0:    4.08477356251747
 0:    4.93374370357045
 0:    4.98169529179977
 0:    5.62249665485598
 0:    13.6142799772319
 0: /
 0: 
 0: ZCRITVIS
 0: --
 0: -- Critical Z-Factors for Viscosity Calculation (Reservoir EoS)
 0: --
 0:        0.27408
 0:        0.29115
 0:        0.28473
 0:        0.28463
 0:        0.27748
 0:        0.28274
 0:        0.27386
 0:        0.26823
 0:        0.26884
 0:        0.27537
 0:        0.23425
 0: /
 0: 
 0: LBCCOEF
 0: --
 0: -- Lorentz-Bray-Clark Viscosity Correlation Coefficients
 0: --
 0:     0.1023 0.023364 0.058533 -0.040758 0.0093324
 0: /
 0: --PVTi--Please do not alter these lines
 0: --PVTi--as PVTi can use them to re-create the fluid model
 0: --PVTiMODSPEC       ========================================================
 0: --PVTiTITLE
 0: --PVTiModified System: From Automatically created during keyword export
 0: --PVTiVERSION
 0: --PVTi  2005a   /
 0: --PVTiNCOMPS
 0: --PVTi       11 /
 0: --PVTiEOS
 0: --PVTi PR3  /
 0: --PVTiPRCORR
 0: --PVTiLBC
 0: --PVTiOPTIONS
 0: --PVTi  0  0  1  2  1  1  0  0  1  0  0  0  0  0  0  0  0  0  0  0
 0: --PVTi/
 0: --PVTiECHO
 0: --PVTiMODSYS        ========================================================
 0: --PVTiUNITS
 0: --PVTi   FIELD       ABSOL         PERCENT      /
 0: --PVTiDEGREES
 0: --PVTi   Fahrenheit /
 0: --PVTiSTCOND
 0: --PVTi      60.0000      14.6959 /
 0: --PVTiCNAMES
 0: --PVTi CO2
 0: --PVTi N2
 0: --PVTi C1
 0: --PVTi C2
 0: --PVTi C3
 0: --PVTi IC4
 0: --PVTi NC4
 0: --PVTi IC5
 0: --PVTi NC5
 0: --PVTi C6
 0: --PVTi C7+
 0: --PVTi /
 0: --PVTiTCRIT
 0: --PVTi  8.878999000E+01 -2.325100100E+02 -1.165900100E+02  9.010399000E+01
 0: --PVTi  2.059699800E+02  2.749099800E+02  3.056899800E+02  3.690499800E+02
 0: --PVTi  3.856099800E+02  4.619299800E+02  8.811944000E+02                  /
 0: --PVTiPCRIT
 0: --PVTi  1.071331110E+03  4.923126500E+02  6.677817000E+02  7.083423800E+02
 0: --PVTi  6.186973900E+02  5.290524000E+02  5.506553700E+02  4.834951100E+02
 0: --PVTi  4.895204300E+02  4.843768600E+02  2.475844100E+02                  /
 0: --PVTiVCRIT
 0: --PVTi  1.505747353E+00  1.441654421E+00  1.569811952E+00  2.370692161E+00
 0: --PVTi  3.203659335E+00  4.212900292E+00  4.084773711E+00  4.933743883E+00
 0: --PVTi  4.981695473E+00  5.622496860E+00  1.361428047E+01                  /
 0: --PVTiZCRIT
 0: --PVTi  2.740800000E-01  2.911500000E-01  2.847300000E-01  2.846300000E-01
 0: --PVTi  2.774800000E-01  2.827400000E-01  2.738600000E-01  2.682300000E-01
 0: --PVTi  2.688400000E-01  2.753700000E-01  2.342500000E-01                  /
 0: --PVTiVCRITVIS
 0: --PVTi  1.505747353E+00  1.441654421E+00  1.569811952E+00  2.370692161E+00
 0: --PVTi  3.203659335E+00  4.212900292E+00  4.084773711E+00  4.933743883E+00
 0: --PVTi  4.981695473E+00  5.622496860E+00  1.361428047E+01                  /
 0: --PVTiZCRITVIS
 0: --PVTi  2.740800000E-01  2.911500000E-01  2.847300000E-01  2.846300000E-01
 0: --PVTi  2.774800000E-01  2.827400000E-01  2.738600000E-01  2.682300000E-01
 0: --PVTi  2.688400000E-01  2.753700000E-01  2.342500000E-01                  /
 0: --PVTiSSHIFT
 0: --PVTi -4.273033674E-02 -1.313342386E-01 -1.442656189E-01 -1.032683540E-01
 0: --PVTi -7.750138148E-02 -6.198372515E-02 -5.422489699E-02 -4.402347477E-02
 0: --PVTi -2.888897045E-02 -3.075683649E-02  1.585296570E-01                  /
 0: --PVTiACF
 0: --PVTi  2.250000000E-01  4.000000000E-02  1.300000000E-02  9.860000000E-02
 0: --PVTi  1.524000000E-01  1.848000000E-01  2.010000000E-01  2.223000000E-01
 0: --PVTi  2.539000000E-01  2.500000000E-01  7.039700000E-01                  /
 0: --PVTiMW
 0: --PVTi  4.401000000E+01  2.801300000E+01  1.604300000E+01  3.007000000E+01
 0: --PVTi  4.409700000E+01  5.812399100E+01  5.812400900E+01  7.215099100E+01
 0: --PVTi  7.215100900E+01  8.400000000E+01  2.180000000E+02                  /
 0: --PVTiZI
 0: --PVTi  9.100000000E-01  1.600000000E-01  3.647000000E+01  9.670000000E+00
 0: --PVTi  6.950000000E+00  1.440000000E+00  3.930000000E+00  1.440000000E+00
 0: --PVTi  1.410000000E+00  4.330000000E+00  3.329000000E+01                  /
 0: --PVTiTBOIL
 0: --PVTi -1.092100100E+02 -3.203500000E+02 -2.586100100E+02 -1.275700100E+02
 0: --PVTi -4.369000000E+01  1.066997000E+01  3.119001000E+01  8.212999000E+01
 0: --PVTi  9.689001000E+01  1.469299800E+02  5.607427200E+02                  /
 0: --PVTiTREF
 0: --PVTi  6.772999000E+01 -3.190900100E+02 -2.586100100E+02 -1.302700100E+02
 0: --PVTi -4.387001000E+01  6.772999000E+01  6.772999000E+01  6.772999000E+01
 0: --PVTi  6.772999000E+01  6.052999000E+01  6.000001000E+01                  /
 0: --PVTiDREF
 0: --PVTi  4.850653000E+01  5.019209000E+01  2.653189000E+01  3.421053000E+01
 0: --PVTi  3.633308000E+01  3.477238000E+01  3.614579000E+01  3.870534000E+01
 0: --PVTi  3.907991000E+01  4.313773000E+01  5.315742000E+01                  /
 0: --PVTiPARACHOR
 0: --PVTi  7.800000000E+01  4.100000000E+01  7.700000000E+01  1.080000000E+02
 0: --PVTi  1.503000000E+02  1.815000000E+02  1.898999900E+02  2.250000000E+02
 0: --PVTi  2.315000000E+02  2.710000000E+02  5.644000600E+02                  /
 0: --PVTiHYDRO
 0: --PVTi  N N H H H H H H H H H
 0: --PVTi /
 0: --PVTiTHERMX
 0: --PVTi    0.0002778 /
 0: --PVTiACHEUH
 0: --PVTi       0.1500 /
 0: --PVTiBIC
 0: --PVTi  -1.200000000E-02
 0: --PVTi   1.000000000E-01  1.000000000E-01
 0: --PVTi   1.000000000E-01  1.000000000E-01  2.108000000E-03
 0: --PVTi   1.000000000E-01  1.000000000E-01  6.214000000E-03  1.129000000E-03
 0: --PVTi   1.000000000E-01  1.000000000E-01  1.165000000E-02  4.069000000E-03
 0: --PVTi   9.340000000E-04
 0: --PVTi   1.000000000E-01  1.000000000E-01  1.096200000E-02  3.650000000E-03
 0: --PVTi   7.360000000E-04  1.200000000E-05
 0: --PVTi   1.000000000E-01  1.000000000E-01  1.543900000E-02  6.550000000E-03
 0: --PVTi   2.310000000E-03  3.110000000E-04  4.450000000E-04
 0: --PVTi   1.000000000E-01  1.000000000E-01  1.568600000E-02  6.720000000E-03
 0: --PVTi   2.414000000E-03  3.510000000E-04  4.920000000E-04  1.000000000E-06
 0: --PVTi   1.000000000E-01  1.000000000E-01  1.889400000E-02  9.008000000E-03
 0: --PVTi   3.897000000E-03  1.037000000E-03  1.270000000E-03  2.130000000E-04
 0: --PVTi   1.830000000E-04
 0: --PVTi   1.000000000E-01  1.000000000E-01  4.749600000E-02  3.330600000E-02
 0: --PVTi   2.380100000E-02  1.615200000E-02  1.695800000E-02  1.228500000E-02
 0: --PVTi   1.206200000E-02  9.431000000E-03
 0: --PVTi /
 0: --PVTiSPECHA
 0: --PVTi  8.289863681E+01  1.304188184E+02  0.000000000E+00  0.000000000E+00
 0: --PVTi  8.059590000E+01  2.264640086E+01 -5.819651940E+00  1.695026006E+01
 0: --PVTi -3.987926840E+01 -2.753076462E+01  2.066919927E+01                  /
 0: --PVTiSPECHB
 0: --PVTi  3.074785937E-01 -5.681487775E-02  0.000000000E+00  0.000000000E+00
 0: --PVTi  2.182160165E-01  7.456691001E-01  1.610661961E+00  1.502642564E+00
 0: --PVTi  2.121032973E+00  2.080630262E+00  2.842733529E+00                  /
 0: --PVTiSPECHC
 0: --PVTi -2.345445307E-04  1.122062414E-04  0.000000000E+00  0.000000000E+00
 0: --PVTi  5.011599530E-05 -2.904801964E-04 -7.728832553E-04 -6.183903774E-04
 0: --PVTi -1.142577769E-03 -1.111386115E-03 -6.352135224E-04                  /
 0: --PVTiSPECHD
 0: --PVTi  7.180362222E-08 -4.890182433E-08  0.000000000E+00  0.000000000E+00
 0: --PVTi -4.739457620E-08  3.647958882E-08  1.212078589E-07  5.469635378E-08
 0: --PVTi  2.396105652E-07  2.308601488E-07  0.000000000E+00                  /
 0: --PVTiHEATVAPS
 0: --PVTi  9.293283542E+04  9.901936632E+04  1.035737062E+05  9.823671994E+04
 0: --PVTi  9.289973370E+04  8.756274822E+04  8.756274670E+04  8.222576198E+04
 0: --PVTi  8.222576046E+04  8.422051093E+04  1.666861937E+05                  /
 0: --PVTiCALVAL
 0: --PVTi  0.000000000E+00  0.000000000E+00  8.720174000E+03  1.042978400E+04
 0: --PVTi  1.891038000E+03  3.323854000E+03  6.184834000E+03  6.184834000E+03
 0: --PVTi  7.615324000E+03  7.615324000E+03  2.049438600E+04                  /
 0: --PVTi--End of PVTi generated section--
 0: ZI
 0: --
 0: -- Overall Composition
 0: --
 0:         0.0091
 0:         0.0016
 0:         0.3647
 0:         0.0967
 0:         0.0695
 0:         0.0144
 0:         0.0393
 0:         0.0144
 0:         0.0141
 0:         0.0433
 0:         0.3329
 0: /
 0: 
 0: 
 0: 
 0: REGIONS    =============================================================
 0: 
 0: 
 0: -- TRACER INITIALISATION REGION IS DEFINED FOR TRACER 'WTR'
 0: 
 0: TNUMWTR
 0:  5100*1 /
 0: 
 0: SOLUTION  *************************************************************
 0: 
 0: EQUIL      1 TABLES   10 NODES IN EACH           FIELD   23:34 15 SEP 85
 0:   5040.0 3600.00 5200.00  .00000 4040.00  .00000     1      0       0 /
 0: --$  4040.0 3600.00 5200.00  .00000 4040.00  .00000     0      0       0 /
 0: 
 0: RSVD
 0: --
 0: -- Rs v Depth
 0: --
 0:           4000 0.866250577953902
 0:           4040 0.862272141694205
 0:    4068.96551724138 0.859421286287883
 0:    4137.93103448276 0.852732559456322
 0:    4206.89655172414 0.846178940985015
 0:    4275.86206896552 0.839755292248372
 0:    4344.8275862069 0.833456769054289
 0:    4413.79310344828 0.827278798835882
 0:    4482.75862068965 0.821217060339307
 0:    4551.72413793103 0.815267465200763
 0:    4620.68965517241 0.809426141204325
 0:    4689.65517241379 0.803689417037358
 0:    4758.62068965517 0.798053808384415
 0:    4827.58620689655 0.792516005219652
 0:    4896.55172413793 0.787072860174458
 0:    4965.51724137931 0.781721377872164
 0:    5034.48275862069 0.776458705133898
 0:    5103.44827586207 0.771282121970665
 0:    5172.41379310345 0.766189033286663
 0:    5241.37931034483 0.761176961226526
 0:    5310.34482758621 0.75624353810715
 0:    5379.31034482759 0.751386499880845
 0:    5448.27586206897 0.746603680081192
 0:    5517.24137931035 0.741893004211868
 0:    5586.20689655172 0.737252484535565
 0:    5655.1724137931 0.73268021523243
 0:    5724.13793103448 0.72817436789528
 0:    5793.10344827586 0.723733187333668
 0:    5862.06896551724 0.7193549876618
 0:    5931.03448275862 0.71503814864713
 0:           6000 0.710781112299173
 0: /
 0: 
 0: -- INITIALISE TRACER TO ZERO THROUGHOUT RESERVOIR (NO SEA WATER)
 0: 
 0: TVDPWTR
 0: 4000.0   0.0
 0: 6000.0   0.0 /
 0: 
 0: 
 0: RPTSOL                                           FIELD   00:42 16 SEP 85
 0:    -- Initialisation Print Output
 0: --
 0:   /
 0: 
 0: SUMMARY ================================================================
 0: -------- THIS SECTION SPECIFIES DATA TO BE WRITTEN TO THE SUMMARY FILES
 0: -------- AND WHICH MAY LATER BE USED WITH THE ECLIPSE GRAPHICS PACKAGE
 0: ------------------------------------------------------------------------
 0: FGOR
 0: FVPT
 0: FVPR
 0: FVIR
 0: FOIP
 0: FPR
 0: CWFR
 0: 'P' 2  3  3 /
 0: 'P' 2  3  4 /
 0: /
 0: 
 0: -- SCALE DEPOSITED (CUMULATIVE)
 0: 
 0: CDSM
 0: 'P' 2  3  3 /
 0: 'P' 2  3  4 /
 0: /
 0: 
 0: -- SCALE DEPOSITED PER UNIT PERFORATION LENGTH (CUMULATIVE)
 0: 
 0: CDSML
 0: 'P' 2  3  3 /
 0: 'P' 2  3  4 /
 0: /
 0: 
 0: -- SCALE DAMAGE (MULTIPLICATIVE FACTOR AFFECTING CONNECTION PI)
 0: 
 0: CDSF
 0: 'P' 2  3  3 /
 0: 'P' 2  3  4 /
 0: /
 0: 
 0: --RPTSMRY
 0: --  1  /
 0: 
 0: WWIR
 0: /
 0: WWPR
 0: /
 0: WOPR
 0: P /
 0: WBHP
 0: /
 0: RPTONLY
 0: RUNSUM
 0: SCHEDULE ===============================================================
 0: 
 0: --$DRSDT
 0: --$0.0 /
 0: 
 0: --$TUNING
 0: --$1.0 365 0.1 1* 3.0 0.3 2* 1* /
 0: --$0.1 0.001 0.0000001 1* 10 5* /
 0: --$20 1 25 1 8 1* /
 0: 
 0: RPTSCHED
 0:    'PRES' 'SWAT' 'SGAS' /
 0: WELSPECS
 0:     'P'      'G'    2  3    1*   'OIL'  /
 0:     'I'      'G'    2  2    1*   'WAT'  /
 0: /
 0: 
 0: COMPDAT
 0:     'P' 2*  3  4 'OPEN' 0   -1   0.5  /
 0:     'I' 2*  3  3 'OPEN' 0   -1   0.5  /
 0:     /
 0: 
 0: WCONPROD
 0:      'P' 'OPEN' 'ORAT' 10000  4*  1000 /
 0: --$     'P' 'OPEN' 'RESV' 1*  3*  11000 1000 /
 0:   /
 0: 
 0: WCONINJE
 0:      'I' 'WAT' 'OPEN' 'RATE' 2000  1* 6891 /
 0:   /
 0: 
 0: -- WATER INJECTOR INJECTS PURE SEA WATER - TRACER AT 1.0
 0: 
 0: WTRACER
 0:      'I'  'WTR' 1.0 /
 0: /
 0: 
 0: -- ASSIGN DEPOSITION AND DAMAMGE TABLES TO PRODUCER
 0: 
 0: WSCTAB
 0:      'P'  1   1  /
 0: /
 0: 
 0: -- DEPOSITION TABLE
 0: 
 0: SCDPTAB
 0: 0.0 0
 0: 0.3 200
 0: 0.6 300
 0: 0.9 400  /
 0: /
 0: 
 0: -- DAMAGE TABLE
 0: 
 0: SCDATAB
 0: 5    0.95
 0: 100  0.90
 0: 500  0.80
 0: 1000 0.70
 0: 5000 0.50 /
 0: /
 0: /
 0: 
 0: -- ASSOCIATE NAMED TRACER WITH SEA WATER FRACTION
 0: 
 0: SCDPTRAC
 0: 'WTR' /
 0: 
 0: 
 0: TSTEP
 0:   200.0 /
 0: 
 0: TSTEP
 0:   200.0 /
 0: 
 0: TSTEP
 0:   200.0 /
 0: 
 0: END     ================================================================

 ******** END OF INPUT DATA FOR RUN SCALE_COM
     1 READING RUNSPEC 
     2 READING TITLE   
     3 READING DIMENS  
     4 READING FULLIMP 
     5 READING NONNC   
     6 READING OIL     
     7 READING WATER   
     8 READING GAS     
     9 READING COMPS   

 @--  ERROR  AT TIME        0.0   DAYS    ( 1-JAN-   0):
 @           UNRECOGNISED KEYWORD COMPS    IN RUNSPEC DATA                   

 @--WARNING  AT TIME        0.0   DAYS    ( 1-JAN-   0):
 @           SPURIOUS DATA BEFORE FMTOUT   KEYWORD                           
 @           11 /                                                            
    10 READING FMTOUT  
    11 READING FIELD   
    12 READING EQLDIMS 
    13 READING TABDIMS 
    14 READING RPTRUNSP
    15 READING SCDPDIMS
    16 READING WELLDIMS
    17 READING NUPCOL  
    18 READING START   
    19 READING NSTACK  
    20 READING GRID    
1                             **********************************************************************   1
  RUNSPEC  AT     0.00   DAYS *   USE OF WATER TRACER TO DENOTE SEA WATER FRACTION IN SCALE DEPOSITION * ECLIPSE  VERSION 2009.1     
  REPORT   0     1 JAN 1986   *  RUN                                                                   * RUN AT 15:03 ON 06 AUG 2015 
                              **************************************************************************


                                   ---------
                                   RUN TITLE
                                   ---------
       USE OF WATER TRACER TO DENOTE SEA WATER FRACTION IN SCALE DEPOSITION 


                               ------------------
                               RESERVOIR GEOMETRY
                               ------------------

     Type of Coordinate System ............................ CARTESIAN
     Number of Grid Blocks in the X direction .............   30
     Number of Grid Blocks in the Y direction .............   34
     Number of Grid Blocks in the Z direction .............    5
     Number of Sets of Coordinate Lines (Corner Pt. Geom.).    1

     Non-Neighbour Connections ............................ NO 
     Maximum Number of Numerical Aquifers .................   1
     Maximum Number of Lines of Aquifer Connection (AQUCON)   1
     Dual Porosity Option ................................. OFF
     Dual Permeability Option .............................  ---
     Maximum number of Fault Segments......................   1
     Negative direction transmissibility multipliers.......  NO 


                          ---------------------------
                          PHASES PRESENT IN RESERVOIR
                          ---------------------------

     Oil .................................................. YES
     Water ................................................ YES
     Gas .................................................. YES
     Dissolved Gas ........................................ NO 
     Vapourised Oil ....................................... NO 

     API Tracking Option .................................. OFF
     Polymer Flood Option ................................. OFF
     Brine Option or Salt Sensitive Polymer Properties..... OFF
     Number of passive tracers in  oil  phase  ............   0
     Number of passive tracers in water phase  ............   0
     Number of passive tracers in  gas  phase  ............   0

     Miscible Gas Flood Option ( 3-component ) ............ OFF
     Gi-Condensate/Volatile Oil Model ..................... OFF
     Solvent Four Component Miscible Model ................ OFF
     Surfactant Model ..................................... OFF
     Foam Model ........................................... OFF


                                ---------------
                                UNIT CONVENTION
                                ---------------

                                    FIELD   


                           -------------------------
                           PRESSURE TABLE DIMENSIONS
                           -------------------------

     Max Number of Rs Nodes in PVTO or Rv Nodes in PVTG ...   1
     Max Number of Pressure Nodes in PVT and ROCKTAB Tables  12
     Number of Sets of PVT Tables .........................   1
     Number of Sets of Rock Compaction (ROCKTAB) Tables ...   1
     Rock Compaction Option ............................... OFF
     Rock Compaction Reversibility Switch ................. ---
     Rock Compaction Hysteresis Option .................... OFF

     Compressed Vertical Equilibrium Model ................ OFF
     Surface Tension Effect in Cap pressure ............... OFF
     Molecular Diffusion Option ........................... OFF
     Coal Bed Methane Option .............................. OFF
     Temperature Model .................................... OFF


                          ---------------------------
                          SATURATION TABLE DIMENSIONS
                          ---------------------------

     Max Number of Saturations in SGFN, SWFN, SOF2 or SOF3.  16
     Number of sets of Saturation tables ..................   1
     Directional Relative Permeability Tables.............. NON-DIRECTIONAL
     Directional Kr Table Reversibility Switch............. REVERSIBLE     
     Vertical Equilibrium Option .......................... OFF
     Hysteresis Option .................................... OFF

                    SATURATION TABLE ENDPOINT SCALING OPTION

     Saturation Table Endpoint Scaling Option ............. OFF
     Directional Endpoint Scaling ......................... ---            
     Reversible  Endpoint Scaling ......................... ---            
     Max Number of Depths in Any Endpoint v Depth Table ...  20
     Number of Endpoint v Depth Tables ....................   1


                         -----------------------------
                         EQUILBRATION TABLE DIMENSIONS
                         -----------------------------

     Max Number of Depth Nodes in RSVD or RVVD ............   1
     Number of Equilibration Regions ......................   1
     Number of Nodes in Internal Table of Pressure v Depth. 100
     Pressure Modifications Required for quiescence ....... NO 
     Threshold Pressure Option ............................ OFF
     Directional Switch for Threshold Pressure ............ ---            
     Mobile Fluid Endpoint Correction Required ............ NO 
     Number of Tracer Concentration v Depth Table Regions .   1
     Max Number of Depth Nodes in any of these Tables .....   1


                             ---------------------
                             MISCELLANEOUS OPTIONS
                             ---------------------

     Max Number of Fluid-In-Place Regions .................   1
     Gravity Imbibition Option in Dual Porosity Runs ...... OFF
     LGR pressure interpolation ........................... OFF
     Numerical Diffusion Control Algorithm ................ OFF
     Max number of Flux Regions ...........................   1
     Max number of Independent Reservoir Regions ..........   1
     Max number of FIP region families ....................   1
     Max number of Environmental Tracers ..................   0
     Max number of OPERATER Regions .......................   0
     Viscous Displacement in Dual Porosity Runs ........... OFF


                                ---------------
                                WELL DIMENSIONS
                                ---------------

     Maximum Number of Wells in the Model .................   24
     Max Number of Grid Blocks Connected to Any Well ......    4
     Max Number of Groups in the Model ....................    1
     Max Number of Wells  in any Group ....................   24


                     -------------------------------------
                     LOCAL GRID REFINEMENT AND COARSENING 
                     -------------------------------------

     Max Number of LGRs in the Model ......................    0
     Max Number of Local Cells per LGR ....................        0
     Max Number of Coarsenings ............................        0
     Length of Local Solver Work Stack ....................   24
     Max Number of LGR Amalgamations ......................    0
     Max Number of LGRs per Amalgamation ..................    0
     LGR in place option................................... OFF


                            -----------------------
                            WELL CONTROL QUANTITIES
                            -----------------------

     Gas Field Operations Model extended options ..........  NO 
     Gas Field Operations Accelerated convergence .........  NO 
     Max Number of Wells with Wellbore Friction ...........    0
     Max Number of branches per point in friction well ....    0
     Number of Non-Linear Updates of Well Rates ...........    4


                     ------------------------------------
                     PRODUCTION WELL VFP TABLE DIMENSIONS
                     ------------------------------------

     Max Number of Flow                 Values Per Table ..   0
     Max Number of Tubing Head Pressure Values Per Table ..   0
     Max Number of Water Fraction       Values Per Table ..   0
     Max Number of Gas   Fraction       Values Per Table ..   0
     Max Number of Artificial Lift  Quantities Per Table ..   0
     Max Number of Production Well VFP Tables .............   0


                     ------------------------------------
                     INJECTION  WELL VFP TABLE DIMENSIONS
                     ------------------------------------

     Max Number of Flow                 Values Per Table ..   0
     Max Number of Tubing Head Pressure Values Per Table ..   0
     Max Number of Injection Well VFP Tables ..............   0


                         ---------------------------
                         ANALYTIC AQUIFER DIMENSIONS
                         ---------------------------

     Number of Analytic Aquifers in the Model .............   0
     Max Number of Grid Blocks Connected to any Aquifer ...        0
     Number of Carter-Tracy Influence Function Tables .....   1
     Max Number of Rows in any Influence Function Table ...  36

     Max Number of Summary Vectors .....................  10000


                         ---------------------------
                         DATE AT START OF SIMULATION
                         ---------------------------

                           Day   Month    Year      
                            1     JAN     1986


                      --------------------------------
                      SOLUTION CONTROLS AND FILE TYPES
                      --------------------------------

     Run Type of this Case ................................ DATA CHECKING 
     Length of Solver Work Stack ..........................  24
     Type of output files (restart etc.) ..................  FORMATTED 
                                                            NON-UNIFIED
     Type of output files (summary) .......................  FORMATTED 
                                                            NON-UNIFIED
     Type of input  restart file .......................... UNFORMATTED
                                                            NON-UNIFIED
     Number of Matrix Disking Groups ......................   0
     Nine Point Solution Method ........................... OFF
     Nine Point Flow Terms ................................ OFF


                      -----------------------
                         ACTION DIMENSIONS   
                      -----------------------

     Maximum number of actions allowed ....................   2
     Maximum number of lines of SCHEDULE data per action ..  50
     Maximum number of characters on each line of data ....  80


                      ------------------------------------
                         PI MULTIPLIER TABLE DIMENSIONS   
                      ------------------------------------

     Number of PI Multiplier tables .......................   0
     Maximum number of entries per PI Multiplier table ....   0


                      ----------------------------
                         SCALE TABLE DIMENSIONS   
                      ----------------------------

     Number of Scale Deposition tables ....................   2
     Maximum number of entries per Scale Deposition table .   4
     Number of Scale Damage tables ........................   3
     Maximum number of entries per Scale Damage table .....   5
     Number of Scale Erosion tables .......................   0
     Maximum number of entries per Scale Erosion table ....   1





 @--MESSAGE  AT TIME        0.0   DAYS    ( 1-JAN-1986):
 @           CHECKING FOR LICENSES                                           

 @--  ERROR  AT TIME        0.0   DAYS    ( 1-JAN-1986):
 @           LICENSE FAILURE: ERROR NUMBER IS -1                             

 Error summary 
 Comments               0
 Warnings               1
 Problems               0
 Errors                 2
 Bugs                   0
 Final cpu       0.00 elapsed       0.00
