


 $$$$$   $$$   $      $$$  $$$$    $$$   $$$$$     $    $$$    $$$ 
 $      $   $  $       $   $   $  $   $  $        $$   $   $  $   $
 $      $      $       $   $   $  $      $         $   $   $  $   $
 $$$$   $      $       $   $$$$    $$$   $$$$      $   $   $  $   $
 $      $      $       $   $          $  $         $   $   $  $   $
 $      $   $  $       $   $      $   $  $         $   $   $  $   $
 $$$$$   $$$   $$$$$  $$$  $       $$$   $$$$$    $$$   $$$    $$$ 



                       $$$$$   $$$   $      $$$  $$$$    $$$   $$$$$     $    $$$    $$$ 
                       $      $   $  $       $   $   $  $   $  $        $$   $   $  $   $
                       $      $      $       $   $   $  $      $         $   $   $  $   $
                       $$$$   $      $       $   $$$$    $$$   $$$$      $   $   $  $   $
                       $      $      $       $   $          $  $         $   $   $  $   $
                       $      $   $  $       $   $      $   $  $         $   $   $  $   $
                       $$$$$   $$$   $$$$$  $$$  $       $$$   $$$$$    $$$   $$$    $$$ 



                                             $$$$$   $$$   $      $$$  $$$$    $$$   $$$$$     $    $$$    $$$ 
                                             $      $   $  $       $   $   $  $   $  $        $$   $   $  $   $
                                             $      $      $       $   $   $  $      $         $   $   $  $   $
                                             $$$$   $      $       $   $$$$    $$$   $$$$      $   $   $  $   $
                                             $      $      $       $   $          $  $         $   $   $  $   $
                                             $      $   $  $       $   $      $   $  $         $   $   $  $   $
                                             $$$$$   $$$   $$$$$  $$$  $       $$$   $$$$$    $$$   $$$    $$$ 



                                                                   $$$$$   $$$   $      $$$  $$$$    $$$   $$$$$     $    $$$    $$$ 
                                                                   $      $   $  $       $   $   $  $   $  $        $$   $   $  $   $
                                                                   $      $      $       $   $   $  $      $         $   $   $  $   $
                                                                   $$$$   $      $       $   $$$$    $$$   $$$$      $   $   $  $   $
                                                                   $      $      $       $   $          $  $         $   $   $  $   $
                                                                   $      $   $  $       $   $      $   $  $         $   $   $  $   $
                                                                   $$$$$   $$$   $$$$$  $$$  $       $$$   $$$$$    $$$   $$$    $$$ 
 
 Version =  2009.1
 Arch    =  PC WINDOWS (32 bit)
Annex    | Modification date    | Update date          | baseline             
=====    | =================    | ===========          | ========             
ECLIPSE  | 27-APR-2009 16:22:47 | 27-APR-2009 19:37:10 | S:\2009.1_w18i
system   | 22-APR-2009 14:52:01 | 25-APR-2009 05:27:35 | S:\2009.1_w18
utility  | 17-FEB-2009 08:34:11 | 25-APR-2009 05:40:00 | S:\2009.1_w18
 

1

 ******** ECHO OF INPUT DATA FOR RUN SHALEGAS1T

 0: -----------------------------------------------------------------------
 0: -- SHALE GAS TEST CASE
 0: -- TIME DEPENDENT DESORPTION AND MATRIX DISCRETIZATION
 0: -- 2 components
 0: -- Grid dimensions 11x11x11
 0: -- METRIC units
 0: ------------------------------------------------------------------------
 0: RUNSPEC
 0: 
 0: TITLE
 0:          SHALE GAS TEST
 0: -- 1 layer (  1 matrix + 1 fracture + 9 subcell=11)
 0: DIMENS
 0:     11    11    11  /
 0: 
 0: DUALPORO
 0: 
 0: WATER
 0: 
 0: GAS
 0: 
 0: METRIC
 0: 
 0: -- read as SHALE
 0: COAL
 0: 
 0: COMPS
 0: 2 /
 0: 
 0: 
 0: FULLIMP
 0: 
 0: EQLDIMS
 0:     2  100    2    1   20 /
 0: 
 0: TABDIMS
 0:     2    1   40   20    1  5 /
 0: 
 0: REGDIMS
 0:     1    1    1*  1*  1*    1  /
 0: 
 0: WELLDIMS
 0:     5   13    1    2 /
 0: 
 0: START
 0:   26 'JAN' 1983  /
 0: 
 0: -- Do not multiply input permabilities in
 0: -- fractures with porosities
 0: NODPPM
 0: 
 0: -- Time dependent desorption model
 0: CBMOPTS
 0: 'TIMEDEP' /
 0: 
 0: 
 0: -- matrix + 9 subcells
 0: NMATRIX
 0: 10 /
 0: 
 0: GRID      ==============================================================
 0: 
 0: INIT
 0: 
 0: 
 0: DXV
 0:       2.5   5.0   5.0   5.0   5.0   5.294   5.0
 0:       5.0   5.0   5.0   2.5 /
 0: 
 0: DYV
 0:       2.5   5.0   5.0   5.0   5.0   5.294   5.0
 0:       5.0   5.0   5.0   2.5 /
 0: 
 0: -- copies data to the fractures
 0: --DPGRID
 0: 
 0: -- general grid data will be copied to subcells
 0: -- from matrix
 0: NMATOPTS
 0:  RADIAL 0.05 /
 0: 
 0: 
 0: EQUALS
 0: -- Matrix & Fracture grid data
 0:   'DZ'   9.0  1 11 1 11 1 2 /
 0:   'TOPS' 1253.6  /
 0: -- Fracture
 0:  'PERMX'   30.65   1  11 1 11 2 2 /
 0:  'PERMY'   30.65  /
 0:  'PERMZ'   30.65  /
 0:  'PORO'   .01     /
 0:   COALNUM  0      /
 0: --matrix
 0:  'COALNUM'   1  1  11 1  11  1  1 /
 0:  'PERMX'   3.0  /
 0:  'PERMY'   3.0  /
 0:  'PERMZ'   3.0  /
 0: -- the poro here gives the rock fraction
 0:  'PORO'    .89   / -- gives pore volume corresponding to poro 0.1
 0:   SIGMAV  0.08 1 11 1 11 1 10 /
 0:  'ROCKDEN' 1434 1 11 1 11 1 11 /
 0: /
 0: 
 0: -- COALNUM - 1 in the outer matrix grid is redefined
 0: -- so the outer matrix cell do not have any adsorption
 0: -- thereafter the next cell have some rock with adsorbed
 0: -- gas, next cell no adsorbed gas etc. The total rock with
 0: -- volume for adsorption still correspond to the rock volume of the
 0: -- matrix cell (Bulk volume - 0.1*bulk volume - 0.01 bulk volume)
 0: -- And the pore volume is distributed between the cells with zero
 0: -- coal region number
 0: COALNUMR
 0: 1   0 1 0 1 0 1 0 1 0 1  /
 0: /
 0: 
 0: PROPS     ==============================================================
 0: 
 0: -- almost instant desorption
 0: DIFFCBM
 0: 10000.0 10000.0 /
 0: /
 0: 
 0: LANGMEXT    -- coalnum 1
 0: -- Bars     SM3/kg
 0:   19.030   0.0240808     -- CO2
 0:   46.885   0.01180736 /  -- CH4
 0: /
 0: 
 0: -- Units: C
 0: RTEMP
 0: --
 0: -- Constant Reservoir Temperature
 0: --
 0:    45.0000000000001
 0: /
 0: 
 0: EOS
 0: --
 0: -- Equation of State (Reservoir EoS)
 0: --
 0:    PR3
 0: /
 0: 
 0: NCOMPS
 0: --
 0: -- Number of Components
 0: --
 0:        2
 0: /
 0: PRCORR
 0: --
 0: -- Modified Peng-Robinson EoS
 0: --
 0: CNAMES
 0: --
 0: -- Component Names
 0: --
 0:    'CO2'
 0:    'C1'
 0: /
 0: MW
 0: --
 0: -- Molecular Weights (Reservoir EoS)
 0: --
 0:          44.01
 0:         16.043
 0: /
 0: 
 0: OMEGAA
 0: --
 0: -- EoS Omega-a Coefficient (Reservoir EoS)
 0: --
 0:    0.457235529
 0:    0.457235529
 0: /
 0: 
 0: OMEGAB
 0: --
 0: -- EoS Omega-b Coefficient (Reservoir EoS)
 0: --
 0:    0.077796074
 0:    0.077796074
 0: /
 0: 
 0: -- Units: K
 0: TCRIT
 0: --
 0: -- Critical Temperatures (Reservoir EoS)
 0: --
 0:          304.7
 0:          190.6
 0: /
 0: 
 0: -- Units: bar
 0: PCRIT
 0: --
 0: -- Critical Pressures (Reservoir EoS)
 0: --
 0:      73.865925
 0:       46.04208
 0: /
 0: 
 0: -- Units: m3 /kg-mole
 0: VCRIT
 0: --
 0: -- Critical Volumes (Reservoir EoS)
 0: --
 0:          0.094
 0:          0.098
 0: /
 0: 
 0: ZCRIT
 0: --
 0: -- Critical Z-Factors (Reservoir EoS)
 0: --
 0:    0.274077797373227
 0:    0.284729476628582
 0: /
 0: 
 0: SSHIFT
 0: --
 0: -- EoS Volume Shift (Reservoir EoS)
 0: --
 0:    -0.0427303367439383
 0:    -0.144265618878948
 0: /
 0: 
 0: ACF
 0: --
 0: -- Acentric Factors (Reservoir EoS)
 0: --
 0:          0.225
 0:          0.013
 0: /
 0: 
 0: BIC
 0: --
 0: -- Binary Interaction Coefficients (Reservoir EoS)
 0: --
 0:      0.1
 0: /
 0: 
 0: PARACHOR
 0: --
 0: -- Component Parachors
 0: --
 0:             78
 0:             77
 0: /
 0: 
 0: -- Units: m3 /kg-mole
 0: VCRITVIS
 0: --
 0: -- Critical Volumes for Viscosity Calc (Reservoir EoS)
 0: --
 0:          0.094
 0:          0.098
 0: /
 0: 
 0: ZCRITVIS
 0: --
 0: -- Critical Z-Factors for Viscosity Calculation (Reservoir EoS)
 0: --
 0:    0.274077797373227
 0:    0.284729476628582
 0: /
 0: 
 0: LBCCOEF
 0: --
 0: -- Lorentz-Bray-Clark Viscosity Correlation Coefficients
 0: --
 0:     0.1023 0.023364 0.058533 -0.040758 0.0093324
 0: /
 0: 
 0: SWFN
 0: -- No water flow in matrix
 0: 0.00  0.0   0.0
 0: 1.00  0.0   0.0 /
 0: -- fracture
 0: 0.00  0.000   0.0
 0: 0.05  0.0006  0.0
 0: 0.10  0.0013  0.0
 0: 0.15  0.002   0.0
 0: 0.20  0.007   0.0
 0: 0.25  0.015   0.0
 0: 0.30  0.024   0.0
 0: 0.35  0.035   0.0
 0: 0.40  0.049   0.0
 0: 0.45  0.067   0.0
 0: 0.50  0.088   0.0
 0: 0.55  0.116   0.0
 0: 0.60  0.154   0.0
 0: 0.65  0.200   0.0
 0: 0.70  0.251   0.0
 0: 0.75  0.312   0.0
 0: 0.80  0.392   0.0
 0: 0.85  0.490   0.0
 0: 0.90  0.601   0.0
 0: 0.95  0.731   0.0
 0: 0.975 0.814   0.0
 0: 1.00  1.00    0.0
 0: /
 0: 
 0: SGFN
 0: -- matrix
 0: 0.00  0.000   0.0
 0: 0.025 0.0035  0.0
 0: 0.05  0.007   0.0
 0: 0.10  0.018   0.0
 0: 0.15  0.033   0.0
 0: 0.20  0.051   0.0
 0: 0.25  0.070   0.0
 0: 0.30  0.090   0.0
 0: 0.35  0.118   0.0
 0: 0.40  0.147   0.0
 0: 0.45  0.180   0.0
 0: 0.50  0.216   0.0
 0: 0.55  0.253   0.0
 0: 0.60  0.295   0.0
 0: 0.65  0.342   0.0
 0: 0.70  0.401   0.0
 0: 0.75  0.466   0.0
 0: 0.80  0.537   0.0
 0: 0.85  0.627   0.0
 0: 0.90  0.720   0.0
 0: 0.95  0.835   0.0
 0: 1.00  1.000   0.0
 0: /
 0: --fracture
 0: 0.00  0.000   0.0
 0: 0.025 0.0035  0.0
 0: 0.05  0.007   0.0
 0: 0.10  0.018   0.0
 0: 0.15  0.033   0.0
 0: 0.20  0.051   0.0
 0: 0.25  0.070   0.0
 0: 0.30  0.090   0.0
 0: 0.35  0.118   0.0
 0: 0.40  0.147   0.0
 0: 0.45  0.180   0.0
 0: 0.50  0.216   0.0
 0: 0.55  0.253   0.0
 0: 0.60  0.295   0.0
 0: 0.65  0.342   0.0
 0: 0.70  0.401   0.0
 0: 0.75  0.466   0.0
 0: 0.80  0.537   0.0
 0: 0.85  0.627   0.0
 0: 0.90  0.720   0.0
 0: 0.95  0.835   0.0
 0: 1.00  1.000   0.0
 0: /
 0: 
 0: -- Dummy SOF3 relperm
 0: ---so  krow   krog
 0: SOF3
 0: -- matrix
 0:   0.0   0.0   0.0 /
 0: -- fractures
 0:   0.0   0.0   0.0   /
 0: 
 0: -- Make sure gas is gas....
 0: FACTLI
 0:  0.05 0.05  /
 0: 
 0: 
 0: PVTW
 0: -- Pressure (bar)     Bw        Cw          Ug      du/dp
 0:     1.034           1.00370    5.8E-5    .60700    0.00E+00 /
 0: 
 0: ROCK
 0:  1.01325  1.45E-05 /
 0: 
 0: GRAVITY
 0:     40.0000             0.99000           0.678 /
 0: 
 0: -- Initial composition all methane
 0: ZI
 0:  0.0 1.0 /
 0: 
 0: 
 0: REGIONS
 0: 
 0: SATNUM
 0: 121*1    -- outer matrix
 0: 121*2    -- fracture
 0: 1089*1 / -- matrix sub cells
 0: 
 0: EQLNUM
 0:  121*1
 0:  121*2
 0: 1089*1 /
 0: 
 0: SOLUTION   =============================================================
 0: 
 0: 
 0: --- depth press   oil-water   pcow    gas-oil  pcgo  black  N  type
 0: EQUIL
 0:  1255    100.0   1262.6     0     1262.6    0     2*    1*   1  / --all gas
 0:  1255    100.0   1253.6     0     1253.6  0     2*    1*   1    / --all water
 0: 
 0: 
 0: RPTRST
 0: 'BASIC=2' SWAT SGAS  YMF /
 0: 
 0: SUMMARY    ==========================================================
 0: 
 0: ALL
 0: 
 0: RUNSUM
 0: 
 0: FPR
 0: 
 0: FGIP
 0: 
 0: PERFORMA
 0: 
 0: -- CO2 production rate
 0: FCWGPR
 0: 1 /
 0: 
 0: -- Methan production rate
 0: FCWGPR
 0: 2 /
 0: 
 0: FCWGPT
 0: 1 /
 0: 
 0: FCWGPT
 0: 2 /
 0: 
 0: -- gas phase mole fraction in producer
 0: WYMF
 0: 'P' 1 /
 0: 'P' 2 /
 0: /
 0: 
 0: WBHP
 0: P /
 0: 
 0: WBHP
 0: I /
 0: 
 0: 
 0: RPTONLY
 0: SCHEDULE   ===========================================================
 0: 
 0: RPTSCHED
 0:  PRES SWAT SGAS YMF MLSC /
 0: 

 @--WARNING  AT TIME        0.0   DAYS    ( 1-JAN-   0):
 @           UNRECOGNISED MNEMONIC YMF              IN DATA                  
 @           FOR KEYWORD RPTSCHED IS IGNORED                                 

 @--WARNING  AT TIME        0.0   DAYS    ( 1-JAN-   0):
 @           UNRECOGNISED MNEMONIC MLSC             IN DATA                  
 @           FOR KEYWORD RPTSCHED IS IGNORED                                 
 0: TUNING
 0: -- TSINIT   TSMAXZ  TSMINZ  TSMCHP  TSFMAX  TSFMIN
 0:    0.0001     60.0     0.01   .015     2.0    0.10  / (record 1
 0:                                               / (record 2 - use all defaults)
 0: -- NEWTMX   NEWTMN  LITMAX
 0:     30       1*     30         / (record 3 - increase max linear iterations)
 0: 
 0: WELSPECS
 0: 'P'  'G'   11  11  1253.6  'GAS'  0 'STD' 'SHUT' 'NO'  /
 0: 'I'  'G'   1   1   1253.6  'GAS'  0 'STD' 'SHUT' 'NO'  /
 0: /
 0: 
 0: TSTEP
 0: 365 /
 0: 
 0: COMPDAT
 0: -- Change skin factor to history match:          skin
 0: 'P'   11  11 2 2   'OPEN'   0  0  0.073  0   0.0  0 'Z' 0 /
 0: 'I'   1   1  2 2   'OPEN'   0  0  0.073  0   0.0  0 'Z' 0 /
 0: /
 0: 
 0: WPIMULT
 0: -- Multiplies well connection factors by a given value
 0: -- (since the wells are on the corners)
 0: 'I'   0.25 /
 0: 'P'   0.25 /
 0: /
 0: 
 0: -- Inject Co2
 0: WELLSTRE
 0:  'CO2' 1.0  0.0 /
 0: /
 0: 
 0: WINJGAS
 0:  'I' STREAM 'CO2' /
 0: /
 0: 
 0: -- Production
 0: WCONPROD
 0: 'P' 'OPEN' 'BHP'  1E20   1E20 25000 1E20  1E20  50  0    0 0 /
 0: /
 0: ------ Inject CO2
 0: 
 0: WCONINJE
 0:  'I' 'GAS' 'OPEN' 'RATE' 7079.2 1* 150.0 /
 0: /
 0: 
 0: --primary production for one years
 0: 
 0: TSTEP
 0: 1*365 /
 0: 
 0: 
 0: 
 0: WELOPEN
 0:  P   SHUT /
 0:  I   SHUT /
 0: /
 0: 
 0: TSTEP
 0: 2*365 /
 0: 
 0: WCONINJE
 0:  'I' 'GAS' 'OPEN' 'RATE' 7079.2 1* 150.0 /
 0: /
 0: TSTEP
 0: 1*365 /
 0: 
 0: END

 ******** END OF INPUT DATA FOR RUN SHALEGAS1T
     1 READING RUNSPEC 
     2 READING TITLE   
     3 READING DIMENS  
     4 READING DUALPORO
     5 READING WATER   
     6 READING GAS     
     7 READING METRIC  
     8 READING COAL    
     9 READING COMPS   

 @--MESSAGE  AT TIME        0.0   DAYS    ( 1-JAN-   0):
 @           CHECKING FOR LICENSES                                           

 @--  ERROR  AT TIME        0.0   DAYS    ( 1-JAN-   0):
 @           UNRECOGNISED KEYWORD COMPS    IN RUNSPEC DATA                   

 @--WARNING  AT TIME        0.0   DAYS    ( 1-JAN-   0):
 @           SPURIOUS DATA BEFORE FULLIMP  KEYWORD                           
 @           2 /                                                             
    10 READING FULLIMP 
    11 READING EQLDIMS 
    12 READING TABDIMS 
    13 READING REGDIMS 

 @--WARNING  AT TIME        0.0   DAYS    ( 1-JAN-   0):
 @           ITEM 6 OF REGDIMS IS NOT AVAILABLE IN                           
 @           E100 RUNS.                                                      
    14 READING WELLDIMS
    15 READING START   
    16 READING NODPPM  
    17 READING CBMOPTS 

 @--  ERROR  AT TIME        0.0   DAYS    (26-JAN-1983):
 @           UNRECOGNISED KEYWORD CBMOPTS  IN RUNSPEC DATA                   

 @--WARNING  AT TIME        0.0   DAYS    (26-JAN-1983):
 @           SPURIOUS DATA BEFORE NMATRIX  KEYWORD                           
 @           'TIMEDEP' /                                                     
    18 READING NMATRIX 
    19 READING GRID    

 @--MESSAGE  AT TIME        0.0   DAYS    (26-JAN-1983):
 @           CHECKING FOR LICENSES                                           

 @--MESSAGE  AT TIME        0.0   DAYS    (26-JAN-1983):
 @           THE MEMORY REQUIRED TO PROCESS THE GRID SECTION IS              
 @                 1202 KBYTES                                               
    20 READING INIT    
    21 READING DXV     
    22 READING DYV     
    23 READING NMATOPTS
    24 READING EQUALS  

 @--  ERROR  AT TIME        0.0   DAYS    (26-JAN-1983):
 @           INVALID GRID ARRAY NAME COALNUM                                 
 @           ON RECORD    7 FOLLOWING EQUALS   KEYWORD                       

 @--  ERROR  AT TIME        0.0   DAYS    (26-JAN-1983):
 @           INVALID GRID ARRAY NAME COALNUM                                 
 @           ON RECORD    8 FOLLOWING EQUALS   KEYWORD                       

 @--  ERROR  AT TIME        0.0   DAYS    (26-JAN-1983):
 @           INVALID GRID ARRAY NAME ROCKDEN                                 
 @           ON RECORD   14 FOLLOWING EQUALS   KEYWORD                       
    25 READING COALNUMR

 @--  ERROR  AT TIME        0.0   DAYS    (26-JAN-1983):
 @           UNRECOGNISED KEYWORD COALNUMR IN GRID DATA                      

 @--WARNING  AT TIME        0.0   DAYS    (26-JAN-1983):
 @           SPURIOUS DATA BEFORE PROPS    KEYWORD                           
 @           1   0 1 0 1 0 1 0 1 0 1  /                                      
 @           /                                                               
    26 READING PROPS   

 @--WARNING  AT TIME        0.0   DAYS    (26-JAN-1983):
 @           PLEASE RE-CHECK TOPS DATA SPECIFIED.  THE FIRST                 
 @           AND SECOND LAYERS HAVE SAME TOPS VALUE                          

 @--MESSAGE  AT TIME        0.0   DAYS    (26-JAN-1983):
 @           UNSPECIFIED DZ VALUES COPIED FROM LAYER ABOVE                   

 @--MESSAGE  AT TIME        0.0   DAYS    (26-JAN-1983):
 @           UNSPECIFIED PERMX VALUES COPIED FROM LAYER ABOVE                

 @--MESSAGE  AT TIME        0.0   DAYS    (26-JAN-1983):
 @           UNSPECIFIED PERMY VALUES COPIED FROM LAYER ABOVE                

 @--MESSAGE  AT TIME        0.0   DAYS    (26-JAN-1983):
 @           UNSPECIFIED PERMZ VALUES COPIED FROM LAYER ABOVE                

 @--MESSAGE  AT TIME        0.0   DAYS    (26-JAN-1983):
 @           UNSPECIFIED PORO VALUES COPIED FROM LAYER ABOVE                 

 @--MESSAGE  AT TIME        0.0   DAYS    (26-JAN-1983):
 @           UNSPECIFIED TOPS VALUES OBTAINED BY ADDING DZ                   
 @           TO TOPS VALUE FOR LAYER ABOVE                                   

 @--MESSAGE  AT TIME        0.0   DAYS    (26-JAN-1983):
 @           NEITHER OLDTRAN,OLDTRANR NOR NEWTRAN SPECIFIED                  
 @           BLOCK CENTRE TRANSMISSIBILITIES TO BE CALCULATED                
 @           USING  OLDTRAN                                                  

 @--  ERROR  AT TIME        0.0   DAYS    (26-JAN-1983):
 @           NUMBER OF CELLS IN THE Z-DIRECTION (NDIVIZ)                     
 @           MUST BE EVEN FOR A DUAL POROSITY RUN                            

 @--COMMENT  AT TIME        0.0   DAYS    (26-JAN-1983):
 @           NO NON-NEIGHBOUR CONNECTIONS FOUND                              

 @--COMMENT  AT TIME        0.0   DAYS    (26-JAN-1983):
 @           605 DUAL POROSITY CONNECTIONS FOUND                             

 @--    BUG  AT TIME        0.0   DAYS    (26-JAN-1983):
 @           YWGRID HAS MISCOUNTED ACTIVE CELLS                              

 @--    BUG  AT TIME        0.0   DAYS    (26-JAN-1983):
 @           YWGRID HAS MISCOUNTED ACTIVE CELLS                              

 @--ERROR  RUN STOPPED BECAUSE NUMBER OF     BUGS
 @         EXCEEDS MAXIMUM PERMITTED VALUE (     1).
 @         SEE MESSAGES KEYWORD.

 Error summary 
 Comments               2
 Warnings               5
 Problems               0
 Errors                 8
 Bugs                   2
 Final cpu       0.00 elapsed       0.00
