


 $$$$$   $$$   $      $$$  $$$$    $$$   $$$$$     $    $$$    $$$ 
 $      $   $  $       $   $   $  $   $  $        $$   $   $  $   $
 $      $      $       $   $   $  $      $         $   $   $  $   $
 $$$$   $      $       $   $$$$    $$$   $$$$      $   $   $  $   $
 $      $      $       $   $          $  $         $   $   $  $   $
 $      $   $  $       $   $      $   $  $         $   $   $  $   $
 $$$$$   $$$   $$$$$  $$$  $       $$$   $$$$$    $$$   $$$    $$$ 



                       $$$$$   $$$   $      $$$  $$$$    $$$   $$$$$     $    $$$    $$$ 
                       $      $   $  $       $   $   $  $   $  $        $$   $   $  $   $
                       $      $      $       $   $   $  $      $         $   $   $  $   $
                       $$$$   $      $       $   $$$$    $$$   $$$$      $   $   $  $   $
                       $      $      $       $   $          $  $         $   $   $  $   $
                       $      $   $  $       $   $      $   $  $         $   $   $  $   $
                       $$$$$   $$$   $$$$$  $$$  $       $$$   $$$$$    $$$   $$$    $$$ 



                                             $$$$$   $$$   $      $$$  $$$$    $$$   $$$$$     $    $$$    $$$ 
                                             $      $   $  $       $   $   $  $   $  $        $$   $   $  $   $
                                             $      $      $       $   $   $  $      $         $   $   $  $   $
                                             $$$$   $      $       $   $$$$    $$$   $$$$      $   $   $  $   $
                                             $      $      $       $   $          $  $         $   $   $  $   $
                                             $      $   $  $       $   $      $   $  $         $   $   $  $   $
                                             $$$$$   $$$   $$$$$  $$$  $       $$$   $$$$$    $$$   $$$    $$$ 



                                                                   $$$$$   $$$   $      $$$  $$$$    $$$   $$$$$     $    $$$    $$$ 
                                                                   $      $   $  $       $   $   $  $   $  $        $$   $   $  $   $
                                                                   $      $      $       $   $   $  $      $         $   $   $  $   $
                                                                   $$$$   $      $       $   $$$$    $$$   $$$$      $   $   $  $   $
                                                                   $      $      $       $   $          $  $         $   $   $  $   $
                                                                   $      $   $  $       $   $      $   $  $         $   $   $  $   $
                                                                   $$$$$   $$$   $$$$$  $$$  $       $$$   $$$$$    $$$   $$$    $$$ 
 
 Version =  2009.1
 Arch    =  PC WINDOWS (32 bit)
Annex    | Modification date    | Update date          | baseline             
=====    | =================    | ===========          | ========             
ECLIPSE  | 27-APR-2009 16:22:47 | 27-APR-2009 19:37:10 | S:\2009.1_w18i
system   | 22-APR-2009 14:52:01 | 25-APR-2009 05:27:35 | S:\2009.1_w18
utility  | 17-FEB-2009 08:34:11 | 25-APR-2009 05:40:00 | S:\2009.1_w18
 

1

 ******** ECHO OF INPUT DATA FOR RUN SKIP300

 0: -- THIS IS A SIMPLE 5 BY 5 QUARTER FIVE SPOT
 0: --
 0: -- Keyword MULTOUTS to request multiple summary file output
 0: -- Keyword OPERATE to perform operations on arrays
 0: -- Keyword SKIP300 to skip subsequent keywords
 0: -- Keyword ENDSKIP to end skipping keywords
 0: 
 0: RUNSPEC
 0: TITLE
 0:  THIS LINE IS A RUN TITLE
 0: 
 0: DIMENS
 0:     5    5    1  /
 0: 
 0: OIL
 0: 
 0: WATER
 0: 
 0: FIELD
 0: 
 0: TABDIMS
 0:     1    1   20    2    1   20 /
 0: 
 0: WELLDIMS
 0:     2    1    1    2 /
 0: 
 0: START
 0:    1 'JAN' 1983  /
 0: 
 0: NSTACK
 0:     8 /
 0: 
 0: FMTOUT
 0: 
 0: FMTIN
 0: 
 0: UNIFOUT
 0: 
 0: MULTOUTS
 0: 
 0: GRID      ==============================================================
 0: DEBUG
 0: 
 0: DXV
 0:    5*75.0 /
 0: 
 0: PERMX
 0:   25*50.0 /
 0: 
 0: PERMY
 0:   25*50.0 /
 0: 
 0: DYV
 0:    5*75.0 /
 0: 
 0: DZ
 0:   25*30.0 /
 0: 
 0: TOPS
 0:   25*4000.0 /
 0: 
 0: PERMY
 0:   25*50.0 /
 0: 
 0: PORO
 0:   25*0.2 /
 0: 
 0: OPERATE
 0: PORO 1  3  1  3  1  1  MULTA  PORO  1  -0.1 /
 0: /
 0: 
 0: RPTGRID
 0: PORO /
 0: /
 0: 
 0: DEBUG
 0: 
 0: PROPS     ==============================================================
 0: 
 0: SWFN
 0:     .25    .0    4.0
 0:     .7    1.0     .0
 0: /
 0: 
 0: SOF2       1 TABLES   20 NODES IN EACH           FIELD   13:34  5 MAY 85
 0:     .3000  .0000
 0:     .7500 1.0000
 0: /
 0: 
 0: PVTW
 0:   .0  1.0  3.03E-06  .5  0.0 /
 0: 
 0: PVDO
 0:   .0     1.0     2.0
 0:  8000.0   .92    2.0
 0: /
 0: 
 0: ROCK
 0:  4000.0         .30E-05 /
 0: 
 0: DENSITY
 0:  52.0000  64.0000   .04400 /
 0: 
 0: RPTPROPS
 0:      /
 0: 
 0: REGIONS    =============================================================
 0: 
 0: SATNUM
 0:  25*1 /
 0: 
 0: SOLUTION   =============================================================
 0: 
 0: EQUIL
 0: 4000  4000  6000  0   0   0   0   0   0  /
 0: 
 0: RPTSOL
 0: -- Initialisation Print Output
 0: --
 0: 'PRES' 'SWAT' /
 0: 
 0: SUMMARY    ===========================================================
 0: 
 0: BPR
 0: 1 1 1
 0: /
 0: 
 0: FOPR
 0: FWIR
 0: 
 0: WBHP
 0: /
 0: 
 0: FWCT
 0: 
 0: FPR
 0: 
 0: RUNSUM
 0: 
 0: RPTONLY
 0: SCHEDULE   ===========================================================
 0: 
 0: RPTSCHED                                         FIELD   16:55 18 APR 86
 0:    'PRES' 'SWAT' /
 0: 
 0: WELSPECS
 0: 'I'  'G'   1  1  4000  'WAT'  /
 0: 'P'  'G'   5  5  4000  'OIL'  /
 0: /
 0: 
 0: COMPDAT
 0: 'I       '   1   1   1   1 'OPEN'   0  .0   1.0 /
 0: 'P       '   5   5   1   1 'OPEN'   0  .0   1.0 /
 0: /
 0: 
 0: WCONPROD
 0: 'P' 'OPEN' 'BHP' 5* 3999.0 /
 0: /
 0: 
 0: SKIP300
 0: 
 0: WCONINJE
 0: 'I' 'WAT' 'OPEN' 'RATE' 200.0 /
 0: /
 0: 
 0: ENDSKIP
 0: 
 0: WCONINJE
 0: 'I' 'WAT' 'OPEN' 'RATE' 100.0 /
 0: /
 0: 
 0: TSTEP
 0:  4*200
 0: /
 0: 
 0: END

 ******** END OF INPUT DATA FOR RUN SKIP300
     1 READING RUNSPEC 
     2 READING TITLE   
     3 READING DIMENS  
     4 READING OIL     
     5 READING WATER   
     6 READING FIELD   
     7 READING TABDIMS 
     8 READING WELLDIMS
     9 READING START   
    10 READING NSTACK  
    11 READING FMTOUT  
    12 READING FMTIN   
    13 READING UNIFOUT 
    14 READING MULTOUTS
    15 READING GRID    

 @--MESSAGE  AT TIME        0.0   DAYS    ( 1-JAN-1983):
 @           CHECKING FOR LICENSES                                           

 @--  ERROR  AT TIME        0.0   DAYS    ( 1-JAN-1983):
 @           LICENSE FAILURE: ERROR NUMBER IS -1                             

 Error summary 
 Comments               0
 Warnings               0
 Problems               0
 Errors                 1
 Bugs                   0
 Final cpu       0.12 elapsed       1.00
