


 $$$$$   $$$   $      $$$  $$$$    $$$   $$$$$     $    $$$    $$$ 
 $      $   $  $       $   $   $  $   $  $        $$   $   $  $   $
 $      $      $       $   $   $  $      $         $   $   $  $   $
 $$$$   $      $       $   $$$$    $$$   $$$$      $   $   $  $   $
 $      $      $       $   $          $  $         $   $   $  $   $
 $      $   $  $       $   $      $   $  $         $   $   $  $   $
 $$$$$   $$$   $$$$$  $$$  $       $$$   $$$$$    $$$   $$$    $$$ 



                       $$$$$   $$$   $      $$$  $$$$    $$$   $$$$$     $    $$$    $$$ 
                       $      $   $  $       $   $   $  $   $  $        $$   $   $  $   $
                       $      $      $       $   $   $  $      $         $   $   $  $   $
                       $$$$   $      $       $   $$$$    $$$   $$$$      $   $   $  $   $
                       $      $      $       $   $          $  $         $   $   $  $   $
                       $      $   $  $       $   $      $   $  $         $   $   $  $   $
                       $$$$$   $$$   $$$$$  $$$  $       $$$   $$$$$    $$$   $$$    $$$ 



                                             $$$$$   $$$   $      $$$  $$$$    $$$   $$$$$     $    $$$    $$$ 
                                             $      $   $  $       $   $   $  $   $  $        $$   $   $  $   $
                                             $      $      $       $   $   $  $      $         $   $   $  $   $
                                             $$$$   $      $       $   $$$$    $$$   $$$$      $   $   $  $   $
                                             $      $      $       $   $          $  $         $   $   $  $   $
                                             $      $   $  $       $   $      $   $  $         $   $   $  $   $
                                             $$$$$   $$$   $$$$$  $$$  $       $$$   $$$$$    $$$   $$$    $$$ 



                                                                   $$$$$   $$$   $      $$$  $$$$    $$$   $$$$$     $    $$$    $$$ 
                                                                   $      $   $  $       $   $   $  $   $  $        $$   $   $  $   $
                                                                   $      $      $       $   $   $  $      $         $   $   $  $   $
                                                                   $$$$   $      $       $   $$$$    $$$   $$$$      $   $   $  $   $
                                                                   $      $      $       $   $          $  $         $   $   $  $   $
                                                                   $      $   $  $       $   $      $   $  $         $   $   $  $   $
                                                                   $$$$$   $$$   $$$$$  $$$  $       $$$   $$$$$    $$$   $$$    $$$ 
 
 Version =  2009.1
 Arch    =  PC WINDOWS (32 bit)
Annex    | Modification date    | Update date          | baseline             
=====    | =================    | ===========          | ========             
ECLIPSE  | 27-APR-2009 16:22:47 | 27-APR-2009 19:37:10 | S:\2009.1_w18i
system   | 22-APR-2009 14:52:01 | 25-APR-2009 05:27:35 | S:\2009.1_w18
utility  | 17-FEB-2009 08:34:11 | 25-APR-2009 05:40:00 | S:\2009.1_w18
 

1

 ******** ECHO OF INPUT DATA FOR RUN SPE1_COMPKRIL

 0: -- SPE 9723
 0: -- "Comparison of Solutions to a Three-Dimensional Black-Oil Reservoir Simulation Problem"
 0: -- Aziz S. Odeh
 0: --
 0: -- Eclipse 100 is also available
 0: -- Keyword RPTGRIDL to control the output of local grid properties to the PRT file
 0: -- Keyword COMPKRIL to set relative permeabilities for injector completions in LGRs
 0: -- Keyword COMPAGHL to set completion gravity head in LGRs
 0: -- Keyword COMPMBIL to set voidage mobility for injector completions in LGRs
 0: RUNSPEC
 0: TITLE
 0:    ODEH PROBLEM - IMPLICIT OPTION
 0: 
 0: START
 0:  19 'OCT' 1982 /
 0: 
 0: FIELD
 0: 
 0: FMTIN
 0: 
 0: FMTOUT
 0: 
 0: GAS
 0: 
 0: OIL
 0: 
 0: WATER
 0: 
 0: DISGAS
 0: 
 0: --UNIFOUTS
 0: 
 0: NSTACK
 0:  35 /
 0: 
 0: MONITOR
 0: 
 0: NUPCOL
 0:  4 /
 0: 
 0: RSSPEC
 0: 
 0: LGR
 0:  1 400 0 0 0 10 'NOINTERP' 0 /
 0: 
 0: DIMENS
 0:  10 10 3 /
 0: 
 0: EQLDIMS
 0:  1 100 10 1 1 /
 0: 
 0: REGDIMS
 0:  1 1 0 0 /
 0: 
 0: TABDIMS
 0:  1 1 16 20 1 20 20 1 /
 0: 
 0: WELLDIMS
 0:  3 5 2 3 /
 0: 
 0: --UNIFOUT
 0: 
 0: GRID    ================================================================
 0: 
 0: GRIDFILE
 0:  2 /
 0: 
 0: -------- IN THIS SECTION , THE GEOMETRY OF THE  SIMULATION GRID AND THE
 0: -------- ROCK PERMEABILITIES AND POROSITIES ARE DEFINED.
 0: ------------------------------------------------------------------------
 0: --  THE X AND Y DIRECTION CELL SIZES ( DX, DY ) AND THE POROSITIES ARE
 0: --  CONSTANT THROUGHOUT THE GRID. THESE ARE SET IN THE FIRST 3 LINES
 0: --  AFTER THE EQUALS KEYWORD. THE CELL THICKNESSES ( DZ ) AND
 0: --  PERMEABILITES ARE THEN SET FOR EACH  LAYER. THE CELL TOP DEPTHS
 0: --  ( TOPS ) ARE NEEDED ONLY IN THE TOP LAYER ( THOUGH THEY COULD BE.
 0: --  SET THROUGHOUT THE GRID ). THE SPECIFIED MULTZ VALUES ACT AS
 0: --  MULTIPLIERS ON THE TRANSMISSIBILITIES BETWEEN THE CURRENT LAYER
 0: --  AND THE LAYER BELOW.
 0: --     ARRAY  VALUE     ------- BOX ------
 0: EQUALS
 0:       'DX'    1000              /
 0:       'DY'    1000              /
 0:       'PORO'  0.3               /
 0: 
 0:       'TOPS'  8325     4*  1  1 /
 0: 
 0:       'DZ'    20       4*  1  1 /
 0:       'PERMX' 500      4*  1  1 /
 0: 
 0:       'DZ'    30       4*  2  2 /
 0:       'PERMX' 50       4*  2  2 /
 0: 
 0:       'DZ'    50       4*  3  3 /
 0:       'PERMX' 200      4*  3  3 /
 0: /
 0: 
 0: -- THE Y AND Z DIRECTION PERMEABILITIES ARE COPIED FROM PERMX
 0: --    SOURCE  DESTINATION  ------- BOX ------
 0: COPY
 0:       'PERMX'    'PERMY'   /
 0:       'PERMX'    'PERMZ'   /
 0: /
 0: 
 0: RPTGRID
 0: 
 0: RPTGRIDL
 0: 1  1  1  1  1  1  1  1  1  1  1  1  1  1  1 /
 0: 
 0: CARFIN
 0: A 2 2 2 2 1 1 4 4 4 /
 0: 
 0: ENDFIN
 0: 
 0: PROPS    ===============================================================
 0: -------- THE PROPS SECTION DEFINES THE REL. PERMEABILITIES, CAPILLARY
 0: -------- PRESSURES, AND THE PVT PROPERTIES OF THE RESERVOIR FLUIDS
 0: ----------------------------------------------------------------------
 0: -- WATER RELATIVE PERMEABILITY AND CAPILLARY PRESSURE ARE TABULATED AS
 0: -- A FUNCTION OF WATER SATURATION.
 0: --
 0: --  SWAT   KRW   PCOW
 0: SWFN
 0: 
 0:     0.12  0       0
 0:     1.0   0.00001 0  /
 0: 
 0: -- SIMILARLY FOR GAS
 0: --
 0: --  SGAS   KRG   PCOG
 0: SGFN
 0: 
 0:     0     0       0
 0:     0.02  0       0
 0:     0.05  0.005   0
 0:     0.12  0.025   0
 0:     0.2   0.075   0
 0:     0.25  0.125   0
 0:     0.3   0.19    0
 0:     0.4   0.41    0
 0:     0.45  0.6     0
 0:     0.5   0.72    0
 0:     0.6   0.87    0
 0:     0.7   0.94    0
 0:     0.85  0.98    0
 0:     1.0   1.0     0
 0: /
 0: 
 0: -- OIL RELATIVE PERMEABILITY IS TABULATED AGAINST OIL SATURATION
 0: -- FOR OIL-WATER AND OIL-GAS-CONNATE WATER CASES
 0: --
 0: --  SOIL     KROW     KROG
 0: SOF3
 0: 
 0:     0        0        0
 0:     0.18     0        0
 0:     0.28     0.0001   0.0001
 0:     0.38     0.001    0.001
 0:     0.43     0.01     0.01
 0:     0.48     0.021    0.021
 0:     0.58     0.09     0.09
 0:     0.63     0.2      0.2
 0:     0.68     0.35     0.35
 0:     0.76     0.7      0.7
 0:     0.83     0.98     0.98
 0:     0.86     0.997    0.997
 0:     0.879    1        1
 0:     0.88     1        1    /
 0: 
 0: -- PVT PROPERTIES OF WATER
 0: --
 0: --    REF. PRES. REF. FVF  COMPRESSIBILITY  REF VISCOSITY  VISCOSIBILITY
 0: PVTW
 0:        4014.7     1.029        3.13D-6           0.31            0 /
 0: 
 0: -- ROCK COMPRESSIBILITY
 0: --
 0: --    REF. PRES   COMPRESSIBILITY
 0: ROCK
 0:         14.7          3.0D-6          /
 0: 
 0: -- SURFACE DENSITIES OF RESERVOIR FLUIDS
 0: --
 0: --        OIL   WATER   GAS
 0: DENSITY
 0:          49.1   64.79  0.06054  /
 0: 
 0: -- PVT PROPERTIES OF DRY GAS (NO VAPOURISED OIL)
 0: -- WE WOULD USE PVTG TO SPECIFY THE PROPERTIES OF WET GAS
 0: --
 0: --   PGAS   BGAS   VISGAS
 0: PVDG
 0:      14.7 166.666   0.008
 0:     264.7  12.093   0.0096
 0:     514.7   6.274   0.0112
 0:    1014.7   3.197   0.014
 0:    2014.7   1.614   0.0189
 0:    2514.7   1.294   0.0208
 0:    3014.7   1.080   0.0228
 0:    4014.7   0.811   0.0268
 0:    5014.7   0.649   0.0309
 0:    9014.7   0.386   0.047   /
 0: 
 0: -- PVT PROPERTIES OF LIVE OIL (WITH DISSOLVED GAS)
 0: -- WE WOULD USE PVDO TO SPECIFY THE PROPERTIES OF DEAD OIL
 0: --
 0: -- FOR EACH VALUE OF RS THE SATURATION PRESSURE, FVF AND VISCOSITY
 0: -- ARE SPECIFIED. FOR RS=1.27 AND 1.618, THE FVF AND VISCOSITY OF
 0: -- UNDERSATURATED OIL ARE DEFINED AS A FUNCTION OF PRESSURE. DATA
 0: -- FOR UNDERSATURATED OIL MAY BE SUPPLIED FOR ANY RS, BUT MUST BE
 0: -- SUPPLIED FOR THE HIGHEST RS (1.618).
 0: --
 0: --   RS      POIL  FVFO  VISO
 0: PVTO
 0:     0.001    14.7 1.062  1.04    /
 0:     0.0905  264.7 1.15   0.975   /
 0:     0.18    514.7 1.207  0.91    /
 0:     0.371  1014.7 1.295  0.83    /
 0:     0.636  2014.7 1.435  0.695   /
 0:     0.775  2514.7 1.5    0.641   /
 0:     0.93   3014.7 1.565  0.594   /
 0:     1.270  4014.7 1.695  0.51
 0:            5014.7 1.671  0.549
 0:            9014.7 1.579  0.74    /
 0:     1.618  5014.7 1.827  0.449
 0:            9014.7 1.726  0.605   /
 0: /
 0: 
 0: -- OUTPUT CONTROLS FOR PROPS DATA
 0: -- ACTIVATED FOR SOF3, SWFN, SGFN, PVTW, PVDG, DENSITY AND ROCK KEYWORDS
 0: RPTPROPS
 0: 1  1  1  0  1  1  1  1  /
 0: 
 0: SOLUTION ===============================================================
 0: -------- THE SOLUTION SECTION DEFINES THE INITIAL STATE OF THE SOLUTION
 0: -------- VARIABLES (PHASE PRESSURES, SATURATIONS AND GAS-OIL RATIOS)
 0: ------------------------------------------------------------------------
 0: -- DATA FOR INITIALISING FLUIDS TO POTENTIAL EQUILIBRIUM
 0: --
 0: --    DATUM  DATUM   OWC    OWC    GOC    GOC    RSVD   RVVD   SOLN
 0: --    DEPTH  PRESS  DEPTH   PCOW  DEPTH   PCOG  TABLE  TABLE   METH
 0: EQUIL
 0:        8200   4800   8500    0     8200    0      1      0       0  /
 0: 
 0: -- VARIATION OF INITIAL RS WITH DEPTH
 0: --
 0: --    DEPTH    RS
 0: RSVD
 0:        8200  1.270
 0:        8500  1.270  /
 0: 
 0: -- OUTPUT CONTROLS (SWITCH ON OUTPUT OF INITIAL GRID BLOCK PRESSURES)
 0: RPTSOL
 0:    1  11*2  /
 0: 
 0: 
 0: SUMMARY  ===============================================================
 0: -------- THIS SECTION SPECIFIES DATA TO BE WRITTEN TO THE SUMMARY FILES
 0: -------- AND WHICH MAY LATER BE USED WITH THE ECLIPSE GRAPHICS PACKAGE
 0: ------------------------------------------------------------------------
 0: 
 0: --REQUEST PRINTED OUTPUT OF SUMMARY FILE DATA
 0: 
 0: RUNSUM
 0: 
 0: -- FIELD OIL PRODUCTION
 0: FOPR
 0: 
 0: -- WELL GAS-OIL RATIO FOR PRODUCER
 0: WGOR
 0: 'PRODUCER'
 0: /
 0: 
 0: -- WELL BOTTOM-HOLE PRESSURE
 0: 
 0: WBHP
 0: 'PRODUCER'
 0: /
 0: 
 0: -- GAS AND OIL SATURATIONS IN INJECTION AND PRODUCTION CELL
 0: BGSAT
 0: 10 10 3
 0: 1  1  1
 0: /
 0: 
 0: BOSAT
 0: 10 10 3
 0: 1  1  1
 0: /
 0: 
 0: -- PRESSURE IN INJECTION AND PRODUCTION CELL
 0: BPR
 0: 10 10 3
 0: 1  1  1
 0: /
 0: 
 0: 
 0: SCHEDULE ===============================================================
 0: -------- THE SCHEDULE SECTION DEFINES THE OPERATIONS TO BE SIMULATED
 0: ------------------------------------------------------------------------
 0: -- CONTROLS ON OUTPUT AT EACH REPORT TIME
 0: --RPTSCHED                                         FIELD   10:29 13 JUN 85
 0: --KRG   KRO  KRW /
 0: 
 0: RPTRST
 0: BASIC=4 FREQ=2 PRESSURE PRES  SWAT SGAS SOIL KRG KRO KRW PCOG   /
 0: 
 0: 
 0: -- SET 'NO RESOLUTION' OPTION
 0: DRSDT
 0: 0.001 /
 0: 
 0: -- SET INITIAL TIME STEP TO 1 DAY AND MAXIMUM TO 6 MONTHS
 0: TUNING
 0: /
 0: /
 0: 2* 50 /
 0: 
 0: -- WELL SPECIFICATION DATA
 0: --
 0: --     WELL   GROUP LOCATION  BHP   PI
 0: --     NAME   NAME    I  J   DEPTH DEFN
 0: WELSPECS
 0:     'PRODUCER' 'G'   10 10    8250 'OIL'  /
 0: --   'INJECTOR' 'G'    2  2    8335 'GAS'  /
 0: /
 0: WELSPECL
 0: 'INJECTOR' 'G' A   1  1    8255 'GAS'  /
 0: /
 0: 
 0: --     WELL     -LOCATION- OPEN/ SAT CONN  WELL
 0: --     NAME     I  J K1 K2 SHUT  TAB FACT  DIAM
 0: 
 0: COMPDAT
 0: 'PRODUCER'  10 10 3  3 'OPEN' 0   -1   0.5  /
 0: --    'INJECTOR'   2  2 1  1 'OPEN' 1   -1   0.5  /
 0: /
 0: 
 0: COMPDATL
 0: 'INJECTOR'  A  1  1  3  3  'OPEN'  0  -1  0.5  /
 0: /
 0: 
 0: --COMPMBIL
 0: --'INJECTOR' A  1  1  3  3  12.0 /
 0: --/
 0: 
 0: --COMPAGHL
 0: --'INJECTOR' A  1  1  3  3  0.05 /
 0: --/
 0: 
 0: --COMPKRIL
 0: --'INJECTOR' A  1  1  3  3  0.5  0.5  0.0  /
 0: --/
 0: 
 0: -- PRODUCTION WELL CONTROLS
 0: --
 0: --      WELL     OPEN/  CNTL   OIL  WATER   GAS  LIQU   RES   BHP
 0: --      NAME     SHUT   MODE  RATE   RATE  RATE  RATE  RATE
 0: WCONPROD
 0:      'PRODUCER' 'OPEN' 'ORAT' 20000  4*                      1000 /
 0:   /
 0: 
 0: -- INJECTION WELL CONTROLS
 0: --
 0: --      WELL     INJ   OPEN/  CNTL    FLOW
 0: --      NAME    TYPE   SHUT   MODE    RATE
 0: WCONINJE
 0:      'INJECTOR' 'GAS' 'OPEN' 'RATE'  100000  /
 0:   /
 0: 
 0: TSTEP
 0: 10*365 /
 0: 
 0: END     ================================================================

 ******** END OF INPUT DATA FOR RUN SPE1_COMPKRIL
     1 READING RUNSPEC 
     2 READING TITLE   
     3 READING START   
     4 READING FIELD   
     5 READING FMTIN   
     6 READING FMTOUT  
     7 READING GAS     
     8 READING OIL     
     9 READING WATER   
    10 READING DISGAS  
    11 READING NSTACK  
    12 READING MONITOR 
    13 READING NUPCOL  
    14 READING RSSPEC  
    15 READING LGR     
    16 READING DIMENS  
    17 READING EQLDIMS 
    18 READING REGDIMS 
    19 READING TABDIMS 
    20 READING WELLDIMS
    21 READING GRID    

 @--MESSAGE  AT TIME        0.0   DAYS    (19-OCT-1982):
 @           CHECKING FOR LICENSES                                           

 @--  ERROR  AT TIME        0.0   DAYS    (19-OCT-1982):
 @           LICENSE FAILURE: ERROR NUMBER IS -1                             

 Error summary 
 Comments               0
 Warnings               0
 Problems               0
 Errors                 1
 Bugs                   0
 Final cpu       0.00 elapsed       0.00
