


 $$$$$   $$$   $      $$$  $$$$    $$$   $$$$$     $    $$$    $$$ 
 $      $   $  $       $   $   $  $   $  $        $$   $   $  $   $
 $      $      $       $   $   $  $      $         $   $   $  $   $
 $$$$   $      $       $   $$$$    $$$   $$$$      $   $   $  $   $
 $      $      $       $   $          $  $         $   $   $  $   $
 $      $   $  $       $   $      $   $  $         $   $   $  $   $
 $$$$$   $$$   $$$$$  $$$  $       $$$   $$$$$    $$$   $$$    $$$ 



                       $$$$$   $$$   $      $$$  $$$$    $$$   $$$$$     $    $$$    $$$ 
                       $      $   $  $       $   $   $  $   $  $        $$   $   $  $   $
                       $      $      $       $   $   $  $      $         $   $   $  $   $
                       $$$$   $      $       $   $$$$    $$$   $$$$      $   $   $  $   $
                       $      $      $       $   $          $  $         $   $   $  $   $
                       $      $   $  $       $   $      $   $  $         $   $   $  $   $
                       $$$$$   $$$   $$$$$  $$$  $       $$$   $$$$$    $$$   $$$    $$$ 



                                             $$$$$   $$$   $      $$$  $$$$    $$$   $$$$$     $    $$$    $$$ 
                                             $      $   $  $       $   $   $  $   $  $        $$   $   $  $   $
                                             $      $      $       $   $   $  $      $         $   $   $  $   $
                                             $$$$   $      $       $   $$$$    $$$   $$$$      $   $   $  $   $
                                             $      $      $       $   $          $  $         $   $   $  $   $
                                             $      $   $  $       $   $      $   $  $         $   $   $  $   $
                                             $$$$$   $$$   $$$$$  $$$  $       $$$   $$$$$    $$$   $$$    $$$ 



                                                                   $$$$$   $$$   $      $$$  $$$$    $$$   $$$$$     $    $$$    $$$ 
                                                                   $      $   $  $       $   $   $  $   $  $        $$   $   $  $   $
                                                                   $      $      $       $   $   $  $      $         $   $   $  $   $
                                                                   $$$$   $      $       $   $$$$    $$$   $$$$      $   $   $  $   $
                                                                   $      $      $       $   $          $  $         $   $   $  $   $
                                                                   $      $   $  $       $   $      $   $  $         $   $   $  $   $
                                                                   $$$$$   $$$   $$$$$  $$$  $       $$$   $$$$$    $$$   $$$    $$$ 
 
 Version =  2009.1
 Arch    =  PC WINDOWS (32 bit)
Annex    | Modification date    | Update date          | baseline             
=====    | =================    | ===========          | ========             
ECLIPSE  | 27-APR-2009 16:22:47 | 27-APR-2009 19:37:10 | S:\2009.1_w18i
system   | 22-APR-2009 14:52:01 | 25-APR-2009 05:27:35 | S:\2009.1_w18
utility  | 17-FEB-2009 08:34:11 | 25-APR-2009 05:40:00 | S:\2009.1_w18
 

1

 ******** ECHO OF INPUT DATA FOR RUN SPE5_WAG

 0: ------------------------------------------------------------------------
 0: -- SPE 16000
 0: -- "Fifth Comparative Solution Project : Evaluation of Miscible Flood Simulators"
 0: -- J.E. Killough, C.A. Kossack
 0: --
 0: -->The fifth SPE comparison problem , reported by Killough and Kossack
 0: -- ( 9th SPE Symp on Res. Sim., San Antonio, 1987).
 0: -- Dimension 7x7x3-
 0: -- 6 components
 0: -- FIELD units
 0: -- The run follows the first of the three suggested production schedules
 0: -- Solvent injection as part of a WAG cycle
 0: ------------------------------------------------------------------------
 0: 
 0: RUNSPEC   ==============================================================
 0: 
 0: FIELD
 0: 
 0: OIL
 0: WATER
 0: GAS
 0: 
 0: COMPS
 0: 6 /
 0: 
 0: TABDIMS
 0: 1 1 40 40 /
 0: 
 0: DIMENS
 0: 7 7 3 /
 0: 
 0: EQLDIMS
 0: 1 20 /
 0: 
 0: WELLDIMS
 0: 2 2 /
 0: 
 0: START
 0: 1 Jan 1990 /
 0: 
 0: GRID    ================================================================
 0: 
 0: INIT
 0: 
 0: DXV
 0: 7*500 /
 0: 
 0: DYV
 0: 7*500 /
 0: 
 0: DZV
 0: 20 30 50 /
 0: 
 0: TOPS
 0: 49*8325 49*8345 49*8375 /
 0: 
 0: PORO
 0: 147*0.3  /
 0: 
 0: PERMX
 0: 49*500 49*50 49*200 /
 0: 
 0: PERMY
 0: 49*500 49*50 49*200 /
 0: 
 0: PERMZ
 0: 49*50 49*50 49*25 /
 0: 
 0: PROPS     ============================================================
 0: 
 0: EOS
 0: PR /
 0: 
 0: PRCORR
 0: 
 0: RTEMP
 0: 160 /
 0: 
 0: STCOND
 0: 60 14.7 /
 0: 
 0: CNAMES
 0: C1
 0: C3
 0: C6
 0: C10
 0: C15
 0: C20
 0: /
 0: 
 0: TCRIT
 0:  343.0
 0:  665.7
 0:  913.4
 0: 1111.8
 0: 1270.0
 0: 1380.0
 0: /
 0: 
 0: PCRIT
 0: 667.8
 0: 616.3
 0: 436.9
 0: 304.0
 0: 200.0
 0: 162.0
 0: /
 0: 
 0: ZCRIT
 0: 0.290
 0: 0.277
 0: 0.264
 0: 0.257
 0: 0.245
 0: 0.235
 0: /
 0: 
 0: MW
 0:  16.04
 0:  44.10
 0:  86.18
 0: 149.29
 0: 206.00
 0: 282.00
 0: /
 0: 
 0: ACF
 0: 0.013
 0: 0.1524
 0: 0.3007
 0: 0.4885
 0: 0.6500
 0: 0.8500
 0: /
 0: 
 0: BIC
 0:    0.0
 0:    0.0    0.0
 0:    0.0    0.0    0.0
 0:    0.05   0.005  0.0     0.0
 0:    0.05   0.005  0.0     0.0     0.0 /
 0: 
 0: STONE
 0: 
 0: SWFN
 0:     0.2    0      45.0
 0:     0.2899 0.0022 19.03
 0:     0.3778 0.0180 10.07
 0:     0.4667 0.0607  4.90
 0:     0.5556 0.1438  1.8
 0:     0.6444 0.2809  0.5
 0:     0.7000 0.4089  0.05
 0:     0.7333 0.4855  0.01
 0:     0.8222 0.7709  0.0
 0:     0.9111 1.0000  0.0
 0:     1.00   1.0000  0.0 /
 0: 
 0: SGFN
 0:     0.00   0.000   0.0
 0:     0.05   0.000   0.0
 0:     0.0889 0.001   0.0
 0:     0.1778 0.010   0.0
 0:     0.2667 0.030   0.001
 0:     0.3556 0.05    0.001
 0:     0.4444 0.10    0.03
 0:     0.5333 0.20    0.8
 0:     0.6222 0.35    3.0
 0:     0.65   0.39    4.0
 0:     0.7111 0.56    8.0
 0:     0.80   1.0    30.0
 0: /
 0: 
 0: SOF3
 0:     0.00   0.0     0.0
 0:     0.0889 0.0     0.0
 0:     0.1500 0.0     0.0
 0:     0.1778 0.0     0.0110
 0:     0.2667 0.0     0.0370
 0:     0.3    0.0     0.0560
 0:     0.3556 0.0123  0.0878
 0:     0.4444 0.0835  0.1715
 0:     0.5333 0.2178  0.2963
 0:     0.6222 0.4153  0.4705
 0:     0.7111 0.6769  0.7023
 0:     0.80   1.0     1.0    /
 0: 
 0: ROCKTAB
 0:  1000.0 1.0   1.0
 0:  2000.0 1.005 1.0
 0:  3000.0 1.010 1.0
 0:  4000.0 1.015 1.0
 0:  5000.0 1.020 1.0
 0:  6000.0 1.025 1.0
 0:  7000.0 1.030 1.0
 0:  8000.0 1.035 1.0
 0:  9000.0 1.040 1.0
 0: 10000.0 1.045 1.0 /
 0: 
 0: WATERTAB
 0:  1000.0     1.0099 0.70
 0:  4000.0     1.0000 0.70
 0:  9000.0     0.9835 0.70 /
 0: 
 0: --Specify initial liquid composition
 0: 
 0: ZMFVD
 0: 1000.0  0.5 0.03 0.07 0.2 0.15 0.05
 0: 10000.0 0.5 0.03 0.07 0.2 0.15 0.05 /
 0: 
 0: --Surface densities : only the water value is used
 0: 
 0: DENSITY
 0: 1* 62.4 1* /
 0: 
 0: SOLUTION   =============================================================
 0: 
 0: --Request initial state solution output
 0: 
 0: RPTSOL
 0: PRESSURE SOIL SWAT SGAS PSAT /
 0: 

 @--WARNING  AT TIME        0.0   DAYS    ( 1-JAN-   0):
 @           UNRECOGNISED MNEMONIC PSAT             IN DATA                  
 @           FOR KEYWORD RPTSOL   IS IGNORED                                 
 0: EQUIL
 0: 8400 4000 9000 0 7000 0 1 1 0  /
 0: 
 0: SUMMARY    =============================================================
 0: 
 0: --Request field GOR, water cut oil rate and total, gas rate
 0: 
 0: FGOR
 0: FWCT
 0: FOPR
 0: FOPT
 0: FWPR
 0: 
 0: RUNSUM
 0: 
 0: RPTONLY
 0: SCHEDULE    ==========================================================
 0: 
 0: AIMCON
 0:  6* -1 /
 0: 
 0: --Request FIP reports, group, sep and well data, and solution maps.
 0: 
 0: SAVEEND
 0: 
 0: RPTPRINT
 0: 0 1 0 1 1 1 0 1 0 0 /
 0: 
 0: --Specify solution maps of pressure and saturations
 0: 
 0: RPTSCHED
 0: PRESSURE SOIL SWAT SGAS /
 0: 
 0: --One stage separator conditions
 0: 
 0: SEPCOND
 0: Sep Field 1 60 14.7 /
 0: /
 0: 
 0: --Define injection and production wells
 0: 
 0: --2000a WELLSPEC is used for back-compatibility, prefered keyword is WELSPECS
 0: --WELLSPEC
 0: --P Field 7 7 8400 Sep /
 0: WELSPECS
 0: P Field 7 7 8400 OIL /
 0: /
 0: 
 0: --2000a uses WELSEPC to associate separator with wells
 0: WSEPCOND
 0: P SEP /
 0: /
 0: 
 0: --2000a WELLCOMP is for back-compatibility, prefered keyword is COMPDAT
 0: --WELLCOMP
 0: --P 7 7 3 3 1 0.5 /
 0: COMPDAT
 0: P 7 7 3 3 1* 1 1* 0.5 /
 0: /
 0: 
 0: --Well P on oil rate of 12000 stb/day, with min bhp of 1000 psi
 0: 
 0: --2000a WELLPROD is for back-compatibility, prefered keyword is WCONPROD
 0: --WELLPROD
 0: --P oil 12000 3* 1000 /
 0: WCONPROD
 0: P OPEN ORAT 12000 4* 1000 /
 0: /
 0: 
 0: --Limits on water cut and GOR
 0: --Note limit is on water cut, rather than water-oil ratio
 0: 
 0: GRUPLIM
 0: Field 2* 0.8333 10 1* A Y /
 0: /
 0: 
 0: TSTEP
 0: 2*365 /
 0: 
 0: --Define injection well
 0: 
 0: WELLSTRE
 0: Solvent 0.77 0.20 0.03 0.0 0.0 /
 0: /
 0: 
 0: --2000a WELLSPEC is used for back-compatibility, prefered keyword is WELSPECS
 0: --WELLSPEC
 0: --I Field 1 1 8335 /
 0: WELSPECS
 0: I Field 1 1 8335 GAS /
 0: /
 0: 
 0: --2000a WELLCOMP is for back-compatibility, prefered keyword is COMPDAT
 0: --WELLCOMP
 0: --I 1 1 1 1 1 0.5 /
 0: COMPDAT
 0: I 1 1 1 1 OPEN 1 1* 0.5 /
 0: /
 0: 
 0: --Start WAG cycles-----------------------------------------------------
 0: 
 0: --2000a WELLINJE is for back-compatibility, prefered keyword is WCONINJE
 0: --WELLINJE
 0: --I Stream Solvent Gas 1* 12000 12000 /
 0: WCONINJE
 0: I GAS OPEN RATE 12000 /
 0: /
 0: WINJGAS
 0: I Stream Solvent /
 0: /
 0: WELTARG
 0: I WRATE 12000 /
 0: /
 0: 
 0: WELLWAG
 0: I T W 365.25 G 365.25 /
 0: /
 0: 
 0: TSTEP
 0: 20*365.25 /
 0: 
 0: END

 ******** END OF INPUT DATA FOR RUN SPE5_WAG
     1 READING RUNSPEC 
     2 READING FIELD   
     3 READING OIL     
     4 READING WATER   
     5 READING GAS     
     6 READING COMPS   

 @--  ERROR  AT TIME        0.0   DAYS    ( 1-JAN-   0):
 @           UNRECOGNISED KEYWORD COMPS    IN RUNSPEC DATA                   

 @--WARNING  AT TIME        0.0   DAYS    ( 1-JAN-   0):
 @           SPURIOUS DATA BEFORE TABDIMS  KEYWORD                           
 @           6 /                                                             
     7 READING TABDIMS 
     8 READING DIMENS  
     9 READING EQLDIMS 
    10 READING WELLDIMS
    11 READING START   
    12 READING GRID    

 @--MESSAGE  AT TIME        0.0   DAYS    ( 1-JAN-1990):
 @           CHECKING FOR LICENSES                                           

 @--MESSAGE  AT TIME        0.0   DAYS    ( 1-JAN-1990):
 @           THE MEMORY REQUIRED TO PROCESS THE GRID SECTION IS              
 @                63828 BYTES                                                
    13 READING INIT    
    14 READING DXV     
    15 READING DYV     
    16 READING DZV     

 @--  ERROR  AT TIME        0.0   DAYS    ( 1-JAN-1990):
 @           UNRECOGNISED KEYWORD DZV      IN GRID DATA                      

 @--WARNING  AT TIME        0.0   DAYS    ( 1-JAN-1990):
 @           SPURIOUS DATA BEFORE TOPS     KEYWORD                           
 @           20 30 50 /                                                      
    17 READING TOPS    
    18 READING PORO    
    19 READING PERMX   
    20 READING PERMY   
    21 READING PERMZ   
    22 READING PROPS   

 @--MESSAGE  AT TIME        0.0   DAYS    ( 1-JAN-1990):
 @           NEITHER OLDTRAN,OLDTRANR NOR NEWTRAN SPECIFIED                  
 @           BLOCK CENTRE TRANSMISSIBILITIES TO BE CALCULATED                
 @           USING  OLDTRAN                                                  

 @--  ERROR  AT TIME        0.0   DAYS    ( 1-JAN-1990):
 @           INSUFFICIENT DATA TO COMPUTE PORE VOLUMES                       
 @           PORE VOLUMES WILL BE SET TO ZERO                                

 @--  ERROR  AT TIME        0.0   DAYS    ( 1-JAN-1990):
 @           INSUFFICIENT DATA TO COMPUTE CELL CENTRE DEPTHS                 

 @--  ERROR  AT TIME        0.0   DAYS    ( 1-JAN-1990):
 @           INSUFFICIENT DATA TO COMPUTE X TRANSMISSIBILITIES               

 @--  ERROR  AT TIME        0.0   DAYS    ( 1-JAN-1990):
 @           INSUFFICIENT DATA TO COMPUTE Y TRANSMISSIBILITIES               

 @--  ERROR  AT TIME        0.0   DAYS    ( 1-JAN-1990):
 @           INSUFFICIENT DATA TO COMPUTE Z TRANSMISSIBILITIES               

 @--COMMENT  AT TIME        0.0   DAYS    ( 1-JAN-1990):
 @           NO NON-NEIGHBOUR CONNECTIONS FOUND                              

 @--MESSAGE  AT TIME        0.0   DAYS    ( 1-JAN-1990):
 @           NUMBER OF ACTIVE CELLS IS 0                                     

 @--  ERROR  AT TIME        0.0   DAYS    ( 1-JAN-1990):
 @           THERE ARE NO ACTIVE CELLS IN THE RESERVOIR                      

 Error summary 
 Comments               1
 Warnings               2
 Problems               0
 Errors                 8
 Bugs                   0
 Final cpu       0.00 elapsed       0.00
