


 $$$$$   $$$   $      $$$  $$$$    $$$   $$$$$     $    $$$    $$$ 
 $      $   $  $       $   $   $  $   $  $        $$   $   $  $   $
 $      $      $       $   $   $  $      $         $   $   $  $   $
 $$$$   $      $       $   $$$$    $$$   $$$$      $   $   $  $   $
 $      $      $       $   $          $  $         $   $   $  $   $
 $      $   $  $       $   $      $   $  $         $   $   $  $   $
 $$$$$   $$$   $$$$$  $$$  $       $$$   $$$$$    $$$   $$$    $$$ 



                       $$$$$   $$$   $      $$$  $$$$    $$$   $$$$$     $    $$$    $$$ 
                       $      $   $  $       $   $   $  $   $  $        $$   $   $  $   $
                       $      $      $       $   $   $  $      $         $   $   $  $   $
                       $$$$   $      $       $   $$$$    $$$   $$$$      $   $   $  $   $
                       $      $      $       $   $          $  $         $   $   $  $   $
                       $      $   $  $       $   $      $   $  $         $   $   $  $   $
                       $$$$$   $$$   $$$$$  $$$  $       $$$   $$$$$    $$$   $$$    $$$ 



                                             $$$$$   $$$   $      $$$  $$$$    $$$   $$$$$     $    $$$    $$$ 
                                             $      $   $  $       $   $   $  $   $  $        $$   $   $  $   $
                                             $      $      $       $   $   $  $      $         $   $   $  $   $
                                             $$$$   $      $       $   $$$$    $$$   $$$$      $   $   $  $   $
                                             $      $      $       $   $          $  $         $   $   $  $   $
                                             $      $   $  $       $   $      $   $  $         $   $   $  $   $
                                             $$$$$   $$$   $$$$$  $$$  $       $$$   $$$$$    $$$   $$$    $$$ 



                                                                   $$$$$   $$$   $      $$$  $$$$    $$$   $$$$$     $    $$$    $$$ 
                                                                   $      $   $  $       $   $   $  $   $  $        $$   $   $  $   $
                                                                   $      $      $       $   $   $  $      $         $   $   $  $   $
                                                                   $$$$   $      $       $   $$$$    $$$   $$$$      $   $   $  $   $
                                                                   $      $      $       $   $          $  $         $   $   $  $   $
                                                                   $      $   $  $       $   $      $   $  $         $   $   $  $   $
                                                                   $$$$$   $$$   $$$$$  $$$  $       $$$   $$$$$    $$$   $$$    $$$ 
 
 Version =  2009.1
 Arch    =  PC WINDOWS (32 bit)
Annex    | Modification date    | Update date          | baseline             
=====    | =================    | ===========          | ========             
ECLIPSE  | 27-APR-2009 16:22:47 | 27-APR-2009 19:37:10 | S:\2009.1_w18i
system   | 22-APR-2009 14:52:01 | 25-APR-2009 05:27:35 | S:\2009.1_w18
utility  | 17-FEB-2009 08:34:11 | 25-APR-2009 05:40:00 | S:\2009.1_w18
 

1

 ******** ECHO OF INPUT DATA FOR RUN VFPEXP

 0: --======================================================================
 0: --======================================================================
 0: --
 0: --2003A TEST CASE: WVFPEXP KEYWORD:  1/ EXPLICIT WATER AND GAS FRACTIONS
 0: --                                      USED IN VFP TABLE LOOK-UP
 0: --                                   2/ SHUTING WELL OPERATING ON THE
 0: --                                      HORIZONTAL PART OF A STABILISED
 0: --                                      VFP CURVE
 0: --                 GDRILPOT KEYWORD: DRILL WELL FROM QUEUE ON GROUP
 0: --                                   POTENTIAL FALLING BELOW A LIMIT
 0: --
 0: --                 BLACKOIL DATASET
 0: --
 0: --======================================================================
 0: --======================================================================
 0: 
 0: --======================================================================
 0: RUNSPEC
 0: --======================================================================
 0: 
 0: 
 0: --Request the FIELD unit set
 0: 
 0: FIELD
 0: 
 0: --Water is present
 0: 
 0: OIL
 0: GAS
 0: WATER
 0: 
 0: SKIP300
 0: DISGAS
 0: VAPOIL
 0: ENDSKIP
 0: 
 0: --AIM solution method
 0: 
 0: 
 0: DIMENS
 0: 9 9 4 /
 0: 
 0: TABDIMS
 0: 1 1 40 40 /
 0: 
 0: VFPPDIMS
 0: 20 20 10 3 1 10  /
 0: 
 0: WELLDIMS
 0: 2 10 2 2 /
 0: 
 0: START
 0: 1 JAN 2000 /
 0: 
 0: --======================================================================
 0: GRID
 0: --======================================================================
 0: 
 0: DX
 0: 324*293.3 /
 0: 
 0: DY
 0: 324*293.3 /
 0: 
 0: DZ
 0: 162*300 162*300 /
 0: 
 0: TOPS
 0: 81*8315 /
 0: 
 0: EQUALS
 0: PORO 0.13 /
 0: PERMX 100 /
 0: PERMY 100 /
 0: PERMZ 100 /
 0: /
 0: 
 0: --======================================================================
 0: PROPS
 0: --======================================================================
 0: 
 0: 
 0: DENSITY
 0:       51.6583       62.4280        0.0593   /
 0: 
 0: 
 0: PVTG
 0: 
 0: --    PRES               RV           BG           VISC
 0: --    PSIA            STB/MSCF      RB/MSCF       CPOISE
 0: 
 0:      500.0000        0.023760      6.378718      0.013550   --Saturated
 0:                      0.020710      6.367503      0.013568   --Undersat gas
 0:                      0.016046      6.350345      0.013591   --Undersat gas
 0:                      0.015123      6.346952      0.013596   --Undersat gas
 0:                      0.013776      6.341997      0.013602   --Undersat gas
 0:                      0.013757      6.341926      0.013602   --Undersat gas
 0:                      0.000000      6.291326      0.013675 / --Dry gas
 0:      750.0000        0.016046      4.132026      0.014101   --Saturated
 0:                      0.015123      4.130707      0.014105   --Undersat gas
 0:                      0.013776      4.128782      0.014109   --Undersat gas
 0:                      0.013757      4.128755      0.014110   --Undersat gas
 0:                      0.000000      4.109096      0.014157 / --Dry gas
 0:     1000.0000        0.013757      3.035804      0.014672   --Saturated
 0:                      0.000000      3.030116      0.014676 / --Dry gas
 0:     1250.0000        0.013776      2.390219      0.015331   --Saturated
 0:                      0.000000      2.391578      0.015272 / --Dry gas
 0:     1500.0000        0.015123      1.967627      0.016117   --Saturated
 0:                      0.013776      1.968105      0.016100   --Undersat gas
 0:                      0.013757      1.968112      0.016100   --Undersat gas
 0:                      0.000000      1.972992      0.015962 / --Dry gas
 0:     2000.0000        0.020710      1.454696      0.018178   --Saturated
 0:                      0.016046      1.456957      0.018039   --Undersat gas
 0:                      0.015123      1.457404      0.018015   --Undersat gas
 0:                      0.013776      1.458057      0.017979   --Undersat gas
 0:                      0.013757      1.458067      0.017979   --Undersat gas
 0:                      0.000000      1.464734      0.017638 / --Dry gas
 0:     2500.0000        0.029929      1.164004      0.021005   --Saturated
 0:                      0.023760      1.166320      0.020671   --Undersat gas
 0:                      0.020710      1.167465      0.020530   --Undersat gas
 0:                      0.016046      1.169217      0.020320   --Undersat gas
 0:                      0.015123      1.169563      0.020279   --Undersat gas
 0:                      0.013776      1.170069      0.020220   --Undersat gas
 0:                      0.013757      1.170076      0.020219   --Undersat gas
 0:                      0.000000      1.175242      0.019645 / --Dry gas
 0:     3000.0000        0.043449      0.985307      0.024712   --Saturated
 0:                      0.029929      0.987748      0.023685   --Undersat gas
 0:                      0.023760      0.988862      0.023289   --Undersat gas
 0:                      0.020710      0.989413      0.023097   --Undersat gas
 0:                      0.016046      0.990255      0.022808   --Undersat gas
 0:                      0.015123      0.990422      0.022752   --Undersat gas
 0:                      0.013776      0.990665      0.022671   --Undersat gas
 0:                      0.013757      0.990668      0.022669   --Undersat gas
 0:                      0.000000      0.993152      0.021867 / --Dry gas
 0:     3488.0000        0.062234      0.874520      0.029338   --Saturated
 0:                      0.043449      0.874033      0.027458   --Undersat gas
 0:                      0.029929      0.873683      0.026370   --Undersat gas
 0:                      0.023760      0.873523      0.025888   --Undersat gas
 0:                      0.020710      0.873444      0.025653   --Undersat gas
 0:                      0.016046      0.873323      0.025299   --Undersat gas
 0:                      0.015123      0.873299      0.025230   --Undersat gas
 0:                      0.013776      0.873264      0.025129   --Undersat gas
 0:                      0.013757      0.873263      0.025127   --Undersat gas
 0:                      0.000000      0.872907      0.024128 / --Dry gas
 0:     4022.9000        0.092498      0.801920      0.036070   --Saturated
 0:                      0.062234      0.794690      0.032306   --Undersat gas
 0:                      0.043449      0.790203      0.030507   --Undersat gas
 0:                      0.029929      0.786973      0.029252   --Undersat gas
 0:                      0.023760      0.785499      0.028691   --Undersat gas
 0:                      0.020710      0.784771      0.028418   --Undersat gas
 0:                      0.016046      0.783657      0.028003   --Undersat gas
 0:                      0.015123      0.783436      0.027921   --Undersat gas
 0:                      0.013776      0.783114      0.027803   --Undersat gas
 0:                      0.013757      0.783110      0.027801   --Undersat gas
 0:                      0.000000      0.779823      0.026616 / --Dry gas
 0:     4238.5000        0.109211      0.784833      0.039617   --Saturated
 0:                      0.092498      0.779511      0.036734   --Undersat gas
 0:                      0.062234      0.769873      0.033590   --Undersat gas
 0:                      0.043449      0.763890      0.031707   --Undersat gas
 0:                      0.029929      0.759584      0.030390   --Undersat gas
 0:                      0.023760      0.757619      0.029801   --Undersat gas
 0:                      0.020710      0.756648      0.029513   --Undersat gas
 0:                      0.016046      0.755163      0.029076   --Undersat gas
 0:                      0.015123      0.754869      0.028990   --Undersat gas
 0:                      0.013776      0.754440      0.028865   --Undersat gas
 0:                      0.013757      0.754434      0.028863   --Undersat gas
 0:                      0.000000      0.750053      0.027611 / --Dry gas
 0:     4354.7021        0.119780      0.778543      0.041854   --Psat
 0:                      0.109211      0.774739      0.039325   --Undersat gas
 0:                      0.092498      0.768724      0.037495   --Undersat gas
 0:                      0.062234      0.757832      0.034277   --Undersat gas
 0:                      0.043449      0.751071      0.032350   --Undersat gas
 0:                      0.029929      0.746206      0.031000   --Undersat gas
 0:                      0.023760      0.743985      0.030395   --Undersat gas
 0:                      0.020710      0.742888      0.030100   --Undersat gas
 0:                      0.016046      0.741209      0.029651   --Undersat gas
 0:                      0.015123      0.740877      0.029563   --Undersat gas
 0:                      0.013776      0.740392      0.029434   --Undersat gas
 0:                      0.013757      0.740385      0.029432   --Undersat gas
 0:                      0.000000      0.735434      0.028145 / --Dry gas
 0:     5000.0000        0.119785      0.729769      0.045981   --Generated
 0:                      0.109211      0.724465      0.043209   --Undersat gas
 0:                      0.092498      0.716078      0.041207   --Undersat gas
 0:                      0.062234      0.700891      0.037688   --Undersat gas
 0:                      0.043449      0.691464      0.035573   --Undersat gas
 0:                      0.029929      0.684680      0.034086   --Undersat gas
 0:                      0.023760      0.681584      0.033417   --Undersat gas
 0:                      0.020710      0.680054      0.033089   --Undersat gas
 0:                      0.016046      0.677713      0.032591   --Undersat gas
 0:                      0.015123      0.677250      0.032493   --Undersat gas
 0:                      0.013776      0.676574      0.032350   --Undersat gas
 0:                      0.013757      0.676564      0.032348   --Undersat gas
 0:                      0.000000      0.669661      0.030908 / --Dry gas
 0:     6000.0000        0.119794      0.676690      0.052099   --Generated
 0:                      0.109211      0.669900      0.048900   --Undersat gas
 0:                      0.092498      0.659164      0.046601   --Undersat gas
 0:                      0.062234      0.639723      0.042583   --Undersat gas
 0:                      0.043449      0.627655      0.040178   --Undersat gas
 0:                      0.029929      0.618970      0.038487   --Undersat gas
 0:                      0.023760      0.615007      0.037727   --Undersat gas
 0:                      0.020710      0.613048      0.037354   --Undersat gas
 0:                      0.016046      0.610052      0.036786   --Undersat gas
 0:                      0.015123      0.609459      0.036674   --Undersat gas
 0:                      0.013776      0.608594      0.036512   --Undersat gas
 0:                      0.013757      0.608581      0.036509   --Undersat gas
 0:                      0.000000      0.599744      0.034865 / --Dry gas
 0:  /
 0: 
 0: 
 0: PVTO
 0: 
 0: --     RS            PRES             BO            VISC
 0: --   MSCF/STB        PSIA           RB/STB         CPOISE
 0: 
 0:      0.140201       500.0000       1.140353      2.405814   --Saturated
 0:                     750.0000       1.136106      2.521808
 0:                    1000.0000       1.132114      2.637212
 0:                    1250.0000       1.128350      2.752018
 0:                    1500.0000       1.124794      2.866215
 0:                    2000.0000       1.118228      3.092746
 0:                    2500.0000       1.112289      3.316733
 0:                    3000.0000       1.106880      3.538110
 0:                    3488.0000       1.102039      3.751602
 0:                    4022.9000       1.097161      3.982643
 0:                    4238.5000       1.095308      4.074880
 0:                    4354.7021       1.094335      4.124380
 0:                    5000.0000       1.089221      4.396538
 0:                    6000.0000       1.082152      4.809102 /
 0:      0.200215       750.0000       1.171601      2.050298   --Saturated
 0:                    1000.0000       1.166931      2.153377
 0:                    1250.0000       1.162547      2.256114
 0:                    1500.0000       1.158419      2.358492
 0:                    2000.0000       1.150833      2.562108
 0:                    2500.0000       1.144011      2.764103
 0:                    3000.0000       1.137828      2.964365
 0:                    3488.0000       1.132316      3.158051
 0:                    4022.9000       1.126783      3.368246
 0:                    4238.5000       1.124686      3.452325
 0:                    4354.7021       1.123585      3.497484
 0:                    5000.0000       1.117815      3.746236
 0:                    6000.0000       1.109870      4.124733 /
 0:      0.259397      1000.0000       1.201556      1.770048   --Saturated
 0:                    1250.0000       1.196482      1.861969
 0:                    1500.0000       1.191724      1.953733
 0:                    2000.0000       1.183024      2.136715
 0:                    2500.0000       1.175246      2.318835
 0:                    3000.0000       1.168230      2.499948
 0:                    3488.0000       1.162003      2.675612
 0:                    4022.9000       1.155774      2.866777
 0:                    4238.5000       1.153419      2.943391
 0:                    4354.7021       1.152184      2.984576
 0:                    5000.0000       1.145725      3.211841
 0:                    6000.0000       1.136866      3.558914 /
 0:      0.319754      1250.0000       1.231651      1.537432   --Saturated
 0:                    1500.0000       1.226174      1.619389
 0:                    2000.0000       1.216217      1.783246
 0:                    2500.0000       1.207369      1.946877
 0:                    3000.0000       1.199431      2.110111
 0:                    3488.0000       1.192415      2.268893
 0:                    4022.9000       1.185425      2.442171
 0:                    4238.5000       1.182790      2.511752
 0:                    4354.7021       1.181409      2.549187
 0:                    5000.0000       1.174202      2.756141
 0:                    6000.0000       1.164357      3.073366 /
 0:      0.382196      1500.0000       1.262528      1.340274   --Saturated
 0:                    2000.0000       1.251128      1.486329
 0:                    2500.0000       1.241067      1.632681
 0:                    3000.0000       1.232091      1.779148
 0:                    3488.0000       1.224195      1.922042
 0:                    4022.9000       1.216360      2.078430
 0:                    4238.5000       1.213413      2.141354
 0:                    4354.7021       1.211871      2.175237
 0:                    5000.0000       1.203841      2.362902
 0:                    6000.0000       1.192919      2.651648 /
 0:      0.516716      2000.0000       1.328526      1.023565   --Saturated
 0:                    2500.0000       1.315450      1.138715
 0:                    3000.0000       1.303931      1.254729
 0:                    3488.0000       1.293903      1.368618
 0:                    4022.9000       1.284042      1.494011
 0:                    4238.5000       1.280356      1.544676
 0:                    4354.7021       1.278431      1.572005
 0:                    5000.0000       1.268457      1.723969
 0:                    6000.0000       1.255013      1.959632 /
 0:      0.665562      2500.0000       1.400846      0.788037   --Saturated
 0:                    3000.0000       1.385968      0.878133
 0:                    3488.0000       1.373171      0.967151
 0:                    4022.9000       1.360718      1.065775
 0:                    4238.5000       1.356094      1.105798
 0:                    4354.7021       1.353686      1.127427
 0:                    5000.0000       1.341275      1.248185
 0:                    6000.0000       1.324715      1.437000 /
 0:      0.833157      3000.0000       1.481799      0.610028   --Saturated
 0:                    3488.0000       1.465321      0.678197
 0:                    4022.9000       1.449478      0.754208
 0:                    4238.5000       1.443640      0.785191
 0:                    4354.7021       1.440609      0.801966
 0:                    5000.0000       1.425082      0.896023
 0:                    6000.0000       1.404596      1.044337 /
 0:      1.020623      3488.0000       1.572116      0.476305   --Saturated
 0:                    4022.9000       1.551849      0.534011
 0:                    4238.5000       1.544445      0.557635
 0:                    4354.7021       1.540614      0.570450
 0:                    5000.0000       1.521122      0.642596
 0:                    6000.0000       1.495720      0.757312 /
 0:      1.263906      4022.9000       1.689444      0.362587   --Saturated
 0:                    4238.5000       1.679667      0.379657
 0:                    4354.7021       1.674631      0.388934
 0:                    5000.0000       1.649227      0.441393
 0:                    6000.0000       1.616629      0.525551 /
 0:      1.379534      4238.5000       1.745660      0.322748   --Saturated
 0:                    4354.7021       1.739983      0.330778
 0:                    5000.0000       1.711458      0.376259
 0:                    6000.0000       1.675115      0.449475 /
 0:      1.447831      4354.7021       1.779063      0.302329   --Psat
 0:                    5000.0000       1.748603      0.344247
 0:                    6000.0000       1.709953      0.411850 /
 0:      1.511405      5000.0000       1.779141      0.301001   --Generated
 0:                    6000.0000       1.744607      0.355397 /
 0:      1.614251      6000.0000       1.779262      0.298944   --Generated
 0:                    7000.0000       1.744729      0.353340 /
 0:  /
 0: 
 0: 
 0: --Water saturation functions
 0: 
 0: SWFN
 0:     0.16  0      0
 0:     0.18  0      0
 0:     0.20  0.002  0
 0:     0.24  0.010  0
 0:     0.28  0.020  0
 0:     0.32  0.033  0
 0:     0.36  0.049  0
 0:     0.40  0.066  0
 0:     0.44  0.090  0
 0:     0.48  0.119  0
 0:     0.52  0.150  0
 0:     0.56  0.186  0
 0:     0.60  0.227  0
 0:     0.64  0.277  0
 0:     0.68  0.330  0
 0:     0.72  0.390  0
 0:     0.76  0.462  0
 0:     0.8   0.540  0
 0:     0.84  0.620  0
 0:     0.88  0.710  0
 0:     0.92  0.800  0
 0:     0.96  0.900  0
 0:     1.00  1.000  0 /
 0: 
 0: --Gas saturation functions
 0: 
 0: SGFN
 0:     0.00  0.000  0
 0:     0.04  0.005  0
 0:     0.08  0.013  0
 0:     0.12  0.026  0
 0:     0.16  0.040  0
 0:     0.20  0.058  0
 0:     0.24  0.078  0
 0:     0.28  0.100  0
 0:     0.32  0.126  0
 0:     0.36  0.156  0
 0:     0.40  0.187  0
 0:     0.44  0.222  0
 0:     0.48  0.260  0
 0:     0.52  0.300  0
 0:     0.56  0.349  0
 0:     0.60  0.400  0
 0:     0.64  0.450  0
 0:     0.68  0.505  0
 0:     0.72  0.562  0
 0:     0.76  0.620  0
 0:     0.80  0.680  0
 0:     0.84  0.740  0
 0: /
 0: 
 0: --Oil saturation functions
 0: 
 0: SOF3
 0:     0.00  0.000  0.000
 0:     0.04  0.000  0.000
 0:     0.08  0.000  0.000
 0:     0.12  0.000  0.000
 0:     0.16  0.000  0.000
 0:     0.20  0.000  0.000
 0:     0.24  0.000  0.000
 0:     0.28  0.005  0.005
 0:     0.32  0.012  0.012
 0:     0.36  0.024  0.024
 0:     0.40  0.040  0.040
 0:     0.44  0.060  0.060
 0:     0.48  0.082  0.082
 0:     0.52  0.112  0.112
 0:     0.56  0.150  0.150
 0:     0.60  0.196  0.196
 0:     0.68  0.315  0.315
 0:     0.72  0.400  0.400
 0:     0.76  0.513  0.513
 0:     0.80  0.650  0.650
 0:     0.84  0.800  0.800 /
 0: 
 0: --Rock and water pressure data
 0: 
 0: ROCK
 0: 4550 0.000004 /
 0: 
 0: PVTW
 0: 4550 1.0 0.000003 0.31 0.0 /
 0: 
 0: --======================================================================
 0: SOLUTION
 0: --======================================================================
 0: 
 0: RSVD
 0: 8550.01 1.447831
 0: 10000   1.447832 /
 0: 
 0: RVVD
 0: 4000  0.119779
 0: 8550  0.119780 /
 0: 
 0: DATUM
 0: 8800.0  /
 0: 
 0: 
 0: EQUIL
 0: --Datum Pdatum     OWC     Pcow GOC     Pcog  Rstab  Rvtab N
 0: 8550.0  4354.7021  9200.0  0.0  8550.0  0.0   1      1     0  /
 0: 
 0: 
 0: RPTSOL
 0: VOIL DENO /
 0: 
 0: 
 0: --======================================================================
 0: SUMMARY
 0: --======================================================================
 0: 
 0: FGPP
 0: 
 0: WBHP
 0: P /
 0: 
 0: WTHP
 0: P /
 0: 
 0: WGPR
 0: P /
 0: 
 0: WWPR
 0: P /
 0: 
 0: RUNSUM
 0: 
 0: 
 0: --======================================================================
 0: RPTONLY
 0: SCHEDULE
 0: --======================================================================
 0: 
 0: ------------------------------------
 0: -- A STABILISED PRODUCTION VFP TABLE
 0: ------------------------------------
 0: 
 0: VFPPROD
 0: 
 0: 1 8465 'GAS' 'WGR' 'OGR' 'THP' '' 'FIELD' 'BHP'/
 0: 
 0:  1.50000E+002  8.03053E+003  1.59111E+004  2.37916E+004
 0:  3.16721E+004  3.95526E+004  4.74332E+004  5.53137E+004
 0:  6.31942E+004  7.10747E+004  7.89553E+004  8.68358E+004
 0:  9.47163E+004  1.02597E+005  1.10477E+005  1.18358E+005
 0:  1.26238E+005  1.34119E+005  1.41999E+005  1.49880E+005  /
 0:  2.14696E+002  6.14696E+002  1.01470E+003  1.41470E+003
 0:  1.81470E+003  2.21470E+003  2.61470E+003  3.01470E+003
 0:  3.41470E+003  3.81470E+003  /
 0:  0.00000E+000  1.00000E-002  2.50000E-002  5.00000E-002
 0:  7.50000E-002  1.00000E-001  /
 0:  7.00000E-006  /
 0:  0.00000E+000  /
 0: 
 0: 1  1  1  1  2.63463E+002  3.18173E+002  4.34923E+002  5.74592E+002
 0:             7.23589E+002  8.76871E+002  1.03235E+003  1.18905E+003
 0:             1.34649E+003  1.50439E+003  1.66268E+003  1.82121E+003
 0:             1.98022E+003  2.13932E+003  2.29869E+003  2.45845E+003
 0:             2.61853E+003  2.77898E+003  2.93998E+003  3.10147E+003  /
 0: 2  1  1  1  7.58120E+002  7.72630E+002  8.26801E+002  9.07002E+002
 0:             1.00666E+003  1.12049E+003  1.24445E+003  1.37577E+003
 0:             1.51248E+003  1.65324E+003  1.79711E+003  1.94343E+003
 0:             2.09173E+003  2.24169E+003  2.39307E+003  2.54575E+003
 0:             2.69957E+003  2.85443E+003  3.01036E+003  3.16731E+003  /
 0: 3  1  1  1  1.25679E+003  1.25715E+003  1.29074E+003  1.34293E+003
 0:             1.41151E+003  1.49409E+003  1.58838E+003  1.69249E+003
 0:             1.80467E+003  1.92350E+003  2.04782E+003  2.17679E+003
 0:             2.30964E+003  2.44582E+003  2.58484E+003  2.72642E+003
 0:             2.87022E+003  3.01600E+003  3.16368E+003  3.31309E+003  /
 0: 4  1  1  1  1.74773E+003  1.74773E+003  1.77188E+003  1.80999E+003
 0:             1.86115E+003  1.92410E+003  1.99787E+003  2.08121E+003
 0:             2.17298E+003  2.27230E+003  2.37821E+003  2.48990E+003
 0:             2.60668E+003  2.72796E+003  2.85315E+003  2.98202E+003
 0:             3.11408E+003  3.24903E+003  3.38668E+003  3.52680E+003  /
 0: 5  1  1  1  2.23927E+003  2.23927E+003  2.25800E+003  2.28794E+003
 0:             2.32853E+003  2.37913E+003  2.43898E+003  2.50761E+003
 0:             2.58427E+003  2.66829E+003  2.75894E+003  2.85583E+003
 0:             2.95831E+003  3.06587E+003  3.17806E+003  3.29451E+003
 0:             3.41483E+003  3.53870E+003  3.66581E+003  3.79608E+003  /
 0: 6  1  1  1  2.72883E+003  2.72883E+003  2.74416E+003  2.76896E+003
 0:             2.80257E+003  2.84483E+003  2.89528E+003  2.95336E+003
 0:             3.01889E+003  3.09133E+003  3.17025E+003  3.25523E+003
 0:             3.34573E+003  3.44160E+003  3.54237E+003  3.64770E+003
 0:             3.75727E+003  3.87080E+003  3.98805E+003  4.10879E+003  /
 0: 7  1  1  1  3.21464E+003  3.21464E+003  3.22766E+003  3.24889E+003
 0:             3.27776E+003  3.31419E+003  3.35786E+003  3.40850E+003
 0:             3.46566E+003  3.52934E+003  3.59912E+003  3.67470E+003
 0:             3.75577E+003  3.84204E+003  3.93309E+003  4.02891E+003
 0:             4.12913E+003  4.23350E+003  4.34180E+003  4.45383E+003  /
 0: 8  1  1  1  3.69566E+003  3.69566E+003  3.70703E+003  3.72571E+003
 0:             3.75127E+003  3.78335E+003  3.82205E+003  3.86704E+003
 0:             3.91815E+003  3.97499E+003  4.03768E+003  4.10584E+003
 0:             4.17927E+003  4.25773E+003  4.34102E+003  4.42876E+003
 0:             4.52103E+003  4.61752E+003  4.71801E+003  4.82235E+003  /
 0: 9  1  1  1  4.17148E+003  4.17148E+003  4.18163E+003  4.19840E+003
 0:             4.22141E+003  4.25031E+003  4.28524E+003  4.32593E+003
 0:             4.37225E+003  4.42406E+003  4.48101E+003  4.54330E+003
 0:             4.61059E+003  4.68271E+003  4.75951E+003  4.84079E+003
 0:             4.92641E+003  5.01603E+003  5.10982E+003  5.20748E+003  /
 0: 10  1  1  1  4.64208E+003  4.64208E+003  4.65139E+003  4.66661E+003
 0:             4.68765E+003  4.71424E+003  4.74610E+003  4.78344E+003
 0:             4.82601E+003  4.87370E+003  4.92639E+003  4.98377E+003
 0:             5.04609E+003  5.11303E+003  5.18448E+003  5.26026E+003
 0:             5.34028E+003  5.42441E+003  5.51248E+003  5.60420E+003  /
 0: 1  2  1  1  4.89545E+002  4.89545E+002  6.89098E+002  8.86883E+002
 0:             1.08792E+003  1.28691E+003  1.48332E+003  1.67637E+003
 0:             1.86581E+003  2.05281E+003  2.23508E+003  2.41725E+003
 0:             2.59630E+003  2.77199E+003  2.95100E+003  3.12426E+003
 0:             3.30142E+003  3.48197E+003  3.65444E+003  3.83476E+003  /
 0: 2  2  1  1  9.76651E+002  9.76651E+002  1.00484E+003  1.14525E+003
 0:             1.32488E+003  1.50238E+003  1.67162E+003  1.84189E+003
 0:             2.01452E+003  2.18734E+003  2.36051E+003  2.52948E+003
 0:             2.70117E+003  2.87401E+003  3.04512E+003  3.20944E+003
 0:             3.37890E+003  3.55374E+003  3.72885E+003  3.90395E+003  /
 0: 3  2  1  1  1.46707E+003  1.46707E+003  1.46707E+003  1.54808E+003
 0:             1.64280E+003  1.79472E+003  1.95541E+003  2.11465E+003
 0:             2.27225E+003  2.42299E+003  2.57632E+003  2.73463E+003
 0:             2.89358E+003  3.05398E+003  3.21553E+003  3.37632E+003
 0:             3.54047E+003  3.70717E+003  3.87464E+003  4.04273E+003  /
 0: 4  2  1  1  1.97420E+003  1.97420E+003  1.97420E+003  2.00025E+003
 0:             2.09436E+003  2.18402E+003  2.28930E+003  2.43330E+003
 0:             2.57950E+003  2.72929E+003  2.87791E+003  3.02853E+003
 0:             3.17480E+003  3.32073E+003  3.46851E+003  3.61798E+003
 0:             3.77103E+003  3.92786E+003  4.08793E+003  4.24752E+003  /
 0: 5  2  1  1  2.48058E+003  2.48058E+003  2.48058E+003  2.49280E+003
 0:             2.54062E+003  2.63900E+003  2.72612E+003  2.82541E+003
 0:             2.92999E+003  3.06201E+003  3.19582E+003  3.33455E+003
 0:             3.47658E+003  3.62061E+003  3.76500E+003  3.91242E+003
 0:             4.05986E+003  4.20729E+003  4.35653E+003  4.50756E+003  /
 0: 6  2  1  1  2.98055E+003  2.98055E+003  2.98055E+003  2.98219E+003
 0:             3.01882E+003  3.07479E+003  3.16579E+003  3.25914E+003
 0:             3.35102E+003  3.45220E+003  3.55604E+003  3.67939E+003
 0:             3.80780E+003  3.93799E+003  4.07204E+003  4.21031E+003
 0:             4.35644E+003  4.49947E+003  4.64981E+003  4.79865E+003  /
 0: 7  2  1  1  3.46760E+003  3.46760E+003  3.46760E+003  3.46760E+003
 0:             3.49565E+003  3.54266E+003  3.60227E+003  3.67769E+003
 0:             3.78586E+003  3.87426E+003  3.96809E+003  4.06997E+003
 0:             4.17312E+003  4.28653E+003  4.41357E+003  4.54363E+003
 0:             4.67618E+003  4.81223E+003  4.95128E+003  5.09335E+003  /
 0: 8  2  1  1  3.94929E+003  3.94929E+003  3.94929E+003  3.94929E+003
 0:             3.97110E+003  4.01119E+003  4.06370E+003  4.12543E+003
 0:             4.19459E+003  4.30816E+003  4.39404E+003  4.48472E+003
 0:             4.57970E+003  4.67971E+003  4.78526E+003  4.89465E+003
 0:             5.02179E+003  5.15265E+003  5.28350E+003  5.41763E+003  /
 0: 9  2  1  1  4.42619E+003  4.42619E+003  4.42619E+003  4.42619E+003
 0:             4.44314E+003  4.47801E+003  4.52496E+003  4.58088E+003
 0:             4.64405E+003  4.71338E+003  4.80263E+003  4.90982E+003
 0:             4.99813E+003  5.09035E+003  5.18819E+003  5.29084E+003
 0:             5.40066E+003  5.51000E+003  5.62987E+003  5.75636E+003  /
 0: 10  2  1  1  4.89797E+003  4.89797E+003  4.89797E+003  4.89797E+003
 0:             4.91117E+003  4.94207E+003  4.98445E+003  5.03571E+003
 0:             5.09402E+003  5.15833E+003  5.22788E+003  5.30191E+003
 0:             5.41474E+003  5.50753E+003  5.60058E+003  5.69737E+003
 0:             5.79759E+003  5.90108E+003  6.01110E+003  6.12085E+003  /
 0: 1  3  1  1  5.14590E+002  5.14590E+002  7.13117E+002  9.34659E+002
 0:             1.15507E+003  1.37120E+003  1.58365E+003  1.79298E+003
 0:             1.99621E+003  2.19614E+003  2.38506E+003  2.55745E+003
 0:             2.72780E+003  2.90156E+003  3.05100E+003  3.22636E+003
 0:             3.38038E+003  3.55630E+003  3.73336E+003  3.90886E+003  /
 0: 2  3  1  1  1.02284E+003  1.02284E+003  1.06593E+003  1.20252E+003
 0:             1.38503E+003  1.57219E+003  1.75863E+003  1.94681E+003
 0:             2.13485E+003  2.31441E+003  2.48019E+003  2.64725E+003
 0:             2.80786E+003  2.95776E+003  3.13085E+003  3.28497E+003
 0:             3.45700E+003  3.62783E+003  3.79802E+003  3.96750E+003  /
 0: 3  3  1  1  1.53661E+003  1.53661E+003  1.53661E+003  1.60146E+003
 0:             1.72282E+003  1.86389E+003  2.01774E+003  2.17850E+003
 0:             2.33159E+003  2.49268E+003  2.63896E+003  2.80079E+003
 0:             2.96963E+003  3.11330E+003  3.27900E+003  3.44550E+003
 0:             3.60639E+003  3.77385E+003  3.93505E+003  4.10320E+003  /
 0: 4  3  1  1  2.04247E+003  2.04247E+003  2.04247E+003  2.08003E+003
 0:             2.15335E+003  2.24682E+003  2.37107E+003  2.49044E+003
 0:             2.61711E+003  2.74945E+003  2.89150E+003  3.03827E+003
 0:             3.18880E+003  3.34258E+003  3.49923E+003  3.65189E+003
 0:             3.80622E+003  3.96189E+003  4.11888E+003  4.28185E+003  /
 0: 5  3  1  1  2.55239E+003  2.55239E+003  2.55239E+003  2.57231E+003
 0:             2.62790E+003  2.70353E+003  2.79296E+003  2.89259E+003
 0:             3.00029E+003  3.13788E+003  3.26049E+003  3.38770E+003
 0:             3.51887E+003  3.65347E+003  3.79107E+003  3.93134E+003
 0:             4.07399E+003  4.21863E+003  4.36532E+003  4.51365E+003  /
 0: 6  3  1  1  3.05958E+003  3.05958E+003  3.05958E+003  3.06769E+003
 0:             3.11081E+003  3.17368E+003  3.24997E+003  3.33659E+003
 0:             3.43144E+003  3.53312E+003  3.64067E+003  3.75313E+003
 0:             3.87014E+003  3.99106E+003  4.13058E+003  4.25932E+003
 0:             4.40716E+003  4.54233E+003  4.67991E+003  4.81966E+003  /
 0: 7  3  1  1  3.56104E+003  3.56104E+003  3.56104E+003  3.56105E+003
 0:             3.59509E+003  3.64845E+003  3.71502E+003  3.79147E+003
 0:             3.87619E+003  3.96776E+003  4.06533E+003  4.16810E+003
 0:             4.27537E+003  4.38695E+003  4.50229E+003  4.62110E+003
 0:             4.74306E+003  4.86794E+003  4.99549E+003  5.12554E+003  /
 0: 8  3  1  1  4.04967E+003  4.04967E+003  4.04967E+003  4.04967E+003
 0:             4.07723E+003  4.12328E+003  4.18228E+003  4.25104E+003
 0:             4.32760E+003  4.41105E+003  4.50047E+003  4.59513E+003
 0:             4.69450E+003  4.79815E+003  4.90554E+003  5.01671E+003
 0:             5.13122E+003  5.24884E+003  5.36934E+003  5.49254E+003  /
 0: 9  3  1  1  4.53264E+003  4.53264E+003  4.53264E+003  4.53264E+003
 0:             4.55517E+003  4.59571E+003  4.64881E+003  4.71136E+003
 0:             4.78169E+003  4.85840E+003  4.94117E+003  5.02911E+003
 0:             5.12175E+003  5.21870E+003  5.31961E+003  5.42423E+003
 0:             5.53207E+003  5.64333E+003  5.75759E+003  5.87468E+003  /
 0: 10  3  1  1  5.00973E+003  5.00973E+003  5.00973E+003  5.00973E+003
 0:             5.02839E+003  5.06459E+003  5.11299E+003  5.17057E+003
 0:             5.23570E+003  5.30723E+003  5.38433E+003  5.46669E+003
 0:             5.55370E+003  5.64498E+003  5.74023E+003  5.83920E+003
 0:             5.94162E+003  6.04716E+003  6.15593E+003  6.26763E+003  /
 0: 1  4  1  1  5.52416E+002  5.52416E+002  7.81467E+002  1.01292E+003
 0:             1.22578E+003  1.41494E+003  1.62874E+003  1.83750E+003
 0:             2.04730E+003  2.24816E+003  2.45102E+003  2.65065E+003
 0:             2.84768E+003  3.04238E+003  3.23425E+003  3.43547E+003
 0:             3.62565E+003  3.82545E+003  4.01334E+003  4.21181E+003  /
 0: 2  4  1  1  1.07050E+003  1.07050E+003  1.11346E+003  1.25794E+003
 0:             1.41960E+003  1.60372E+003  1.79769E+003  1.99079E+003
 0:             2.18264E+003  2.36867E+003  2.56177E+003  2.75528E+003
 0:             2.94095E+003  3.13467E+003  3.31912E+003  3.51131E+003
 0:             3.69330E+003  3.88545E+003  4.07764E+003  4.26992E+003  /
 0: 3  4  1  1  1.61359E+003  1.61359E+003  1.61359E+003  1.69354E+003
 0:             1.80924E+003  1.94446E+003  2.10598E+003  2.27927E+003
 0:             2.44513E+003  2.61516E+003  2.78840E+003  2.96408E+003
 0:             3.14168E+003  3.32083E+003  3.50125E+003  3.68275E+003
 0:             3.86520E+003  4.04853E+003  4.23259E+003  4.42032E+003  /
 0: 4  4  1  1  2.13556E+003  2.13556E+003  2.13556E+003  2.18632E+003
 0:             2.27362E+003  2.38211E+003  2.50488E+003  2.63794E+003
 0:             2.77900E+003  2.92628E+003  3.07858E+003  3.23497E+003
 0:             3.39472E+003  3.55743E+003  3.72262E+003  3.88998E+003
 0:             4.05926E+003  4.23026E+003  4.40279E+003  4.57675E+003  /
 0: 5  4  1  1  2.66088E+003  2.66088E+003  2.66088E+003  2.69287E+003
 0:             2.76096E+003  2.85002E+003  2.95383E+003  3.06871E+003
 0:             3.19225E+003  3.32301E+003  3.45979E+003  3.60161E+003
 0:             3.74780E+003  3.89779E+003  4.05109E+003  4.20725E+003
 0:             4.36616E+003  4.52745E+003  4.69090E+003  4.85634E+003  /
 0: 6  4  1  1  3.18193E+003  3.18193E+003  3.18193E+003  3.20146E+003
 0:             3.25606E+003  3.33119E+003  3.42064E+003  3.52131E+003
 0:             3.63097E+003  3.74812E+003  3.87164E+003  4.00082E+003
 0:             4.13492E+003  4.27338E+003  4.41573E+003  4.56158E+003
 0:             4.71061E+003  4.86253E+003  5.01700E+003  5.17403E+003  /
 0: 7  4  1  1  3.69553E+003  3.69553E+003  3.69553E+003  3.70657E+003
 0:             3.75137E+003  3.81612E+003  3.89492E+003  3.98443E+003
 0:             4.08302E+003  4.18914E+003  4.30194E+003  4.42035E+003
 0:             4.54410E+003  4.67253E+003  4.80518E+003  4.94169E+003
 0:             5.08175E+003  5.22504E+003  5.37137E+003  5.52049E+003  /
 0: 8  4  1  1  4.20050E+003  4.20050E+003  4.20050E+003  4.20544E+003
 0:             4.24310E+003  4.30002E+003  4.37052E+003  4.45160E+003
 0:             4.54122E+003  4.63844E+003  4.74235E+003  4.85206E+003
 0:             4.96709E+003  5.08680E+003  5.21106E+003  5.33939E+003
 0:             5.47150E+003  5.60707E+003  5.74593E+003  5.88783E+003  /
 0: 9  4  1  1  4.69677E+003  4.69677E+003  4.69677E+003  4.69727E+003
 0:             4.72970E+003  4.78044E+003  4.84446E+003  4.91872E+003
 0:             5.00129E+003  5.09129E+003  5.18791E+003  5.29028E+003
 0:             5.39798E+003  5.51058E+003  5.62748E+003  5.74874E+003
 0:             5.87390E+003  6.00266E+003  6.13488E+003  6.27030E+003  /
 0: 10  4  1  1  5.18204E+003  5.18204E+003  5.18204E+003  5.18204E+003
 0:             5.21031E+003  5.25632E+003  5.31518E+003  5.38396E+003
 0:             5.46100E+003  5.54490E+003  5.63549E+003  5.73173E+003
 0:             5.83326E+003  5.93970E+003  6.05063E+003  6.16579E+003
 0:             6.28472E+003  6.40751E+003  6.53387E+003  6.66353E+003  /
 0: 1  5  1  1  5.79950E+002  5.79950E+002  7.95534E+002  1.03583E+003
 0:             1.27548E+003  1.51174E+003  1.74341E+003  1.96299E+003
 0:             2.18507E+003  2.40449E+003  2.62971E+003  2.84365E+003
 0:             3.06531E+003  3.28572E+003  3.50526E+003  3.71427E+003
 0:             3.92205E+003  4.13986E+003  4.35721E+003  4.56181E+003  /
 0: 2  5  1  1  1.11390E+003  1.11390E+003  1.17459E+003  1.33203E+003
 0:             1.52545E+003  1.72111E+003  1.92355E+003  2.12973E+003
 0:             2.33796E+003  2.54730E+003  2.75726E+003  2.96752E+003
 0:             3.18121E+003  3.35996E+003  3.57004E+003  3.78032E+003
 0:             3.99081E+003  4.20163E+003  4.41280E+003  4.62421E+003  /
 0: 3  5  1  1  1.68623E+003  1.68623E+003  1.68949E+003  1.78442E+003
 0:             1.91612E+003  2.06818E+003  2.23323E+003  2.40709E+003
 0:             2.58711E+003  2.77180E+003  2.95998E+003  3.15088E+003
 0:             3.34395E+003  3.53883E+003  3.73525E+003  3.93299E+003
 0:             4.13189E+003  4.33191E+003  4.53300E+003  4.73499E+003  /
 0: 4  5  1  1  2.22710E+003  2.22710E+003  2.22710E+003  2.29095E+003
 0:             2.39220E+003  2.51568E+003  2.65416E+003  2.80378E+003
 0:             2.96181E+003  3.12653E+003  3.29660E+003  3.47100E+003
 0:             3.64919E+003  3.83050E+003  4.01454E+003  4.20095E+003
 0:             4.38949E+003  4.57995E+003  4.77221E+003  4.96606E+003  /
 0: 5  5  1  1  2.76698E+003  2.76698E+003  2.76698E+003  2.81087E+003
 0:             2.89148E+003  2.99402E+003  3.11221E+003  3.24227E+003
 0:             3.38157E+003  3.52878E+003  3.68241E+003  3.84153E+003
 0:             4.00544E+003  4.17344E+003  4.34499E+003  4.51985E+003
 0:             4.69765E+003  4.87808E+003  5.06096E+003  5.24605E+003  /
 0: 6  5  1  1  3.30082E+003  3.30082E+003  3.30082E+003  3.33151E+003
 0:             3.39759E+003  3.48498E+003  3.58776E+003  3.70250E+003
 0:             3.82688E+003  3.95942E+003  4.09900E+003  4.24470E+003
 0:             4.39584E+003  4.55169E+003  4.71184E+003  4.87581E+003
 0:             5.04333E+003  5.21391E+003  5.38756E+003  5.56396E+003  /
 0: 7  5  1  1  3.82533E+003  3.82533E+003  3.82533E+003  3.84695E+003
 0:             3.90261E+003  3.97891E+003  4.06986E+003  4.17269E+003
 0:             4.28509E+003  4.40592E+003  4.53386E+003  4.66805E+003
 0:             4.80818E+003  4.95340E+003  5.10331E+003  5.25745E+003
 0:             5.41558E+003  5.57726E+003  5.74230E+003  5.91048E+003  /
 0: 8  5  1  1  4.33951E+003  4.33951E+003  4.33951E+003  4.35484E+003
 0:             4.40270E+003  4.47052E+003  4.55263E+003  4.64598E+003
 0:             4.74883E+003  4.86007E+003  4.97843E+003  5.10329E+003
 0:             5.23394E+003  5.37002E+003  5.51104E+003  5.65653E+003
 0:             5.80629E+003  5.95987E+003  6.11706E+003  6.27771E+003  /
 0: 9  5  1  1  4.84355E+003  4.84355E+003  4.84355E+003  4.85420E+003
 0:             4.89628E+003  4.95758E+003  5.03265E+003  5.11878E+003
 0:             5.21379E+003  5.31723E+003  5.42768E+003  5.54464E+003
 0:             5.66761E+003  5.79574E+003  5.92910E+003  6.06707E+003
 0:             6.20949E+003  6.35589E+003  6.50609E+003  6.65994E+003  /
 0: 10  5  1  1  5.33818E+003  5.33818E+003  5.33818E+003  5.34536E+003
 0:             5.38312E+003  5.43913E+003  5.50860E+003  5.58877E+003
 0:             5.67777E+003  5.77460E+003  5.87851E+003  5.98886E+003
 0:             6.10520E+003  6.22690E+003  6.35370E+003  6.48495E+003
 0:             6.62096E+003  6.76105E+003  6.90504E+003  7.05284E+003  /
 0: 1  6  1  1  6.14257E+002  6.14257E+002  8.40078E+002  1.10154E+003
 0:             1.35737E+003  1.60159E+003  1.84863E+003  2.09945E+003
 0:             2.34750E+003  2.59296E+003  2.82740E+003  3.05952E+003
 0:             3.28895E+003  3.52771E+003  3.75357E+003  3.99144E+003
 0:             4.22906E+003  4.45494E+003  4.69183E+003  4.92945E+003  /
 0: 2  6  1  1  1.15825E+003  1.15825E+003  1.23597E+003  1.39957E+003
 0:             1.59346E+003  1.80148E+003  2.03868E+003  2.26109E+003
 0:             2.48592E+003  2.71224E+003  2.93943E+003  3.16728E+003
 0:             3.39557E+003  3.63652E+003  3.86806E+003  4.10029E+003
 0:             4.33323E+003  4.56678E+003  4.80130E+003  4.94987E+003  /
 0: 3  6  1  1  1.74809E+003  1.74809E+003  1.76575E+003  1.87542E+003
 0:             2.02285E+003  2.19157E+003  2.37380E+003  2.56523E+003
 0:             2.76316E+003  2.96598E+003  3.17249E+003  3.38193E+003
 0:             3.59371E+003  3.80746E+003  4.02293E+003  4.23994E+003
 0:             4.45834E+003  4.67794E+003  4.89887E+003  5.12081E+003  /
 0: 4  6  1  1  2.31857E+003  2.31857E+003  2.31857E+003  2.39518E+003
 0:             2.51035E+003  2.64865E+003  2.80276E+003  2.96862E+003
 0:             3.14347E+003  3.32536E+003  3.51303E+003  3.70531E+003
 0:             3.90165E+003  4.10137E+003  4.30407E+003  4.50941E+003
 0:             4.71711E+003  4.92691E+003  5.13880E+003  5.35242E+003  /
 0: 5  6  1  1  2.87209E+003  2.87209E+003  2.87209E+003  2.92772E+003
 0:             3.02063E+003  3.13666E+003  3.26913E+003  3.41407E+003
 0:             3.56922E+003  3.73259E+003  3.90300E+003  4.07930E+003
 0:             4.26072E+003  4.44651E+003  4.63635E+003  4.82973E+003
 0:             5.02632E+003  5.22580E+003  5.42804E+003  5.63269E+003  /
 0: 6  6  1  1  3.41772E+003  3.41772E+003  3.41772E+003  3.45929E+003
 0:             3.53679E+003  3.63645E+003  3.75242E+003  3.88110E+003
 0:             4.02026E+003  4.16802E+003  4.32362E+003  4.48578E+003
 0:             4.65380E+003  4.82700E+003  5.00487E+003  5.18692E+003
 0:             5.37270E+003  5.56212E+003  5.75486E+003  5.95059E+003  /
 0: 7  6  1  1  3.95194E+003  3.95194E+003  3.95194E+003  3.98394E+003
 0:             4.05029E+003  4.13804E+003  4.24133E+003  4.35722E+003
 0:             4.48360E+003  4.61886E+003  4.76197E+003  4.91212E+003
 0:             5.06853E+003  5.23058E+003  5.39773E+003  5.56952E+003
 0:             5.74562E+003  5.92571E+003  6.10939E+003  6.29665E+003  /
 0: 8  6  1  1  4.47412E+003  4.47412E+003  4.47412E+003  4.49947E+003
 0:             4.55748E+003  4.63613E+003  4.72992E+003  4.83561E+003
 0:             4.95179E+003  5.07678E+003  5.20986E+003  5.34978E+003
 0:             5.49633E+003  5.64877E+003  5.80658E+003  5.96930E+003
 0:             6.13664E+003  6.30831E+003  6.48401E+003  6.66349E+003  /
 0: 9  6  1  1  4.98473E+003  4.98473E+003  4.98473E+003  5.00515E+003
 0:             5.05696E+003  5.12861E+003  5.21482E+003  5.31256E+003
 0:             5.42053E+003  5.53714E+003  5.66181E+003  5.79350E+003
 0:             5.93155E+003  6.07576E+003  6.22550E+003  6.38033E+003
 0:             6.53995E+003  6.70414E+003  6.87254E+003  7.04499E+003  /
 0: 10  6  1  1  5.48481E+003  5.48481E+003  5.48481E+003  5.50154E+003
 0:             5.54856E+003  5.61469E+003  5.69488E+003  5.78640E+003
 0:             5.88749E+003  5.99723E+003  6.11491E+003  6.23955E+003
 0:             6.37074E+003  6.50796E+003  6.65054E+003  6.79850E+003
 0:             6.95137E+003  7.10896E+003  7.27088E+003  7.43703E+003  /
 0: 
 0: TUNING
 0: 1* 5 /
 0: /
 0: /
 0: 
 0: -------------------
 0: -- DEFINE SEPARATOR
 0: -------------------
 0: 
 0: 
 0: 
 0: --------------------------
 0: -- DEFINE PRODUCTION WELLS
 0: --------------------------
 0: 
 0: WELSPECS
 0: P  GRP1 7 7 8465 OIL /
 0: PQ GRP1 4 4 8465 OIL /
 0: /
 0: 
 0: ---------------------
 0: -- DEFINE CONNECTIONS
 0: ---------------------
 0: 
 0: COMPDAT
 0: P  7 5 1 1 OPEN 1 1* 47 /
 0: P  7 6 1 1 OPEN 1 1* 47 /
 0: P  7 7 2 2 OPEN 1 1* 47 /
 0: P  7 8 3 3 OPEN 1 1* 47 /
 0: PQ 4 4 1 3 OPEN 1 1* 47 /
 0: /
 0: 
 0: 
 0: -------------------------------------------------------------
 0: -- WELL P IS ON THP CONTROL, PQ IS SHUT AND IN DRILLING QUEUE
 0: -------------------------------------------------------------
 0: 
 0: WCONPROD
 0: P  OPEN THP   1* 1* 1* 2* 200 3558 1 /
 0: PQ SHUT ORAT 100 1* 1* 2* 200 /
 0: /
 0: 
 0: QDRILL
 0: PQ /
 0: 
 0: ----------------------------------------------------------------
 0: -- WELL WILL SHUT IF IT OPERATES ON STABILISED PART OF VFP CURVE
 0: ----------------------------------------------------------------
 0: 
 0: WVFPEXP
 0: P 1* YES /
 0: /
 0: 
 0: TSTEP
 0: 10 20 70 /
 0: 
 0: -----------------------------------
 0: -- RE-OPEN WELL ON LOWER THP TARGET
 0: -----------------------------------
 0: 
 0: WCONPROD
 0: P OPEN THP 1* 1* 1* 2* 200 3200 1 /
 0: /
 0: 
 0: --------------------------------------------------------
 0: -- USE EXPLICIT WATER AND GAS FRACTIONS IN TABLE LOOK-UP
 0: --------------------------------------------------------
 0: 
 0: WVFPEXP
 0: P EXP /
 0: /
 0: 
 0: ---------------------------------------------------------------------
 0: -- SHOULD THE FIELD GAS POTENTIAL DROP BELOW 25,000 MSCF/DAY DRILL PQ
 0: ---------------------------------------------------------------------
 0: 
 0: GDRILPOT
 0: FIELD GPRD 25000 /
 0: /
 0: 
 0: 
 0: TSTEP
 0: 50 150 /
 0: 
 0: 
 0: END

 ******** END OF INPUT DATA FOR RUN VFPEXP
     1 READING RUNSPEC 
     2 READING SKIP100 
       SKIPPING KEYWORDS
     3 READING ENDSKIP 
     4 READING FIELD   
     5 READING OIL     
     6 READING GAS     
     7 READING WATER   
     8 READING SKIP300 
     9 READING DISGAS  
    10 READING VAPOIL  
    11 READING ENDSKIP 
    12 READING SKIP100 
       SKIPPING KEYWORDS
    13 READING ENDSKIP 
    14 READING DIMENS  
    15 READING TABDIMS 
    16 READING VFPPDIMS
    17 READING WELLDIMS
    18 READING START   
    19 READING GRID    

 @--MESSAGE  AT TIME        0.0   DAYS    ( 1-JAN-2000):
 @           CHECKING FOR LICENSES                                           

 @--MESSAGE  AT TIME        0.0   DAYS    ( 1-JAN-2000):
 @           THE MEMORY REQUIRED TO PROCESS THE GRID SECTION IS              
 @               133752 BYTES                                                
    22 READING DX      
    23 READING DY      
    24 READING DZ      
    25 READING TOPS    

 @--WARNING  AT TIME        0.0   DAYS    ( 1-JAN-2000):
 @              243 VALUES NOT DEFINED IN BOX (  1-  9,  1-  9,  1-  4)      
 @           OF KEYWORD TOPS                                                 
    26 READING EQUALS  
    27 READING PROPS   

 @--MESSAGE  AT TIME        0.0   DAYS    ( 1-JAN-2000):
 @           UNSPECIFIED TOPS VALUES OBTAINED BY ADDING DZ                   
 @           TO TOPS VALUE FOR LAYER ABOVE                                   

 @--MESSAGE  AT TIME        0.0   DAYS    ( 1-JAN-2000):
 @           NEITHER OLDTRAN,OLDTRANR NOR NEWTRAN SPECIFIED                  
 @           BLOCK CENTRE TRANSMISSIBILITIES TO BE CALCULATED                
 @           USING  OLDTRAN                                                  

 @--COMMENT  AT TIME        0.0   DAYS    ( 1-JAN-2000):
 @           NO NON-NEIGHBOUR CONNECTIONS FOUND                              

 @--MESSAGE  AT TIME        0.0   DAYS    ( 1-JAN-2000):
 @           NUMBER OF ACTIVE CELLS IS 324                                   

 @--MESSAGE  AT TIME        0.0   DAYS    ( 1-JAN-2000):
 @           THE MEMORY REQUIRED TO PROCESS THE SOLUTION SECTION IS          
 @                 1676 KBYTES                                               

 @--MESSAGE  AT TIME        0.0   DAYS    ( 1-JAN-2000):
 @              58548 CHARACTER VARIABLES USED                               
    28 READING DENSITY 
    29 READING PVTG    
    30 READING PVTO    
    31 READING SWFN    
    32 READING SGFN    
    33 READING SOF3    
    34 READING ROCK    
    35 READING PVTW    
    36 READING SOLUTION
    37 READING RSVD    
    38 READING RVVD    
    39 READING DATUM   
    40 READING EQUIL   
    41 READING RPTSOL  
    42 READING SUMMARY 
1                             **********************************************************************   1
  OIL-VISC AT     0.00   DAYS *                                                                        * ECLIPSE  VERSION 2009.1     
  REPORT   0     1 JAN 2000   *  RUN                                                                   * RUN AT 02:09 ON 05 JLY 2015 
                              **************************************************************************

 UNITS  CPOISE         

 MINIMUM VALUE =  0.30446  AT (  1,  1,  1)     MAXIMUM VALUE =  0.31694  AT (  1,  1,  4)                                           

 (I,  J,  K) I=  1       2       3       4       5       6       7       8       9

 (*,  1,  1)  0.30446 0.30446 0.30446 0.30446 0.30446 0.30446 0.30446 0.30446 0.30446
 (*,  2,  1)  0.30446 0.30446 0.30446 0.30446 0.30446 0.30446 0.30446 0.30446 0.30446
 (*,  3,  1)  0.30446 0.30446 0.30446 0.30446 0.30446 0.30446 0.30446 0.30446 0.30446
 (*,  4,  1)  0.30446 0.30446 0.30446 0.30446 0.30446 0.30446 0.30446 0.30446 0.30446
 (*,  5,  1)  0.30446 0.30446 0.30446 0.30446 0.30446 0.30446 0.30446 0.30446 0.30446
 (*,  6,  1)  0.30446 0.30446 0.30446 0.30446 0.30446 0.30446 0.30446 0.30446 0.30446
 (*,  7,  1)  0.30446 0.30446 0.30446 0.30446 0.30446 0.30446 0.30446 0.30446 0.30446
 (*,  8,  1)  0.30446 0.30446 0.30446 0.30446 0.30446 0.30446 0.30446 0.30446 0.30446
 (*,  9,  1)  0.30446 0.30446 0.30446 0.30446 0.30446 0.30446 0.30446 0.30446 0.30446

 (I,  J,  K) I=  1       2       3       4       5       6       7       8       9

 (*,  1,  2)  0.30562 0.30562 0.30562 0.30562 0.30562 0.30562 0.30562 0.30562 0.30562
 (*,  2,  2)  0.30562 0.30562 0.30562 0.30562 0.30562 0.30562 0.30562 0.30562 0.30562
 (*,  3,  2)  0.30562 0.30562 0.30562 0.30562 0.30562 0.30562 0.30562 0.30562 0.30562
 (*,  4,  2)  0.30562 0.30562 0.30562 0.30562 0.30562 0.30562 0.30562 0.30562 0.30562
 (*,  5,  2)  0.30562 0.30562 0.30562 0.30562 0.30562 0.30562 0.30562 0.30562 0.30562
 (*,  6,  2)  0.30562 0.30562 0.30562 0.30562 0.30562 0.30562 0.30562 0.30562 0.30562
 (*,  7,  2)  0.30562 0.30562 0.30562 0.30562 0.30562 0.30562 0.30562 0.30562 0.30562
 (*,  8,  2)  0.30562 0.30562 0.30562 0.30562 0.30562 0.30562 0.30562 0.30562 0.30562
 (*,  9,  2)  0.30562 0.30562 0.30562 0.30562 0.30562 0.30562 0.30562 0.30562 0.30562

 (I,  J,  K) I=  1       2       3       4       5       6       7       8       9

 (*,  1,  3)  0.31033 0.31033 0.31033 0.31033 0.31033 0.31033 0.31033 0.31033 0.31033
 (*,  2,  3)  0.31033 0.31033 0.31033 0.31033 0.31033 0.31033 0.31033 0.31033 0.31033
 (*,  3,  3)  0.31033 0.31033 0.31033 0.31033 0.31033 0.31033 0.31033 0.31033 0.31033
 (*,  4,  3)  0.31033 0.31033 0.31033 0.31033 0.31033 0.31033 0.31033 0.31033 0.31033
 (*,  5,  3)  0.31033 0.31033 0.31033 0.31033 0.31033 0.31033 0.31033 0.31033 0.31033
 (*,  6,  3)  0.31033 0.31033 0.31033 0.31033 0.31033 0.31033 0.31033 0.31033 0.31033
 (*,  7,  3)  0.31033 0.31033 0.31033 0.31033 0.31033 0.31033 0.31033 0.31033 0.31033
 (*,  8,  3)  0.31033 0.31033 0.31033 0.31033 0.31033 0.31033 0.31033 0.31033 0.31033
 (*,  9,  3)  0.31033 0.31033 0.31033 0.31033 0.31033 0.31033 0.31033 0.31033 0.31033

 (I,  J,  K) I=  1       2       3       4       5       6       7       8       9

 (*,  1,  4)  0.31694 0.31694 0.31694 0.31694 0.31694 0.31694 0.31694 0.31694 0.31694
 (*,  2,  4)  0.31694 0.31694 0.31694 0.31694 0.31694 0.31694 0.31694 0.31694 0.31694
 (*,  3,  4)  0.31694 0.31694 0.31694 0.31694 0.31694 0.31694 0.31694 0.31694 0.31694
 (*,  4,  4)  0.31694 0.31694 0.31694 0.31694 0.31694 0.31694 0.31694 0.31694 0.31694
 (*,  5,  4)  0.31694 0.31694 0.31694 0.31694 0.31694 0.31694 0.31694 0.31694 0.31694
 (*,  6,  4)  0.31694 0.31694 0.31694 0.31694 0.31694 0.31694 0.31694 0.31694 0.31694
 (*,  7,  4)  0.31694 0.31694 0.31694 0.31694 0.31694 0.31694 0.31694 0.31694 0.31694
 (*,  8,  4)  0.31694 0.31694 0.31694 0.31694 0.31694 0.31694 0.31694 0.31694 0.31694
 (*,  9,  4)  0.31694 0.31694 0.31694 0.31694 0.31694 0.31694 0.31694 0.31694 0.31694
1                             **********************************************************************   2
  OIL-DEN  AT     0.00   DAYS *                                                                        * ECLIPSE  VERSION 2009.1     
  REPORT   0     1 JAN 2000   *  RUN                                                                   * RUN AT 02:09 ON 05 JLY 2015 
                              **************************************************************************

 UNITS  LB/FT3         

 MINIMUM VALUE =  37.6663  AT (  1,  1,  1)     MAXIMUM VALUE =  37.8776  AT (  1,  1,  4)                                           

 (I,  J,  K) I=  1       2       3       4       5       6       7       8       9

 (*,  1,  1)  37.6663 37.6663 37.6663 37.6663 37.6663 37.6663 37.6663 37.6663 37.6663
 (*,  2,  1)  37.6663 37.6663 37.6663 37.6663 37.6663 37.6663 37.6663 37.6663 37.6663
 (*,  3,  1)  37.6663 37.6663 37.6663 37.6663 37.6663 37.6663 37.6663 37.6663 37.6663
 (*,  4,  1)  37.6663 37.6663 37.6663 37.6663 37.6663 37.6663 37.6663 37.6663 37.6663
 (*,  5,  1)  37.6663 37.6663 37.6663 37.6663 37.6663 37.6663 37.6663 37.6663 37.6663
 (*,  6,  1)  37.6663 37.6663 37.6663 37.6663 37.6663 37.6663 37.6663 37.6663 37.6663
 (*,  7,  1)  37.6663 37.6663 37.6663 37.6663 37.6663 37.6663 37.6663 37.6663 37.6663
 (*,  8,  1)  37.6663 37.6663 37.6663 37.6663 37.6663 37.6663 37.6663 37.6663 37.6663
 (*,  9,  1)  37.6663 37.6663 37.6663 37.6663 37.6663 37.6663 37.6663 37.6663 37.6663

 (I,  J,  K) I=  1       2       3       4       5       6       7       8       9

 (*,  1,  2)  37.6892 37.6892 37.6892 37.6892 37.6892 37.6892 37.6892 37.6892 37.6892
 (*,  2,  2)  37.6892 37.6892 37.6892 37.6892 37.6892 37.6892 37.6892 37.6892 37.6892
 (*,  3,  2)  37.6892 37.6892 37.6892 37.6892 37.6892 37.6892 37.6892 37.6892 37.6892
 (*,  4,  2)  37.6892 37.6892 37.6892 37.6892 37.6892 37.6892 37.6892 37.6892 37.6892
 (*,  5,  2)  37.6892 37.6892 37.6892 37.6892 37.6892 37.6892 37.6892 37.6892 37.6892
 (*,  6,  2)  37.6892 37.6892 37.6892 37.6892 37.6892 37.6892 37.6892 37.6892 37.6892
 (*,  7,  2)  37.6892 37.6892 37.6892 37.6892 37.6892 37.6892 37.6892 37.6892 37.6892
 (*,  8,  2)  37.6892 37.6892 37.6892 37.6892 37.6892 37.6892 37.6892 37.6892 37.6892
 (*,  9,  2)  37.6892 37.6892 37.6892 37.6892 37.6892 37.6892 37.6892 37.6892 37.6892

 (I,  J,  K) I=  1       2       3       4       5       6       7       8       9

 (*,  1,  3)  37.7690 37.7690 37.7690 37.7690 37.7690 37.7690 37.7690 37.7690 37.7690
 (*,  2,  3)  37.7690 37.7690 37.7690 37.7690 37.7690 37.7690 37.7690 37.7690 37.7690
 (*,  3,  3)  37.7690 37.7690 37.7690 37.7690 37.7690 37.7690 37.7690 37.7690 37.7690
 (*,  4,  3)  37.7690 37.7690 37.7690 37.7690 37.7690 37.7690 37.7690 37.7690 37.7690
 (*,  5,  3)  37.7690 37.7690 37.7690 37.7690 37.7690 37.7690 37.7690 37.7690 37.7690
 (*,  6,  3)  37.7690 37.7690 37.7690 37.7690 37.7690 37.7690 37.7690 37.7690 37.7690
 (*,  7,  3)  37.7690 37.7690 37.7690 37.7690 37.7690 37.7690 37.7690 37.7690 37.7690
 (*,  8,  3)  37.7690 37.7690 37.7690 37.7690 37.7690 37.7690 37.7690 37.7690 37.7690
 (*,  9,  3)  37.7690 37.7690 37.7690 37.7690 37.7690 37.7690 37.7690 37.7690 37.7690

 (I,  J,  K) I=  1       2       3       4       5       6       7       8       9

 (*,  1,  4)  37.8776 37.8776 37.8776 37.8776 37.8776 37.8776 37.8776 37.8776 37.8776
 (*,  2,  4)  37.8776 37.8776 37.8776 37.8776 37.8776 37.8776 37.8776 37.8776 37.8776
 (*,  3,  4)  37.8776 37.8776 37.8776 37.8776 37.8776 37.8776 37.8776 37.8776 37.8776
 (*,  4,  4)  37.8776 37.8776 37.8776 37.8776 37.8776 37.8776 37.8776 37.8776 37.8776
 (*,  5,  4)  37.8776 37.8776 37.8776 37.8776 37.8776 37.8776 37.8776 37.8776 37.8776
 (*,  6,  4)  37.8776 37.8776 37.8776 37.8776 37.8776 37.8776 37.8776 37.8776 37.8776
 (*,  7,  4)  37.8776 37.8776 37.8776 37.8776 37.8776 37.8776 37.8776 37.8776 37.8776
 (*,  8,  4)  37.8776 37.8776 37.8776 37.8776 37.8776 37.8776 37.8776 37.8776 37.8776
 (*,  9,  4)  37.8776 37.8776 37.8776 37.8776 37.8776 37.8776 37.8776 37.8776 37.8776
1                             **********************************************************************   3
  1/FVFOIL AT     0.00   DAYS *                                                                        * ECLIPSE  VERSION 2009.1     
  REPORT   0     1 JAN 2000   *  RUN                                                                   * RUN AT 02:09 ON 05 JLY 2015 
                              **************************************************************************

 UNITS  RB/STB         

 MINIMUM VALUE =  0.56295  AT (  1,  1,  2)     MAXIMUM VALUE =  0.56576  AT (  1,  1,  4)                                           

 (I,  J,  K) I=  1       2       3       4       5       6       7       8       9

 (*,  1,  1)  0.56327 0.56327 0.56327 0.56327 0.56327 0.56327 0.56327 0.56327 0.56327
 (*,  2,  1)  0.56327 0.56327 0.56327 0.56327 0.56327 0.56327 0.56327 0.56327 0.56327
 (*,  3,  1)  0.56327 0.56327 0.56327 0.56327 0.56327 0.56327 0.56327 0.56327 0.56327
 (*,  4,  1)  0.56327 0.56327 0.56327 0.56327 0.56327 0.56327 0.56327 0.56327 0.56327
 (*,  5,  1)  0.56327 0.56327 0.56327 0.56327 0.56327 0.56327 0.56327 0.56327 0.56327
 (*,  6,  1)  0.56327 0.56327 0.56327 0.56327 0.56327 0.56327 0.56327 0.56327 0.56327
 (*,  7,  1)  0.56327 0.56327 0.56327 0.56327 0.56327 0.56327 0.56327 0.56327 0.56327
 (*,  8,  1)  0.56327 0.56327 0.56327 0.56327 0.56327 0.56327 0.56327 0.56327 0.56327
 (*,  9,  1)  0.56327 0.56327 0.56327 0.56327 0.56327 0.56327 0.56327 0.56327 0.56327

 (I,  J,  K) I=  1       2       3       4       5       6       7       8       9

 (*,  1,  2)  0.56295 0.56295 0.56295 0.56295 0.56295 0.56295 0.56295 0.56295 0.56295
 (*,  2,  2)  0.56295 0.56295 0.56295 0.56295 0.56295 0.56295 0.56295 0.56295 0.56295
 (*,  3,  2)  0.56295 0.56295 0.56295 0.56295 0.56295 0.56295 0.56295 0.56295 0.56295
 (*,  4,  2)  0.56295 0.56295 0.56295 0.56295 0.56295 0.56295 0.56295 0.56295 0.56295
 (*,  5,  2)  0.56295 0.56295 0.56295 0.56295 0.56295 0.56295 0.56295 0.56295 0.56295
 (*,  6,  2)  0.56295 0.56295 0.56295 0.56295 0.56295 0.56295 0.56295 0.56295 0.56295
 (*,  7,  2)  0.56295 0.56295 0.56295 0.56295 0.56295 0.56295 0.56295 0.56295 0.56295
 (*,  8,  2)  0.56295 0.56295 0.56295 0.56295 0.56295 0.56295 0.56295 0.56295 0.56295
 (*,  9,  2)  0.56295 0.56295 0.56295 0.56295 0.56295 0.56295 0.56295 0.56295 0.56295

 (I,  J,  K) I=  1       2       3       4       5       6       7       8       9

 (*,  1,  3)  0.56414 0.56414 0.56414 0.56414 0.56414 0.56414 0.56414 0.56414 0.56414
 (*,  2,  3)  0.56414 0.56414 0.56414 0.56414 0.56414 0.56414 0.56414 0.56414 0.56414
 (*,  3,  3)  0.56414 0.56414 0.56414 0.56414 0.56414 0.56414 0.56414 0.56414 0.56414
 (*,  4,  3)  0.56414 0.56414 0.56414 0.56414 0.56414 0.56414 0.56414 0.56414 0.56414
 (*,  5,  3)  0.56414 0.56414 0.56414 0.56414 0.56414 0.56414 0.56414 0.56414 0.56414
 (*,  6,  3)  0.56414 0.56414 0.56414 0.56414 0.56414 0.56414 0.56414 0.56414 0.56414
 (*,  7,  3)  0.56414 0.56414 0.56414 0.56414 0.56414 0.56414 0.56414 0.56414 0.56414
 (*,  8,  3)  0.56414 0.56414 0.56414 0.56414 0.56414 0.56414 0.56414 0.56414 0.56414
 (*,  9,  3)  0.56414 0.56414 0.56414 0.56414 0.56414 0.56414 0.56414 0.56414 0.56414

 (I,  J,  K) I=  1       2       3       4       5       6       7       8       9

 (*,  1,  4)  0.56576 0.56576 0.56576 0.56576 0.56576 0.56576 0.56576 0.56576 0.56576
 (*,  2,  4)  0.56576 0.56576 0.56576 0.56576 0.56576 0.56576 0.56576 0.56576 0.56576
 (*,  3,  4)  0.56576 0.56576 0.56576 0.56576 0.56576 0.56576 0.56576 0.56576 0.56576
 (*,  4,  4)  0.56576 0.56576 0.56576 0.56576 0.56576 0.56576 0.56576 0.56576 0.56576
 (*,  5,  4)  0.56576 0.56576 0.56576 0.56576 0.56576 0.56576 0.56576 0.56576 0.56576
 (*,  6,  4)  0.56576 0.56576 0.56576 0.56576 0.56576 0.56576 0.56576 0.56576 0.56576
 (*,  7,  4)  0.56576 0.56576 0.56576 0.56576 0.56576 0.56576 0.56576 0.56576 0.56576
 (*,  8,  4)  0.56576 0.56576 0.56576 0.56576 0.56576 0.56576 0.56576 0.56576 0.56576
 (*,  9,  4)  0.56576 0.56576 0.56576 0.56576 0.56576 0.56576 0.56576 0.56576 0.56576
    43 READING FGPP    
    44 READING WBHP    
    45 READING WTHP    
    46 READING WGPR    
    47 READING WWPR    
    48 READING RUNSUM  
    49 READING RPTONLY 
    50 READING SCHEDULE
    51 READING VFPPROD 
    52 READING TUNING  
    53 READING SKIP100 
       SKIPPING KEYWORDS
    54 READING ENDSKIP 
    55 READING WELSPECS
    56 READING COMPDAT 
    57 READING WCONPROD
    58 READING QDRILL  
    59 READING WVFPEXP 
    60 READING TSTEP   
1                             **********************************************************************   4
  SIMULATE AT     0.00   DAYS *                                                                        * ECLIPSE  VERSION 2009.1     
  REPORT   0     1 JAN 2000   *  RUN                                                                   * RUN AT 02:09 ON 05 JLY 2015 
                              **************************************************************************

 STEP    1 TIME=    1.00  DAYS (  +1.0  DAYS INIT  4 ITS) (2-JAN-2000)           
  PAV=  4411.2  PSIA   WCT= 0.00 GOR=     1.45 MSCF/STB WGR= 0.00000  STB/MSCF   

 @--WARNING  AT TIME        1.0   DAYS    ( 2-JAN-2000):
 @           WELL P        CANNOT PRODUCE AT THE REQUIRED T.H.P.             

 @--MESSAGE  AT TIME        1.0   DAYS    ( 2-JAN-2000):
 @           WELL P        CANNOT OPERATE UNDER THE CURRENT                  
 @           RESERVOIR CONDITIONS IN NON-LINEAR ITERATION   0.               
 @           ITS IPR IS    Q(P)  =  A  -  BHP * B ,   WHERE:                 
 @           A(O,W,G) =   2.3327E+07  0.0000E+00  3.3774E+07                 
 @           B(O,W,G) =   5.3781E+03  0.0000E+00  7.7866E+03 .               
 @           LAST CONVERGED SOLUTION:                                        
 @               ORAT        WRAT        GRAT        BHP         THP         
 @             6.7720E+03  0.0000E+00  9.8047E+03  4.3423E+03  3.5580E+03    
 @           THE WELL IS   SHUT  FOR THE ITERATION.                          

 @--MESSAGE  AT TIME        1.0   DAYS    ( 2-JAN-2000):
 @           WELL P        IS REVIVED FOR ITERATION   1                      

 @--MESSAGE  AT TIME        1.0   DAYS    ( 2-JAN-2000):
 @           WELL P        HAS A NEGATIVE PRODUCTION RATE                    
 @           DURING NON-LINEAR ITERATION   1.                                
 @           ITS IPR IS   Q(P) = A - BHP * B ,  WHERE:                       
 @           A(O,W,G) =   6.3324E+06  0.0000E+00  5.3377E+07                 
 @           B(O,W,G) =   1.4591E+03  0.0000E+00  1.2299E+04 .               
 @           LAST CONVERGED SOLUTION:                                        
 @               ORAT        WRAT        GRAT        BHP         THP         
 @             0.0000E+00  0.0000E+00  0.0000E+00  4.0521E+03  0.0000E+00    
 @           THE WELL IS   SHUT  FOR THE ITERATION.                          

 @--MESSAGE  AT TIME        1.0   DAYS    ( 2-JAN-2000):
 @           WELL P        IS REVIVED FOR ITERATION   2                      

 @--WARNING  AT TIME        1.0   DAYS    ( 2-JAN-2000):
 @           WELL P        CANNOT PRODUCE AT THE REQUIRED T.H.P.             

 @--MESSAGE  AT TIME        1.0   DAYS    ( 2-JAN-2000):
 @           WELL P        CANNOT OPERATE UNDER THE CURRENT                  
 @           RESERVOIR CONDITIONS IN NON-LINEAR ITERATION   3.               
 @           ITS IPR IS    Q(P)  =  A  -  BHP * B ,   WHERE:                 
 @           A(O,W,G) =   6.3358E+06  0.0000E+00  5.3481E+07                 
 @           B(O,W,G) =   1.4599E+03  0.0000E+00  1.2323E+04 .               
 @           LAST CONVERGED SOLUTION:                                        
 @               ORAT        WRAT        GRAT        BHP         THP         
 @             2.5910E+02  0.0000E+00  2.1840E+03  4.3401E+03  3.5580E+03    
 @           THE WELL IS   SHUT  FOR THE ITERATION.                          

 @--MESSAGE  AT TIME        1.0   DAYS    ( 2-JAN-2000):
 @           ****************************************************************
 @           * WELL P        IS  SHUT   AT TIME       1.00   DAYS   BECAUSE *
 @           * IT CANNOT OPERATE AT CURRENT RESERVOIR CONDITIONS.           *
 @           ****************************************************************

 STEP    2 TIME=    4.00  DAYS (  +3.0  DAYS MAXF  6 ITS) (5-JAN-2000)           
  PAV=  4411.2  PSIA   WCT= 0.00 GOR= 0.00000  MSCF/STB WGR= 0.00000  STB/MSCF   

 STEP    3 TIME=    7.00  DAYS (  +3.0  DAYS HALF  1 ITS) (8-JAN-2000)           
  PAV=  4411.2  PSIA   WCT= 0.00 GOR= 0.00000  MSCF/STB WGR= 0.00000  STB/MSCF   

 STEP    4 TIME=   10.00  DAYS (  +3.0  DAYS REPT  1 ITS) (11-JAN-2000)          
  PAV=  4411.2  PSIA   WCT= 0.00 GOR= 0.00000  MSCF/STB WGR= 0.00000  STB/MSCF   
1                             **********************************************************************   5
  SIMULATE AT    10.00   DAYS *                                                                        * ECLIPSE  VERSION 2009.1     
  REPORT   1    11 JAN 2000   *  RUN                                                                   * RUN AT 02:09 ON 05 JLY 2015 
                              **************************************************************************

 STEP    5 TIME=   15.00  DAYS (  +5.0  DAYS MAXS  1 ITS) (16-JAN-2000)          
  PAV=  4411.2  PSIA   WCT= 0.00 GOR= 0.00000  MSCF/STB WGR= 0.00000  STB/MSCF   

 STEP    6 TIME=   20.00  DAYS (  +5.0  DAYS MAXS  1 ITS) (21-JAN-2000)          
  PAV=  4411.2  PSIA   WCT= 0.00 GOR= 0.00000  MSCF/STB WGR= 0.00000  STB/MSCF   

 STEP    7 TIME=   25.00  DAYS (  +5.0  DAYS MAXS  1 ITS) (26-JAN-2000)          
  PAV=  4411.2  PSIA   WCT= 0.00 GOR= 0.00000  MSCF/STB WGR= 0.00000  STB/MSCF   

 STEP    8 TIME=   30.00  DAYS (  +5.0  DAYS REPT  1 ITS) (31-JAN-2000)          
  PAV=  4411.2  PSIA   WCT= 0.00 GOR= 0.00000  MSCF/STB WGR= 0.00000  STB/MSCF   
1                             **********************************************************************   6
  SIMULATE AT    30.00   DAYS *                                                                        * ECLIPSE  VERSION 2009.1     
  REPORT   2    31 JAN 2000   *  RUN                                                                   * RUN AT 02:09 ON 05 JLY 2015 
                              **************************************************************************

 STEP    9 TIME=   35.00  DAYS (  +5.0  DAYS MAXS  1 ITS) (5-FEB-2000)           
  PAV=  4411.2  PSIA   WCT= 0.00 GOR= 0.00000  MSCF/STB WGR= 0.00000  STB/MSCF   

 STEP   10 TIME=   40.00  DAYS (  +5.0  DAYS MAXS  1 ITS) (10-FEB-2000)          
  PAV=  4411.2  PSIA   WCT= 0.00 GOR= 0.00000  MSCF/STB WGR= 0.00000  STB/MSCF   

 STEP   11 TIME=   45.00  DAYS (  +5.0  DAYS MAXS  1 ITS) (15-FEB-2000)          
  PAV=  4411.2  PSIA   WCT= 0.00 GOR= 0.00000  MSCF/STB WGR= 0.00000  STB/MSCF   

 STEP   12 TIME=   50.00  DAYS (  +5.0  DAYS MAXS  1 ITS) (20-FEB-2000)          
  PAV=  4411.2  PSIA   WCT= 0.00 GOR= 0.00000  MSCF/STB WGR= 0.00000  STB/MSCF   

 STEP   13 TIME=   55.00  DAYS (  +5.0  DAYS MAXS  1 ITS) (25-FEB-2000)          
  PAV=  4411.2  PSIA   WCT= 0.00 GOR= 0.00000  MSCF/STB WGR= 0.00000  STB/MSCF   

 STEP   14 TIME=   60.00  DAYS (  +5.0  DAYS MAXS  1 ITS) (1-MAR-2000)           
  PAV=  4411.2  PSIA   WCT= 0.00 GOR= 0.00000  MSCF/STB WGR= 0.00000  STB/MSCF   

 STEP   15 TIME=   65.00  DAYS (  +5.0  DAYS MAXS  1 ITS) (6-MAR-2000)           
  PAV=  4411.2  PSIA   WCT= 0.00 GOR= 0.00000  MSCF/STB WGR= 0.00000  STB/MSCF   

 STEP   16 TIME=   70.00  DAYS (  +5.0  DAYS MAXS  1 ITS) (11-MAR-2000)          
  PAV=  4411.2  PSIA   WCT= 0.00 GOR= 0.00000  MSCF/STB WGR= 0.00000  STB/MSCF   

 STEP   17 TIME=   75.00  DAYS (  +5.0  DAYS MAXS  1 ITS) (16-MAR-2000)          
  PAV=  4411.2  PSIA   WCT= 0.00 GOR= 0.00000  MSCF/STB WGR= 0.00000  STB/MSCF   

 STEP   18 TIME=   80.00  DAYS (  +5.0  DAYS MAXS  1 ITS) (21-MAR-2000)          
  PAV=  4411.2  PSIA   WCT= 0.00 GOR= 0.00000  MSCF/STB WGR= 0.00000  STB/MSCF   

 STEP   19 TIME=   85.00  DAYS (  +5.0  DAYS MAXS  1 ITS) (26-MAR-2000)          
  PAV=  4411.2  PSIA   WCT= 0.00 GOR= 0.00000  MSCF/STB WGR= 0.00000  STB/MSCF   

 STEP   20 TIME=   90.00  DAYS (  +5.0  DAYS MAXS  1 ITS) (31-MAR-2000)          
  PAV=  4411.2  PSIA   WCT= 0.00 GOR= 0.00000  MSCF/STB WGR= 0.00000  STB/MSCF   

 STEP   21 TIME=   95.00  DAYS (  +5.0  DAYS MAXS  1 ITS) (5-APR-2000)           
  PAV=  4411.2  PSIA   WCT= 0.00 GOR= 0.00000  MSCF/STB WGR= 0.00000  STB/MSCF   

 STEP   22 TIME=  100.00  DAYS (  +5.0  DAYS REPT  1 ITS) (10-APR-2000)          
  PAV=  4411.2  PSIA   WCT= 0.00 GOR= 0.00000  MSCF/STB WGR= 0.00000  STB/MSCF   
    61 READING WCONPROD
    62 READING WVFPEXP 
    63 READING GDRILPOT
    64 READING TSTEP   
1                             **********************************************************************   7
  SIMULATE AT   100.00   DAYS *                                                                        * ECLIPSE  VERSION 2009.1     
  REPORT   3    10 APR 2000   *  RUN                                                                   * RUN AT 02:09 ON 05 JLY 2015 
                              **************************************************************************

 STEP   23 TIME=  105.00  DAYS (  +5.0  DAYS MAXS  4 ITS) (15-APR-2000)          
  PAV=  4374.9  PSIA   WCT=0.000 GOR=     4.14 MSCF/STB WGR=   0.0000 STB/MSCF   

 STEP   24 TIME=  110.00  DAYS (  +5.0  DAYS MAXS  3 ITS) (20-APR-2000)          
  PAV=  4346.7  PSIA   WCT=0.000 GOR=     6.05 MSCF/STB WGR=   0.0001 STB/MSCF   

 STEP   25 TIME=  115.00  DAYS (  +5.0  DAYS MAXS  2 ITS) (25-APR-2000)          
  PAV=  4319.7  PSIA   WCT=0.001 GOR=     5.85 MSCF/STB WGR=   0.0002 STB/MSCF   

 STEP   26 TIME=  120.00  DAYS (  +5.0  DAYS MAXS  2 ITS) (30-APR-2000)          
  PAV=  4294.7  PSIA   WCT=0.002 GOR=     5.91 MSCF/STB WGR=   0.0003 STB/MSCF   

 STEP   27 TIME=  125.00  DAYS (  +5.0  DAYS MAXS  2 ITS) (5-MAY-2000)           
  PAV=  4272.0  PSIA   WCT=0.003 GOR=     5.96 MSCF/STB WGR=   0.0005 STB/MSCF   

 STEP   28 TIME=  130.00  DAYS (  +5.0  DAYS MAXS  3 ITS) (10-MAY-2000)          
  PAV=  4252.4  PSIA   WCT=0.004 GOR=     6.04 MSCF/STB WGR=   0.0007 STB/MSCF   

 STEP   29 TIME=  135.00  DAYS (  +5.0  DAYS MAXS  2 ITS) (15-MAY-2000)          
  PAV=  4234.0  PSIA   WCT=0.005 GOR=     6.17 MSCF/STB WGR=   0.0009 STB/MSCF   

 STEP   30 TIME=  140.00  DAYS (  +5.0  DAYS MAXS  2 ITS) (20-MAY-2000)          
  PAV=  4216.3  PSIA   WCT=0.007 GOR=     6.30 MSCF/STB WGR=   0.0010 STB/MSCF   

 STEP   31 TIME=  145.00  DAYS (  +5.0  DAYS MAXS  2 ITS) (25-MAY-2000)          
  PAV=  4199.9  PSIA   WCT=0.008 GOR=     6.42 MSCF/STB WGR=   0.0012 STB/MSCF   

 STEP   32 TIME=  150.00  DAYS (  +5.0  DAYS REPT  2 ITS) (30-MAY-2000)          
  PAV=  4184.5  PSIA   WCT=0.009 GOR=     6.55 MSCF/STB WGR=   0.0013 STB/MSCF   
1                             **********************************************************************   8
  SIMULATE AT   150.00   DAYS *                                                                        * ECLIPSE  VERSION 2009.1     
  REPORT   4    30 MAY 2000   *  RUN                                                                   * RUN AT 02:09 ON 05 JLY 2015 
                              **************************************************************************

 STEP   33 TIME=  155.00  DAYS (  +5.0  DAYS MAXS  2 ITS) (4-JUN-2000)           
  PAV=  4170.0  PSIA   WCT=0.010 GOR=     6.72 MSCF/STB WGR=   0.0014 STB/MSCF   

 STEP   34 TIME=  160.00  DAYS (  +5.0  DAYS MAXS  2 ITS) (9-JUN-2000)           
  PAV=  4156.4  PSIA   WCT=0.010 GOR=     6.97 MSCF/STB WGR=   0.0015 STB/MSCF   

 STEP   35 TIME=  165.00  DAYS (  +5.0  DAYS MAXS  2 ITS) (14-JUN-2000)          
  PAV=  4143.0  PSIA   WCT=0.010 GOR=     7.29 MSCF/STB WGR=   0.0014 STB/MSCF   

 STEP   36 TIME=  170.00  DAYS (  +5.0  DAYS MAXS  2 ITS) (19-JUN-2000)          
  PAV=  4130.5  PSIA   WCT=0.010 GOR=     7.65 MSCF/STB WGR=   0.0013 STB/MSCF   

 STEP   37 TIME=  175.00  DAYS (  +5.0  DAYS MAXS  2 ITS) (24-JUN-2000)          
  PAV=  4118.7  PSIA   WCT=0.010 GOR=     8.05 MSCF/STB WGR=   0.0012 STB/MSCF   

 STEP   38 TIME=  180.00  DAYS (  +5.0  DAYS MAXS  2 ITS) (29-JUN-2000)          
  PAV=  4107.5  PSIA   WCT=0.009 GOR=     8.48 MSCF/STB WGR=   0.0011 STB/MSCF   

 STEP   39 TIME=  185.00  DAYS (  +5.0  DAYS MAXS  2 ITS) (4-JLY-2000)           
  PAV=  4097.0  PSIA   WCT=0.008 GOR=     8.98 MSCF/STB WGR=   0.0009 STB/MSCF   

 STEP   40 TIME=  190.00  DAYS (  +5.0  DAYS MAXS  2 ITS) (9-JLY-2000)           
  PAV=  4087.1  PSIA   WCT=0.006 GOR=     9.54 MSCF/STB WGR=   0.0006 STB/MSCF   

 STEP   41 TIME=  195.00  DAYS (  +5.0  DAYS MAXS  2 ITS) (14-JLY-2000)          
  PAV=  4077.9  PSIA   WCT=0.004 GOR=    10.14 MSCF/STB WGR=   0.0004 STB/MSCF   

 STEP   42 TIME=  200.00  DAYS (  +5.0  DAYS MAXS  2 ITS) (19-JLY-2000)          
  PAV=  4069.0  PSIA   WCT=0.002 GOR=    10.73 MSCF/STB WGR=   0.0002 STB/MSCF   

 STEP   43 TIME=  205.00  DAYS (  +5.0  DAYS MAXS  2 ITS) (24-JLY-2000)          
  PAV=  4060.5  PSIA   WCT= 0.00 GOR=    11.10 MSCF/STB WGR= 0.00000  STB/MSCF   

 STEP   44 TIME=  210.00  DAYS (  +5.0  DAYS MAXS  3 ITS) (29-JLY-2000)          
  PAV=  4049.6  PSIA   WCT=0.051 GOR=     4.22 MSCF/STB WGR=   0.0127 STB/MSCF   

 @--WARNING  AT TIME      210.0   DAYS    (29-JLY-2000):
 @           WELL P        CANNOT PRODUCE AT THE REQUIRED T.H.P.             

 @--MESSAGE  AT TIME      210.0   DAYS    (29-JLY-2000):
 @           WELL P        CANNOT OPERATE UNDER THE CURRENT                  
 @           RESERVOIR CONDITIONS IN NON-LINEAR ITERATION   0.               
 @           ITS IPR IS    Q(P)  =  A  -  BHP * B ,   WHERE:                 
 @           A(O,W,G) =   4.5580E+06  5.4697E+04  3.7697E+07                 
 @           B(O,W,G) =   1.1492E+03  1.3918E+01  9.4825E+03 .               
 @           LAST CONVERGED SOLUTION:                                        
 @               ORAT        WRAT        GRAT        BHP         THP         
 @             7.8753E+03  4.2158E+02  3.3198E+04  3.9750E+03  3.2000E+03    
 @           THE WELL IS   SHUT  FOR THE ITERATION.                          

 @--MESSAGE  AT TIME      210.0   DAYS    (29-JLY-2000):
 @           WELL P        IS REVIVED FOR ITERATION   1                      

 @--WARNING  AT TIME      210.0   DAYS    (29-JLY-2000):
 @           WELL P        CANNOT PRODUCE AT THE REQUIRED T.H.P.             

 @--MESSAGE  AT TIME      210.0   DAYS    (29-JLY-2000):
 @           WELL P        CANNOT OPERATE UNDER THE CURRENT                  
 @           RESERVOIR CONDITIONS IN NON-LINEAR ITERATION   1.               
 @           ITS IPR IS    Q(P)  =  A  -  BHP * B ,   WHERE:                 
 @           A(O,W,G) =   4.6457E+06  5.5094E+04  3.7819E+07                 
 @           B(O,W,G) =   1.1670E+03  1.3917E+01  9.4806E+03 .               
 @           LAST CONVERGED SOLUTION:                                        
 @               ORAT        WRAT        GRAT        BHP         THP         
 @             0.0000E+00  0.0000E+00  0.0000E+00  3.7010E+03  0.0000E+00    
 @           THE WELL IS   SHUT  FOR THE ITERATION.                          

 @--MESSAGE  AT TIME      210.0   DAYS    (29-JLY-2000):
 @           WELL P        IS REVIVED FOR ITERATION   2                      

 @--WARNING  AT TIME      210.0   DAYS    (29-JLY-2000):
 @           WELL P        CANNOT PRODUCE AT THE REQUIRED T.H.P.             

 @--MESSAGE  AT TIME      210.0   DAYS    (29-JLY-2000):
 @           WELL P        CANNOT OPERATE UNDER THE CURRENT                  
 @           RESERVOIR CONDITIONS IN NON-LINEAR ITERATION   2.               
 @           ITS IPR IS    Q(P)  =  A  -  BHP * B ,   WHERE:                 
 @           A(O,W,G) =   4.6350E+06  5.4968E+04  3.7828E+07                 
 @           B(O,W,G) =   1.1642E+03  1.3884E+01  9.4833E+03 .               
 @           LAST CONVERGED SOLUTION:                                        
 @               ORAT        WRAT        GRAT        BHP         THP         
 @             0.0000E+00  0.0000E+00  0.0000E+00  3.7007E+03  0.0000E+00    
 @           THE WELL IS   SHUT  FOR THE ITERATION.                          

 @--MESSAGE  AT TIME      210.0   DAYS    (29-JLY-2000):
 @           ****************************************************************
 @           * WELL P        IS  SHUT   AT TIME     210.00   DAYS   BECAUSE *
 @           * IT CANNOT OPERATE AT CURRENT RESERVOIR CONDITIONS.           *
 @           ****************************************************************

 STEP   45 TIME=  215.00  DAYS (  +5.0  DAYS MAXS  2 ITS) (3-AUG-2000)           
  PAV=  4048.3  PSIA   WCT= 0.00 GOR= 0.00000  MSCF/STB WGR= 0.00000  STB/MSCF   

 STEP   46 TIME=  220.00  DAYS (  +5.0  DAYS MAXS  1 ITS) (8-AUG-2000)           
  PAV=  4047.7  PSIA   WCT= 0.00 GOR= 0.00000  MSCF/STB WGR= 0.00000  STB/MSCF   

 STEP   47 TIME=  225.00  DAYS (  +5.0  DAYS MAXS  1 ITS) (13-AUG-2000)          
  PAV=  4047.3  PSIA   WCT= 0.00 GOR= 0.00000  MSCF/STB WGR= 0.00000  STB/MSCF   

 STEP   48 TIME=  230.00  DAYS (  +5.0  DAYS MAXS  1 ITS) (18-AUG-2000)          
  PAV=  4047.2  PSIA   WCT= 0.00 GOR= 0.00000  MSCF/STB WGR= 0.00000  STB/MSCF   

 STEP   49 TIME=  235.00  DAYS (  +5.0  DAYS MAXS  1 ITS) (23-AUG-2000)          
  PAV=  4047.1  PSIA   WCT= 0.00 GOR= 0.00000  MSCF/STB WGR= 0.00000  STB/MSCF   

 STEP   50 TIME=  240.00  DAYS (  +5.0  DAYS MAXS  1 ITS) (28-AUG-2000)          
  PAV=  4047.1  PSIA   WCT= 0.00 GOR= 0.00000  MSCF/STB WGR= 0.00000  STB/MSCF   

 STEP   51 TIME=  245.00  DAYS (  +5.0  DAYS MAXS  1 ITS) (2-SEP-2000)           
  PAV=  4047.2  PSIA   WCT= 0.00 GOR= 0.00000  MSCF/STB WGR= 0.00000  STB/MSCF   

 STEP   52 TIME=  250.00  DAYS (  +5.0  DAYS MAXS  1 ITS) (7-SEP-2000)           
  PAV=  4047.2  PSIA   WCT= 0.00 GOR= 0.00000  MSCF/STB WGR= 0.00000  STB/MSCF   

 STEP   53 TIME=  255.00  DAYS (  +5.0  DAYS MAXS  1 ITS) (12-SEP-2000)          
  PAV=  4047.2  PSIA   WCT= 0.00 GOR= 0.00000  MSCF/STB WGR= 0.00000  STB/MSCF   

 STEP   54 TIME=  260.00  DAYS (  +5.0  DAYS MAXS  1 ITS) (17-SEP-2000)          
  PAV=  4047.3  PSIA   WCT= 0.00 GOR= 0.00000  MSCF/STB WGR= 0.00000  STB/MSCF   

 STEP   55 TIME=  265.00  DAYS (  +5.0  DAYS MAXS  1 ITS) (22-SEP-2000)          
  PAV=  4047.3  PSIA   WCT= 0.00 GOR= 0.00000  MSCF/STB WGR= 0.00000  STB/MSCF   

 STEP   56 TIME=  270.00  DAYS (  +5.0  DAYS MAXS  1 ITS) (27-SEP-2000)          
  PAV=  4047.3  PSIA   WCT= 0.00 GOR= 0.00000  MSCF/STB WGR= 0.00000  STB/MSCF   

 STEP   57 TIME=  275.00  DAYS (  +5.0  DAYS MAXS  1 ITS) (2-OCT-2000)           
  PAV=  4047.4  PSIA   WCT= 0.00 GOR= 0.00000  MSCF/STB WGR= 0.00000  STB/MSCF   

 STEP   58 TIME=  280.00  DAYS (  +5.0  DAYS MAXS  1 ITS) (7-OCT-2000)           
  PAV=  4047.4  PSIA   WCT= 0.00 GOR= 0.00000  MSCF/STB WGR= 0.00000  STB/MSCF   

 STEP   59 TIME=  285.00  DAYS (  +5.0  DAYS MAXS  1 ITS) (12-OCT-2000)          
  PAV=  4047.4  PSIA   WCT= 0.00 GOR= 0.00000  MSCF/STB WGR= 0.00000  STB/MSCF   

 STEP   60 TIME=  290.00  DAYS (  +5.0  DAYS MAXS  1 ITS) (17-OCT-2000)          
  PAV=  4047.4  PSIA   WCT= 0.00 GOR= 0.00000  MSCF/STB WGR= 0.00000  STB/MSCF   

 STEP   61 TIME=  295.00  DAYS (  +5.0  DAYS MAXS  1 ITS) (22-OCT-2000)          
  PAV=  4047.5  PSIA   WCT= 0.00 GOR= 0.00000  MSCF/STB WGR= 0.00000  STB/MSCF   

 STEP   62 TIME=  300.00  DAYS (  +5.0  DAYS REPT  1 ITS) (27-OCT-2000)          
  PAV=  4047.5  PSIA   WCT= 0.00 GOR= 0.00000  MSCF/STB WGR= 0.00000  STB/MSCF   
    65 READING END     

 Error summary 
 Comments               1
 Warnings               6
 Problems               0
 Errors                 0
 Bugs                   0
 Final cpu       0.00 elapsed       0.00
1                                                                                                                                  
 -------------------------------------------------------------------------------------------------------------------------------
 SUMMARY OF RUN VFPEXP ECLIPSE 2009.1 DATESTAMP 27-APR-2009 USER   MACHINE pceta16                                                       
 -------------------------------------------------------------------------------------------------------------------------------
 TIME         YEARS        FGPP         WBHP         WTHP         WGPR         WWPR                                                
 DAYS         YEARS        MSCF/DAY     PSIA         PSIA         MSCF/DAY     STB/DAY                                             
                                        P            P            P            P                                                   
                                                                                                                                   
 -------------------------------------------------------------------------------------------------------------------------------
        0            0            0     4342.040            0            0            0                                            
 10.00000     0.027379            0            0            0            0            0                                            
 30.00000     0.082136            0            0            0            0            0                                            
 100.0000     0.273785            0            0            0            0            0                                            
 150.0000     0.410678     50248.46     4081.476     3200.000     50248.46     66.69069                                            
 300.0000     0.821355            0            0            0            0            0                                            
