


 $$$$$   $$$   $      $$$  $$$$    $$$   $$$$$     $    $$$    $$$ 
 $      $   $  $       $   $   $  $   $  $        $$   $   $  $   $
 $      $      $       $   $   $  $      $         $   $   $  $   $
 $$$$   $      $       $   $$$$    $$$   $$$$      $   $   $  $   $
 $      $      $       $   $          $  $         $   $   $  $   $
 $      $   $  $       $   $      $   $  $         $   $   $  $   $
 $$$$$   $$$   $$$$$  $$$  $       $$$   $$$$$    $$$   $$$    $$$ 



                       $$$$$   $$$   $      $$$  $$$$    $$$   $$$$$     $    $$$    $$$ 
                       $      $   $  $       $   $   $  $   $  $        $$   $   $  $   $
                       $      $      $       $   $   $  $      $         $   $   $  $   $
                       $$$$   $      $       $   $$$$    $$$   $$$$      $   $   $  $   $
                       $      $      $       $   $          $  $         $   $   $  $   $
                       $      $   $  $       $   $      $   $  $         $   $   $  $   $
                       $$$$$   $$$   $$$$$  $$$  $       $$$   $$$$$    $$$   $$$    $$$ 



                                             $$$$$   $$$   $      $$$  $$$$    $$$   $$$$$     $    $$$    $$$ 
                                             $      $   $  $       $   $   $  $   $  $        $$   $   $  $   $
                                             $      $      $       $   $   $  $      $         $   $   $  $   $
                                             $$$$   $      $       $   $$$$    $$$   $$$$      $   $   $  $   $
                                             $      $      $       $   $          $  $         $   $   $  $   $
                                             $      $   $  $       $   $      $   $  $         $   $   $  $   $
                                             $$$$$   $$$   $$$$$  $$$  $       $$$   $$$$$    $$$   $$$    $$$ 



                                                                   $$$$$   $$$   $      $$$  $$$$    $$$   $$$$$     $    $$$    $$$ 
                                                                   $      $   $  $       $   $   $  $   $  $        $$   $   $  $   $
                                                                   $      $      $       $   $   $  $      $         $   $   $  $   $
                                                                   $$$$   $      $       $   $$$$    $$$   $$$$      $   $   $  $   $
                                                                   $      $      $       $   $          $  $         $   $   $  $   $
                                                                   $      $   $  $       $   $      $   $  $         $   $   $  $   $
                                                                   $$$$$   $$$   $$$$$  $$$  $       $$$   $$$$$    $$$   $$$    $$$ 
 
 Version =  2009.1
 Arch    =  PC WINDOWS (32 bit)
Annex    | Modification date    | Update date          | baseline             
=====    | =================    | ===========          | ========             
ECLIPSE  | 27-APR-2009 16:22:47 | 27-APR-2009 19:37:10 | S:\2009.1_w18i
system   | 22-APR-2009 14:52:01 | 25-APR-2009 05:27:35 | S:\2009.1_w18
utility  | 17-FEB-2009 08:34:11 | 25-APR-2009 05:40:00 | S:\2009.1_w18
 

1

 ******** ECHO OF INPUT DATA FOR RUN WAG-MIXED-WET

 0: -------
 0: RUNSPEC
 0: -------
 0: 
 0: TITLE
 0: Mixed Wet WAG Injection Core Model
 0: 
 0: NOECHO

 ******** END OF INPUT DATA FOR RUN WAG-MIXED-WET
     1 READING RUNSPEC 
     2 READING TITLE   
     3 READING NOECHO  
     4 READING START   
     5 READING LAB     
     6 READING OIL     
     7 READING WATER   
     8 READING GAS     
     9 READING COMPS   

 @--  ERROR  AT TIME        0.0   HOURS   ( 1-JAN-2007):
 @           UNRECOGNISED KEYWORD COMPS    IN RUNSPEC DATA                   

 @--WARNING  AT TIME        0.0   HOURS   ( 1-JAN-2007):
 @           SPURIOUS DATA BEFORE DIMENS   KEYWORD                           
 @           10 /                                                            
    10 READING DIMENS  
    11 READING TABDIMS 
    12 READING EQLDIMS 
    13 READING WELLDIMS
    14 READING FMTIN   
    15 READING FMTOUT  
    16 READING FMTSAVE 

 @--  ERROR  AT TIME        0.0   HOURS   ( 1-JAN-2007):
 @           UNRECOGNISED KEYWORD FMTSAVE  IN RUNSPEC DATA                   
    17 READING UNIFOUT 
    18 READING UNIFOUTS
    19 READING NODPCDT 

 @--  ERROR  AT TIME        0.0   HOURS   ( 1-JAN-2007):
 @           UNRECOGNISED KEYWORD NODPCDT  IN RUNSPEC DATA                   
    20 READING ENDSCALE

 @--WARNING  AT TIME        0.0   HOURS   ( 1-JAN-2007):
 @           UNRECOGNISED MNEMONIC SATOPTS  IN KEYWORD ENDSCALE              

 @--WARNING  AT TIME        0.0   HOURS   ( 1-JAN-2007):
 @           UNRECOGNISED MNEMONIC HYSTER   IN KEYWORD ENDSCALE              
    21 READING NOMIX   

 @--MESSAGE  AT TIME        0.0   HOURS   ( 1-JAN-2007):
 @           NOMIX    IS NOT AVAILABLE IN ECLIPSE 100                        
 @           AND HAS BEEN IGNORED                                            
    22 READING AIM     

 @--WARNING  AT TIME        0.0   HOURS   ( 1-JAN-2007):
 @           AIM      METHOD IS NOT AVAILABLE IN ECLIPSE 100                 
 @           CHOICES ARE FULLY IMPLICIT (DEFAULT) OR IMPES                   
    23 READING GRID    

 @--MESSAGE  AT TIME        0.0   HOURS   ( 1-JAN-2007):
 @           CHECKING FOR LICENSES                                           

 @--  ERROR  AT TIME        0.0   HOURS   ( 1-JAN-2007):
 @           LICENSE FAILURE: ERROR NUMBER IS -1                             

 Error summary 
 Comments               0
 Warnings               4
 Problems               0
 Errors                 4
 Bugs                   0
 Final cpu       0.00 elapsed       0.00
