


 $$$$$   $$$   $      $$$  $$$$    $$$   $$$$$     $    $$$    $$$ 
 $      $   $  $       $   $   $  $   $  $        $$   $   $  $   $
 $      $      $       $   $   $  $      $         $   $   $  $   $
 $$$$   $      $       $   $$$$    $$$   $$$$      $   $   $  $   $
 $      $      $       $   $          $  $         $   $   $  $   $
 $      $   $  $       $   $      $   $  $         $   $   $  $   $
 $$$$$   $$$   $$$$$  $$$  $       $$$   $$$$$    $$$   $$$    $$$ 



                       $$$$$   $$$   $      $$$  $$$$    $$$   $$$$$     $    $$$    $$$ 
                       $      $   $  $       $   $   $  $   $  $        $$   $   $  $   $
                       $      $      $       $   $   $  $      $         $   $   $  $   $
                       $$$$   $      $       $   $$$$    $$$   $$$$      $   $   $  $   $
                       $      $      $       $   $          $  $         $   $   $  $   $
                       $      $   $  $       $   $      $   $  $         $   $   $  $   $
                       $$$$$   $$$   $$$$$  $$$  $       $$$   $$$$$    $$$   $$$    $$$ 



                                             $$$$$   $$$   $      $$$  $$$$    $$$   $$$$$     $    $$$    $$$ 
                                             $      $   $  $       $   $   $  $   $  $        $$   $   $  $   $
                                             $      $      $       $   $   $  $      $         $   $   $  $   $
                                             $$$$   $      $       $   $$$$    $$$   $$$$      $   $   $  $   $
                                             $      $      $       $   $          $  $         $   $   $  $   $
                                             $      $   $  $       $   $      $   $  $         $   $   $  $   $
                                             $$$$$   $$$   $$$$$  $$$  $       $$$   $$$$$    $$$   $$$    $$$ 



                                                                   $$$$$   $$$   $      $$$  $$$$    $$$   $$$$$     $    $$$    $$$ 
                                                                   $      $   $  $       $   $   $  $   $  $        $$   $   $  $   $
                                                                   $      $      $       $   $   $  $      $         $   $   $  $   $
                                                                   $$$$   $      $       $   $$$$    $$$   $$$$      $   $   $  $   $
                                                                   $      $      $       $   $          $  $         $   $   $  $   $
                                                                   $      $   $  $       $   $      $   $  $         $   $   $  $   $
                                                                   $$$$$   $$$   $$$$$  $$$  $       $$$   $$$$$    $$$   $$$    $$$ 
 
 Version =  2009.1
 Arch    =  PC WINDOWS (32 bit)
Annex    | Modification date    | Update date          | baseline             
=====    | =================    | ===========          | ========             
ECLIPSE  | 27-APR-2009 16:22:47 | 27-APR-2009 19:37:10 | S:\2009.1_w18i
system   | 22-APR-2009 14:52:01 | 25-APR-2009 05:27:35 | S:\2009.1_w18
utility  | 17-FEB-2009 08:34:11 | 25-APR-2009 05:40:00 | S:\2009.1_w18
 

1

 ******** ECHO OF INPUT DATA FOR RUN WINJMULT

 0: --======================================================================
 0: --======================================================================
 0: --
 0: --2003A TEST CASE: DEMONSTRATES THE EFFECT OF THE INJECTIVITY MULTIPLIER
 0: --                 KEYWORD, WINJMULT.
 0: --
 0: --                 IT IS ALSO A GENERAL PRUPOSE TEST OF WELL AND GROUP
 0: --                 CONTROLS, SETTING RATE AND ECONOMIC LIMITS, ETC.
 0: --                 E100-E300 SHOULD REMAIN IN GOOD AGREEMENT THROUGHOUT.
 0: --
 0: --                 THIS BLACK OIL DATASET MAY BE RUN IN BOTH SIMULATORS.
 0: --
 0: --======================================================================
 0: --======================================================================
 0: 
 0: --======================================================================
 0: RUNSPEC
 0: --======================================================================
 0: 
 0: DIMENS
 0:    10   10    3  /
 0: 
 0: OIL
 0: WATER
 0: GAS
 0: 
 0: SKIP300
 0: DISGAS
 0: ENDSKIP
 0: 
 0: 
 0: FIELD
 0: 
 0: EQLDIMS
 0:     1  100   10    1   20 /
 0: 
 0: TABDIMS
 0:     1    1   16   12    1   12 /
 0: 
 0: WELLDIMS
 0:     9   10    4    9 /
 0: 
 0: SKIP300
 0: LGR
 0:     1   300    0    0    0   10  'NOINTERP' /
 0: ENDSKIP
 0: 
 0: NUPCOL
 0:     4 /
 0: 
 0: START
 0:   20 'OCT' 1982  /
 0: 
 0: NSTACK
 0:     4 /
 0: 
 0: --======================================================================
 0: GRID
 0: --======================================================================
 0: 
 0: NOGGF
 0: 
 0: DX
 0: 
 0:   300*1000  /
 0: 
 0: DY
 0: 
 0:   300*1000  /
 0: 
 0: DZ
 0: 
 0:   100*20 100*60 100*50  /
 0: 
 0: PERMX
 0: 
 0:   100*500 100*300 100*200  /
 0: 
 0: PERMY
 0: 
 0:   100*500 100*300 100*200  /
 0: 
 0: PERMZ
 0: 
 0:   100*50  100*15 100*20  /
 0: 
 0: PORO
 0: 
 0:  300*0.285  /
 0: 
 0: TOPS
 0: 
 0:  100*8325 100*8345 100*8405  /
 0: 
 0: CARFIN
 0:    'LGR1' 5  5  5  5  1   2   5 5 10  1    /
 0: 
 0: ENDFIN
 0: 
 0: 
 0: --======================================================================
 0: PROPS
 0: --======================================================================
 0: 
 0: SWFN
 0: 
 0:   0.22  0     7
 0:   0.3   0.07  4
 0:   0.4   0.15  3
 0:   0.5   0.24  2.5
 0:   0.6   0.33  2
 0:   0.8   0.65  1
 0:   0.9   0.83  0.5
 0:   1     1     0      /
 0: 
 0: SGFN
 0: 
 0:   0     0       0
 0:   0.04  0       0.2
 0:   0.1   0.022   0.5
 0:   0.2   0.1     1
 0:   0.3   0.24    1.5
 0:   0.4   0.34    2
 0:   0.5   0.42    2.5
 0:   0.6   0.5     3
 0:   0.7   0.8125  3.5
 0:   0.78  1       3.9    /
 0: 
 0: SOF3
 0: 
 0: 0        0         0
 0: 0.2      0         0
 0: 0.38     0.00432   0
 0: 0.4      0.0048    0.004
 0: 0.48     0.05288   0.02
 0: 0.5      0.0649    0.036
 0: 0.58     0.11298   0.1
 0: 0.6      0.125     0.146
 0: 0.68     0.345     0.33
 0: 0.7      0.4       0.42
 0: 0.74     0.7       0.6
 0: 0.78     1         1          /
 0: 
 0: PVTW
 0: 4014.7 1.029  3.13D-6  0.31  0  /
 0: 
 0: ROCK
 0: 14.7 3.0D-6 /
 0: 
 0: DENSITY
 0: 49.1   64.79  0.06054  /
 0: 
 0: PVDG
 0:   14.7 166.666   0.008
 0:  264.7  12.093   0.0096
 0:  514.7   6.274   0.0112
 0: 1014.7   3.197   0.014
 0: 2014.7   1.614   0.0189
 0: 2514.7   1.294   0.0208
 0: 3014.7   1.080   0.0228
 0: 4014.7   0.811   0.0268
 0: 5014.7   0.649   0.0309
 0: 9014.7   0.386   0.047   /
 0: 
 0: PVTO
 0:         0.001    14.7 1.062  1.04    /
 0:         0.0905  264.7 1.15   0.975   /
 0:         0.18    514.7 1.207  0.91    /
 0:         0.371  1014.7 1.295  0.83    /
 0:         0.636  2014.7 1.435  0.695   /
 0:         0.775  2514.7 1.5    0.641   /
 0:         0.93   3014.7 1.565  0.594   /
 0:         1.270  4014.7 1.695  0.51    /
 0:         1.618  5014.7 1.827  0.449   /
 0:         2.301  7014.7 2.092  0.326   /
 0:         2.984  9014.7 2.357  0.203
 0:               12014.7 2.259 0.254
 0:               15014.7 2.165 0.317    /
 0: /
 0: 
 0: RPTPROPS
 0: -- PROPS Reporting Options
 0: --
 0: 'PVTO' 'PVDO'
 0: /
 0: 
 0: --======================================================================
 0: SOLUTION
 0: --======================================================================
 0: 
 0: EQUIL
 0:  8430.00 4800.00 8445.00  .00000 8200.00  .00000     1      0       0 /
 0: 
 0: RSVD
 0:    8200.0  1.2700
 0:    8500.0  1.2700
 0: /
 0: 
 0: --======================================================================
 0: SUMMARY
 0: --======================================================================
 0: 
 0: ------------------------------------------------------------------
 0: -- NOTE CHANGE IN PI AFTER INJECTIVITY MULTIPLIER COME INTO EFFECT
 0: ------------------------------------------------------------------
 0: 
 0: WPI
 0: 'IW1' 'IW2' /
 0: 
 0: WPI1
 0: 'IW1' 'IW2' /
 0: 
 0: WPI4
 0: 'IW1' 'IW2' /
 0: 
 0: WPI5
 0: 'IW1' 'IW2' /
 0: 
 0: WPI9
 0: 'IW1' 'IW2' /
 0: 
 0: SKIP300
 0: SEPARATE
 0: ENDSKIP
 0: 
 0: RUNSUM
 0: 
 0: --======================================================================
 0: RPTONLY
 0: SCHEDULE
 0: --======================================================================
 0: 
 0: SKIPREST
 0: 
 0: SKIP300
 0: RPTSCHED
 0:  'WELLS=2'  'VFPPROD'  'SUMMARY=2'  'WELSPECS'  /
 0: 
 0: DRSDT
 0: 1E20 /
 0: ENDSKIP
 0: 
 0: --------------------
 0: -- SPECIFY ALL WELLS
 0: --------------------
 0: 
 0: WELSPECS
 0: 'PROD2' 'G'  3  3  8375.00 'OIL' 2000.0 'NO' 'STOP' 'Y' 1* 'AVG' /
 0: 'PROD3' 'G'  7  3  8375.00 'OIL'    0.0 'NO' 'STOP' 'Y' 1* 'AVG' /
 0: 'IG1'   'G'  1  1  8345.00 'GAS' 2000.0 'NO' 'SHUT' 'Y' 1* 'SEG' /
 0: 'PROD4' 'G'  3  7  8375.00 'OIL'    0.0 'NO' 'STOP' 'Y' 1* 'SEG' /
 0: 'IW1'   'G' 10 10  8345.00 'WAT' 2000.0 'NO' 'SHUT' 'Y' 1* 'AVG' /
 0: 'PROD5' 'G'  7  7  8375.00 'OIL'    0.0 'NO' 'STOP' 'Y' 1* 'SEG' /
 0: 'IW2'   'G' 10 10  8345.00 'WAT'    0.0 'NO' 'SHUT' 'Y' 1* 'AVG' /
 0: 'IG2'   'G' 10  1  8345.00 'GAS'    0.0 'NO' 'STOP' 'Y' 1* 'SEG' /
 0: /
 0: 
 0: WELSPECL
 0: 'PROD1' 'G' 'lgr1' 3 3 8375.00 'OIL' 2000.0 'NO' 'SHUT' 'Y'  1* 'AVG'  /
 0: /
 0: 
 0: ----------------------------------------------------------------------
 0: -- SPECIFY ALL WELL CONNECTIONS, DEFAULT CONNECTION FACTOR CALCULATION
 0: ----------------------------------------------------------------------
 0: 
 0: COMPDAT
 0: 'PROD2   '   3   3   2   3 'O   '   0  1*       .5000  /
 0: 'PROD3   '   7   3   2   2 'O   '   0  1*       .5000  /
 0: 'PROD4   '   3   7   2   2 'O   '   0  1*       .5000  /
 0: 'PROD5   '   7   7   1   2 'O   '   0  1*       .5000  /
 0: 'IW*     '   0   0   3   3 'O   '   0  1*       .5000  /
 0: 'IG*     '   0   0   1   1 'O   '   0  1*       .5000  /
 0: /
 0: 
 0: COMPDATL
 0: 'PROD1   '  'LGR1' 3   3   1   10  'O   '   0  1*       .5000  /
 0: /
 0: 
 0: ------------------------------------------------------------------
 0: -- PROD1 PRODUCES 12000 STB/DAY OF OIL, WITH BHP LIMIT OF 500 PSIA
 0: -- ALL OTHER PRODUCERS DECLARED SHUT
 0: ------------------------------------------------------------------
 0: 
 0: WCONPROD
 0: 'PROD1' 'OPEN' 'ORAT' 12000.0000  4* 500.0 /
 0: 'PROD2' 'SHUT' 'ORAT' 8000.00000  4* 500.0 /
 0: 'PROD3' 'SHUT' 'ORAT' 8000.00000  4* 500.0 /
 0: 'PROD4' 'SHUT' 'ORAT' 8000.00000  4* 500.0 /
 0: 'PROD5' 'SHUT' 'ORAT' 8000.00000  4* 500.0 /
 0: /
 0: 
 0: ------------------------------
 0: -- ALL INJECTORS DECLARED SHUT
 0: ------------------------------
 0: 
 0: WCONINJE
 0: 'IG*' 'GAS' 'SHUT' 'RATE'  1000 1* 8000   /
 0: 'IW*' 'WAT' 'SHUT' 'RATE'  1000 1* 8000   /
 0: /
 0: 
 0: ------------------------------------------------------------------------
 0: -- MINIMUM ECONOMIC OIL RATE OF 1000 STB/DAY FOR ALL PRODUCERS
 0: -- MAX GOR OF 2.0 MSCF/STB FOR PROD2 (SHUT WORST CONNECTION + ALL BELOW)
 0: -- MAX WGR OF .11 STB/MSCF FOR PROD3 (SHUT WELL)
 0: -- MAX WCT OF .31          FOR PROD5 (SHUT WORST CONNECTION)
 0: ------------------------------------------------------------------------
 0: 
 0: WECON
 0: 'PROD1   ' 1000.00000  .00000000 0.15     2.0      1*     '+C  ','NO ' /
 0: 'PROD2   ' 1000.00000  .00000000 0.24   2.000000   1*     '+C  ','NO ' /
 0: 'PROD3   ' 1000.00000  .00000000 1.0000   1*      .110000 'W   ','NO ' /
 0: 'PROD4   ' 1000.00000  .00000000 1.0000   1*       1*     'W   ','NO ' /
 0: 'PROD5   ' 1000.00000  .00000000  .3000   1*       1*     'C   ','NO ' /
 0: /
 0: 
 0: ------------------
 0: -- STEP TO 15 DAYS
 0: ------------------
 0: 
 0: TSTEP
 0:  15.00000
 0: /
 0: 
 0: ---------------------------------------------------------------
 0: -- OPEN PROD2 ON OIL RATE OF 8000 STB/DAY WITH WATER RATE LIMIT
 0: -- OF 2350 STB/DAY AND BHP LIMIT OF 500 PSIA
 0: ---------------------------------------------------------------
 0: 
 0: WCONPROD
 0: 'PROD2' 'OPEN' 'ORAT' 8000.00000  2350.00000  3* 500.0 /
 0: /
 0: 
 0: ----------------------------------------------------------------
 0: -- OPEN IG1 TO RE-INJECT 0.4 OF GROUP GAS PRODUCTION, SUBJECT TO
 0: -- BHP UPPER LIMIT OF 8000 PSIA
 0: ----------------------------------------------------------------
 0: 
 0: GCONINJE
 0: 'G' 'GAS' 'REIN' 2* 0.4 /
 0: /
 0: 
 0: WCONINJE
 0: 'IG1' 'GAS' 'OPEN' 'GRUP'  2* 8000 /
 0: /
 0: 
 0: ------------------
 0: -- STEP TO 30 DAYS
 0: ------------------
 0: 
 0: TSTEP
 0:  15.00000
 0: /
 0: 
 0: --------------------------------------------------------------------
 0: -- OPEN PROD3 ON OIL RATE = 8000 STB/DAY, WITH BHP LIMIT OF 500 PSIA
 0: --------------------------------------------------------------------
 0: 
 0: WCONPROD
 0: 'PROD3' 'OPEN' 'ORAT' 8000.0  4* 500.0 /
 0: /
 0: 
 0: -------------------------------------------------------------
 0: -- OPEN IG2 TO RE-INJECT 0.4 OF FIELD GAS PRODUCTION, SUBJECT
 0: -- TO BHP UPPER LIMIT OF 8000 PSIA
 0: -------------------------------------------------------------
 0: 
 0: GCONINJE
 0: 'G' 'GAS' 'REIN' 2* 0.8 /
 0: /
 0: 
 0: WCONINJE
 0: 'IG2' 'GAS' 'OPEN' 'GRUP'  2* 8000 /
 0: /
 0: 
 0: WGRUPCON
 0: 'IG1' 'Y' 1.0 'GAS' /
 0: 'IG2' 'Y' 1.0 'GAS' /
 0: /
 0: 
 0: ------------------
 0: -- STEP TO 45 DAYS
 0: ------------------
 0: 
 0: TSTEP
 0:  15.00000
 0: /
 0: 
 0: -------------------------------------------------------------------
 0: -- OPEN PROD4 ON OIL RATE = 8000 STB/DAY WITH BHP LIMIT OF 500 PSIA
 0: -------------------------------------------------------------------
 0: 
 0: WCONPROD
 0: 'PROD4' 'OPEN' 'ORAT' 8000.00000 4* 500.0 /
 0: /
 0: 
 0: --------------------------------------------------------
 0: -- OPEN IW1 TO INJECT 34000 STB/DAY OF WATER, SUBJECT TO
 0: -- BHP UPPER LIMIT OF 8000 PSIA
 0: --------------------------------------------------------
 0: 
 0: WCONINJE
 0: 'IW1' 'W' 'OPEN' 'RATE' 34000.0  1*  8000.0 /
 0: /
 0: 
 0: ------------------
 0: -- STEP TO 60 DAYS
 0: ------------------
 0: 
 0: TSTEP
 0:  15.00000
 0: /
 0: 
 0: -------------------------------------------------------------------
 0: -- OPEN PROD5 ON OIL RATE = 8000 STB/DAY WITH BHP LIMIT OF 500 PSIA
 0: -------------------------------------------------------------------
 0: 
 0: WCONPROD
 0: 'PROD5' 'OPEN' 'ORAT' 8000.00000   4* 500.0 /
 0: /
 0: 
 0: --------------------------------------------------------
 0: -- OPEN IW2 TO INJECT 34000 STB/DAY OF WATER, SUBJECT TO
 0: -- BHP UPPER LIMIT OF 8000 PSIA
 0: --------------------------------------------------------
 0: 
 0: WCONINJE
 0: 'IW2' 'W' 'OPEN' 'RATE' 34000.0  1*  8000.0 /
 0: /
 0: 
 0: ---------------------------------------------------------------
 0: -- SET RESERVOIR VOIDAGE RATE LIMIT OF 21600 RB/DAY   FOR PROD1
 0: -- SET WATER             RATE LIMIT OF 2300  STB/DAY  FOR PROD2
 0: -- SET GAS               RATE LIMIT OF 10200 MSCF/DAY FOR PROD3
 0: -- SET LIQUID            RATE LIMIT OF 9000  STB/DAY  FOR PROD4
 0: -- SET BHP                    LIMIT OF 4100  PSIA     FOR PROD5
 0: ---------------------------------------------------------------
 0: 
 0: WELTARG
 0: 'PROD1   ', 'RESV'  21600.0000 /
 0: 'PROD2   ', 'WRAT'  2300.00000 /
 0: 'PROD3   ', 'GRAT'  10200.0000 /
 0: 'PROD4   ', 'LRAT'  9000.00000 /
 0: 'PROD5   ', 'BHP '  4100.00000 /
 0: /
 0: 
 0: --------------------
 0: -- STEPS TO 500 DAYS
 0: --------------------
 0: 
 0: TSTEP
 0:  15.00000  55.00000  100.0000  100.0000  100.0000  70.00000
 0: /
 0: 
 0: 
 0: --------------------------------------------------------------------------
 0: -- GIVE THE WATER INJECTORS PRESSURE-DEPENDENT INJECTIVITY MULTIPLIERS
 0: -- THIS ALLOWS THEM TO MOVE OFF BHP CONTROL AND ACHIEVE THIER WATER TARGET
 0: --------------------------------------------------------------------------
 0: 
 0: WINJMULT
 0: 'IW*'  4000   0.01  CREV /
 0: /
 0: 
 0: -------------------
 0: -- STEP TO 650 DAYS
 0: -------------------
 0: 
 0: TSTEP
 0:  150  /
 0: 
 0: END
 0: 

 ******** END OF INPUT DATA FOR RUN WINJMULT
     1 READING RUNSPEC 
     2 READING DIMENS  
     3 READING OIL     
     4 READING WATER   
     5 READING GAS     
     6 READING SKIP300 
     7 READING DISGAS  
     8 READING ENDSKIP 
     9 READING SKIP100 
       SKIPPING KEYWORDS
    10 READING ENDSKIP 
    11 READING FIELD   
    12 READING EQLDIMS 
    13 READING TABDIMS 
    14 READING WELLDIMS
    15 READING SKIP300 
    16 READING LGR     
    17 READING ENDSKIP 
    18 READING NUPCOL  
    19 READING START   
    20 READING NSTACK  
    21 READING GRID    

 @--MESSAGE  AT TIME        0.0   DAYS    (20-OCT-1982):
 @           CHECKING FOR LICENSES                                           

 @--  ERROR  AT TIME        0.0   DAYS    (20-OCT-1982):
 @           LICENSE FAILURE: ERROR NUMBER IS -1                             

 Error summary 
 Comments               0
 Warnings               0
 Problems               0
 Errors                 1
 Bugs                   0
 Final cpu       0.00 elapsed       0.00
