


 $$$$$   $$$   $      $$$  $$$$    $$$   $$$$$     $    $$$    $$$ 
 $      $   $  $       $   $   $  $   $  $        $$   $   $  $   $
 $      $      $       $   $   $  $      $         $   $   $  $   $
 $$$$   $      $       $   $$$$    $$$   $$$$      $   $   $  $   $
 $      $      $       $   $          $  $         $   $   $  $   $
 $      $   $  $       $   $      $   $  $         $   $   $  $   $
 $$$$$   $$$   $$$$$  $$$  $       $$$   $$$$$    $$$   $$$    $$$ 



                       $$$$$   $$$   $      $$$  $$$$    $$$   $$$$$     $    $$$    $$$ 
                       $      $   $  $       $   $   $  $   $  $        $$   $   $  $   $
                       $      $      $       $   $   $  $      $         $   $   $  $   $
                       $$$$   $      $       $   $$$$    $$$   $$$$      $   $   $  $   $
                       $      $      $       $   $          $  $         $   $   $  $   $
                       $      $   $  $       $   $      $   $  $         $   $   $  $   $
                       $$$$$   $$$   $$$$$  $$$  $       $$$   $$$$$    $$$   $$$    $$$ 



                                             $$$$$   $$$   $      $$$  $$$$    $$$   $$$$$     $    $$$    $$$ 
                                             $      $   $  $       $   $   $  $   $  $        $$   $   $  $   $
                                             $      $      $       $   $   $  $      $         $   $   $  $   $
                                             $$$$   $      $       $   $$$$    $$$   $$$$      $   $   $  $   $
                                             $      $      $       $   $          $  $         $   $   $  $   $
                                             $      $   $  $       $   $      $   $  $         $   $   $  $   $
                                             $$$$$   $$$   $$$$$  $$$  $       $$$   $$$$$    $$$   $$$    $$$ 



                                                                   $$$$$   $$$   $      $$$  $$$$    $$$   $$$$$     $    $$$    $$$ 
                                                                   $      $   $  $       $   $   $  $   $  $        $$   $   $  $   $
                                                                   $      $      $       $   $   $  $      $         $   $   $  $   $
                                                                   $$$$   $      $       $   $$$$    $$$   $$$$      $   $   $  $   $
                                                                   $      $      $       $   $          $  $         $   $   $  $   $
                                                                   $      $   $  $       $   $      $   $  $         $   $   $  $   $
                                                                   $$$$$   $$$   $$$$$  $$$  $       $$$   $$$$$    $$$   $$$    $$$ 
 
 Version =  2009.1
 Arch    =  PC WINDOWS (32 bit)
Annex    | Modification date    | Update date          | baseline             
=====    | =================    | ===========          | ========             
ECLIPSE  | 27-APR-2009 16:22:47 | 27-APR-2009 19:37:10 | S:\2009.1_w18i
system   | 22-APR-2009 14:52:01 | 25-APR-2009 05:27:35 | S:\2009.1_w18
utility  | 17-FEB-2009 08:34:11 | 25-APR-2009 05:40:00 | S:\2009.1_w18
 

1

 ******** ECHO OF INPUT DATA FOR RUN CASE3B

 0: ------------------------------------------------------------------------
 0: -- Version of CASE3 for comparison of Blackoil/Thermal simulations    --
 0: --                                                                    --
 0: -- CASE3E100  E100 Blackoil                                           --
 0: -- CASE3B     E300 Blackoil                                           --
 0: -- CASE3T     E300 Blackoil + Thermal                                 --
 0: --                                                                    --
 0: --                                                                    --
 0: -- Last modified January 2004                                         --
 0: --                                                                    --
 0: -- Please note, this data set is intended to illustrate the way in    --
 0: -- which a blackoil data set can be converted to a thermal data set.  --
 0: -- However, the reservoir pressure is higher than is recommended for  --
 0: -- thermal simulations.                                               --
 0: --                                                                    --
 0: ------------------------------------------------------------------------
 0: -->THIS IS THE SECOND SPE COMPARISON PROBLEM , REPORTED BY CHAPPELEAR
 0: -- AND NOLEN AT THE SIXTH SPE SYMPOSIUM ON RESERVOIR SIMULATION , NEW
 0: -- ORLEANS, JANUARY 82 . IT IS  A SINGLE WELL CONING  STUDY , WITH THE
 0: -- WELL CONNECTED TO TWO GRID BLOCKS. DURING THE PRODUCTION SCHEDULE,
 0: -- THE WELL RATE IS SUBJECT TO LARGE CHANGES, AND AT ABOUT 250 DAYS
 0: -- CHANGES FROM FLOW RATE TO BHP CONTROL.
 0: -- This is the 2nd SPE comparison problem, by Chappelear and Nolen
 0: -- 6th SPE Symposium on reservoir simulation, New Orleans, January 1982.
 0: -- Single-well coning study, well connected to 2 grid blocks.
 0: -- Well rate is subject to large changes and eventually changes to bhp
 0: -- BLACKOIL run in Eclipse 300
 0: -- Grid dimensions 10x1x15
 0: -- FULLIMP solution method
 0: -- FIELD units
 0: ------------------------------------------------------------------------
 0: 
 0: ------------------------------------------------------------------------
 0: -- Modification date: 	January 2007
 0: -- Changes:			NSTACK is taken out.
 0: -- Result:			Predicted CPU speed-up ~1.1
 0: ------------------------------------------------------------------------
 0: 
 0: RUNSPEC
 0: 
 0: TITLE
 0:                  Chappelear 3 phase radial coning study
 0: 
 0: START
 0:  1 'JAN' 1982 /
 0: 
 0: FIELD
 0: 
 0: FMTIN
 0: 
 0: UNIFIN
 0: 
 0: RADIAL
 0: 
 0: FMTOUT
 0: 
 0: UNIFOUT
 0: 
 0: GAS
 0: 
 0: OIL
 0: 
 0: WATER
 0: 
 0: FULLIMP
 0: 
 0: BLACKOIL
 0: 
 0: --NSTACK
 0: -- 24 10 /
 0: 
 0: MONITOR
 0: 
 0: NONNC
 0: 
 0: NUPCOL
 0:  4 /
 0: 
 0: RSSPEC
 0: 
 0: DIMENS
 0:  10 1 15 /
 0: 
 0: EQLDIMS
 0:  1 100 10 1 20 /
 0: 
 0: REGDIMS
 0:  15 1 0 0 0 /
 0: 
 0: TABDIMS
 0:  1 1 19 20 15 20 20 1 1 1 1 1 1 0 /
 0: 
 0: WELLDIMS
 0:  2 3 2 2 5 10 5 4 3 /
 0: 
 0: 
 0: GRID
 0: --======================================================================
 0: -------- IN THIS SECTION , THE GEOMETRY OF THE SIMULATION GRID AND THE
 0: -------- ROCK PERMEABILITIES AND POROSITIES ARE DEFINED.
 0: ------------------------------------------------------------------------
 0: INIT
 0: --  SPECIFY INNER RADIUS OF 1ST GRID BLOCK IN THE RADIAL DIRECTION
 0: 
 0: INRAD
 0:   0.25 /
 0: 
 0: 
 0: --  SPECIFY GRID BLOCK DIMENSIONS IN THE R DIRECTION
 0: DRV
 0:     1.75     2.32     5.01    10.84    23.39
 0:    50.55   109.21   235.92   509.68  1101.08  /
 0: 
 0: 
 0: -- SPECIFY CELL THICKNESSES ( DZ ), RADIAL PERMEABILITIES ( PERMR )
 0: -- AND POROSITIES ( PORO ) FOR EACH LAYER OF THE GRID. ALSO CELL TOP
 0: -- DEPTHS ( TOPS ) FOR LAYER 1. DTHETA IS SET TO 360 DEGREES FOR EVERY
 0: -- GRID BLOCK IN THE RESERVOIR.
 0: --     ARRAY    VALUE  ------ BOX ------
 0: EQUALS
 0: 
 0:       'DTHETA'  360   /  BOX DEFAULTS TO THE WHOLE GRID
 0: 
 0:       'DZ'      20     1 10  1  1  1  1  /  LAYER 1
 0:       'PERMR'   35    /
 0:       'PORO'    0.087 /
 0:       'TOPS'    9000  /
 0: 
 0:       'DZ'      15     1 10  1  1  2  2  /  LAYER 2
 0:       'PERMR'   47.5  /
 0:       'PORO'    0.097 /
 0: 
 0:       'DZ'      26     1 10  1  1  3  3  /  LAYER 3
 0:       'PERMR'   148   /
 0:       'PORO'    0.111 /
 0: 
 0:       'DZ'      15     1 10  1  1  4  4  /  LAYER 4
 0:       'PERMR'   202   /
 0:       'PORO'    0.160 /
 0: 
 0:       'DZ'      16     1 10  1  1  5  5  /  LAYER 5
 0:       'PERMR'   90    /
 0:       'PORO'    0.130 /
 0: 
 0:       'DZ'      14     1 10  1  1  6  6  /  LAYER 6
 0:       'PERMR'   418.5 /
 0:       'PORO'    0.170 /
 0: 
 0:       'DZ'      8      1 10  1  1  7  7  /  LAYER 7
 0:       'PERMR'   775   /
 0:       'PORO'    0.170 /
 0: 
 0:       'DZ'      8      1 10  1  1  8  8  /  LAYER 8
 0:       'PERMR'   60    /
 0:       'PORO'    0.080 /
 0: 
 0:       'DZ'      18     1 10  1  1  9  9  /  LAYER 9
 0:       'PERMR'   682   /
 0:       'PORO'    0.140 /
 0: 
 0:       'DZ'      12     1 10  1  1 10 10  /  LAYER 10
 0:       'PERMR'   472   /
 0:       'PORO'    0.130 /
 0: 
 0:       'DZ'      19     1 10  1  1 11 11  /  LAYER 11
 0:       'PERMR'   125   /
 0:       'PORO'    0.120 /
 0: 
 0:       'DZ'      18     1 10  1  1 12 12  /  LAYER 12
 0:       'PERMR'   300   /
 0:       'PORO'    0.105 /
 0: 
 0:       'DZ'      20     1 10  1  1 13 13  /  LAYER 13
 0:       'PERMR'   137.5 /
 0:       'PORO'    0.120 /
 0: 
 0:       'DZ'      50     1 10  1  1 14 14  /  LAYER 14
 0:       'PERMR'   191   /
 0:       'PORO'    0.116 /
 0: 
 0:       'DZ'      100    1 10  1  1 15 15  /  LAYER 15
 0:       'PERMR'   350   /
 0:       'PORO'    0.157 /
 0: 
 0: /   EQUALS IS TERMINATED BY A NULL RECORD
 0: 
 0: --  COPY RADIAL PERMEABILITIES ( PERMR ) INTO VERTICAL PERMEABILITIES
 0: --  ( PERMZ ) FOR THE WHOLE GRID, AND THEN MULTIPLY PERMZ BY 0.1.
 0: -------- SOURCE     DESTINATION
 0: COPY
 0:          'PERMR'      'PERMZ'     /
 0: /
 0: -------- ARRAY     FACTOR
 0: MULTIPLY
 0:         'PERMZ'     0.1    /
 0: /
 0: 
 0: -- OUTPUT OF CELL DIMENSIONS, PERMEABILITIES, POROSITY AND TOPS
 0: -- DATA IS REQUESTED, AND OF THE CALCULATED PORE VOLUMES, CELL
 0: -- CENTRE DEPTHS AND X AND Z DIRECTION TRANSMISSIBILITIES
 0: RPTGRID
 0:  'DR'
 0:  'DTHETA'
 0:  'DZ'
 0:  'PERMR'
 0:  'PERMZ'
 0:  'PORO'
 0:  'TOPS'
 0:  'PORV'
 0:  'DEPTH'
 0:  'TRANR'
 0:  'TRANZ'
 0:  /
 0: 
 0: PROPS    ===============================================================
 0: -------- THE PROPS SECTION DEFINES THE REL. PERMEABILITIES, CAPILLARY
 0: -------- PRESSURES, AND THE PVT PROPERTIES OF THE RESERVOIR FLUIDS
 0: ----------------------------------------------------------------------
 0: -- WATER RELATIVE PERMEABILITY AND CAPILLARY PRESSURE ARE TABULATED AS
 0: -- A FUNCTION OF WATER SATURATION.
 0: --
 0: --  SWAT   KRW   PCOW
 0: SWFN
 0: 
 0:     0.22  0       7
 0:     0.3   0.07    4
 0:     0.4   0.15    3
 0:     0.5   0.24    2.5
 0:     0.6   0.33    2
 0:     0.8   0.65    1
 0:     0.9   0.83    0.5
 0:     1     1       0      /
 0: 
 0: -- SIMILARLY FOR GAS
 0: --
 0: --  SGAS   KRG   PCOG
 0: SGFN       1 TABLES   19 NODES IN EACH           FIELD   16:31 18 JAN 85
 0:     .0000  .0000  .0000
 0:     .0400  .0000  .2000
 0:     .1000  .0220  .5000
 0:     .2000  .1000 1.0000
 0:     .3000  .2400 1.5000
 0:     .4000  .3400 2.0000
 0:     .5000  .4200 2.5000
 0:     .6000  .5000 3.0000
 0:     .7000  .8125 3.5000
 0:     .7800 1.0000 3.9000
 0: /
 0: 
 0: -- OIL RELATIVE PERMEABILITY IS TABULATED AGAINST OIL SATURATION
 0: -- FOR OIL-WATER AND OIL-GAS-CONNATE WATER CASES
 0: --
 0: --  SOIL     KROW     KROG
 0: SOF3
 0:     0        0         0
 0:     0.2      0         0
 0:     0.38      0.00432   0
 0:     0.4      0.0048    0.004
 0:     0.48      0.05288   0.02
 0:     0.5      0.0649    0.036
 0:     0.58      0.11298   0.1
 0:     0.6      0.125     0.146
 0:     0.68      0.345     0.33
 0:     0.7      0.4       0.42
 0:     0.74      0.7       0.6
 0:     0.78     1         1          /
 0: 
 0: 
 0: -- PVT PROPERTIES OF WATER
 0: --
 0: --    REF. PRES. REF. FVF  COMPRESSIBILITY  REF VISCOSITY  VISCOSIBILITY
 0: PVTW
 0:         3600     1.00341        3.0D-6          0.96             0  /
 0: 
 0: 
 0: -- ROCK COMPRESSIBILITY
 0: --
 0: --    REF. PRES   COMPRESSIBILITY
 0: ROCK
 0:          3600          4.0D-6   /
 0: 
 0: -- SURFACE DENSITIES OF RESERVOIR FLUIDS
 0: --
 0: --        OIL   WATER   GAS
 0: DENSITY
 0:            45   63.02   0.0702  /
 0: 
 0: -- PVT PROPERTIES OF DRY GAS (NO VAPOURISED OIL)
 0: -- WE WOULD USE PVTG TO SPECIFY THE PROPERTIES OF WET GAS
 0: --
 0: --   PGAS   BGAS   VISGAS
 0: PVDG
 0:       400    5.9   0.013
 0:       800    2.95  0.0135
 0:      1200    1.96  0.014
 0:      1600    1.47  0.0145
 0:      2000    1.18  0.015
 0:      2400    0.98  0.0155
 0:      2800    0.84  0.016
 0:      3200    0.74  0.0165
 0:      3600    0.65  0.017
 0:      4000    0.59  0.0175
 0:      4400    0.54  0.018
 0:      4800    0.49  0.0185
 0:      5200    0.45  0.019
 0:      5600    0.42  0.0195 /
 0: 
 0: -- PVT PROPERTIES OF LIVE OIL (WITH DISSOLVED GAS)
 0: -- WE WOULD USE PVDO TO SPECIFY THE PROPERTIES OF DEAD OIL
 0: --
 0: -- FOR EACH VALUE OF RS THE SATURATION PRESSURE, FVF AND VISCOSITY
 0: -- ARE SPECIFIED. FOR RS=1.81  THE FVF AND VISCOSITY OF
 0: -- UNDERSATURATED OIL ARE DEFINED AS A FUNCTION OF PRESSURE. DATA
 0: -- FOR UNDERSATURATED OIL MAY BE SUPPLIED FOR ANY RS, BUT MUST BE
 0: -- SUPPLIED FOR THE HIGHEST RS (1.81).
 0: --
 0: --   RS      POIL    FVFO    VISO
 0: PVTO
 0:    0.000      100   1.000    1.18  /
 0:    0.165      400   1.012    1.17  /
 0:    0.335      800   1.0255   1.14  /
 0:    0.500     1200   1.038    1.11  /
 0:    0.665     1600   1.051    1.08  /
 0:    0.828     2000   1.063    1.06  /
 0:    0.985     2400   1.075    1.03  /
 0:    1.130     2800   1.087    1.00  /
 0:    1.270     3200   1.0985   0.98  /
 0:    1.390     3600   1.11     0.95  /
 0:    1.500     4000   1.12     0.94  /
 0:    1.600     4400   1.13     0.92  /
 0:    1.676     4800   1.14     0.91  /
 0:    1.750     5200   1.148    0.9   /
 0:    1.810     5600   1.155    0.89
 0:              6000   1.1504   0.89
 0:              6400   1.1458   0.89
 0:              6800   1.1412   0.89
 0:              7200   1.1367   0.89  /
 0: /
 0: 
 0: REGIONS  ===============================================================
 0: -------- THE REGIONS SECTION DEFINES HOW THE RESERVOIR IS SPLIT INTO
 0: -------- REGIONS BY SATURATION FUNCTION, PVT FUNCTION, FLUID IN PLACE
 0: -------- REGION ETC.
 0: ------------------------------------------------------------------------
 0: FIPNUM
 0:   10*1  10*2  10*3  10*4  10*5  10*6  10*7  10*8  10*9  10*10
 0:   10*11 10*12 10*13 10*14 10*15  /
 0: 
 0: SOLUTION ===============================================================
 0: -------- THE SOLUTION SECTION DEFINES THE INITIAL STATE OF THE SOLUTION
 0: -------- VARIABLES (PHASE PRESSURES, SATURATIONS AND GAS-OIL RATIOS)
 0: ------------------------------------------------------------------------
 0: -- DATA FOR INITIALISING FLUIDS TO POTENTIAL EQUILIBRIUM
 0: --
 0: --    DATUM  DATUM   OWC    OWC    GOC    GOC    RSVD   RVVD   SOLN
 0: --    DEPTH  PRESS  DEPTH   PCOW  DEPTH   PCOG  TABLE  TABLE   METH
 0: EQUIL
 0:        9035   3600   9209    0     9035    0       0      0  /
 0: 
 0: -- SWITCH ON OUTPUT OF INITIAL SOLUTION
 0: RPTSOL                                           FIELD   16:05 12 DEC 88
 0:    -- Initialisation Print Output
 0:    --
 0: 'PRES' 'RS' 'RV' 'SOIL' 'SWAT' 'SGAS' /
 0: 
 0: SUMMARY ================================================================
 0: -------- THIS SECTION SPECIFIES DATA TO BE WRITTEN TO THE SUMMARY FILES
 0: -------- AND WHICH MAY LATER BE USED WITH THE ECLIPSE GRAPHICS PACKAGE
 0: ------------------------------------------------------------------------
 0: 
 0: -- FIELD Rates for Oil, Water, Liquid & 3 Phase Voidage
 0: FOPR
 0: FWPR
 0: FVPR
 0: 
 0: -- BOTTOM HOLE PRESSURE FOR WELL
 0: WBHP
 0: 'P1'
 0: /
 0: -- FIELD Water Cut, GOR and Pressure
 0: FWCT
 0: FGOR
 0: FPR
 0: 
 0: PERFORMANCE
 0: 
 0: RPTONLY
 0: RUNSUM
 0: SCHEDULE ===============================================================
 0: -------- THE SCHEDULE SECTION DEFINES THE OPERATIONS TO BE SIMULATED
 0: ------------------------------------------------------------------------
 0: -- CONTROLS ON OUTPUT AT EACH REPORT TIME
 0: RPTSCHED                                         FIELD   16:07 12 DEC 88
 0:   'PRES' 'SWAT' 'SGAS' /
 0: RPTPRINT
 0: 10*0
 0: /
 0: 
 0: -- WELL SPECIFICATION DATA
 0: --
 0: --     WELL   GROUP LOCATION  BHP   PI
 0: --     NAME   NAME    I  J   DEPTH DEFN
 0: WELSPECS                                         FIELD   16:32 18 JAN 85
 0: 'P1','G       ',  1,  1,9110.00,'OIL' /
 0: /
 0: 
 0: -- COMPLETION SPECIFICATION DATA
 0: --
 0: --     WELL     -LOCATION- OPEN/ SAT CONN
 0: --     NAME     I  J K1 K2 SHUT  TAB FACT
 0: COMPDAT
 0:     'P1'  1  1  7  7 'OPEN' 0  27.228  /
 0:     'P1'  1  1  8  8 'OPEN' 0  2.1079  /
 0:   /
 0: 
 0: -- PRODUCTION WELL CONTROLS - OIL RATE IS SET TO 1000 BPD
 0: --
 0: --      WELL     OPEN/  CNTL   OIL  WATER   GAS  LIQU   RES   BHP
 0: --      NAME     SHUT   MODE  RATE   RATE  RATE  RATE  RATE
 0: WCONPROD
 0:     'P1'  'OPEN' 'ORAT' 1000   4*                      3000  /
 0:   /
 0: -- SPECIFY REPORT AT 10 DAYS
 0: TSTEP
 0: 10.00000
 0: /
 0: 
 0: -- CUT OIL RATE TO 100 BPD
 0: WELTARG
 0: 'P1', 'ORAT'  100.000000 /
 0: /
 0: 
 0: -- ADVANCE SIMULATION TO 50 DAYS
 0: TSTEP
 0:  40.00000
 0: /
 0: 
 0: -- PUT OIL RATE BACK TO 1000 BPD
 0: WELTARG
 0: 'P1', 'ORAT'  1000.00000 /
 0: /
 0: 
 0: 
 0: -- AND ADVANCE TO 720 DAYS - WELL SWITCHES TO BHP CONTROL AT 250 DAYS
 0: TSTEP
 0:  50.00000  100.0000  100.0000  100.0000  100.0000  100.0000  120.0000
 0: /
 0: 
 0: -- CUT OIL RATE TO 100 BPD
 0: WELTARG
 0: 'P1', 'ORAT'  100.000000 /
 0: /
 0: 
 0: -- ADVANCE TO 800 DAYS
 0: TSTEP
 0:  80.00000
 0: /
 0: 
 0: RPTPRINT
 0: 11*1 /
 0: 
 0: -- RESET OUTPUT CONTROLS TO GET FULL OUTPUT FOR LAST REPORT
 0: RPTSCHED
 0:   'PRES' 'SOIL' 'SWAT' 'SGAS' /
 0: 
 0: -- ADVANCE TO END OF SIMULATION (900 DAYS)
 0: TSTEP
 0:  100.0000
 0: /
 0: 
 0: END      ==============================================================

 ******** END OF INPUT DATA FOR RUN CASE3B
     1 READING RUNSPEC 
     2 READING TITLE   
     3 READING START   
     4 READING FIELD   
     5 READING FMTIN   
     6 READING UNIFIN  
     7 READING RADIAL  
     8 READING FMTOUT  
     9 READING UNIFOUT 
    10 READING GAS     
    11 READING OIL     
    12 READING WATER   
    13 READING FULLIMP 
    14 READING BLACKOIL
    15 READING MONITOR 
    16 READING NONNC   
    17 READING NUPCOL  
    18 READING RSSPEC  
    19 READING DIMENS  
    20 READING EQLDIMS 
    21 READING REGDIMS 
    22 READING TABDIMS 
    23 READING WELLDIMS
    24 READING GRID    

 @--MESSAGE  AT TIME        0.0   DAYS    ( 1-JAN-1982):
 @           CHECKING FOR LICENSES                                           

 @--  ERROR  AT TIME        0.0   DAYS    ( 1-JAN-1982):
 @           LICENSE FAILURE: ERROR NUMBER IS -1                             

 Error summary 
 Comments               0
 Warnings               0
 Problems               0
 Errors                 1
 Bugs                   0
 Final cpu       0.00 elapsed       0.00
