


 $$$$$   $$$   $      $$$  $$$$    $$$   $$$$$     $    $$$    $$$ 
 $      $   $  $       $   $   $  $   $  $        $$   $   $  $   $
 $      $      $       $   $   $  $      $         $   $   $  $   $
 $$$$   $      $       $   $$$$    $$$   $$$$      $   $   $  $   $
 $      $      $       $   $          $  $         $   $   $  $   $
 $      $   $  $       $   $      $   $  $         $   $   $  $   $
 $$$$$   $$$   $$$$$  $$$  $       $$$   $$$$$    $$$   $$$    $$$ 



                       $$$$$   $$$   $      $$$  $$$$    $$$   $$$$$     $    $$$    $$$ 
                       $      $   $  $       $   $   $  $   $  $        $$   $   $  $   $
                       $      $      $       $   $   $  $      $         $   $   $  $   $
                       $$$$   $      $       $   $$$$    $$$   $$$$      $   $   $  $   $
                       $      $      $       $   $          $  $         $   $   $  $   $
                       $      $   $  $       $   $      $   $  $         $   $   $  $   $
                       $$$$$   $$$   $$$$$  $$$  $       $$$   $$$$$    $$$   $$$    $$$ 



                                             $$$$$   $$$   $      $$$  $$$$    $$$   $$$$$     $    $$$    $$$ 
                                             $      $   $  $       $   $   $  $   $  $        $$   $   $  $   $
                                             $      $      $       $   $   $  $      $         $   $   $  $   $
                                             $$$$   $      $       $   $$$$    $$$   $$$$      $   $   $  $   $
                                             $      $      $       $   $          $  $         $   $   $  $   $
                                             $      $   $  $       $   $      $   $  $         $   $   $  $   $
                                             $$$$$   $$$   $$$$$  $$$  $       $$$   $$$$$    $$$   $$$    $$$ 



                                                                   $$$$$   $$$   $      $$$  $$$$    $$$   $$$$$     $    $$$    $$$ 
                                                                   $      $   $  $       $   $   $  $   $  $        $$   $   $  $   $
                                                                   $      $      $       $   $   $  $      $         $   $   $  $   $
                                                                   $$$$   $      $       $   $$$$    $$$   $$$$      $   $   $  $   $
                                                                   $      $      $       $   $          $  $         $   $   $  $   $
                                                                   $      $   $  $       $   $      $   $  $         $   $   $  $   $
                                                                   $$$$$   $$$   $$$$$  $$$  $       $$$   $$$$$    $$$   $$$    $$$ 
 
 Version =  2009.1
 Arch    =  PC WINDOWS (32 bit)
Annex    | Modification date    | Update date          | baseline             
=====    | =================    | ===========          | ========             
ECLIPSE  | 27-APR-2009 16:22:47 | 27-APR-2009 19:37:10 | S:\2009.1_w18i
system   | 22-APR-2009 14:52:01 | 25-APR-2009 05:27:35 | S:\2009.1_w18
utility  | 17-FEB-2009 08:34:11 | 25-APR-2009 05:40:00 | S:\2009.1_w18
 

1

 ******** ECHO OF INPUT DATA FOR RUN HEAT300

 0: --------------------------------------------------------------------------------
 0: --                                                                            --
 0: -- Comparison of temperature dependent simulations                            --
 0: -- a) HEAT100.DATA: Blackoil data set to be run with ECLIPSE 100              --
 0: -- b) HEAT300.DATA: Blackoil data set to be run with ECLIPSE 300              --
 0: -- c) HEAT500.DATA: Thermal  data set to be run with ECLIPSE 300              --
 0: --                                                                            --
 0: -- Please note, this data set is intended to illustrate the way in            --
 0: -- which a blackoil data set can be converted to a thermal data set.          --
 0: -- However, the injection pressure is higher than is recommended for          --
 0: -- thermal simulations.                                                       --
 0: --                                                                            --
 0: --------------------------------------------------------------------------------
 0: 
 0: ------------------------------------------------------------------------
 0: -- Modification date: 	January 2007
 0: -- Changes:			TSCRIT out
 0: -- Result:			Speed-up ~1.41
 0: ------------------------------------------------------------------------
 0: 
 0: 
 0: 
 0: RUNSPEC
 0: TITLE
 0:           Simple Cold Water Injection case
 0: 
 0: DIMENS
 0:    20   20    3  /
 0: 
 0: NONNC
 0: 
 0: OIL
 0: 
 0: WATER
 0: 
 0: GAS
 0: 
 0: DISGAS
 0: 
 0: FIELD
 0: 
 0: TEMP
 0: 
 0: EQLDIMS
 0:     1  100   10    1   20 /
 0: 
 0: TABDIMS
 0:     1    1   19   15   15   15    1   20 /
 0: 
 0: --REGDIMS
 0: --   15    1    0    0  /
 0: 
 0: WELLDIMS
 0:     2    3    1    2 /
 0: 
 0: NUPCOL
 0:     4 /
 0: 
 0: START
 0:    1 'JAN' 1994  /
 0: 
 0: --NSTACK
 0: --   24 /
 0: 
 0: GRID     ===============================================================
 0: -------- IN THIS SECTION , THE GEOMETRY OF THE SIMULATION GRID AND THE
 0: -------- ROCK PERMEABILITIES AND POROSITIES ARE DEFINED.
 0: ------------------------------------------------------------------------
 0: 
 0: TOPS
 0:   20*500 20*502 20*505 20*511 20*519 20*529 20*541 20*555 20*571 20*591
 0:   20*601 20*617 20*631 20*643 20*653 20*661 20*667 20*671 20*674 20*676  /
 0: DXV
 0:    10 15 20 30 40 50 60 70 80 100 100 80 70 60 50 40 30 20 15 10 /
 0: DYV
 0:    10 15 20 30 40 50 60 70 80 100 100 80 70 60 50 40 30 20 15 10 /
 0: DZ
 0:   400*5 400*10 400*18 /
 0: PORO
 0:   1200*0.28 /
 0: PERMX
 0:   1200*300 /
 0: PERMY
 0:   1200*300 /
 0: PERMZ
 0:   1200*30  /
 0: 
 0: --
 0: -- rock thermal conductivity (optional if the effect is small)
 0: --
 0: THCONR
 0:  1200*24.0  /
 0: 
 0: RPTGRID
 0:  'PORV' 'TRANX' 'TRANY' 'THCONR' 'TRTHERM' /
 0: 
 0: PROPS    ===============================================================
 0: -------- THE PROPS SECTION DEFINES THE REL. PERMEABILITIES, CAPILLARY
 0: -------- PRESSURES, AND THE PVT PROPERTIES OF THE RESERVOIR FLUIDS
 0: ----------------------------------------------------------------------
 0: --  SWAT   KRW   PCOW
 0: SWFN
 0: 
 0:     0.12  0       0
 0:     0.2   0.01   0
 0:     0.3   0.2    0
 0:     1.0   0.8     0  /
 0: 
 0: -- SIMILARLY FOR GAS
 0: --
 0: --  SGAS   KRG   PCOG
 0: SGFN
 0: 
 0:     0     0       0
 0:     0.02  0       0
 0:     0.05  0.005   0
 0:     0.12  0.025   0
 0:     0.2   0.075   0
 0:     0.25  0.125   0
 0:     0.3   0.19    0
 0:     0.4   0.41    0
 0:     0.45  0.6     0
 0:     0.5   0.72    0
 0:     0.6   0.87    0
 0:     0.7   0.94    0
 0:     0.85  0.98    0
 0:     1.0   1.0     0
 0: /
 0: 
 0: -- OIL RELATIVE PERMEABILITY IS TABULATED AGAINST OIL SATURATION
 0: -- FOR OIL-WATER AND OIL-GAS-CONNATE WATER CASES
 0: --
 0: --  SOIL     KROW     KROG
 0: SOF3
 0:     0        0        0
 0:     0.18     0        0
 0:     0.28     0.0001   0.0001
 0:     0.38     0.001    0.001
 0:     0.43     0.01     0.01
 0:     0.48     0.021    0.021
 0:     0.58     0.09     0.09
 0:     0.63     0.2      0.2
 0:     0.68     0.35     0.35
 0:     0.76     0.7      0.7
 0:     0.83     0.98     0.98
 0:     0.86     0.997    0.997
 0:     0.879    1        1
 0:     0.88     1        1    /
 0: 
 0: 
 0: -- PVT PROPERTIES OF WATER
 0: --
 0: --    REF. PRES. REF. FVF  COMPRESSIBILITY  REF VISCOSITY  VISCOSIBILITY
 0: PVTW
 0:         3000     1.00341        3.0D-6          0.96             0  /
 0: 
 0: 
 0: -- ROCK COMPRESSIBILITY
 0: --
 0: --    REF. PRES   COMPRESSIBILITY
 0: ROCK
 0:          3000          4.0D-6   /
 0: 
 0: --
 0: --        OIL   WATER   GAS
 0: DENSITY
 0:            45   63.02   0.0702  /
 0: 
 0: --
 0: --   PGAS   BGAS   VISGAS
 0: PVDG
 0:      14.7 166.666   0.008
 0:     264.7  12.093   0.0096
 0:     514.7   6.274   0.0112
 0:    1014.7   3.197   0.014
 0:    2014.7   1.614   0.0189
 0:    2514.7   1.294   0.0208
 0:    3014.7   1.080   0.0228
 0:    4014.7   0.811   0.0268
 0:    5014.7   0.649   0.0309
 0:    9014.7   0.386   0.047   /
 0: 
 0: --
 0: --   RS      POIL  FVFO  VISO
 0: PVTO
 0:     0.001    14.7 1.062  1.04    /
 0:     0.0905  264.7 1.15   0.975   /
 0:     0.18    514.7 1.207  0.91    /
 0:     0.371  1014.7 1.295  0.83    /
 0:     0.636  2014.7 1.435  0.695   /
 0:     0.775  2514.7 1.5    0.641   /
 0:     0.93   3014.7 1.565  0.594   /
 0:     1.270  4014.7 1.695  0.51
 0:            5014.7 1.671  0.549
 0:            9014.7 1.579  0.74    /
 0:     1.618  5014.7 1.827  0.449
 0:            9014.7 1.726  0.605   /
 0: /
 0: 
 0: 
 0: --
 0: -- Define the fluid specific heats
 0: --
 0: SPECHEAT
 0:   50   0.5 1.5 0.5
 0:  150   0.5 1.5 0.5
 0: /
 0: --
 0: --  Define the rock specific heat
 0: --
 0: SPECROCK
 0:   50   35
 0:  150   35
 0: /
 0: --
 0: -- Oil/Water Viscosity as a function of temperature
 0: --
 0: VISCREF
 0:  3014.7 0.93 /
 0: 
 0: OILVISCT
 0:  80  3.0
 0: 135  0.594
 0: /
 0: 
 0: WATVISCT
 0:  80  1.2
 0: 135  0.96
 0: /
 0: 
 0: -- SWITCH ON OUTPUT OF PROPS DATA
 0: RPTPROPS
 0:  'SPECHEAT' /
 0: 
 0: SOLUTION ===============================================================
 0: -------- THE SOLUTION SECTION DEFINES THE INITIAL STATE OF THE SOLUTION
 0: -------- VARIABLES (PHASE PRESSURES, SATURATIONS AND GAS-OIL RATIOS)
 0: ------------------------------------------------------------------------
 0: -- DATA FOR INITIALISING FLUIDS TO POTENTIAL EQUILIBRIUM
 0: --
 0: --    DATUM  DATUM   OWC    OWC    GOC    GOC    RSVD   RVVD   SOLN
 0: --    DEPTH  PRESS  DEPTH   PCOW  DEPTH   PCOG  TABLE  TABLE   METH
 0: EQUIL
 0:         500    3000   600     0      500    0       0      0  /
 0: 
 0: 
 0: --
 0: -- Define the initial reservoir temperature
 0: --
 0: RTEMP
 0:  135 /
 0: 
 0: -- SWITCH ON OUTPUT OF INITIAL SOLUTION
 0: RPTSOL
 0:   'PRESSURE' 'TEMP' 'SOIL' 'SGAS' 'SWAT' 'DENO' 'DENG' 'DENW' 'VOIL' 'VGAS' 'VWAT' 'RS' /
 0: 
 0: SUMMARY ================================================================
 0: -------- THIS SECTION SPECIFIES DATA TO BE WRITTEN TO THE SUMMARY FILES
 0: -------- AND WHICH MAY LATER BE USED WITH THE ECLIPSE GRAPHICS PACKAGE
 0: ------------------------------------------------------------------------
 0: ALL
 0: 
 0: PERFORMANCE
 0: 
 0: BTEMP
 0:  1  1 1 /
 0:  1  1 2 /
 0:  1  1 3 /
 0: 20 20 1 /
 0: 20 20 2 /
 0: 20 20 3 /
 0: /
 0: 
 0: RUNSUM
 0: 
 0: RPTONLY
 0: SCHEDULE ===============================================================
 0: -------- THE SCHEDULE SECTION DEFINES THE OPERATIONS TO BE SIMULATED
 0: ------------------------------------------------------------------------
 0: -- CONTROLS ON OUTPUT AT EACH REPORT TIME
 0: 
 0: RPTSCHED
 0:   'PRESSURE' 'TEMP' 'SOIL' 'SGAS' 'SWAT' 'DENO' 'DENG' 'DENW' 'VOIL' 'VGAS' 'VWAT' 'RS' /
 0: 
 0: RPTRST
 0:   'PRESSURE' 'TEMP' 'SOIL' 'SGAS' 'SWAT' /
 0: 
 0: --TSCRIT
 0: -- 2* 20 /
 0: 
 0: 
 0: -- WELL SPECIFICATION DATA
 0: --
 0: --     WELL   GROUP LOCATION  BHP   PI
 0: --     NAME   NAME    I  J   DEPTH DEFN
 0: WELSPECS
 0: 'P1','G       ',  1,  1, 1*    ,'OIL' /
 0: 'I1','G       ', 20, 20, 1*    ,'WAT' /
 0: /
 0: 
 0: -- COMPLETION SPECIFICATION DATA
 0: --
 0: --     WELL     -LOCATION- OPEN/ SAT CONN
 0: --     NAME     I  J K1 K2 SHUT  TAB FACT
 0: COMPDAT
 0:     'P1'  1  1  1  3 'OPEN' 0  1* 0.3 /
 0:     'I1' 20 20  1  3 'OPEN' 0  1* 0.3 /
 0:   /
 0: 
 0: -- PRODUCTION WELL CONTROLS
 0: --
 0: --  WELL     OPEN/  CNTL   OIL  WATER   GAS  LIQU   RES   BHP
 0: --  NAME     SHUT   MODE  RATE   RATE  RATE  RATE  RATE
 0: WCONPROD
 0:      'P1'  'OPEN'  'BHP'               5*                1500  /
 0:   /
 0: WCONINJE
 0: --   I1 WAT OPEN RATE 4000 1* 1E4  /
 0:      I1 WAT OPEN BHP  1*   1* 6000 /
 0:   /
 0: --
 0: --  Define the injection temperature
 0: --
 0: WINJTEMP
 0: I1 1* 80 6000 /
 0: /
 0: 
 0: TSTEP
 0:   1 10 100 1000
 0: /
 0: 
 0: END

 ******** END OF INPUT DATA FOR RUN HEAT300
     1 READING RUNSPEC 
     2 READING TITLE   
     3 READING DIMENS  
     4 READING NONNC   
     5 READING OIL     
     6 READING WATER   
     7 READING GAS     
     8 READING DISGAS  
     9 READING FIELD   
    10 READING TEMP    
    11 READING EQLDIMS 
    12 READING TABDIMS 
    13 READING WELLDIMS
    14 READING NUPCOL  
    15 READING START   
    16 READING GRID    

 @--MESSAGE  AT TIME        0.0   DAYS    ( 1-JAN-1994):
 @           CHECKING FOR LICENSES                                           

 @--  ERROR  AT TIME        0.0   DAYS    ( 1-JAN-1994):
 @           LICENSE FAILURE: ERROR NUMBER IS -1                             

 Error summary 
 Comments               0
 Warnings               0
 Problems               0
 Errors                 1
 Bugs                   0
 Final cpu       0.00 elapsed       0.00
