


 $$$$$   $$$   $      $$$  $$$$    $$$   $$$$$     $    $$$    $$$ 
 $      $   $  $       $   $   $  $   $  $        $$   $   $  $   $
 $      $      $       $   $   $  $      $         $   $   $  $   $
 $$$$   $      $       $   $$$$    $$$   $$$$      $   $   $  $   $
 $      $      $       $   $          $  $         $   $   $  $   $
 $      $   $  $       $   $      $   $  $         $   $   $  $   $
 $$$$$   $$$   $$$$$  $$$  $       $$$   $$$$$    $$$   $$$    $$$ 



                       $$$$$   $$$   $      $$$  $$$$    $$$   $$$$$     $    $$$    $$$ 
                       $      $   $  $       $   $   $  $   $  $        $$   $   $  $   $
                       $      $      $       $   $   $  $      $         $   $   $  $   $
                       $$$$   $      $       $   $$$$    $$$   $$$$      $   $   $  $   $
                       $      $      $       $   $          $  $         $   $   $  $   $
                       $      $   $  $       $   $      $   $  $         $   $   $  $   $
                       $$$$$   $$$   $$$$$  $$$  $       $$$   $$$$$    $$$   $$$    $$$ 



                                             $$$$$   $$$   $      $$$  $$$$    $$$   $$$$$     $    $$$    $$$ 
                                             $      $   $  $       $   $   $  $   $  $        $$   $   $  $   $
                                             $      $      $       $   $   $  $      $         $   $   $  $   $
                                             $$$$   $      $       $   $$$$    $$$   $$$$      $   $   $  $   $
                                             $      $      $       $   $          $  $         $   $   $  $   $
                                             $      $   $  $       $   $      $   $  $         $   $   $  $   $
                                             $$$$$   $$$   $$$$$  $$$  $       $$$   $$$$$    $$$   $$$    $$$ 



                                                                   $$$$$   $$$   $      $$$  $$$$    $$$   $$$$$     $    $$$    $$$ 
                                                                   $      $   $  $       $   $   $  $   $  $        $$   $   $  $   $
                                                                   $      $      $       $   $   $  $      $         $   $   $  $   $
                                                                   $$$$   $      $       $   $$$$    $$$   $$$$      $   $   $  $   $
                                                                   $      $      $       $   $          $  $         $   $   $  $   $
                                                                   $      $   $  $       $   $      $   $  $         $   $   $  $   $
                                                                   $$$$$   $$$   $$$$$  $$$  $       $$$   $$$$$    $$$   $$$    $$$ 
 
 Version =  2009.1
 Arch    =  PC WINDOWS (32 bit)
Annex    | Modification date    | Update date          | baseline             
=====    | =================    | ===========          | ========             
ECLIPSE  | 27-APR-2009 16:22:47 | 27-APR-2009 19:37:10 | S:\2009.1_w18i
system   | 22-APR-2009 14:52:01 | 25-APR-2009 05:27:35 | S:\2009.1_w18
utility  | 17-FEB-2009 08:34:11 | 25-APR-2009 05:40:00 | S:\2009.1_w18
 

1

 ******** ECHO OF INPUT DATA FOR RUN THERM14H

 0: ----------------------------------------------------------------
 0: --                                                            --
 0: -- Thermal 6-components, radial grid, huff and puff           --
 0: -- MSW with homogeneous flow                                  --
 0: --                                                            --
 0: --                                                            --
 0: -- Last modified January 2004                                 --
 0: --                                                            --
 0: ----------------------------------------------------------------
 0: 
 0: ------------------------------------------------------------------------
 0: -- Modification date: 	January 2007
 0: -- Changes:			-
 0: -- Result:			-
 0: ------------------------------------------------------------------------
 0: 
 0: RUNSPEC   ========================================
 0: 
 0: DIMENS
 0: 13 1 4 /
 0: 
 0: WATER
 0: OIL
 0: GAS
 0: 
 0: RADIAL
 0: FIELD
 0: 
 0: COMPS
 0: 6     /
 0: 
 0: THERMAL
 0: FULLIMP
 0: 
 0: WSEGDIMS
 0:  2 4 1 /
 0: 
 0: GRID      ========================================
 0: 
 0: INIT
 0: 
 0: INRAD
 0:   0.3  /
 0: 
 0: DRV
 0:   2.7  10    10    10    10
 0:  10    10    10    10    10
 0:  10    40   120
 0:                                /
 0: DTHETAV
 0: 360.0                          /
 0: 
 0: DZV
 0:  10.0  20.0  25.0  25.0        /
 0: 
 0: PERMR
 0:  13*2000.0  13*500.0  13*1000.0  13*2000.0  /
 0: PERMTHT
 0:  13*2000.0  13*500.0  13*1000.0  13*2000.0  /
 0: PERMZ
 0:  13*1000.0  13*250.0   13*500.0  13*1000.0  /
 0: 
 0: PORO
 0:  13*0.3 13*0.3 13*0.3 13*0.3  /
 0: 
 0: TOPS
 0: 13*1500.0  /
 0: 
 0: THCONR
 0:  52*24.0  /
 0: 
 0: HEATCR
 0:  52*35.0  /
 0: 
 0: RPTGRID
 0:   TOPS MIDS /
 0: 
 0: PROPS     ========================================
 0: 
 0: HEATVAP
 0:   237.0 300.0 300.0 200.0 100.0 84.0  /
 0: 
 0: HEATVAPE
 0: 1*    1.0   1.0   1.0   1*    1*   /
 0: 
 0: CNAMES
 0: C1 C3 C6 C10 C15 C20 /
 0: 
 0: KVWI
 0: 
 0: TCRIT
 0: 343.0  665.7  913.4 1111.8 1270.0 1380.0 /
 0: 
 0: PCRIT
 0: 667.8 616.3 436.9 304.0 200.0 162.0 /
 0: 
 0: MW
 0:  16.04  44.10  86.18 149.29 206.00 282.00 /
 0: 
 0: --ZFACTOR
 0: --0.97 0.93 0.92 0.96 0.94 0.95 /
 0: 
 0: ACF
 0: 0.013 0.1524 0.3007 0.4885 0.6500 0.8500 /
 0: 
 0: CREF
 0: .00005 .00005 .00005 .00005 .00005 .00005 /
 0: 
 0: DREF
 0: 39.375 39.375 39.375 39.375 39.375 39.375 /
 0: 
 0: THERMEX1
 0: .00037 .00037 .00037 .00037 .00037 .00037 /
 0: 
 0: SPECHA
 0: .53 .53 .53 .53 .53 .53 /
 0: 
 0: TCRITW
 0: 1165.14 /
 0: 
 0: PCRITW
 0: 3208.2356 /
 0: 
 0: --THANALB
 0: THTABB
 0: 
 0: TEMPVD
 0:   1300.0  75.0
 0:   1700.0  75.0  /
 0: 
 0: STCOND
 0: 60 14.7 /
 0: 
 0: SWFN
 0:    .4500   .0000   0.0
 0:    .4900   .0003   0.0
 0:    .5300   .0018   0.0
 0:    .5700   .0049   0.0
 0:    .6100   .0101   0.0
 0:    .6500   .0177   0.0
 0:    .6900   .0279   0.0
 0:    .7300   .0410   0.0
 0:    .7700   .0572   0.0
 0:    .8100   .0768   0.0
 0:    .8500   .1000   0.0
 0:   1.0000   .1000   0.0
 0:  /
 0: SGFN
 0:    .0000   .0000   0.0
 0:    .0600   .0000   0.0
 0:    .1090   .0063   0.0
 0:    .1580   .0179   0.0
 0:    .2070   .0329   0.0
 0:    .2560   .0506   0.0
 0:    .3050   .0707   0.0
 0:    .3540   .0930   0.0
 0:    .4030   .1171   0.0
 0:    .4520   .1431   0.0
 0:    .5010   .1708   0.0
 0:    .5500   .2000   0.0
 0:   1.0000   .2000   0.0
 0:  /
 0: SOF3
 0:    .0000   .0000   .0000
 0:    .1000   .0000   .0000
 0:    .1500   .0000   .0049
 0:    .1900   .0040   .0160
 0:    .2300   .0160   .0334
 0:    .2700   .0360   .0571
 0:    .3100   .0640   .0871
 0:    .3500   .1000   .1235
 0:    .3900   .1440   .1661
 0:    .4300   .1960   .2151
 0:    .4700   .2560   .2704
 0:    .5100   .3240   .3320
 0:    .5500   .4000   .4000
 0:   1.0000   .4000   .4000
 0:  /
 0: 
 0: 
 0: GASVISCT
 0:  75   0.0143  0.0158  0.0180  0.0214  0.0244  0.0285
 0: 100   0.0149  0.0165  0.0188  0.0223  0.0255  0.0297
 0: 150   0.0161  0.0178  0.0203  0.0241  0.0275  0.0321
 0: 200   0.0172  0.0190  0.0218  0.0259  0.0296  0.0345
 0: 250   0.0184  0.0203  0.0233  0.0276  0.0315  0.0368
 0: 300   0.0196  0.0217  0.0247  0.0294  0.0335  0.0391
 0: 350   0.0207  0.0229  0.0262  0.0311  0.0355  0.0414
 0: 500   0.0241  0.0267  0.0305  0.0362  0.0414  0.0483
 0: 15000 0.2946  0.3257  0.3723  0.4422  0.5050  0.5892
 0: /
 0: 
 0: OILVISCT
 0:  75   2.3  611.9  1526.0  2897.0  4129.0  5780.0
 0: 100   2.0  147.4  365.4   692.4   986.2   1380.0
 0: 150   1.5  21.1   50.4    94.4    134.0   187.0
 0: 200   1.2  6.0    13.3    24.1    33.9    47.0
 0: 250   0.9  2.6    5.3     9.2     12.7    17.4
 0: 300   0.7  1.5    2.8     4.6     6.3     8.5
 0: 350   0.6  1.1    1.8     2.9     3.9     5.2
 0: 500   0.3  0.5    0.9     1.4     1.9     2.5
 0: 15000 0.01 0.3    0.7     1.3     1.8     2.4999
 0: /
 0: 
 0: 
 0: PVTW
 0: --  Pref       Bw        Cw          Vw        Cvw
 0: --  PSIA       RB/STB    1/PSI       CPOISE    1/PSI
 0:     75.000     1.0       3.E-08      .3        7.E-09
 0:  /
 0: 
 0: ROCK
 0: 75.0  5.0E-04  /
 0: 
 0: ZMFVD
 0: 1500.0 0.5 0.03 0.07 0.2 0.15 0.05 /
 0: 
 0: 
 0: SOLUTION  ========================================
 0: 
 0: EQUIL
 0: --  Ddat    Pdat     Dwoc    Pcog    Dgoc    Pgoc  It1  It2  Iac Iin
 0: 1500.0      75.0     1600.0  0.0     1500.0  0.0   1     1    0   1  /
 0: 
 0: 
 0: OUTSOL
 0: PRES TEMP SOIL SWAT /
 0: 
 0: RPTSOL
 0: PRES MLSC ENERGY TEMP SOIL SGAS SWAT /
 0: 

 @--WARNING  AT TIME        0.0   DAYS    ( 1-JAN-   0):
 @           UNRECOGNISED MNEMONIC MLSC             IN DATA                  
 @           FOR KEYWORD RPTSOL   IS IGNORED                                 

 @--WARNING  AT TIME        0.0   DAYS    ( 1-JAN-   0):
 @           UNRECOGNISED MNEMONIC ENERGY           IN DATA                  
 @           FOR KEYWORD RPTSOL   IS IGNORED                                 
 0: SUMMARY   ========================================
 0: 
 0: FOPR
 0: FOPT
 0: FWPR
 0: FWIR
 0: FWPT
 0: FWCT
 0: FGOR
 0: WBHP
 0: 'INJE'
 0: 'PROD'
 0: /
 0: WWCT
 0: 'PROD'
 0: /
 0: 
 0: STEM
 0: 'INJE' /
 0: 'PROD' /
 0: /
 0: 
 0: SPR
 0: 'INJE' /
 0: 'PROD' /
 0: /
 0: 
 0: SOFR
 0: 'PROD' /
 0: /
 0: SGFR
 0: 'INJE' /
 0: 'PROD' /
 0: /
 0: SWFR
 0: 'INJE' /
 0: 'PROD' /
 0: /
 0: 
 0: PERFORMANCE
 0: 
 0: RUNSUM
 0: 
 0: RPTONLY
 0: SCHEDULE  ========================================
 0: 
 0: -- Temperature check
 0: 
 0: TRANGE
 0:  33.0   1000.0  /
 0: 
 0: -- Output control ----------------------------------------------------
 0: 
 0: RPTPRINT
 0: -- s F R G S W C s nl
 0:    1 1 0 0 0 1 1 1 0 /
 0: 
 0: RPTSCHED
 0: PRES TEMP SOIL SWAT SGAS XMF YMF /
 0: 
 0: -- Convergence criteria ----------------------------------------------
 0: 

 @--WARNING  AT TIME        0.0   DAYS    ( 1-JAN-   0):
 @           UNRECOGNISED MNEMONIC XMF              IN DATA                  
 @           FOR KEYWORD RPTSCHED IS IGNORED                                 

 @--WARNING  AT TIME        0.0   DAYS    ( 1-JAN-   0):
 @           UNRECOGNISED MNEMONIC YMF              IN DATA                  
 @           FOR KEYWORD RPTSCHED IS IGNORED                                 
 0: CVCRIT
 0: 1* 15 20* 100/
 0: 
 0: TSCRIT
 0: --initT minT maxT maxInc/Dec targTTE maxTTE TTPT MTPT TSCT MxWT
 0:    .001 .0001  1*   1*   1*      10     100    1*  1*   10.0  1.0
 0: --maxPT maxSC ATPT SACT maxSA TEMT maxTEM
 0:   1*    50    1*   0.5  1*    50  500 /
 0: 
 0: -- Well data ---------------------------------------------------------
 0: 
 0: WELSPECS
 0: INJE  FIELD  1 1 1* WAT /
 0: PROD  FIELD  1 1 1* OIL /
 0: /
 0: 
 0: COMPDAT
 0: INJE   1 1 1 4  OPEN 1 1* 0.6 /
 0: PROD   1 1 1 4  OPEN 1 1* 0.6 /
 0: /
 0: 
 0: WELSEGS
 0: -- Name    Dep 1   Tlen 1  Vol 1
 0:   'PROD'    1505      30    0.94  'INC' 1* 'HO' / .031 35 24 /
 0: 
 0: -- First   Last   Branch   Outlet  Length   Depth  Diam  Ruff  Area  Vol
 0: -- Seg     Seg    Num      Seg              Chang
 0: -- Main Stem
 0:    2       2      1        1       15       15     0.2   1.E-3 1*    1* /
 0:    3       3      1        2       22.5     22.5   0.2   1.E-3 1*    1* /
 0:    4       4      1        3       25       25     0.2   1.E-3 1*    1* /
 0:  /
 0: 
 0: COMPSEGS
 0: 
 0: -- Name
 0:    'PROD' /
 0: 
 0: -- I  J  K  Brn  Start   End     Dirn   End
 0: --          No   Length  Length  Penet  Range
 0:    1  1  1  1    30      30       'Z'    /
 0:    1  1  2  1    45      45       'Z'    /
 0:    1  1  3  1    67.5    67.5     'Z'    /
 0:    1  1  4  1    92.5    92.5     'Z'    /
 0: /
 0: 
 0: WELSEGS
 0: -- Name    Dep 1   Tlen 1  Vol 1
 0:   'INJE'   1505      30    0.94  'INC' 1* 'HO' / .031 35 24 /
 0: 
 0: -- First   Last   Branch   Outlet  Length   Depth  Diam  Ruff  Area  Vol
 0: -- Seg     Seg    Num      Seg              Chang
 0: -- Main Stem
 0:    2       2      1        1       15       15     0.2   1.E-3 1*    1* /
 0:    3       3      1        2       22.5     22.5   0.2   1.E-3 1*    1* /
 0:    4       4      1        3       25       25     0.2   1.E-3 1*    1* /
 0:  /
 0: 
 0: COMPSEGS
 0: 
 0: -- Name
 0:    'INJE' /
 0: 
 0: -- I  J  K  Brn  Start   End     Dirn   End
 0: --          No   Length  Length  Penet  Range
 0:    1  1  1  1    30      30       'Z'    /
 0:    1  1  2  1    45      45       'Z'    /
 0:    1  1  3  1    67.5    67.5     'Z'    /
 0:    1  1  4  1    92.5    92.5     'Z'    /
 0: /
 0: 
 0: --=======================year 1=================================
 0: 
 0: WCONINJE
 0: -- Well Type O/S  Control Rate RV BHP
 0:    INJE WAT  OPEN WAT     1000 1* 1000 /
 0: /
 0: 
 0: WINJTEMP
 0: -- Well SQ   Temp  Pres  H
 0:    INJE 0.10 450   1*    1* /
 0: /
 0: 
 0: TSTEP
 0:  10  /
 0: 
 0: WELOPEN
 0: INJE SHUT  /
 0: /
 0: 
 0: TSTEP
 0:   7 /
 0: 
 0: WCONPROD
 0: -- Well O/S  Control oil gas wat liq  rv bhp
 0:    PROD OPEN BHP     1*  1*  1*  1000 1* 17  /
 0: /
 0: 
 0: TSTEP
 0:  14 28 31 30 31 30 31 31 30 31 30 31 /
 0: 
 0: WELOPEN
 0: PROD SHUT /
 0: /
 0: 
 0: --=======================year 2=================================
 0: 
 0: WCONINJE
 0: -- Well Type O/S  Control Rate RV BHP
 0:    INJE WAT  OPEN WAT     1000 1* 1000 /
 0: /
 0: 
 0: WINJTEMP
 0: -- Well SQ   Temp  Pres  H
 0:    INJE 0.10 450   1*    1* /
 0: /
 0: 
 0: NEXT
 0: 0.001 /
 0: 
 0: TSTEP
 0:  10 /
 0: 
 0: WELOPEN
 0: INJE SHUT /
 0: /
 0: 
 0: TSTEP
 0:   7 /
 0: 
 0: WCONPROD
 0: -- Well O/S  Control oil gas wat liq  rv bhp
 0:    PROD OPEN LRAT    1*  1*  1*  1000 1* 17  /
 0: /
 0: 
 0: TSTEP
 0:  14 28 31 30 31 30 31 31 30 31 30 31 /
 0: 
 0: WELOPEN
 0: PROD SHUT /
 0: /
 0: 
 0: --=======================year 3=================================
 0: 
 0: WCONINJE
 0: -- Well Type O/S  Control Rate RV BHP
 0:    INJE WAT  OPEN WAT     1000 1* 1000 /
 0: /
 0: 
 0: WINJTEMP
 0: -- Well SQ   Temp  Pres  H
 0:    INJE 0.10 450   1*    1* /
 0: /
 0: 
 0: NEXT
 0: 0.001 /
 0: 
 0: TSTEP
 0:  10 /
 0: 
 0: WELOPEN
 0: INJE SHUT /
 0: /
 0: 
 0: TSTEP
 0:   7 /
 0: 
 0: WCONPROD
 0: -- Well O/S  Control oil gas wat liq  rv bhp
 0:    PROD OPEN LRAT    1*  1*  1*  1000 1* 17  /
 0: /
 0: 
 0: TSTEP
 0:  14 28 31 30 31 30 31 31 30 31 30 31 /
 0: 
 0: END

 ******** END OF INPUT DATA FOR RUN THERM14H
     1 READING RUNSPEC 
     2 READING DIMENS  
     3 READING WATER   
     4 READING OIL     
     5 READING GAS     
     6 READING RADIAL  
     7 READING FIELD   
     8 READING COMPS   

 @--  ERROR  AT TIME        0.0   DAYS    ( 1-JAN-   0):
 @           UNRECOGNISED KEYWORD COMPS    IN RUNSPEC DATA                   

 @--WARNING  AT TIME        0.0   DAYS    ( 1-JAN-   0):
 @           SPURIOUS DATA BEFORE THERMAL  KEYWORD                           
 @           6     /                                                         
     9 READING THERMAL 

 @--  ERROR  AT TIME        0.0   DAYS    ( 1-JAN-   0):
 @           UNRECOGNISED KEYWORD THERMAL  IN RUNSPEC DATA                   
    10 READING FULLIMP 
    11 READING WSEGDIMS
    12 READING GRID    

 @--MESSAGE  AT TIME        0.0   DAYS    ( 1-JAN-   0):
 @           CHECKING FOR LICENSES                                           

 @--  ERROR  AT TIME        0.0   DAYS    ( 1-JAN-   0):
 @           LICENSE ERROR  -1 FOR MULTI-SEGMENT WELL OPTION                 
 @           FEATURE IS INVALID. CHECK YOUR LICENSE FILE AND                 
 @           THE LICENSE LOG FILE                                            

 Error summary 
 Comments               0
 Warnings               1
 Problems               0
 Errors                 3
 Bugs                   0
 Final cpu       0.25 elapsed       1.00
