


 $$$$$   $$$   $      $$$  $$$$    $$$   $$$$$     $    $$$    $$$ 
 $      $   $  $       $   $   $  $   $  $        $$   $   $  $   $
 $      $      $       $   $   $  $      $         $   $   $  $   $
 $$$$   $      $       $   $$$$    $$$   $$$$      $   $   $  $   $
 $      $      $       $   $          $  $         $   $   $  $   $
 $      $   $  $       $   $      $   $  $         $   $   $  $   $
 $$$$$   $$$   $$$$$  $$$  $       $$$   $$$$$    $$$   $$$    $$$ 



                       $$$$$   $$$   $      $$$  $$$$    $$$   $$$$$     $    $$$    $$$ 
                       $      $   $  $       $   $   $  $   $  $        $$   $   $  $   $
                       $      $      $       $   $   $  $      $         $   $   $  $   $
                       $$$$   $      $       $   $$$$    $$$   $$$$      $   $   $  $   $
                       $      $      $       $   $          $  $         $   $   $  $   $
                       $      $   $  $       $   $      $   $  $         $   $   $  $   $
                       $$$$$   $$$   $$$$$  $$$  $       $$$   $$$$$    $$$   $$$    $$$ 



                                             $$$$$   $$$   $      $$$  $$$$    $$$   $$$$$     $    $$$    $$$ 
                                             $      $   $  $       $   $   $  $   $  $        $$   $   $  $   $
                                             $      $      $       $   $   $  $      $         $   $   $  $   $
                                             $$$$   $      $       $   $$$$    $$$   $$$$      $   $   $  $   $
                                             $      $      $       $   $          $  $         $   $   $  $   $
                                             $      $   $  $       $   $      $   $  $         $   $   $  $   $
                                             $$$$$   $$$   $$$$$  $$$  $       $$$   $$$$$    $$$   $$$    $$$ 



                                                                   $$$$$   $$$   $      $$$  $$$$    $$$   $$$$$     $    $$$    $$$ 
                                                                   $      $   $  $       $   $   $  $   $  $        $$   $   $  $   $
                                                                   $      $      $       $   $   $  $      $         $   $   $  $   $
                                                                   $$$$   $      $       $   $$$$    $$$   $$$$      $   $   $  $   $
                                                                   $      $      $       $   $          $  $         $   $   $  $   $
                                                                   $      $   $  $       $   $      $   $  $         $   $   $  $   $
                                                                   $$$$$   $$$   $$$$$  $$$  $       $$$   $$$$$    $$$   $$$    $$$ 
 
 Version =  2009.1
 Arch    =  PC WINDOWS (32 bit)
Annex    | Modification date    | Update date          | baseline             
=====    | =================    | ===========          | ========             
ECLIPSE  | 27-APR-2009 16:22:47 | 27-APR-2009 19:37:10 | S:\2009.1_w18i
system   | 22-APR-2009 14:52:01 | 25-APR-2009 05:27:35 | S:\2009.1_w18
utility  | 17-FEB-2009 08:34:11 | 25-APR-2009 05:40:00 | S:\2009.1_w18
 

1

 ******** ECHO OF INPUT DATA FOR RUN THERM7

 0: ------------------------------------------------------------------------
 0: --                                                                    --
 0: -- SPE 78131 case study 3                                             --
 0: --                                                                    --
 0: --                                                                    --
 0: -- Last modified April 2003                                           --
 0: --                                                                    --
 0: ------------------------------------------------------------------------
 0: 
 0: ------------------------------------------------------------------------
 0: -- Modification date: 	January 2007
 0: -- Changes:			TSCRIT out
 0: -- Result:			Speed-up ~1.07
 0: ------------------------------------------------------------------------
 0: 
 0: RUNSPEC   ========================================
 0: 
 0: DIMENS
 0: 13 1 4 /
 0: 
 0: WATER
 0: OIL
 0: GAS
 0: 
 0: RADIAL
 0: FIELD
 0: 
 0: COMPS
 0: 3     /
 0: 
 0: THERMAL
 0: 
 0: WSEGDIMS
 0:  2 14 1 /
 0: 
 0: GRID      ========================================
 0: INIT
 0: 
 0: INRAD
 0:   0.3  /
 0: 
 0: DRV
 0:   2.7  10    10    10    10
 0:  10    10    10    10    10
 0:  10    40   120
 0:                                /
 0: DTHETAV
 0: 360.0                          /
 0: 
 0: DZV
 0:  10.0  20.0  25.0  25.0        /
 0: 
 0: PERMR
 0:  13*2000.0  13*500.0  13*1000.0  13*2000.0  /
 0: PERMTHT
 0:  13*2000.0  13*500.0  13*1000.0  13*2000.0  /
 0: PERMZ
 0:  13*1000.0  13*250.0   13*500.0  13*1000.0  /
 0: 
 0: PORO
 0:  13*0.3 13*0.3 13*0.3 13*0.3  /
 0: 
 0: TOPS
 0: 13*1500.0  /
 0: 
 0: THCONR
 0:  52*24.0  /
 0: 
 0: HEATCR
 0:  52*35.0  /
 0: 
 0: RPTGRID
 0:   TOPS MIDS /
 0: 
 0: PROPS     ========================================
 0: 
 0: CNAMES
 0: C1 C2 HEAVY /
 0: 
 0: KVCR
 0: --   C1     C2    HEAVY
 0:   1.23E6  212      1*
 0:   833.4E6 155.4E3  1*
 0:   0       0        1*
 0:   16000   4000     1*
 0:   0       480      1*
 0: /
 0: 
 0: TCRIT
 0:  1259.67 1409.67 10000 /
 0: 
 0: PCRIT
 0:  225. 140. 100.0 /
 0: 
 0: MW
 0: 250  450 600 /
 0: 
 0: CREF
 0: .00005 .00005 .00005 /
 0: 
 0: DREF
 0: 52.3 57.6 61.2  /
 0: 
 0: THERMEX1
 0: .00036 .00037 .00038 /
 0: 
 0: TCRITW
 0: 1165.14 /
 0: 
 0: PCRITW
 0: 3208.2356 /
 0: 
 0: ZFACTOR
 0: 0.96  0.97 0.99  /
 0: 
 0: THANALB
 0: 
 0: SPECHA
 0: .53 .55 0.53 /
 0: 
 0: HEATVAP
 0:  230.0 100.0 /
 0: -- 23000.0 100.0 /
 0: 
 0: TEMPVD
 0:   1300.0  125.0
 0:   1700.0  125.0  /
 0: 
 0: STCOND
 0: 60 14.7 /
 0: 
 0: SWFN
 0:    .4500   .0000   0.0
 0:    .4900   .0003   0.0
 0:    .5300   .0018   0.0
 0:    .5700   .0049   0.0
 0:    .6100   .0101   0.0
 0:    .6500   .0177   0.0
 0:    .6900   .0279   0.0
 0:    .7300   .0410   0.0
 0:    .7700   .0572   0.0
 0:    .8100   .0768   0.0
 0:    .8500   .1000   0.0
 0:   1.0000   .1000   0.0
 0:  /
 0: SGFN
 0:    .0000   .0000   0.0
 0:    .0600   .0000   0.0
 0:    .1090   .0063   0.0
 0:    .1580   .0179   0.0
 0:    .2070   .0329   0.0
 0:    .2560   .0506   0.0
 0:    .3050   .0707   0.0
 0:    .3540   .0930   0.0
 0:    .4030   .1171   0.0
 0:    .4520   .1431   0.0
 0:    .5010   .1708   0.0
 0:    .5500   .2000   0.0
 0:   1.0000   .2000   0.0
 0:  /
 0: SOF3
 0:    .0000   .0000   .0000
 0:    .1000   .0000   .0000
 0:    .1500   .0000   .0049
 0:    .1900   .0040   .0160
 0:    .2300   .0160   .0334
 0:    .2700   .0360   .0571
 0:    .3100   .0640   .0871
 0:    .3500   .1000   .1235
 0:    .3900   .1440   .1661
 0:    .4300   .1960   .2151
 0:    .4700   .2560   .2704
 0:    .5100   .3240   .3320
 0:    .5500   .4000   .4000
 0:   1.0000   .4000   .4000
 0:  /
 0: 
 0: 
 0: GASVISCT
 0:  75   0.0143    0.0285  1.0
 0: 100   0.0149    0.0297  1.0
 0: 150   0.0161    0.0321  1.0
 0: 200   0.0172    0.0345  1.0
 0: 250   0.0184    0.0368  1.0
 0: 300   0.0196    0.0391  1.0
 0: 350   0.0207    0.0414  1.0
 0: 500   0.0241    0.0483  1.0
 0: 15000 0.2946    0.5892  1.0
 0: /
 0: 
 0: OILVISCT
 0:  75    2.3 10.6  5780
 0: 100    2.0  9.1  1380
 0: 150    1.5  6.8   187
 0: 200    1.1  5.2    47
 0: 250    0.9  4.1    17.4
 0: 300    0.7  3.2     8.5
 0: 350    0.6  2.6     5.2
 0: 500    0.3  1.4     2.5
 0: 15000  0.1  0.1   2.4999
 0: /
 0: 
 0: PVTW
 0: --  Pref       Bw        Cw          Vw        Cvw
 0: --  PSIA       RB/STB    1/PSI       CPOISE    1/PSI
 0:     75.000     1.0       3.E-08      .3        7.E-09
 0:  /
 0: 
 0: ROCK
 0: 75.0  5.0E-04  /
 0: 
 0: ZMFVD
 0:  1500.0  0.5030  0.1614 0.3356  /
 0: 
 0: SOLUTION  ========================================
 0: 
 0: EQUIL
 0: --  Ddat    Pdat     Dwoc    Pcog    Dgoc    Pgoc  It1  It2  Iac Iin
 0: 1500.0      75.0     1600.0  0.0     1500.0  0.0   1     1    0   1  /
 0: 
 0: RPTRST
 0: PRES TEMP SOIL SWAT /
 0: 
 0: RPTSOL
 0: PRES MLSC ENERGY TEMP SOIL SGAS SWAT /
 0: 

 @--WARNING  AT TIME        0.0   DAYS    ( 1-JAN-   0):
 @           UNRECOGNISED MNEMONIC MLSC             IN DATA                  
 @           FOR KEYWORD RPTSOL   IS IGNORED                                 

 @--WARNING  AT TIME        0.0   DAYS    ( 1-JAN-   0):
 @           UNRECOGNISED MNEMONIC ENERGY           IN DATA                  
 @           FOR KEYWORD RPTSOL   IS IGNORED                                 
 0: SUMMARY   ========================================
 0: 
 0: FOPR
 0: FOPT
 0: FWPR
 0: FWIR
 0: FWPT
 0: FWCT
 0: FGOR
 0: WBHP
 0: 'I'
 0: 'P'
 0: /
 0: WWCT
 0: 'P'
 0: /
 0: 
 0: 
 0: -- Segment vectors
 0: 
 0: SSQU
 0: I /
 0: P /
 0: /
 0: 
 0: -- Performance data
 0: 
 0: PERFORMANCE
 0: 
 0: -- Run summary file
 0: 
 0: RUNSUM
 0: 
 0: RPTONLY
 0: SCHEDULE  ========================================
 0: 
 0: TRANGE
 0:  33.0   1000.0  /
 0: 
 0: CVCRIT
 0:  1* 15 6* 2 /
 0: 
 0: --DEBUG
 0: --7* 1 11* 1 / 69* 2 /
 0: 
 0: RPTPRINT
 0: -- s F R G S W C s nl
 0:    1 1 0 0 0 1 1 1 0 /
 0: 
 0: RPTSCHED
 0: PRES TEMP SOIL SWAT SGAS XMF YMF /
 0: 

 @--WARNING  AT TIME        0.0   DAYS    ( 1-JAN-   0):
 @           UNRECOGNISED MNEMONIC XMF              IN DATA                  
 @           FOR KEYWORD RPTSCHED IS IGNORED                                 

 @--WARNING  AT TIME        0.0   DAYS    ( 1-JAN-   0):
 @           UNRECOGNISED MNEMONIC YMF              IN DATA                  
 @           FOR KEYWORD RPTSCHED IS IGNORED                                 
 0: WELSPECS
 0: -- Location of horizontal well heads
 0:    I   FIELD   1    1  1* WAT /
 0:    P   FIELD   1    1  1* OIL /
 0: /
 0: 
 0: COMPDAT
 0: I   1 1 1 4  OPEN 1 1* 0.6 /
 0: P   1 1 1 4  OPEN 1 1* 0.6 /
 0: /
 0: 
 0: --  Seg  Len0                            DZ   Depth
 0: --                   \ \ \ \ \ \ \ \ \
 0: --   1   1           --------*(1)-----        1500
 0: --   2   11
 0: --   3   31                  *(9)        10   1505
 0: --   4   56
 0: --   5   81          --------*(2)-----        1510
 0: --   6   93.5
 0: --   7   118.5               *(8)        20   1520
 0: --   8   141
 0: --   9   156         --------*(3)-----        1530
 0: --
 0: --                           *(7)        25   1542.5
 0: --
 0: --                   --------*(4)-----        1555
 0: --
 0: --                           *(6)        25   1567.5
 0: --
 0: --                   --------*(5)-----        1580
 0: 
 0: --WELSEGS
 0: ---- Name    Dep 1   Tlen 1  Vol 1
 0: --  'P'      1500      1      49.5   'ABS' 1* 'HO' /
 0: --
 0: ---- First   Last   Branch   Outlet  Length   Depth  Diam  Ruff  Area  Vol
 0: ---- Seg     Seg    Num      Seg
 0: ---- Main Stem
 0: --   2       2      1        1       11       1510   0.29  1.E-3 1*    1* /
 0: --   3       3      1        2       31       1530   0.29  1.E-3 1*    1* /
 0: --   4       4      1        3       56       1555   0.29  1.E-3 1*    1* /
 0: --   5       5      1        4       81       1580   0.29  1.E-3 1*    1* /
 0: --   6       6      1        5       93.5     1567.5 0.29  1.E-3 1*    1* /
 0: --   7       7      1        6       118.5    1542.5 0.29  1.E-3 1*    1* /
 0: --   8       8      1        7       141      1520   0.66  1.E-3 1*    1* /
 0: --   9       9      1        8       156      1505   0.66  1.E-3 1*    1* /
 0: -- /
 0: --
 0: --COMPSEGS
 0: ---- Name
 0: --   'P' /
 0: --
 0: ---- I  J  K  Brn  Start   End     Dirn   End
 0: ----          No   Length  Length  Penet  Range
 0: --   1  1  1  1    151     161      'Z'    2*  10 /
 0: --   1  1  2  1    131     151      'Z'    2*  20 /
 0: --   1  1  3  1    106     131      'Z'    2*  25 /
 0: --   1  1  4  1     81     106      'Z'    2*  25 /
 0: --/
 0: 
 0: --  Seg  Len0
 0: --
 0: --   1    250
 0: --   2    500
 0: --   3    750                            DZ   Depth
 0: --   4   1000
 0: --   5   1250        \ \ \ \ \ \ \ \ \
 0: --   6   1500        --------*(6)-----        1500
 0: --   7   1510
 0: --   8   1530                *(14)       10   1505
 0: --   9   1555
 0: --  10   1580        --------*(7)-----        1510
 0: --  11   1592.5
 0: --  12   1617.5              *(13)       20   1520
 0: --  13   1640
 0: --  14   1655        --------*(8)-----        1530
 0: --
 0: --                           *(12)       25   1542.5
 0: --
 0: --                   --------*(9)-----        1555
 0: --
 0: --                           *(11)       25   1567.5
 0: --
 0: --                   --------*(10)----        1580
 0: 
 0: -- Diam is for 3.5" OD tubing and 8.625" ID casing
 0: 
 0: WELSEGS
 0: -- Name    Dep 1   Tlen 1  Vol 1
 0:   'I'      250      250    16.7   'ABS' 1* 'HO' /
 0: 
 0: -- First   Last   Branch   Outlet  Length   Depth  Diam  Ruff  Area  Vol
 0: -- Seg     Seg    Num      Seg
 0: -- Main Stem
 0:    2       2      1        1        500      500   0.29  1.E-3 1*    1* /
 0:    3       3      1        2        750      750   0.29  1.E-3 1*    1* /
 0:    4       4      1        3       1000     1000   0.29  1.E-3 1*    1* /
 0:    5       5      1        4       1250     1250   0.29  1.E-3 1*    1* /
 0:    6       6      1        5       1500     1500   0.29  1.E-3 1*    1* /
 0:    7       7      1        6       1510     1510   0.29  1.E-3 1*    1* /
 0:    8       8      1        7       1530     1530   0.29  1.E-3 1*    1* /
 0:    9       9      1        8       1555     1555   0.29  1.E-3 1*    1* /
 0:   10      10      1        9       1580     1580   0.29  1.E-3 1*    1* /
 0:   11      11      1       10       1592.5   1567.5 0.29  1.E-3 1*    1* /
 0:   12      12      1       11       1617.5   1542.5 0.66  1.E-3 1*    1* /
 0:   13      13      1       12       1640     1520   0.66  1.E-3 1*    1* /
 0:   14      14      1       13       1655     1505   0.66  1.E-3 1*    1* /
 0: /
 0: 
 0: COMPSEGS
 0: -- Name
 0:    'I' /
 0: 
 0: -- I  J  K  Brn  Start   End     Dirn   End    Depth Thermal
 0: --          No   Length  Length  Penet  Range  Conn  Length
 0:    1  1  1  1    1650    1660     'Z'   2*           10 /
 0:    1  1  2  1    1630    1650     'Z'   2*           20 /
 0:    1  1  3  1    1605    1630     'Z'   2*           25 /
 0:    1  1  4  1    1580    1605     'Z'   2*           25 /
 0: /
 0: 
 0: --OPTIONS3
 0: -- 33* 2 /
 0: 
 0: WSEGHEAT
 0:  'I' 14 11 'COMP' .114 /
 0:  'I'  1  1 'TEMP' .0114 1* 75 /
 0:  'I'  2  2 'TEMP' .0114 1* 75 /
 0:  'I'  3  3 'TEMP' .0114 1* 75 /
 0:  'I'  4  4 'TEMP' .0114 1* 75 /
 0:  'I'  5  5 'TEMP' .0114 1* 75 /
 0:  'I'  6  6 'TEMP' .0114 1* 75 /
 0:  'I'  7  7 'SEG ' .0114 14 1* 1.0 10 /
 0:  'I'  8  8 'SEG ' .0114 13 1* 1.0 20 /
 0:  'I'  9  9 'SEG ' .0114 12 1* 1.0 25 /
 0:  'I' 10 10 'SEG ' .0114 11 1* 1.0 12.5 /
 0: -- 'P'  9  6 'COMP' .114 /
 0: -- 'P'  2  2 'SEG ' .0114  9 1* 1.0 10 /
 0: -- 'P'  3  3 'SEG ' .0114  8 1* 1.0 20 /
 0: -- 'P'  4  4 'SEG ' .0114  7 1* 1.0 25 /
 0: -- 'P'  5  5 'SEG ' .0114  6 1* 1.0 12.5 /
 0: /
 0: 
 0: --=======================year 1=================================
 0: WCONINJE
 0: --Well Type  ...  Init Rate    Res BHP
 0:   I    WATER OPEN RATE 1000.0  1*  1000.0 /
 0: /
 0: 
 0: WINJTEMP
 0: --Well SQ   Temp
 0:   I    0.7  450.0  /
 0: /
 0: 
 0: -- to 10 days  ---------------------------------------------
 0: --TSCRIT
 0: --initT minT maxT maxInc/Dec targTTE maxTTE TTPT MTPT TSCT MxWT
 0: --   .001 .0001  1*   1*   1*      10     100    1*  1*   10.0  0.5
 0: --maxPT maxSC ATPT SACT maxSA TEMT maxTEM
 0: --  1*    50    1*   0.5  1*    50  500 /
 0: 
 0: TSTEP
 0:  10  /
 0: 
 0: WELOPEN
 0:  I  SHUT /
 0: /
 0: 
 0: -- to 17 days---------------------------------------------
 0: TSTEP
 0:   7 /
 0: 
 0: SAVE
 0: 
 0: 
 0: WCONPROD
 0: --Well  ...  Init Oil Wat Gas Liq Res BHP
 0:   P     OPEN LRAT 1*  1*  1*  1000 1* 17 /
 0: /
 0: 
 0: --WTEST
 0: -- P 0.1 P /
 0: --/
 0: 
 0: -- to 365 days---------------------------------------------
 0: TSTEP
 0:  14 28 31 30 31 30 31 31 30 31 30 31 /
 0: 
 0: WELOPEN
 0:  P  SHUT /
 0: /
 0: 
 0: END
 0: 
 0: --=======================year 2=================================
 0: WCONINJE
 0: --Well Type  ...  Init Rate    Res BHP
 0:   I    WATER OPEN RATE 1000.0  1*  1000.0 /
 0: /
 0: 
 0: WINJTEMP
 0: --Well SQ   Temp
 0:   I    0.7  450.0  /
 0: /
 0: 
 0: -- to 10 days  ---------------------------------------------
 0: 
 0: NEXT
 0: 0.001 /
 0: 
 0: TSTEP
 0:  10 /
 0: 
 0: WELOPEN
 0:  I  SHUT /
 0: /
 0: 
 0: -- to 17 days---------------------------------------------
 0: TSTEP
 0:   7 /
 0: 
 0: WCONPROD
 0: --Well  ...  Init Oil Wat Gas Liq Res BHP
 0:   P     OPEN LRAT 1*  1*  1*  1000 1* 17 /
 0: /
 0: 
 0: --WTEST
 0: -- P 0.1 P /
 0: --/
 0: 
 0: -- to 365 days---------------------------------------------
 0: TSTEP
 0:  14 28 31 30 31 30 31 31 30 31 30 31 /
 0: 
 0: WELOPEN
 0:  P  SHUT /
 0: /
 0: 
 0: --=======================year 3=================================
 0: WCONINJE
 0: --Well Type  ...  Init Rate    Res BHP
 0:   I    WATER OPEN RATE 1000.0  1*  1000.0 /
 0: /
 0: 
 0: WINJTEMP
 0: --Well SQ   Temp
 0:   I    0.7  450.0  /
 0: /
 0: 
 0: -- to 10 days  ---------------------------------------------
 0: 
 0: NEXT
 0: 0.001 /
 0: 
 0: -- to 1 day
 0: TSTEP
 0:  10 /
 0: 
 0: WELOPEN
 0:  I  SHUT /
 0: /
 0: 
 0: -- to 17 days---------------------------------------------
 0: TSTEP
 0:   7 /
 0: 
 0: WCONPROD
 0: --Well  ...  Init Oil Wat Gas Liq Res BHP
 0:   P     OPEN LRAT 1*  1*  1*  1000 1* 17 /
 0: /
 0: 
 0: --WTEST
 0: --P 0.1 P /
 0: --/
 0: 
 0: -- to 365 days---------------------------------------------
 0: TSTEP
 0:  14 28 31 30 31 30 31 31 30 31 30 31 /
 0: 
 0: END

 ******** END OF INPUT DATA FOR RUN THERM7
     1 READING RUNSPEC 
     2 READING DIMENS  
     3 READING WATER   
     4 READING OIL     
     5 READING GAS     
     6 READING RADIAL  
     7 READING FIELD   
     8 READING COMPS   

 @--  ERROR  AT TIME        0.0   DAYS    ( 1-JAN-   0):
 @           UNRECOGNISED KEYWORD COMPS    IN RUNSPEC DATA                   

 @--WARNING  AT TIME        0.0   DAYS    ( 1-JAN-   0):
 @           SPURIOUS DATA BEFORE THERMAL  KEYWORD                           
 @           3     /                                                         
     9 READING THERMAL 

 @--  ERROR  AT TIME        0.0   DAYS    ( 1-JAN-   0):
 @           UNRECOGNISED KEYWORD THERMAL  IN RUNSPEC DATA                   
    10 READING WSEGDIMS
    11 READING GRID    

 @--MESSAGE  AT TIME        0.0   DAYS    ( 1-JAN-   0):
 @           CHECKING FOR LICENSES                                           

 @--  ERROR  AT TIME        0.0   DAYS    ( 1-JAN-   0):
 @           LICENSE ERROR  -1 FOR MULTI-SEGMENT WELL OPTION                 
 @           FEATURE IS INVALID. CHECK YOUR LICENSE FILE AND                 
 @           THE LICENSE LOG FILE                                            

 Error summary 
 Comments               0
 Warnings               1
 Problems               0
 Errors                 3
 Bugs                   0
 Final cpu       0.00 elapsed       0.00
