


 $$$$$   $$$   $      $$$  $$$$    $$$   $$$$$     $    $$$    $$$ 
 $      $   $  $       $   $   $  $   $  $        $$   $   $  $   $
 $      $      $       $   $   $  $      $         $   $   $  $   $
 $$$$   $      $       $   $$$$    $$$   $$$$      $   $   $  $   $
 $      $      $       $   $          $  $         $   $   $  $   $
 $      $   $  $       $   $      $   $  $         $   $   $  $   $
 $$$$$   $$$   $$$$$  $$$  $       $$$   $$$$$    $$$   $$$    $$$ 



                       $$$$$   $$$   $      $$$  $$$$    $$$   $$$$$     $    $$$    $$$ 
                       $      $   $  $       $   $   $  $   $  $        $$   $   $  $   $
                       $      $      $       $   $   $  $      $         $   $   $  $   $
                       $$$$   $      $       $   $$$$    $$$   $$$$      $   $   $  $   $
                       $      $      $       $   $          $  $         $   $   $  $   $
                       $      $   $  $       $   $      $   $  $         $   $   $  $   $
                       $$$$$   $$$   $$$$$  $$$  $       $$$   $$$$$    $$$   $$$    $$$ 



                                             $$$$$   $$$   $      $$$  $$$$    $$$   $$$$$     $    $$$    $$$ 
                                             $      $   $  $       $   $   $  $   $  $        $$   $   $  $   $
                                             $      $      $       $   $   $  $      $         $   $   $  $   $
                                             $$$$   $      $       $   $$$$    $$$   $$$$      $   $   $  $   $
                                             $      $      $       $   $          $  $         $   $   $  $   $
                                             $      $   $  $       $   $      $   $  $         $   $   $  $   $
                                             $$$$$   $$$   $$$$$  $$$  $       $$$   $$$$$    $$$   $$$    $$$ 



                                                                   $$$$$   $$$   $      $$$  $$$$    $$$   $$$$$     $    $$$    $$$ 
                                                                   $      $   $  $       $   $   $  $   $  $        $$   $   $  $   $
                                                                   $      $      $       $   $   $  $      $         $   $   $  $   $
                                                                   $$$$   $      $       $   $$$$    $$$   $$$$      $   $   $  $   $
                                                                   $      $      $       $   $          $  $         $   $   $  $   $
                                                                   $      $   $  $       $   $      $   $  $         $   $   $  $   $
                                                                   $$$$$   $$$   $$$$$  $$$  $       $$$   $$$$$    $$$   $$$    $$$ 
 
 Version =  2009.1
 Arch    =  PC WINDOWS (32 bit)
Annex    | Modification date    | Update date          | baseline             
=====    | =================    | ===========          | ========             
ECLIPSE  | 27-APR-2009 16:22:47 | 27-APR-2009 19:37:10 | S:\2009.1_w18i
system   | 22-APR-2009 14:52:01 | 25-APR-2009 05:27:35 | S:\2009.1_w18
utility  | 17-FEB-2009 08:34:11 | 25-APR-2009 05:40:00 | S:\2009.1_w18
 

1

 ******** ECHO OF INPUT DATA FOR RUN THERM12

 0: --------------------------------------------------------------------------------
 0: --                                                                            --
 0: --  ECLIPSE 300 Thermal example data set THERM12                              --
 0: --  * corner point geometry                                                   --
 0: --  * lgrs                                                                    --
 0: --  * aquifers                                                                --
 0: --  * heat loss                                                               --
 0: --  * KVWI keyword                                                            --
 0: --  * user defined water properties                                           --
 0: --  * heaters                                                                 --
 0: --                                                                            --
 0: --                                                                            --
 0: --  Last modified January 2004                                                --
 0: --                                                                            --
 0: --------------------------------------------------------------------------------
 0: 
 0: ------------------------------------------------------------------------
 0: -- Modification date: 	January 2007
 0: -- Changes:			TSCRIT out
 0: -- Result:			Speed-up ~1.03
 0: ------------------------------------------------------------------------
 0: 
 0: RUNSPEC      ===================================================================
 0: 
 0: METRIC
 0: 
 0: DIMENS
 0: 10 10 3 /
 0: 
 0: OIL
 0: GAS
 0: WATER
 0: 
 0: COMPS
 0: 4 /
 0: 
 0: THERMAL
 0: 
 0: AQUDIMS
 0: 0 0 1 36 1 15 /
 0: 
 0: HEATDIMS
 0: 5 /
 0: 
 0: ROCKDIMS
 0: 2 /
 0: 
 0: START
 0: 1 JAN 2000 /
 0: 
 0: GRID         ==================================================================
 0: 
 0: ZCORN
 0:     100.0000       100.0000       100.0000       100.0000       100.0000
 0:     100.0000       100.0000       100.0000       100.0000       100.0000
 0:     100.0000       100.0000       100.0000       100.0000       100.0000
 0:     100.0000       100.0000       100.0000       100.0000       100.0000
 0: 
 0:     100.0000       100.0000       100.0000       100.0000       100.0000
 0:     100.0000       100.0000       100.0000       100.0000       100.0000
 0:     100.0000       100.0000       100.0000       100.0000       100.0000
 0:     100.0000       100.0000       100.0000       100.0000       100.0000
 0: 
 0:     100.0000       100.0000       100.0000       100.0000       100.0000
 0:     100.0000       100.0000       100.0000       100.0000       100.0000
 0:     100.0000       100.0000       100.0000       100.0000       100.0000
 0:     100.0000       100.0000       100.0000       100.0000       100.0000
 0: 
 0:     100.0000       100.0000       100.0000       100.0000       100.0000
 0:     100.0000       100.0000       100.0000       100.0000       100.0000
 0:     100.0000       100.0000       100.0000       100.0000       100.0000
 0:     100.0000       100.0000       100.0000       100.0000       100.0000
 0: 
 0:     100.0000       100.0000       100.0000       100.0000       100.0000
 0:     100.0000       100.0000       100.0000       100.0000       100.0000
 0:     100.0000       100.0000       100.0000       100.0000       100.0000
 0:     100.0000       100.0000       100.0000       100.0000       100.0000
 0: 
 0:     100.0000       100.0000       100.0000       100.0000       100.0000
 0:     100.0000       100.0000       100.0000       100.0000       100.0000
 0:     101.2500       101.2500       101.2500       101.2500       101.2500
 0:     101.2500       101.2500       101.2500       101.2500       101.2500
 0: 
 0:     100.0000       100.0000       100.0000       100.0000       100.0000
 0:     100.0000       100.0000       100.0000       100.0000       100.0000
 0:     101.2500       101.2500       101.2500       101.2500       101.2500
 0:     101.2500       101.2500       101.2500       101.2500       101.2500
 0: 
 0:     100.0000       100.0000       100.0000       100.0000       100.0000
 0:     100.0000       100.0000       100.0000       100.0000       100.0000
 0:     102.5000       102.5000       102.5000       102.5000       102.5000
 0:     102.5000       102.5000       102.5000       102.5000       102.5000
 0: 
 0:     100.0000       100.0000       100.0000       100.0000       100.0000
 0:     100.0000       100.0000       100.0000       100.0000       100.0000
 0:     102.5000       102.5000       102.5000       102.5000       102.5000
 0:     102.5000       102.5000       102.5000       102.5000       102.5000
 0: 
 0:     100.0000       100.0000       100.0000       100.0000       100.0000
 0:     100.0000       100.0000       100.0000       100.0000       100.0000
 0:     103.7500       103.7500       103.7500       103.7500       103.7500
 0:     103.7500       103.7500       103.7500       103.7500       103.7500
 0: 
 0:     100.0000       100.0000       100.0000       100.0000       100.0000
 0:     100.0000       100.0000       100.0000       100.0000       100.0000
 0:     103.7500       103.7500       103.7500       103.7500       103.7500
 0:     103.7500       103.7500       103.7500       103.7500       103.7500
 0: 
 0:     100.0000       100.0000       100.0000       100.0000       100.0000
 0:     100.0000       100.0000       100.0000       100.0000       100.0000
 0:     105.0000       105.0000       105.0000       105.0000       105.0000
 0:     105.0000       105.0000       105.0000       105.0000       105.0000
 0: 
 0:     100.0000       100.0000       100.0000       100.0000       100.0000
 0:     100.0000       100.0000       100.0000       100.0000       100.0000
 0:     105.0000       105.0000       105.0000       105.0000       105.0000
 0:     105.0000       105.0000       105.0000       105.0000       105.0000
 0: 
 0:     100.0000       100.0000       100.0000       100.0000       100.0000
 0:     100.0000       100.0000       100.0000       100.0000       100.0000
 0:     106.2500       106.2500       106.2500       106.2500       106.2500
 0:     106.2500       106.2500       106.2500       106.2500       106.2500
 0: 
 0:     100.0000       100.0000       100.0000       100.0000       100.0000
 0:     100.0000       100.0000       100.0000       100.0000       100.0000
 0:     106.2500       106.2500       106.2500       106.2500       106.2500
 0:     106.2500       106.2500       106.2500       106.2500       106.2500
 0: 
 0:     100.0000       100.0000       100.0000       100.0000       100.0000
 0:     100.0000       100.0000       100.0000       100.0000       100.0000
 0:     107.5000       107.5000       107.5000       107.5000       107.5000
 0:     107.5000       107.5000       107.5000       107.5000       107.5000
 0: 
 0:     100.0000       100.0000       100.0000       100.0000       100.0000
 0:     100.0000       100.0000       100.0000       100.0000       100.0000
 0:     107.5000       107.5000       107.5000       107.5000       107.5000
 0:     107.5000       107.5000       107.5000       107.5000       107.5000
 0: 
 0:     100.0000       100.0000       100.0000       100.0000       100.0000
 0:     100.0000       100.0000       100.0000       100.0000       100.0000
 0:     108.7500       108.7500       108.7500       108.7500       108.7500
 0:     108.7500       108.7500       108.7500       108.7500       108.7500
 0: 
 0:     100.0000       100.0000       100.0000       100.0000       100.0000
 0:     100.0000       100.0000       100.0000       100.0000       100.0000
 0:     108.7500       108.7500       108.7500       108.7500       108.7500
 0:     108.7500       108.7500       108.7500       108.7500       108.7500
 0: 
 0:     100.0000       100.0000       100.0000       100.0000       100.0000
 0:     100.0000       100.0000       100.0000       100.0000       100.0000
 0:     110.0000       110.0000       110.0000       110.0000       110.0000
 0:     110.0000       110.0000       110.0000       110.0000       110.0000
 0: 
 0:     102.0000       102.0000       102.0000       102.0000       102.0000
 0:     102.0000       102.0000       102.0000       102.0000       102.0000
 0:     102.0000       102.0000       102.0000       102.0000       102.0000
 0:     102.0000       102.0000       102.0000       102.0000       102.0000
 0: 
 0:     102.0000       102.0000       102.0000       102.0000       102.0000
 0:     102.0000       102.0000       102.0000       102.0000       102.0000
 0:     102.0000       102.0000       102.0000       102.0000       102.0000
 0:     102.0000       102.0000       102.0000       102.0000       102.0000
 0: 
 0:     102.0000       102.0000       102.0000       102.0000       102.0000
 0:     102.0000       102.0000       102.0000       102.0000       102.0000
 0:     102.0000       102.0000       102.0000       102.0000       102.0000
 0:     102.0000       102.0000       102.0000       102.0000       102.0000
 0: 
 0:     102.0000       102.0000       102.0000       102.0000       102.0000
 0:     102.0000       102.0000       102.0000       102.0000       102.0000
 0:     102.0000       102.0000       102.0000       102.0000       102.0000
 0:     102.0000       102.0000       102.0000       102.0000       102.0000
 0: 
 0:     102.0000       102.0000       102.0000       102.0000       102.0000
 0:     102.0000       102.0000       102.0000       102.0000       102.0000
 0:     102.0000       102.0000       102.0000       102.0000       102.0000
 0:     102.0000       102.0000       102.0000       102.0000       102.0000
 0: 
 0:     102.0000       102.0000       102.0000       102.0000       102.0000
 0:     102.0000       102.0000       102.0000       102.0000       102.0000
 0:     103.2500       103.2500       103.2500       103.2500       103.2500
 0:     103.2500       103.2500       103.2500       103.2500       103.2500
 0: 
 0:     102.0000       102.0000       102.0000       102.0000       102.0000
 0:     102.0000       102.0000       102.0000       102.0000       102.0000
 0:     103.2500       103.2500       103.2500       103.2500       103.2500
 0:     103.2500       103.2500       103.2500       103.2500       103.2500
 0: 
 0:     102.0000       102.0000       102.0000       102.0000       102.0000
 0:     102.0000       102.0000       102.0000       102.0000       102.0000
 0:     104.5000       104.5000       104.5000       104.5000       104.5000
 0:     104.5000       104.5000       104.5000       104.5000       104.5000
 0: 
 0:     102.0000       102.0000       102.0000       102.0000       102.0000
 0:     102.0000       102.0000       102.0000       102.0000       102.0000
 0:     104.5000       104.5000       104.5000       104.5000       104.5000
 0:     104.5000       104.5000       104.5000       104.5000       104.5000
 0: 
 0:     102.0000       102.0000       102.0000       102.0000       102.0000
 0:     102.0000       102.0000       102.0000       102.0000       102.0000
 0:     105.7500       105.7500       105.7500       105.7500       105.7500
 0:     105.7500       105.7500       105.7500       105.7500       105.7500
 0: 
 0:     102.0000       102.0000       102.0000       102.0000       102.0000
 0:     102.0000       102.0000       102.0000       102.0000       102.0000
 0:     105.7500       105.7500       105.7500       105.7500       105.7500
 0:     105.7500       105.7500       105.7500       105.7500       105.7500
 0: 
 0:     102.0000       102.0000       102.0000       102.0000       102.0000
 0:     102.0000       102.0000       102.0000       102.0000       102.0000
 0:     107.0000       107.0000       107.0000       107.0000       107.0000
 0:     107.0000       107.0000       107.0000       107.0000       107.0000
 0: 
 0:     102.0000       102.0000       102.0000       102.0000       102.0000
 0:     102.0000       102.0000       102.0000       102.0000       102.0000
 0:     107.0000       107.0000       107.0000       107.0000       107.0000
 0:     107.0000       107.0000       107.0000       107.0000       107.0000
 0: 
 0:     102.0000       102.0000       102.0000       102.0000       102.0000
 0:     102.0000       102.0000       102.0000       102.0000       102.0000
 0:     108.2500       108.2500       108.2500       108.2500       108.2500
 0:     108.2500       108.2500       108.2500       108.2500       108.2500
 0: 
 0:     102.0000       102.0000       102.0000       102.0000       102.0000
 0:     102.0000       102.0000       102.0000       102.0000       102.0000
 0:     108.2500       108.2500       108.2500       108.2500       108.2500
 0:     108.2500       108.2500       108.2500       108.2500       108.2500
 0: 
 0:     102.0000       102.0000       102.0000       102.0000       102.0000
 0:     102.0000       102.0000       102.0000       102.0000       102.0000
 0:     109.5000       109.5000       109.5000       109.5000       109.5000
 0:     109.5000       109.5000       109.5000       109.5000       109.5000
 0: 
 0:     102.0000       102.0000       102.0000       102.0000       102.0000
 0:     102.0000       102.0000       102.0000       102.0000       102.0000
 0:     109.5000       109.5000       109.5000       109.5000       109.5000
 0:     109.5000       109.5000       109.5000       109.5000       109.5000
 0: 
 0:     102.0000       102.0000       102.0000       102.0000       102.0000
 0:     102.0000       102.0000       102.0000       102.0000       102.0000
 0:     110.7500       110.7500       110.7500       110.7500       110.7500
 0:     110.7500       110.7500       110.7500       110.7500       110.7500
 0: 
 0:     102.0000       102.0000       102.0000       102.0000       102.0000
 0:     102.0000       102.0000       102.0000       102.0000       102.0000
 0:     110.7500       110.7500       110.7500       110.7500       110.7500
 0:     110.7500       110.7500       110.7500       110.7500       110.7500
 0: 
 0:     102.0000       102.0000       102.0000       102.0000       102.0000
 0:     102.0000       102.0000       102.0000       102.0000       102.0000
 0:     112.0000       112.0000       112.0000       112.0000       112.0000
 0:     112.0000       112.0000       112.0000       112.0000       112.0000
 0: 
 0:     102.0000       102.0000       102.0000       102.0000       102.0000
 0:     102.0000       102.0000       102.0000       102.0000       102.0000
 0:     102.0000       102.0000       102.0000       102.0000       102.0000
 0:     102.0000       102.0000       102.0000       102.0000       102.0000
 0: 
 0:     102.0000       102.0000       102.0000       102.0000       102.0000
 0:     102.0000       102.0000       102.0000       102.0000       102.0000
 0:     102.0000       102.0000       102.0000       102.0000       102.0000
 0:     102.0000       102.0000       102.0000       102.0000       102.0000
 0: 
 0:     102.0000       102.0000       102.0000       102.0000       102.0000
 0:     102.0000       102.0000       102.0000       102.0000       102.0000
 0:     102.0000       102.0000       102.0000       102.0000       102.0000
 0:     102.0000       102.0000       102.0000       102.0000       102.0000
 0: 
 0:     102.0000       102.0000       102.0000       102.0000       102.0000
 0:     102.0000       102.0000       102.0000       102.0000       102.0000
 0:     102.0000       102.0000       102.0000       102.0000       102.0000
 0:     102.0000       102.0000       102.0000       102.0000       102.0000
 0: 
 0:     102.0000       102.0000       102.0000       102.0000       102.0000
 0:     102.0000       102.0000       102.0000       102.0000       102.0000
 0:     102.0000       102.0000       102.0000       102.0000       102.0000
 0:     102.0000       102.0000       102.0000       102.0000       102.0000
 0: 
 0:     102.0000       102.0000       102.0000       102.0000       102.0000
 0:     102.0000       102.0000       102.0000       102.0000       102.0000
 0:     103.2500       103.2500       103.2500       103.2500       103.2500
 0:     103.2500       103.2500       103.2500       103.2500       103.2500
 0: 
 0:     102.0000       102.0000       102.0000       102.0000       102.0000
 0:     102.0000       102.0000       102.0000       102.0000       102.0000
 0:     103.2500       103.2500       103.2500       103.2500       103.2500
 0:     103.2500       103.2500       103.2500       103.2500       103.2500
 0: 
 0:     102.0000       102.0000       102.0000       102.0000       102.0000
 0:     102.0000       102.0000       102.0000       102.0000       102.0000
 0:     104.5000       104.5000       104.5000       104.5000       104.5000
 0:     104.5000       104.5000       104.5000       104.5000       104.5000
 0: 
 0:     102.0000       102.0000       102.0000       102.0000       102.0000
 0:     102.0000       102.0000       102.0000       102.0000       102.0000
 0:     104.5000       104.5000       104.5000       104.5000       104.5000
 0:     104.5000       104.5000       104.5000       104.5000       104.5000
 0: 
 0:     102.0000       102.0000       102.0000       102.0000       102.0000
 0:     102.0000       102.0000       102.0000       102.0000       102.0000
 0:     105.7500       105.7500       105.7500       105.7500       105.7500
 0:     105.7500       105.7500       105.7500       105.7500       105.7500
 0: 
 0:     102.0000       102.0000       102.0000       102.0000       102.0000
 0:     102.0000       102.0000       102.0000       102.0000       102.0000
 0:     105.7500       105.7500       105.7500       105.7500       105.7500
 0:     105.7500       105.7500       105.7500       105.7500       105.7500
 0: 
 0:     102.0000       102.0000       102.0000       102.0000       102.0000
 0:     102.0000       102.0000       102.0000       102.0000       102.0000
 0:     107.0000       107.0000       107.0000       107.0000       107.0000
 0:     107.0000       107.0000       107.0000       107.0000       107.0000
 0: 
 0:     102.0000       102.0000       102.0000       102.0000       102.0000
 0:     102.0000       102.0000       102.0000       102.0000       102.0000
 0:     107.0000       107.0000       107.0000       107.0000       107.0000
 0:     107.0000       107.0000       107.0000       107.0000       107.0000
 0: 
 0:     102.0000       102.0000       102.0000       102.0000       102.0000
 0:     102.0000       102.0000       102.0000       102.0000       102.0000
 0:     108.2500       108.2500       108.2500       108.2500       108.2500
 0:     108.2500       108.2500       108.2500       108.2500       108.2500
 0: 
 0:     102.0000       102.0000       102.0000       102.0000       102.0000
 0:     102.0000       102.0000       102.0000       102.0000       102.0000
 0:     108.2500       108.2500       108.2500       108.2500       108.2500
 0:     108.2500       108.2500       108.2500       108.2500       108.2500
 0: 
 0:     102.0000       102.0000       102.0000       102.0000       102.0000
 0:     102.0000       102.0000       102.0000       102.0000       102.0000
 0:     109.5000       109.5000       109.5000       109.5000       109.5000
 0:     109.5000       109.5000       109.5000       109.5000       109.5000
 0: 
 0:     102.0000       102.0000       102.0000       102.0000       102.0000
 0:     102.0000       102.0000       102.0000       102.0000       102.0000
 0:     109.5000       109.5000       109.5000       109.5000       109.5000
 0:     109.5000       109.5000       109.5000       109.5000       109.5000
 0: 
 0:     102.0000       102.0000       102.0000       102.0000       102.0000
 0:     102.0000       102.0000       102.0000       102.0000       102.0000
 0:     110.7500       110.7500       110.7500       110.7500       110.7500
 0:     110.7500       110.7500       110.7500       110.7500       110.7500
 0: 
 0:     102.0000       102.0000       102.0000       102.0000       102.0000
 0:     102.0000       102.0000       102.0000       102.0000       102.0000
 0:     110.7500       110.7500       110.7500       110.7500       110.7500
 0:     110.7500       110.7500       110.7500       110.7500       110.7500
 0: 
 0:     102.0000       102.0000       102.0000       102.0000       102.0000
 0:     102.0000       102.0000       102.0000       102.0000       102.0000
 0:     112.0000       112.0000       112.0000       112.0000       112.0000
 0:     112.0000       112.0000       112.0000       112.0000       112.0000
 0: 
 0:     104.0000       104.0000       104.0000       104.0000       104.0000
 0:     104.0000       104.0000       104.0000       104.0000       104.0000
 0:     104.0000       104.0000       104.0000       104.0000       104.0000
 0:     104.0000       104.0000       104.0000       104.0000       104.0000
 0: 
 0:     104.0000       104.0000       104.0000       104.0000       104.0000
 0:     104.0000       104.0000       104.0000       104.0000       104.0000
 0:     104.0000       104.0000       104.0000       104.0000       104.0000
 0:     104.0000       104.0000       104.0000       104.0000       104.0000
 0: 
 0:     104.0000       104.0000       104.0000       104.0000       104.0000
 0:     104.0000       104.0000       104.0000       104.0000       104.0000
 0:     104.0000       104.0000       104.0000       104.0000       104.0000
 0:     104.0000       104.0000       104.0000       104.0000       104.0000
 0: 
 0:     104.0000       104.0000       104.0000       104.0000       104.0000
 0:     104.0000       104.0000       104.0000       104.0000       104.0000
 0:     104.0000       104.0000       104.0000       104.0000       104.0000
 0:     104.0000       104.0000       104.0000       104.0000       104.0000
 0: 
 0:     104.0000       104.0000       104.0000       104.0000       104.0000
 0:     104.0000       104.0000       104.0000       104.0000       104.0000
 0:     104.0000       104.0000       104.0000       104.0000       104.0000
 0:     104.0000       104.0000       104.0000       104.0000       104.0000
 0: 
 0:     104.0000       104.0000       104.0000       104.0000       104.0000
 0:     104.0000       104.0000       104.0000       104.0000       104.0000
 0:     105.2500       105.2500       105.2500       105.2500       105.2500
 0:     105.2500       105.2500       105.2500       105.2500       105.2500
 0: 
 0:     104.0000       104.0000       104.0000       104.0000       104.0000
 0:     104.0000       104.0000       104.0000       104.0000       104.0000
 0:     105.2500       105.2500       105.2500       105.2500       105.2500
 0:     105.2500       105.2500       105.2500       105.2500       105.2500
 0: 
 0:     104.0000       104.0000       104.0000       104.0000       104.0000
 0:     104.0000       104.0000       104.0000       104.0000       104.0000
 0:     106.5000       106.5000       106.5000       106.5000       106.5000
 0:     106.5000       106.5000       106.5000       106.5000       106.5000
 0: 
 0:     104.0000       104.0000       104.0000       104.0000       104.0000
 0:     104.0000       104.0000       104.0000       104.0000       104.0000
 0:     106.5000       106.5000       106.5000       106.5000       106.5000
 0:     106.5000       106.5000       106.5000       106.5000       106.5000
 0: 
 0:     104.0000       104.0000       104.0000       104.0000       104.0000
 0:     104.0000       104.0000       104.0000       104.0000       104.0000
 0:     107.7500       107.7500       107.7500       107.7500       107.7500
 0:     107.7500       107.7500       107.7500       107.7500       107.7500
 0: 
 0:     104.0000       104.0000       104.0000       104.0000       104.0000
 0:     104.0000       104.0000       104.0000       104.0000       104.0000
 0:     107.7500       107.7500       107.7500       107.7500       107.7500
 0:     107.7500       107.7500       107.7500       107.7500       107.7500
 0: 
 0:     104.0000       104.0000       104.0000       104.0000       104.0000
 0:     104.0000       104.0000       104.0000       104.0000       104.0000
 0:     109.0000       109.0000       109.0000       109.0000       109.0000
 0:     109.0000       109.0000       109.0000       109.0000       109.0000
 0: 
 0:     104.0000       104.0000       104.0000       104.0000       104.0000
 0:     104.0000       104.0000       104.0000       104.0000       104.0000
 0:     109.0000       109.0000       109.0000       109.0000       109.0000
 0:     109.0000       109.0000       109.0000       109.0000       109.0000
 0: 
 0:     104.0000       104.0000       104.0000       104.0000       104.0000
 0:     104.0000       104.0000       104.0000       104.0000       104.0000
 0:     110.2500       110.2500       110.2500       110.2500       110.2500
 0:     110.2500       110.2500       110.2500       110.2500       110.2500
 0: 
 0:     104.0000       104.0000       104.0000       104.0000       104.0000
 0:     104.0000       104.0000       104.0000       104.0000       104.0000
 0:     110.2500       110.2500       110.2500       110.2500       110.2500
 0:     110.2500       110.2500       110.2500       110.2500       110.2500
 0: 
 0:     104.0000       104.0000       104.0000       104.0000       104.0000
 0:     104.0000       104.0000       104.0000       104.0000       104.0000
 0:     111.5000       111.5000       111.5000       111.5000       111.5000
 0:     111.5000       111.5000       111.5000       111.5000       111.5000
 0: 
 0:     104.0000       104.0000       104.0000       104.0000       104.0000
 0:     104.0000       104.0000       104.0000       104.0000       104.0000
 0:     111.5000       111.5000       111.5000       111.5000       111.5000
 0:     111.5000       111.5000       111.5000       111.5000       111.5000
 0: 
 0:     104.0000       104.0000       104.0000       104.0000       104.0000
 0:     104.0000       104.0000       104.0000       104.0000       104.0000
 0:     112.7500       112.7500       112.7500       112.7500       112.7500
 0:     112.7500       112.7500       112.7500       112.7500       112.7500
 0: 
 0:     104.0000       104.0000       104.0000       104.0000       104.0000
 0:     104.0000       104.0000       104.0000       104.0000       104.0000
 0:     112.7500       112.7500       112.7500       112.7500       112.7500
 0:     112.7500       112.7500       112.7500       112.7500       112.7500
 0: 
 0:     104.0000       104.0000       104.0000       104.0000       104.0000
 0:     104.0000       104.0000       104.0000       104.0000       104.0000
 0:     114.0000       114.0000       114.0000       114.0000       114.0000
 0:     114.0000       114.0000       114.0000       114.0000       114.0000
 0: 
 0:     104.0000       104.0000       104.0000       104.0000       104.0000
 0:     104.0000       104.0000       104.0000       104.0000       104.0000
 0:     104.0000       104.0000       104.0000       104.0000       104.0000
 0:     104.0000       104.0000       104.0000       104.0000       104.0000
 0: 
 0:     104.0000       104.0000       104.0000       104.0000       104.0000
 0:     104.0000       104.0000       104.0000       104.0000       104.0000
 0:     104.0000       104.0000       104.0000       104.0000       104.0000
 0:     104.0000       104.0000       104.0000       104.0000       104.0000
 0: 
 0:     104.0000       104.0000       104.0000       104.0000       104.0000
 0:     104.0000       104.0000       104.0000       104.0000       104.0000
 0:     104.0000       104.0000       104.0000       104.0000       104.0000
 0:     104.0000       104.0000       104.0000       104.0000       104.0000
 0: 
 0:     104.0000       104.0000       104.0000       104.0000       104.0000
 0:     104.0000       104.0000       104.0000       104.0000       104.0000
 0:     104.0000       104.0000       104.0000       104.0000       104.0000
 0:     104.0000       104.0000       104.0000       104.0000       104.0000
 0: 
 0:     104.0000       104.0000       104.0000       104.0000       104.0000
 0:     104.0000       104.0000       104.0000       104.0000       104.0000
 0:     104.0000       104.0000       104.0000       104.0000       104.0000
 0:     104.0000       104.0000       104.0000       104.0000       104.0000
 0: 
 0:     104.0000       104.0000       104.0000       104.0000       104.0000
 0:     104.0000       104.0000       104.0000       104.0000       104.0000
 0:     105.2500       105.2500       105.2500       105.2500       105.2500
 0:     105.2500       105.2500       105.2500       105.2500       105.2500
 0: 
 0:     104.0000       104.0000       104.0000       104.0000       104.0000
 0:     104.0000       104.0000       104.0000       104.0000       104.0000
 0:     105.2500       105.2500       105.2500       105.2500       105.2500
 0:     105.2500       105.2500       105.2500       105.2500       105.2500
 0: 
 0:     104.0000       104.0000       104.0000       104.0000       104.0000
 0:     104.0000       104.0000       104.0000       104.0000       104.0000
 0:     106.5000       106.5000       106.5000       106.5000       106.5000
 0:     106.5000       106.5000       106.5000       106.5000       106.5000
 0: 
 0:     104.0000       104.0000       104.0000       104.0000       104.0000
 0:     104.0000       104.0000       104.0000       104.0000       104.0000
 0:     106.5000       106.5000       106.5000       106.5000       106.5000
 0:     106.5000       106.5000       106.5000       106.5000       106.5000
 0: 
 0:     104.0000       104.0000       104.0000       104.0000       104.0000
 0:     104.0000       104.0000       104.0000       104.0000       104.0000
 0:     107.7500       107.7500       107.7500       107.7500       107.7500
 0:     107.7500       107.7500       107.7500       107.7500       107.7500
 0: 
 0:     104.0000       104.0000       104.0000       104.0000       104.0000
 0:     104.0000       104.0000       104.0000       104.0000       104.0000
 0:     107.7500       107.7500       107.7500       107.7500       107.7500
 0:     107.7500       107.7500       107.7500       107.7500       107.7500
 0: 
 0:     104.0000       104.0000       104.0000       104.0000       104.0000
 0:     104.0000       104.0000       104.0000       104.0000       104.0000
 0:     109.0000       109.0000       109.0000       109.0000       109.0000
 0:     109.0000       109.0000       109.0000       109.0000       109.0000
 0: 
 0:     104.0000       104.0000       104.0000       104.0000       104.0000
 0:     104.0000       104.0000       104.0000       104.0000       104.0000
 0:     109.0000       109.0000       109.0000       109.0000       109.0000
 0:     109.0000       109.0000       109.0000       109.0000       109.0000
 0: 
 0:     104.0000       104.0000       104.0000       104.0000       104.0000
 0:     104.0000       104.0000       104.0000       104.0000       104.0000
 0:     110.2500       110.2500       110.2500       110.2500       110.2500
 0:     110.2500       110.2500       110.2500       110.2500       110.2500
 0: 
 0:     104.0000       104.0000       104.0000       104.0000       104.0000
 0:     104.0000       104.0000       104.0000       104.0000       104.0000
 0:     110.2500       110.2500       110.2500       110.2500       110.2500
 0:     110.2500       110.2500       110.2500       110.2500       110.2500
 0: 
 0:     104.0000       104.0000       104.0000       104.0000       104.0000
 0:     104.0000       104.0000       104.0000       104.0000       104.0000
 0:     111.5000       111.5000       111.5000       111.5000       111.5000
 0:     111.5000       111.5000       111.5000       111.5000       111.5000
 0: 
 0:     104.0000       104.0000       104.0000       104.0000       104.0000
 0:     104.0000       104.0000       104.0000       104.0000       104.0000
 0:     111.5000       111.5000       111.5000       111.5000       111.5000
 0:     111.5000       111.5000       111.5000       111.5000       111.5000
 0: 
 0:     104.0000       104.0000       104.0000       104.0000       104.0000
 0:     104.0000       104.0000       104.0000       104.0000       104.0000
 0:     112.7500       112.7500       112.7500       112.7500       112.7500
 0:     112.7500       112.7500       112.7500       112.7500       112.7500
 0: 
 0:     104.0000       104.0000       104.0000       104.0000       104.0000
 0:     104.0000       104.0000       104.0000       104.0000       104.0000
 0:     112.7500       112.7500       112.7500       112.7500       112.7500
 0:     112.7500       112.7500       112.7500       112.7500       112.7500
 0: 
 0:     104.0000       104.0000       104.0000       104.0000       104.0000
 0:     104.0000       104.0000       104.0000       104.0000       104.0000
 0:     114.0000       114.0000       114.0000       114.0000       114.0000
 0:     114.0000       114.0000       114.0000       114.0000       114.0000
 0: 
 0:     106.0000       106.0000       106.0000       106.0000       106.0000
 0:     106.0000       106.0000       106.0000       106.0000       106.0000
 0:     106.0000       106.0000       106.0000       106.0000       106.0000
 0:     106.0000       106.0000       106.0000       106.0000       106.0000
 0: 
 0:     106.0000       106.0000       106.0000       106.0000       106.0000
 0:     106.0000       106.0000       106.0000       106.0000       106.0000
 0:     106.0000       106.0000       106.0000       106.0000       106.0000
 0:     106.0000       106.0000       106.0000       106.0000       106.0000
 0: 
 0:     106.0000       106.0000       106.0000       106.0000       106.0000
 0:     106.0000       106.0000       106.0000       106.0000       106.0000
 0:     106.0000       106.0000       106.0000       106.0000       106.0000
 0:     106.0000       106.0000       106.0000       106.0000       106.0000
 0: 
 0:     106.0000       106.0000       106.0000       106.0000       106.0000
 0:     106.0000       106.0000       106.0000       106.0000       106.0000
 0:     106.0000       106.0000       106.0000       106.0000       106.0000
 0:     106.0000       106.0000       106.0000       106.0000       106.0000
 0: 
 0:     106.0000       106.0000       106.0000       106.0000       106.0000
 0:     106.0000       106.0000       106.0000       106.0000       106.0000
 0:     106.0000       106.0000       106.0000       106.0000       106.0000
 0:     106.0000       106.0000       106.0000       106.0000       106.0000
 0: 
 0:     106.0000       106.0000       106.0000       106.0000       106.0000
 0:     106.0000       106.0000       106.0000       106.0000       106.0000
 0:     107.2500       107.2500       107.2500       107.2500       107.2500
 0:     107.2500       107.2500       107.2500       107.2500       107.2500
 0: 
 0:     106.0000       106.0000       106.0000       106.0000       106.0000
 0:     106.0000       106.0000       106.0000       106.0000       106.0000
 0:     107.2500       107.2500       107.2500       107.2500       107.2500
 0:     107.2500       107.2500       107.2500       107.2500       107.2500
 0: 
 0:     106.0000       106.0000       106.0000       106.0000       106.0000
 0:     106.0000       106.0000       106.0000       106.0000       106.0000
 0:     108.5000       108.5000       108.5000       108.5000       108.5000
 0:     108.5000       108.5000       108.5000       108.5000       108.5000
 0: 
 0:     106.0000       106.0000       106.0000       106.0000       106.0000
 0:     106.0000       106.0000       106.0000       106.0000       106.0000
 0:     108.5000       108.5000       108.5000       108.5000       108.5000
 0:     108.5000       108.5000       108.5000       108.5000       108.5000
 0: 
 0:     106.0000       106.0000       106.0000       106.0000       106.0000
 0:     106.0000       106.0000       106.0000       106.0000       106.0000
 0:     109.7500       109.7500       109.7500       109.7500       109.7500
 0:     109.7500       109.7500       109.7500       109.7500       109.7500
 0: 
 0:     106.0000       106.0000       106.0000       106.0000       106.0000
 0:     106.0000       106.0000       106.0000       106.0000       106.0000
 0:     109.7500       109.7500       109.7500       109.7500       109.7500
 0:     109.7500       109.7500       109.7500       109.7500       109.7500
 0: 
 0:     106.0000       106.0000       106.0000       106.0000       106.0000
 0:     106.0000       106.0000       106.0000       106.0000       106.0000
 0:     111.0000       111.0000       111.0000       111.0000       111.0000
 0:     111.0000       111.0000       111.0000       111.0000       111.0000
 0: 
 0:     106.0000       106.0000       106.0000       106.0000       106.0000
 0:     106.0000       106.0000       106.0000       106.0000       106.0000
 0:     111.0000       111.0000       111.0000       111.0000       111.0000
 0:     111.0000       111.0000       111.0000       111.0000       111.0000
 0: 
 0:     106.0000       106.0000       106.0000       106.0000       106.0000
 0:     106.0000       106.0000       106.0000       106.0000       106.0000
 0:     112.2500       112.2500       112.2500       112.2500       112.2500
 0:     112.2500       112.2500       112.2500       112.2500       112.2500
 0: 
 0:     106.0000       106.0000       106.0000       106.0000       106.0000
 0:     106.0000       106.0000       106.0000       106.0000       106.0000
 0:     112.2500       112.2500       112.2500       112.2500       112.2500
 0:     112.2500       112.2500       112.2500       112.2500       112.2500
 0: 
 0:     106.0000       106.0000       106.0000       106.0000       106.0000
 0:     106.0000       106.0000       106.0000       106.0000       106.0000
 0:     113.5000       113.5000       113.5000       113.5000       113.5000
 0:     113.5000       113.5000       113.5000       113.5000       113.5000
 0: 
 0:     106.0000       106.0000       106.0000       106.0000       106.0000
 0:     106.0000       106.0000       106.0000       106.0000       106.0000
 0:     113.5000       113.5000       113.5000       113.5000       113.5000
 0:     113.5000       113.5000       113.5000       113.5000       113.5000
 0: 
 0:     106.0000       106.0000       106.0000       106.0000       106.0000
 0:     106.0000       106.0000       106.0000       106.0000       106.0000
 0:     114.7500       114.7500       114.7500       114.7500       114.7500
 0:     114.7500       114.7500       114.7500       114.7500       114.7500
 0: 
 0:     106.0000       106.0000       106.0000       106.0000       106.0000
 0:     106.0000       106.0000       106.0000       106.0000       106.0000
 0:     114.7500       114.7500       114.7500       114.7500       114.7500
 0:     114.7500       114.7500       114.7500       114.7500       114.7500
 0: 
 0:     106.0000       106.0000       106.0000       106.0000       106.0000
 0:     106.0000       106.0000       106.0000       106.0000       106.0000
 0:     116.0000       116.0000       116.0000       116.0000       116.0000
 0:     116.0000       116.0000       116.0000       116.0000       116.0000
 0: 
 0:   /
 0: 
 0: COORD
 0:     263.1150       118.8404       0.000000       263.1150       118.8404
 0:     10.00000
 0:     309.3459       114.0198       100.0000       309.3459       114.0198
 0:     110.0000
 0:     355.5769       109.1992       100.0000       355.5769       109.1992
 0:     110.0000
 0:     401.8078       104.3786       100.0000       401.8078       104.3786
 0:     110.0000
 0:     448.0388       99.55804       100.0000       448.0388       99.55804
 0:     110.0000
 0:     494.2697       94.73746       0.000000       494.2697       94.73746
 0:     10.00000
 0:     539.5830       98.41030       100.0000       539.5830       98.41030
 0:     110.0000
 0:     584.8962       102.0831       100.0000       584.8962       102.0831
 0:     110.0000
 0:     630.2094       105.7560       100.0000       630.2094       105.7560
 0:     110.0000
 0:     675.5226       109.4288       100.0000       675.5226       109.4288
 0:     110.0000
 0:     720.8359       113.1016       0.000000       720.8359       113.1016
 0:     10.00000
 0: 
 0:     224.1112       170.3748       0.000000       224.1112       170.3748
 0:     10.00000
 0:     278.1429       170.3748       100.0000       278.1429       170.3748
 0:     110.0000
 0:     332.1746       170.3748       100.0000       332.1746       170.3748
 0:     110.0000
 0:     386.2063       170.3748       100.0000       386.2063       170.3748
 0:     110.0000
 0:     440.2380       170.3748       100.0000       440.2380       170.3748
 0:     110.0000
 0:     494.2697       170.3748       0.000000       494.2697       170.3748
 0:     10.00000
 0:     548.3015       170.3748       100.0000       548.3015       170.3748
 0:     110.0000
 0:     602.3332       170.3748       100.0000       602.3332       170.3748
 0:     110.0000
 0:     656.3649       170.3748       100.0000       656.3649       170.3748
 0:     110.0000
 0:     710.3966       170.3748       100.0000       710.3966       170.3748
 0:     110.0000
 0:     764.4283       170.3748       0.000000       764.4283       170.3748
 0:     10.00000
 0: 
 0:     224.1112       246.0122       0.000000       224.1112       246.0122
 0:     10.00000
 0:     278.1429       246.0122       100.0000       278.1429       246.0122
 0:     110.0000
 0:     332.1746       246.0122       100.0000       332.1746       246.0122
 0:     110.0000
 0:     386.2063       246.0122       100.0000       386.2063       246.0122
 0:     110.0000
 0:     440.2380       246.0122       100.0000       440.2380       246.0122
 0:     110.0000
 0:     494.2697       246.0122       0.000000       494.2697       246.0122
 0:     10.00000
 0:     548.3015       246.0122       100.0000       548.3015       246.0122
 0:     110.0000
 0:     602.3332       246.0122       100.0000       602.3332       246.0122
 0:     110.0000
 0:     656.3649       246.0122       100.0000       656.3649       246.0122
 0:     110.0000
 0:     710.3966       246.0122       100.0000       710.3966       246.0122
 0:     110.0000
 0:     764.4283       246.0122       0.000000       764.4283       246.0122
 0:     10.00000
 0: 
 0:     224.6848       297.2596       0.000000       224.6848       297.2596
 0:     10.00000
 0:     278.5874       295.5380       100.0000       278.5874       295.5380
 0:     110.0000
 0:     332.4901       293.8164       100.0000       332.4901       293.8164
 0:     110.0000
 0:     386.3927       292.0947       100.0000       386.3927       292.0947
 0:     110.0000
 0:     440.2954       290.3731       100.0000       440.2954       290.3731
 0:     110.0000
 0:     494.1981       288.6514       0.000000       494.1981       288.6514
 0:     10.00000
 0:     546.0358       288.4506       100.2500       546.0358       288.4506
 0:     110.2500
 0:     597.8736       288.2497       100.5000       597.8736       288.2497
 0:     110.5000
 0:     649.7114       288.0489       100.7500       649.7114       288.0489
 0:     110.7500
 0:     701.5491       287.8480       101.0000       701.5491       287.8480
 0:     111.0000
 0:     753.3868       287.6472       0.000000       753.3868       287.6472
 0:     10.00000
 0: 
 0:     225.2583       348.5071       0.000000       225.2583       348.5071
 0:     10.00000
 0:     279.0320       345.0638       100.0000       279.0320       345.0638
 0:     110.0000
 0:     332.8055       341.6206       100.0000       332.8055       341.6206
 0:     110.0000
 0:     386.5792       338.1773       100.0000       386.5792       338.1773
 0:     110.0000
 0:     440.3528       334.7340       100.0000       440.3528       334.7340
 0:     110.0000
 0:     494.1263       331.2907       0.000000       494.1263       331.2907
 0:     10.00000
 0:     543.7701       330.8890       100.5000       543.7701       330.8890
 0:     110.5000
 0:     593.4139       330.4873       101.0000       593.4139       330.4873
 0:     111.0000
 0:     643.0577       330.0856       101.5000       643.0577       330.0856
 0:     111.5000
 0:     692.7015       329.6838       102.0000       692.7015       329.6838
 0:     112.0000
 0:     742.3453       329.2821       0.000000       742.3453       329.2821
 0:     10.00000
 0: 
 0:     225.8319       399.7546       0.000000       225.8319       399.7546
 0:     10.00000
 0:     279.4765       394.5897       100.0000       279.4765       394.5897
 0:     110.0000
 0:     333.1210       389.4247       100.0000       333.1210       389.4247
 0:     110.0000
 0:     386.7656       384.2598       100.0000       386.7656       384.2598
 0:     110.0000
 0:     440.4101       379.0949       100.0000       440.4101       379.0949
 0:     110.0000
 0:     494.0547       373.9300       0.000000       494.0547       373.9300
 0:     10.00000
 0:     541.5045       373.3274       100.7500       541.5045       373.3274
 0:     110.7500
 0:     588.9543       372.7248       101.5000       588.9543       372.7248
 0:     111.5000
 0:     636.4041       372.1223       102.2500       636.4041       372.1223
 0:     112.2500
 0:     683.8539       371.5197       103.0000       683.8539       371.5197
 0:     113.0000
 0:     731.3038       370.9171       0.000000       731.3038       370.9171
 0:     10.00000
 0: 
 0:     226.4055       451.0020       0.000000       226.4055       451.0020
 0:     10.00000
 0:     279.9210       444.1154       100.0000       279.9210       444.1154
 0:     110.0000
 0:     333.4365       437.2289       100.0000       333.4365       437.2289
 0:     110.0000
 0:     386.9520       430.3423       100.0000       386.9520       430.3423
 0:     110.0000
 0:     440.4675       423.4558       100.0000       440.4675       423.4558
 0:     110.0000
 0:     493.9830       416.5692       0.000000       493.9830       416.5692
 0:     10.00000
 0:     539.2388       415.7658       101.0000       539.2388       415.7658
 0:     111.0000
 0:     584.4947       414.9624       102.0000       584.4947       414.9624
 0:     112.0000
 0:     629.7505       414.1589       103.0000       629.7505       414.1589
 0:     113.0000
 0:     675.0064       413.3555       104.0000       675.0064       413.3555
 0:     114.0000
 0:     720.2623       412.5521       0.000000       720.2623       412.5521
 0:     10.00000
 0: 
 0:     226.9791       502.2495       0.000000       226.9791       502.2495
 0:     10.00000
 0:     280.3655       493.6413       100.0000       280.3655       493.6413
 0:     110.0000
 0:     333.7520       485.0331       100.0000       333.7520       485.0331
 0:     110.0000
 0:     387.1384       476.4249       100.0000       387.1384       476.4249
 0:     110.0000
 0:     440.5248       467.8167       100.0000       440.5248       467.8167
 0:     110.0000
 0:     493.9113       459.2085       0.000000       493.9113       459.2085
 0:     10.00000
 0:     536.9731       458.2042       101.2500       536.9731       458.2042
 0:     111.2500
 0:     580.0351       457.1999       102.5000       580.0351       457.1999
 0:     112.5000
 0:     623.0970       456.1956       103.7500       623.0970       456.1956
 0:     113.7500
 0:     666.1589       455.1913       105.0000       666.1589       455.1913
 0:     115.0000
 0:     709.2208       454.1870       0.000000       709.2208       454.1870
 0:     10.00000
 0: 
 0:     227.5527       553.4969       0.000000       227.5527       553.4969
 0:     10.00000
 0:     280.8101       543.1671       100.0000       280.8101       543.1671
 0:     110.0000
 0:     334.0674       532.8373       100.0000       334.0674       532.8373
 0:     110.0000
 0:     387.3248       522.5074       100.0000       387.3248       522.5074
 0:     110.0000
 0:     440.5822       512.1776       100.0000       440.5822       512.1776
 0:     110.0000
 0:     493.8396       501.8477       0.000000       493.8396       501.8477
 0:     10.00000
 0:     534.7075       500.6426       101.5000       534.7075       500.6426
 0:     111.5000
 0:     575.5754       499.4375       103.0000       575.5754       499.4375
 0:     113.0000
 0:     616.4434       498.2323       104.5000       616.4434       498.2323
 0:     114.5000
 0:     657.3113       497.0272       106.0000       657.3113       497.0272
 0:     116.0000
 0:     698.1792       495.8220       0.000000       698.1792       495.8220
 0:     10.00000
 0: 
 0:     228.1263       604.7444       0.000000       228.1263       604.7444
 0:     10.00000
 0:     281.2546       592.6930       100.0000       281.2546       592.6930
 0:     110.0000
 0:     334.3829       580.6415       100.0000       334.3829       580.6415
 0:     110.0000
 0:     387.5112       568.5900       100.0000       387.5112       568.5900
 0:     110.0000
 0:     440.6396       556.5385       100.0000       440.6396       556.5385
 0:     110.0000
 0:     493.7679       544.4870       0.000000       493.7679       544.4870
 0:     10.00000
 0:     532.4418       543.0810       101.7500       532.4418       543.0810
 0:     111.7500
 0:     571.1158       541.6750       103.5000       571.1158       541.6750
 0:     113.5000
 0:     609.7897       540.2690       105.2500       609.7897       540.2690
 0:     115.2500
 0:     648.4637       538.8630       107.0000       648.4637       538.8630
 0:     117.0000
 0:     687.1377       537.4570       0.000000       687.1377       537.4570
 0:     10.00000
 0: 
 0:     228.6999       655.9919       0.000000       228.6999       655.9919
 0:     10.00000
 0:     281.6991       642.2188       100.0000       281.6991       642.2188
 0:     110.0000
 0:     334.6984       628.4457       100.0000       334.6984       628.4457
 0:     110.0000
 0:     387.6977       614.6725       100.0000       387.6977       614.6725
 0:     110.0000
 0:     440.6969       600.8994       100.0000       440.6969       600.8994
 0:     110.0000
 0:     493.6962       587.1263       0.000000       493.6962       587.1263
 0:     10.00000
 0:     530.1762       585.5194       102.0000       530.1762       585.5194
 0:     112.0000
 0:     566.6562       583.9126       104.0000       566.6562       583.9126
 0:     114.0000
 0:     603.1362       582.3057       106.0000       603.1362       582.3057
 0:     116.0000
 0:     639.6162       580.6989       108.0000       639.6162       580.6989
 0:     118.0000
 0:     676.0962       579.0920       0.000000       676.0962       579.0920
 0:     10.00000
 0: 
 0:   /
 0: 
 0: EQUALS
 0: PORO       0.2 /
 0: PERMX   1000.0 /  (mD)
 0: PERMY    800.0 /  (mD)
 0: PERMZ    400.0 /  (mD)
 0: HEATCR  2500.0 /  (kJ/m3/K)
 0: THCONR   120.0 /  (kJ/m/day/K)
 0: /
 0: 
 0: ROCKPROP
 0: -- #   (C)   (kJ/m/day/K) (kJ/m3/K) (kJ/m3/K/K)
 0:    1  50.0     120.0       2500.0     1*            N / Numerical calculation
 0:    2  50.0     120.0       2500.0     1*            N / Numerical calculation
 0: /
 0: 
 0: ROCKCON
 0: -- # I1 I2 J1 J2 K1 K2 DIR  M
 0:    1  1 10  1 10  1  1 'K-' 1* /
 0:    1  1 10  1 10  3  3 'K+' 1* /
 0: /
 0: 
 0: AQUANCON
 0: -- # I1 I2 J1 J2 K1 K2 Dir
 0:    1  6 10 10 10  1  3 J+ /
 0: /
 0: 
 0: ACTNUM
 0: 0 0 0 6*1 0    0 9*1    70*1   5*0 5*1
 0: 0 0 1 6*1 1    1 9*1    70*1   5*0 5*1
 0: 0 1 1 6*1 1    1 9*1    70*1   5*0 5*1 /
 0: 
 0: INIT
 0: 
 0: -- LGR data
 0: 
 0: CARFIN
 0:    LGR1  7  9  1  2  1  3  6  4  3 /
 0: 
 0: ENDFIN
 0: 
 0: RADFIN
 0:    LGR2 3 4  1  3  3  1  3 1*  1* 1* 1* /
 0: 
 0: ENDFIN
 0: 
 0: 
 0: PROPS         ==================================================================
 0: 
 0: --Hydrocarbon properties--------------------------------------------------------
 0: 
 0: CNAMES
 0:         C3     HC4    HC9    HC21   /
 0: MW
 0:         44.090 58.120 120.27 289.03 / (kg/kg-mol)
 0: KVWI
 0: 
 0: TCRIT
 0:         369.80 419.55 594.60 767.53 / (K)
 0: PCRIT
 0:         42.400 37.500 28.200 14.000 / (bar)
 0: ACF
 0:         0.1520 0.1874 0.4906 1.1832 /
 0: DREF
 0:         900.0  920.0  960.0  1000.0 / (kg/m3)
 0: PREF
 0:         1.0    1.0    1.0    1.0    / (bar)
 0: TREF
 0:         293.2  293.2  293.2  293.2  / (K)
 0: CREF
 0:         1E-5   1E-5   1E-5   1E-5   / (/bar)
 0: THERMEX1
 0:         1E-5   1E-5   1E-5   1E-5   / (/K)
 0: SPECHA
 0:         1.0    1.0    1.0    1.0    / (kJ/kg/K)
 0: SPECHG
 0:         0.5    0.5    0.5    0.5    / (kJ/kg/K)
 0: HEATVAPS
 0:      174.945 199.775 287.3  373.765 / (kJ/kg)
 0: OILVISCC
 0: ASTM CORRELATION
 0: -- T    MU1(T) MU2(T) MU3(T) MU4(T)
 0:  300    10.00  40.00  90.00 150.00
 0:  400     2.00  10.00  30.00  70.00
 0:          0.01   0.02   0.03   0.04  /
 0:   /
 0: GASVISCF
 0:          1.1e-4 1.0e-4 0.9e-4  0.8e-4
 0:           0.9    0.9    0.9    0.9  /
 0: 
 0: 
 0: --Water properties--------------------------------------------------------------
 0: 
 0: PVTW
 0: -- Pref Bref CB    Vref  CV
 0:    1.0  1.0  4e-5  0.3   0.0 /
 0: 
 0: WATDENT
 0: -- Tref    CT1     CT2
 0:    293.15  3.0E-4  0.0 /
 0: 
 0: DENSITY
 0: -- Oil Wat    Gas
 0:    1*  1003.0 1*   /
 0: 
 0: WATVISCT
 0: -- Temp   Visc
 0:    20.0   2.0
 0:   120.0   0.2
 0:   220.0   0.1
 0:   440.0   0.09 /
 0: 
 0: --Rock/fluid properties---------------------------------------------------------
 0: 
 0: --Water saturation functions
 0: 
 0: SWFN
 0:     0.16  0.000  0.0
 0:     0.20  0.002  0.0
 0:     0.24  0.010  0.0
 0:     0.28  0.020  0.0
 0:     0.32  0.033  0.0
 0:     0.36  0.049  0.0
 0:     0.40  0.066  0.0
 0:     0.44  0.090  0.0
 0:     0.48  0.119  0.0
 0:     0.52  0.150  0.0
 0:     0.56  0.186  0.0
 0:     0.60  0.227  0.0
 0:     0.64  0.277  0.0
 0:     0.68  0.330  0.0
 0:     0.72  0.390  0.0
 0:     0.76  0.462  0.0
 0:     0.8   0.540  0.0
 0:     0.84  0.620  0.0
 0:     0.88  0.710  0.0
 0:     0.92  0.800  0.0
 0:     0.96  0.900  0.0
 0:     1.00  1.000  0.0 /
 0: 
 0: --Gas saturation functions
 0: 
 0: SGFN
 0:     0.00  0.000  0.0
 0:     0.04  0.005  0.0
 0:     0.08  0.013  0.0
 0:     0.12  0.026  0.0
 0:     0.16  0.040  0.0
 0:     0.20  0.058  0.0
 0:     0.24  0.078  0.0
 0:     0.28  0.100  0.0
 0:     0.32  0.126  0.0
 0:     0.36  0.156  0.0
 0:     0.40  0.187  0.0
 0:     0.44  0.222  0.0
 0:     0.48  0.260  0.0
 0:     0.52  0.300  0.0
 0:     0.56  0.349  0.0
 0:     0.60  0.400  0.0
 0:     0.64  0.450  0.0
 0:     0.68  0.505  0.0
 0:     0.72  0.562  0.0
 0:     0.76  0.620  0.0
 0:     0.80  0.680  0.0
 0:     0.84  0.800  0.0
 0: /
 0: 
 0: --Oil saturation functions
 0: 
 0: SOF3
 0:     0.00  0.000  0.000
 0:     0.04  0.000  0.000
 0:     0.08  0.000  0.000
 0:     0.12  0.000  0.000
 0:     0.16  0.000  0.000
 0:     0.20  0.000  0.000
 0:     0.24  0.000  0.000
 0:     0.28  0.005  0.005
 0:     0.32  0.012  0.012
 0:     0.36  0.024  0.024
 0:     0.40  0.040  0.040
 0:     0.44  0.060  0.060
 0:     0.48  0.082  0.082
 0:     0.52  0.112  0.112
 0:     0.56  0.150  0.150
 0:     0.60  0.196  0.196
 0:     0.68  0.315  0.315
 0:     0.72  0.400  0.400
 0:     0.76  0.513  0.513
 0:     0.80  0.650  0.650
 0:     0.84  0.800  0.800 /
 0: 
 0: 
 0: --Rock properties---------------------------------------------------------------
 0: 
 0: ROCK
 0: -- Pref  Compressibility
 0: -- bars  /bars
 0:    10.0  6.0E-4  /
 0: 
 0: --Standard conditions-----------------------------------------------------------
 0: 
 0: STCOND
 0: -- T P
 0: -- C Bars
 0:    20 1.0  /
 0: 
 0: --Initial conditions
 0: 
 0: ZMFVD
 0:  100.0  0.1 0.2 0.3 0.4
 0:  200.0  0.1 0.2 0.3 0.4 /
 0: 
 0: RTEMP
 0:  50 /
 0: 
 0: SOLUTION      ==================================================================
 0: 
 0: AQUCT
 0: -- # Datum Pres  Perm Por  Comp  R     Th Theta
 0:    1 107   57    1000 0.3  6E-4  1000  20 60     1 1 /
 0: /
 0: 
 0: EQUIL
 0: -- Datum Pres    DWOC  PCOW    DGOC  PCOG
 0: -- (m)   (bars)  (m)   (bars)  (m)   (bars)
 0:    100   50      107   0       50    0      1*  1*  1*  1 /
 0: 
 0: RPTRST
 0: RESTART SOIL SWAT SGAS /
 0: 
 0: SUMMARY       ==================================================================
 0: 
 0: ALL
 0: 
 0: PERFORMANCE
 0: 
 0: -- Heat loss
 0: 
 0: FHLR
 0: FHLT
 0: 
 0: -- Heaters
 0: 
 0: FHTR
 0: FHTT
 0: WHTR
 0: /
 0: WHTT
 0: /
 0: 
 0: RUNSUM
 0: 
 0: RPTONLY
 0: SCHEDULE      ==================================================================
 0: 
 0: -- Reporting
 0: 
 0: RPTPRINT
 0: 12* 1 /
 0: 
 0: -- Time step controls
 0: 
 0: --TSCRIT
 0: --9* 10.0 / Item 10 not needed for thermal
 0: 
 0: -- Well specification
 0: 
 0: WELSPECL
 0: --Name Group LGR  I  J Datum Phase
 0:   PRODA 1*   LGR1 3  3 1*    OIL   /
 0:   INJE  1*   LGR2 1  1 1*    WAT   /
 0: /
 0: 
 0: WELSPECS
 0: --Name Group  I  J Datum Phase
 0:   PROD1  1*   2  2  1*   OIL /
 0:   PROD2  1*   5  2  1*   OIL /
 0:   PROD3  1*   2  6  1*   OIL /
 0:   PROD4  1*   5  6  1*   OIL /
 0: /
 0: 
 0: -- Completions
 0: 
 0: COMPDATL
 0: --Name  LGR  I  J K1 K2
 0:   PRODA LGR1 3  2  1  1   OPEN  /
 0:   INJE  LGR2 1  1  1  3   OPEN  /
 0: /
 0: 
 0: COMPDAT
 0: --Name   I  J K1 K2
 0:   PROD1  2  2  1  1   OPEN  /
 0:   PROD2  5  2  1  1   OPEN  /
 0:   PROD3  2  6  1  1   OPEN  /
 0:   PROD4  5  6  1  1   OPEN  /
 0: /
 0: 
 0: COMPMBIL
 0: INJE LGR2 4* 10. /
 0: /
 0: 
 0: --Year1-------------------------------------------------------------------------
 0: 
 0: -- Well controls
 0: 
 0: WCONPROD
 0: --Name  O/S  Mode Oil   Wat   Gas Liq Res BHP
 0:   PRODA OPEN BHP  100.0 50.0  1*  1*  1*  20 /
 0: /
 0: 
 0: WELOPEN
 0:  PROD1 SHUT /
 0:  PROD2 SHUT /
 0:  PROD3 SHUT /
 0:  PROD4 SHUT /
 0:  INJE  SHUT /
 0: /
 0: 
 0: -- Heater controls
 0: 
 0: HEATERL
 0: --Name  LGR   I  J  K  HMAX  TMAX DHDT
 0:   PRODA LGR1  3  2  1  1*   150.0 1.0E6 /
 0: /
 0: 
 0: TSTEP
 0: 31 28 31 30 31 30 31 31 30 31 /
 0: 
 0: -- Heater controls
 0: 
 0: HEATER
 0: --Name   I  J  K  HMAX  TMAX  DHDT
 0:   PROD1  2  2  1  1.0E9 150.0 1.0E6 /
 0:   PROD2  5  2  1  1.0E9 150.0 1.0E6 /
 0:   PROD3  2  6  1  1.0E9 150.0 1.0E6 /
 0:   PROD4  5  6  1  1.0E9 150.0 1.0E6 /
 0: /
 0: 
 0: TSTEP
 0:  30 31 /
 0: 
 0: SAVE
 0: 
 0: --Year2-------------------------------------------------------------------------
 0: 
 0: -- Well controls
 0: 
 0: WCONPROD
 0: --Name  O/S  Mode Oil   Wat   Gas Liq Res BHP
 0:   PROD1 OPEN BHP  100.0 50.0  1*  1*  1*  20.0 /
 0:   PROD2 OPEN BHP  100.0 50.0  1*  1*  1*  20.0 /
 0:   PROD3 OPEN BHP  100.0 50.0  1*  1*  1*  20.0 /
 0:   PROD4 OPEN BHP  100.0 50.0  1*  1*  1*  20.0 /
 0: /
 0: 
 0: WCONINJE
 0: --Name  Type  O/S  Mode Rate      BHP
 0:   INJE  WATER OPEN WAT  500.0  1* 200.0 /
 0: /
 0: 
 0: WINJTEMP
 0: --Name  SQ   Temp
 0:   INJE  0.70 300.0  /
 0: /
 0: 
 0: --Heater controls
 0: 
 0: HEATERL
 0: --Name  LGR   I  J  K  HMAX
 0:   PRODA LGR1  3  2  1  0.0 /
 0: /
 0: 
 0: HEATER
 0: --Name   I  J  K  HMAX
 0:   PROD1  2  2  1  0.0  /
 0:   PROD2  5  2  1  0.0  /
 0:   PROD3  2  6  1  0.0  /
 0:   PROD4  5  6  1  0.0  /
 0: /
 0: 
 0: -- Small time step as injector comes on
 0: NEXT
 0: .05 /
 0: 
 0: TSTEP
 0: 31 28 31 30 31 30 31 31 30 31 30 31 /
 0: 
 0: ------------------------------------------------------------------------
 0: 
 0: END

 ******** END OF INPUT DATA FOR RUN THERM12
     1 READING RUNSPEC 
     2 READING METRIC  
     3 READING DIMENS  
     4 READING OIL     
     5 READING GAS     
     6 READING WATER   
     7 READING COMPS   

 @--  ERROR  AT TIME        0.0   DAYS    ( 1-JAN-   0):
 @           UNRECOGNISED KEYWORD COMPS    IN RUNSPEC DATA                   

 @--WARNING  AT TIME        0.0   DAYS    ( 1-JAN-   0):
 @           SPURIOUS DATA BEFORE THERMAL  KEYWORD                           
 @           4 /                                                             
     8 READING THERMAL 

 @--  ERROR  AT TIME        0.0   DAYS    ( 1-JAN-   0):
 @           UNRECOGNISED KEYWORD THERMAL  IN RUNSPEC DATA                   
     9 READING AQUDIMS 
    10 READING HEATDIMS

 @--  ERROR  AT TIME        0.0   DAYS    ( 1-JAN-   0):
 @           UNRECOGNISED KEYWORD HEATDIMS IN RUNSPEC DATA                   

 @--WARNING  AT TIME        0.0   DAYS    ( 1-JAN-   0):
 @           SPURIOUS DATA BEFORE ROCKDIMS KEYWORD                           
 @           5 /                                                             
    11 READING ROCKDIMS

 @--  ERROR  AT TIME        0.0   DAYS    ( 1-JAN-   0):
 @           UNRECOGNISED KEYWORD ROCKDIMS IN RUNSPEC DATA                   

 @--WARNING  AT TIME        0.0   DAYS    ( 1-JAN-   0):
 @           SPURIOUS DATA BEFORE START    KEYWORD                           
 @           2 /                                                             
    12 READING START   
    13 READING GRID    

 @--MESSAGE  AT TIME        0.0   DAYS    ( 1-JAN-2000):
 @           CHECKING FOR LICENSES                                           

 @--  ERROR  AT TIME        0.0   DAYS    ( 1-JAN-2000):
 @           LICENSE FAILURE: ERROR NUMBER IS -1                             

 Error summary 
 Comments               0
 Warnings               3
 Problems               0
 Errors                 5
 Bugs                   0
 Final cpu       0.00 elapsed       0.00
